15.2833 	ERROR 	avbin.dll failed to load. Try importing psychopy.visual
  as the first library (before anything that uses scipy)
  and make sure that avbin is installed.
31.0190 	EXP 	Created window1 = Window(allowGUI=False, allowStencil=False, autoLog=True, bitsMode=UNKNOWN, blendMode='avg', color=array([ 0.95,  0.95,  0.95]), colorSpace='rgb', fullscr=UNKNOWN, gamma=None, lms=UNKNOWN, monitor=<psychopy.monitors.calibTools.Monitor object at 0x1A3DE6D0>, multiSample=False, name='window1', numSamples=2, pos=[0, 0], screen=0, size=array([1600,  900]), stereo=False, units=u'norm', useFBO=True, useRetina=False, viewOri=0.0, viewPos=None, viewScale=None, waitBlanking=True, winType='pyglet')
31.0192 	EXP 	window1: recordFrameIntervals = False
31.2140 	EXP 	window1: recordFrameIntervals = True
31.4342 	EXP 	window1: recordFrameIntervals = False
32.2936 	EXP 	Created Orientation_Cue = TextStim(alignHoriz='center', alignVert='center', antialias=True, autoLog=True, bold=False, color=u'black', colorSpace='named', contrast=1.0, depth=0.0, flipHoriz=False, flipVert=False, font=u'Arial', fontFiles=[], height=0.1, italic=False, name='Orientation_Cue', opacity=1.0, ori=0, pos=array([ 0.,  0.]), rgb=array([ 0.,  0.,  0.]), text=u'\u25cb', units=u'norm', win=Window(...), wrapWidth=1)
32.3159 	EXP 	Created Ready_Cue = TextStim(alignHoriz='center', alignVert='center', antialias=True, autoLog=True, bold=False, color=u'black', colorSpace='named', contrast=1.0, depth=-1.0, flipHoriz=False, flipVert=False, font=u'Arial', fontFiles=[], height=0.1, italic=False, name='Ready_Cue', opacity=1.0, ori=0, pos=array([ 0.,  0.]), rgb=array([ 0.,  0.,  0.]), text=u'\u23fa', units=u'norm', win=Window(...), wrapWidth=1)
32.3887 	EXP 	Created Zoid_Left = ShapeStim(autoDraw=False, autoLog=True, closeShape=True, contrast=1.0, depth=-3.0, fillColor=array([ 0.05,  0.05,  0.05]), fillColorSpace='rgb', interpolate=True, lineColor=array([ 1.,  1.,  1.]), lineColorSpace='rgb', lineWidth=1, name='Zoid_Left', opacity=1.0, ori=array(0.0), pos=array([-5.,  0.]), size=array([ 1.,  1.]), units='cm', vertices=ndarray(...), win=Window(...), windingRule=None)
32.3914 	EXP 	Created Zoid_Right = ShapeStim(autoDraw=False, autoLog=True, closeShape=True, contrast=1.0, depth=-4.0, fillColor=array([ 0.05,  0.05,  0.05]), fillColorSpace='rgb', interpolate=True, lineColor=array([ 1.,  1.,  1.]), lineColorSpace='rgb', lineWidth=1, name='Zoid_Right', opacity=1.0, ori=array(0.0), pos=array([ 5.,  0.]), size=array([ 1.,  1.]), units='cm', vertices=ndarray(...), win=Window(...), windingRule=None)
32.5698 	EXP 	Created Button_Instructions = TextStim(alignHoriz='center', alignVert='center', antialias=True, autoLog=True, bold=False, color=u'black', colorSpace='named', contrast=1.0, depth=0.0, flipHoriz=False, flipVert=False, font=u'Arial', fontFiles=[], height=0.07, italic=False, name='Button_Instructions', opacity=1.0, ori=0, pos=array([ 0. ,  0.5]), rgb=array([ 0.,  0.,  0.]), text=unicode(...), units=u'norm', win=Window(...), wrapWidth=1)
32.5895 	EXP 	Created x_instruction = TextStim(alignHoriz='center', alignVert='center', antialias=True, autoLog=True, bold=False, color=u'lightseagreen', colorSpace='named', contrast=1.0, depth=0.0, flipHoriz=False, flipVert=False, font=u'Arial', fontFiles=[], height=0.1, italic=False, name='x_instruction', opacity=1.0, ori=0, pos=array([-0.7, -0.8]), rgb=array([  32.,  178.,  170.]), text=u'SAME\nx', units=u'norm', win=Window(...), wrapWidth=1)
32.6139 	EXP 	Created m_instruction = TextStim(alignHoriz='right', alignVert='center', antialias=True, autoLog=True, bold=False, color=u'tomato', colorSpace='named', contrast=1.0, depth=0.0, flipHoriz=False, flipVert=False, font=u'Arial', fontFiles=[], height=0.1, italic=False, name='m_instruction', opacity=1.0, ori=0, pos=array([ 0.7, -0.8]), rgb=array([ 255.,   99.,   71.]), text=u'DIFFERENT\nm', units=u'norm', win=Window(...), wrapWidth=1)
32.6508 	EXP 	Created Feedback_Screen = TextStim(alignHoriz='center', alignVert='center', antialias=True, autoLog=True, bold=False, color=u'black', colorSpace='named', contrast=1.0, depth=0.0, flipHoriz=False, flipVert=False, font=u'Arial', fontFiles=[], height=0.1, italic=False, name='Feedback_Screen', opacity=1.0, ori=0, pos=array([ 0.,  0.]), rgb=array([ 0.,  0.,  0.]), text=u'Placeholder_text', units=u'norm', win=Window(...), wrapWidth=1)
32.6548 	EXP 	window1: blendMode = 'avg'
32.6559 	EXP 	window1: blendMode = 'avg'
32.6566 	EXP 	window1: blendMode = 'avg'
32.6685 	EXP 	x_instruction: autoDraw = True
32.6685 	EXP 	m_instruction: autoDraw = True
32.6685 	EXP 	Button_Instructions: autoDraw = True
37.6713 	EXP 	Created sequence: random, trialTypes=1, nReps=121, seed=None
38.7097 	EXP 	New trial (rep=0, index=0): None
38.7110 	EXP 	window1: blendMode = 'avg'
38.7114 	EXP 	window1: blendMode = 'avg'
38.7119 	EXP 	window1: blendMode = 'avg'
38.7193 	EXP 	Button_Instructions: autoDraw = False
38.7193 	EXP 	Zoid_Left: vertices = ((0.5, 0), (1.5, 0), (1.5, 1), (-0.5, 1), (-0.5, 0), (-1.5, 0), (-1.5, -1), (0.5, -1))
38.7193 	EXP 	Zoid_Left: ori = 90
38.7193 	EXP 	Zoid_Right: vertices = ((-0.5, 0), (-1.5, 0), (-1.5, 1), (0.5, 1), (0.5, 0), (1.5, 0), (1.5, -1), (-0.5, -1))
38.7193 	EXP 	Zoid_Right: ori = 0
38.7193 	EXP 	Orientation_Cue: autoDraw = True
38.7201 	EXP 	window1: blendMode = 'avg'
38.7204 	EXP 	window1: blendMode = 'avg'
38.7207 	EXP 	window1: blendMode = 'avg'
38.7303 	EXP 	window1: blendMode = 'avg'
38.7306 	EXP 	window1: blendMode = 'avg'
38.7308 	EXP 	window1: blendMode = 'avg'
38.7504 	EXP 	window1: blendMode = 'avg'
38.7508 	EXP 	window1: blendMode = 'avg'
38.7511 	EXP 	window1: blendMode = 'avg'
38.7730 	EXP 	window1: blendMode = 'avg'
38.7739 	EXP 	window1: blendMode = 'avg'
38.7749 	EXP 	window1: blendMode = 'avg'
38.7929 	EXP 	window1: blendMode = 'avg'
38.7936 	EXP 	window1: blendMode = 'avg'
38.7950 	EXP 	window1: blendMode = 'avg'
38.8131 	EXP 	window1: blendMode = 'avg'
38.8138 	EXP 	window1: blendMode = 'avg'
38.8145 	EXP 	window1: blendMode = 'avg'
38.8342 	EXP 	window1: blendMode = 'avg'
38.8349 	EXP 	window1: blendMode = 'avg'
38.8359 	EXP 	window1: blendMode = 'avg'
38.8536 	EXP 	window1: blendMode = 'avg'
38.8544 	EXP 	window1: blendMode = 'avg'
38.8550 	EXP 	window1: blendMode = 'avg'
38.8741 	EXP 	window1: blendMode = 'avg'
38.8747 	EXP 	window1: blendMode = 'avg'
38.8756 	EXP 	window1: blendMode = 'avg'
38.8944 	EXP 	window1: blendMode = 'avg'
38.8955 	EXP 	window1: blendMode = 'avg'
38.8966 	EXP 	window1: blendMode = 'avg'
38.9144 	EXP 	window1: blendMode = 'avg'
38.9152 	EXP 	window1: blendMode = 'avg'
38.9159 	EXP 	window1: blendMode = 'avg'
38.9343 	EXP 	window1: blendMode = 'avg'
38.9351 	EXP 	window1: blendMode = 'avg'
38.9357 	EXP 	window1: blendMode = 'avg'
38.9541 	EXP 	window1: blendMode = 'avg'
38.9553 	EXP 	window1: blendMode = 'avg'
38.9564 	EXP 	window1: blendMode = 'avg'
38.9733 	EXP 	window1: blendMode = 'avg'
38.9741 	EXP 	window1: blendMode = 'avg'
38.9747 	EXP 	window1: blendMode = 'avg'
38.9935 	EXP 	window1: blendMode = 'avg'
38.9946 	EXP 	window1: blendMode = 'avg'
38.9953 	EXP 	window1: blendMode = 'avg'
39.0128 	EXP 	window1: blendMode = 'avg'
39.0135 	EXP 	window1: blendMode = 'avg'
39.0141 	EXP 	window1: blendMode = 'avg'
39.0334 	EXP 	window1: blendMode = 'avg'
39.0345 	EXP 	window1: blendMode = 'avg'
39.0355 	EXP 	window1: blendMode = 'avg'
39.0526 	EXP 	window1: blendMode = 'avg'
39.0533 	EXP 	window1: blendMode = 'avg'
39.0539 	EXP 	window1: blendMode = 'avg'
39.0724 	EXP 	window1: blendMode = 'avg'
39.0731 	EXP 	window1: blendMode = 'avg'
39.0737 	EXP 	window1: blendMode = 'avg'
39.0928 	EXP 	window1: blendMode = 'avg'
39.0935 	EXP 	window1: blendMode = 'avg'
39.0942 	EXP 	window1: blendMode = 'avg'
39.1132 	EXP 	window1: blendMode = 'avg'
39.1142 	EXP 	window1: blendMode = 'avg'
39.1152 	EXP 	window1: blendMode = 'avg'
39.1331 	EXP 	window1: blendMode = 'avg'
39.1338 	EXP 	window1: blendMode = 'avg'
39.1345 	EXP 	window1: blendMode = 'avg'
39.1530 	EXP 	window1: blendMode = 'avg'
39.1537 	EXP 	window1: blendMode = 'avg'
39.1543 	EXP 	window1: blendMode = 'avg'
39.1721 	EXP 	window1: blendMode = 'avg'
39.1728 	EXP 	window1: blendMode = 'avg'
39.1734 	EXP 	window1: blendMode = 'avg'
39.1925 	EXP 	window1: blendMode = 'avg'
39.1935 	EXP 	window1: blendMode = 'avg'
39.1945 	EXP 	window1: blendMode = 'avg'
39.2147 	EXP 	window1: blendMode = 'avg'
39.2155 	EXP 	window1: blendMode = 'avg'
39.2162 	EXP 	window1: blendMode = 'avg'
39.2325 	EXP 	window1: blendMode = 'avg'
39.2332 	EXP 	window1: blendMode = 'avg'
39.2339 	EXP 	window1: blendMode = 'avg'
39.2526 	EXP 	window1: blendMode = 'avg'
39.2533 	EXP 	window1: blendMode = 'avg'
39.2539 	EXP 	window1: blendMode = 'avg'
39.2731 	EXP 	window1: blendMode = 'avg'
39.2740 	EXP 	window1: blendMode = 'avg'
39.2746 	EXP 	window1: blendMode = 'avg'
39.2927 	EXP 	window1: blendMode = 'avg'
39.2934 	EXP 	window1: blendMode = 'avg'
39.2941 	EXP 	window1: blendMode = 'avg'
39.3124 	EXP 	window1: blendMode = 'avg'
39.3131 	EXP 	window1: blendMode = 'avg'
39.3140 	EXP 	window1: blendMode = 'avg'
39.3347 	EXP 	window1: blendMode = 'avg'
39.3354 	EXP 	window1: blendMode = 'avg'
39.3360 	EXP 	window1: blendMode = 'avg'
39.3527 	EXP 	window1: blendMode = 'avg'
39.3534 	EXP 	window1: blendMode = 'avg'
39.3541 	EXP 	window1: blendMode = 'avg'
39.3720 	EXP 	window1: blendMode = 'avg'
39.3727 	EXP 	window1: blendMode = 'avg'
39.3733 	EXP 	window1: blendMode = 'avg'
39.3933 	EXP 	window1: blendMode = 'avg'
39.3945 	EXP 	window1: blendMode = 'avg'
39.3955 	EXP 	window1: blendMode = 'avg'
39.4127 	EXP 	window1: blendMode = 'avg'
39.4134 	EXP 	window1: blendMode = 'avg'
39.4141 	EXP 	window1: blendMode = 'avg'
39.4340 	EXP 	window1: blendMode = 'avg'
39.4347 	EXP 	window1: blendMode = 'avg'
39.4354 	EXP 	window1: blendMode = 'avg'
39.4531 	EXP 	window1: blendMode = 'avg'
39.4538 	EXP 	window1: blendMode = 'avg'
39.4549 	EXP 	window1: blendMode = 'avg'
39.4736 	EXP 	window1: blendMode = 'avg'
39.4743 	EXP 	window1: blendMode = 'avg'
39.4751 	EXP 	window1: blendMode = 'avg'
39.4955 	EXP 	window1: blendMode = 'avg'
39.4972 	EXP 	window1: blendMode = 'avg'
39.4982 	EXP 	window1: blendMode = 'avg'
39.5139 	EXP 	window1: blendMode = 'avg'
39.5146 	EXP 	window1: blendMode = 'avg'
39.5153 	EXP 	window1: blendMode = 'avg'
39.5351 	EXP 	window1: blendMode = 'avg'
39.5362 	EXP 	window1: blendMode = 'avg'
39.5371 	EXP 	window1: blendMode = 'avg'
39.5539 	EXP 	window1: blendMode = 'avg'
39.5546 	EXP 	window1: blendMode = 'avg'
39.5553 	EXP 	window1: blendMode = 'avg'
39.5744 	EXP 	window1: blendMode = 'avg'
39.5756 	EXP 	window1: blendMode = 'avg'
39.5766 	EXP 	window1: blendMode = 'avg'
39.5939 	EXP 	window1: blendMode = 'avg'
39.5950 	EXP 	window1: blendMode = 'avg'
39.5960 	EXP 	window1: blendMode = 'avg'
39.6131 	EXP 	window1: blendMode = 'avg'
39.6139 	EXP 	window1: blendMode = 'avg'
39.6145 	EXP 	window1: blendMode = 'avg'
39.6330 	EXP 	window1: blendMode = 'avg'
39.6336 	EXP 	window1: blendMode = 'avg'
39.6344 	EXP 	window1: blendMode = 'avg'
39.6534 	EXP 	window1: blendMode = 'avg'
39.6540 	EXP 	window1: blendMode = 'avg'
39.6547 	EXP 	window1: blendMode = 'avg'
39.6722 	EXP 	window1: blendMode = 'avg'
39.6728 	EXP 	window1: blendMode = 'avg'
39.6735 	EXP 	window1: blendMode = 'avg'
39.6925 	EXP 	window1: blendMode = 'avg'
39.6936 	EXP 	window1: blendMode = 'avg'
39.6944 	EXP 	window1: blendMode = 'avg'
39.7151 	EXP 	window1: blendMode = 'avg'
39.7158 	EXP 	window1: blendMode = 'avg'
39.7165 	EXP 	window1: blendMode = 'avg'
39.7326 	EXP 	window1: blendMode = 'avg'
39.7332 	EXP 	window1: blendMode = 'avg'
39.7341 	EXP 	window1: blendMode = 'avg'
39.7525 	EXP 	window1: blendMode = 'avg'
39.7533 	EXP 	window1: blendMode = 'avg'
39.7539 	EXP 	window1: blendMode = 'avg'
39.7730 	EXP 	window1: blendMode = 'avg'
39.7737 	EXP 	window1: blendMode = 'avg'
39.7744 	EXP 	window1: blendMode = 'avg'
39.7930 	EXP 	window1: blendMode = 'avg'
39.7941 	EXP 	window1: blendMode = 'avg'
39.7948 	EXP 	window1: blendMode = 'avg'
39.8123 	EXP 	window1: blendMode = 'avg'
39.8131 	EXP 	window1: blendMode = 'avg'
39.8138 	EXP 	window1: blendMode = 'avg'
39.8333 	EXP 	window1: blendMode = 'avg'
39.8340 	EXP 	window1: blendMode = 'avg'
39.8347 	EXP 	window1: blendMode = 'avg'
39.8526 	EXP 	window1: blendMode = 'avg'
39.8533 	EXP 	window1: blendMode = 'avg'
39.8540 	EXP 	window1: blendMode = 'avg'
39.8744 	EXP 	window1: blendMode = 'avg'
39.8756 	EXP 	window1: blendMode = 'avg'
39.8767 	EXP 	window1: blendMode = 'avg'
39.8941 	EXP 	window1: blendMode = 'avg'
39.8953 	EXP 	window1: blendMode = 'avg'
39.8964 	EXP 	window1: blendMode = 'avg'
39.9129 	EXP 	window1: blendMode = 'avg'
39.9137 	EXP 	window1: blendMode = 'avg'
39.9144 	EXP 	window1: blendMode = 'avg'
39.9332 	EXP 	window1: blendMode = 'avg'
39.9339 	EXP 	window1: blendMode = 'avg'
39.9346 	EXP 	window1: blendMode = 'avg'
39.9505 	EXP 	window1: blendMode = 'avg'
39.9508 	EXP 	window1: blendMode = 'avg'
39.9511 	EXP 	window1: blendMode = 'avg'
39.9701 	EXP 	window1: blendMode = 'avg'
39.9704 	EXP 	window1: blendMode = 'avg'
39.9706 	EXP 	window1: blendMode = 'avg'
39.9932 	EXP 	window1: blendMode = 'avg'
39.9943 	EXP 	window1: blendMode = 'avg'
39.9953 	EXP 	window1: blendMode = 'avg'
40.0118 	EXP 	window1: blendMode = 'avg'
40.0125 	EXP 	window1: blendMode = 'avg'
40.0131 	EXP 	window1: blendMode = 'avg'
40.0320 	EXP 	window1: blendMode = 'avg'
40.0326 	EXP 	window1: blendMode = 'avg'
40.0332 	EXP 	window1: blendMode = 'avg'
40.0526 	EXP 	window1: blendMode = 'avg'
40.0536 	EXP 	window1: blendMode = 'avg'
40.0542 	EXP 	window1: blendMode = 'avg'
40.0722 	EXP 	window1: blendMode = 'avg'
40.0730 	EXP 	window1: blendMode = 'avg'
40.0736 	EXP 	window1: blendMode = 'avg'
40.0932 	EXP 	window1: blendMode = 'avg'
40.0941 	EXP 	window1: blendMode = 'avg'
40.0950 	EXP 	window1: blendMode = 'avg'
40.1131 	EXP 	window1: blendMode = 'avg'
40.1138 	EXP 	window1: blendMode = 'avg'
40.1144 	EXP 	window1: blendMode = 'avg'
40.1337 	EXP 	window1: blendMode = 'avg'
40.1343 	EXP 	window1: blendMode = 'avg'
40.1350 	EXP 	window1: blendMode = 'avg'
40.1518 	EXP 	window1: blendMode = 'avg'
40.1524 	EXP 	window1: blendMode = 'avg'
40.1530 	EXP 	window1: blendMode = 'avg'
40.1716 	EXP 	window1: blendMode = 'avg'
40.1722 	EXP 	window1: blendMode = 'avg'
40.1728 	EXP 	window1: blendMode = 'avg'
40.1918 	EXP 	window1: blendMode = 'avg'
40.1927 	EXP 	window1: blendMode = 'avg'
40.1936 	EXP 	window1: blendMode = 'avg'
40.2136 	EXP 	window1: blendMode = 'avg'
40.2142 	EXP 	window1: blendMode = 'avg'
40.2148 	EXP 	window1: blendMode = 'avg'
40.2318 	EXP 	window1: blendMode = 'avg'
40.2324 	EXP 	window1: blendMode = 'avg'
40.2330 	EXP 	window1: blendMode = 'avg'
40.2525 	EXP 	window1: blendMode = 'avg'
40.2532 	EXP 	window1: blendMode = 'avg'
40.2538 	EXP 	window1: blendMode = 'avg'
40.2721 	EXP 	window1: blendMode = 'avg'
40.2727 	EXP 	window1: blendMode = 'avg'
40.2734 	EXP 	window1: blendMode = 'avg'
40.2923 	EXP 	window1: blendMode = 'avg'
40.2929 	EXP 	window1: blendMode = 'avg'
40.2935 	EXP 	window1: blendMode = 'avg'
40.3116 	EXP 	window1: blendMode = 'avg'
40.3122 	EXP 	window1: blendMode = 'avg'
40.3128 	EXP 	window1: blendMode = 'avg'
40.3329 	EXP 	window1: blendMode = 'avg'
40.3338 	EXP 	window1: blendMode = 'avg'
40.3345 	EXP 	window1: blendMode = 'avg'
40.3531 	EXP 	window1: blendMode = 'avg'
40.3538 	EXP 	window1: blendMode = 'avg'
40.3544 	EXP 	window1: blendMode = 'avg'
40.3720 	EXP 	window1: blendMode = 'avg'
40.3727 	EXP 	window1: blendMode = 'avg'
40.3733 	EXP 	window1: blendMode = 'avg'
40.3921 	EXP 	window1: blendMode = 'avg'
40.3929 	EXP 	window1: blendMode = 'avg'
40.3939 	EXP 	window1: blendMode = 'avg'
40.4127 	EXP 	window1: blendMode = 'avg'
40.4134 	EXP 	window1: blendMode = 'avg'
40.4141 	EXP 	window1: blendMode = 'avg'
40.4331 	EXP 	window1: blendMode = 'avg'
40.4338 	EXP 	window1: blendMode = 'avg'
40.4345 	EXP 	window1: blendMode = 'avg'
40.4522 	EXP 	window1: blendMode = 'avg'
40.4529 	EXP 	window1: blendMode = 'avg'
40.4535 	EXP 	window1: blendMode = 'avg'
40.4722 	EXP 	window1: blendMode = 'avg'
40.4729 	EXP 	window1: blendMode = 'avg'
40.4736 	EXP 	window1: blendMode = 'avg'
40.4929 	EXP 	window1: blendMode = 'avg'
40.4937 	EXP 	window1: blendMode = 'avg'
40.4946 	EXP 	window1: blendMode = 'avg'
40.5121 	EXP 	window1: blendMode = 'avg'
40.5129 	EXP 	window1: blendMode = 'avg'
40.5135 	EXP 	window1: blendMode = 'avg'
40.5323 	EXP 	window1: blendMode = 'avg'
40.5330 	EXP 	window1: blendMode = 'avg'
40.5336 	EXP 	window1: blendMode = 'avg'
40.5527 	EXP 	window1: blendMode = 'avg'
40.5534 	EXP 	window1: blendMode = 'avg'
40.5540 	EXP 	window1: blendMode = 'avg'
40.5721 	EXP 	window1: blendMode = 'avg'
40.5729 	EXP 	window1: blendMode = 'avg'
40.5736 	EXP 	window1: blendMode = 'avg'
40.5924 	EXP 	window1: blendMode = 'avg'
40.5931 	EXP 	window1: blendMode = 'avg'
40.5938 	EXP 	window1: blendMode = 'avg'
40.6128 	EXP 	window1: blendMode = 'avg'
40.6135 	EXP 	window1: blendMode = 'avg'
40.6142 	EXP 	window1: blendMode = 'avg'
40.6346 	EXP 	window1: blendMode = 'avg'
40.6354 	EXP 	window1: blendMode = 'avg'
40.6361 	EXP 	window1: blendMode = 'avg'
40.6537 	EXP 	window1: blendMode = 'avg'
40.6543 	EXP 	window1: blendMode = 'avg'
40.6550 	EXP 	window1: blendMode = 'avg'
40.6742 	EXP 	window1: blendMode = 'avg'
40.6751 	EXP 	window1: blendMode = 'avg'
40.6761 	EXP 	window1: blendMode = 'avg'
40.6939 	EXP 	window1: blendMode = 'avg'
40.6950 	EXP 	window1: blendMode = 'avg'
40.6960 	EXP 	window1: blendMode = 'avg'
40.7149 	EXP 	window1: blendMode = 'avg'
40.7157 	EXP 	window1: blendMode = 'avg'
40.7173 	EXP 	window1: blendMode = 'avg'
40.7322 	EXP 	Orientation_Cue: autoDraw = False
40.7322 	EXP 	Ready_Cue: autoDraw = True
40.7335 	EXP 	window1: blendMode = 'avg'
40.7345 	EXP 	window1: blendMode = 'avg'
40.7357 	EXP 	window1: blendMode = 'avg'
40.7545 	EXP 	window1: blendMode = 'avg'
40.7554 	EXP 	window1: blendMode = 'avg'
40.7561 	EXP 	window1: blendMode = 'avg'
40.7738 	EXP 	window1: blendMode = 'avg'
40.7749 	EXP 	window1: blendMode = 'avg'
40.7757 	EXP 	window1: blendMode = 'avg'
40.7926 	EXP 	window1: blendMode = 'avg'
40.7935 	EXP 	window1: blendMode = 'avg'
40.7941 	EXP 	window1: blendMode = 'avg'
40.8121 	EXP 	window1: blendMode = 'avg'
40.8129 	EXP 	window1: blendMode = 'avg'
40.8136 	EXP 	window1: blendMode = 'avg'
40.8329 	EXP 	window1: blendMode = 'avg'
40.8340 	EXP 	window1: blendMode = 'avg'
40.8348 	EXP 	window1: blendMode = 'avg'
40.8529 	EXP 	window1: blendMode = 'avg'
40.8536 	EXP 	window1: blendMode = 'avg'
40.8542 	EXP 	window1: blendMode = 'avg'
40.8720 	EXP 	window1: blendMode = 'avg'
40.8727 	EXP 	window1: blendMode = 'avg'
40.8733 	EXP 	window1: blendMode = 'avg'
40.8918 	EXP 	window1: blendMode = 'avg'
40.8928 	EXP 	window1: blendMode = 'avg'
40.8938 	EXP 	window1: blendMode = 'avg'
40.9130 	EXP 	window1: blendMode = 'avg'
40.9136 	EXP 	window1: blendMode = 'avg'
40.9143 	EXP 	window1: blendMode = 'avg'
40.9323 	EXP 	window1: blendMode = 'avg'
40.9330 	EXP 	window1: blendMode = 'avg'
40.9337 	EXP 	window1: blendMode = 'avg'
40.9521 	EXP 	window1: blendMode = 'avg'
40.9530 	EXP 	window1: blendMode = 'avg'
40.9540 	EXP 	window1: blendMode = 'avg'
40.9734 	EXP 	window1: blendMode = 'avg'
40.9743 	EXP 	window1: blendMode = 'avg'
40.9752 	EXP 	window1: blendMode = 'avg'
40.9939 	EXP 	window1: blendMode = 'avg'
40.9950 	EXP 	window1: blendMode = 'avg'
40.9958 	EXP 	window1: blendMode = 'avg'
41.0142 	EXP 	window1: blendMode = 'avg'
41.0152 	EXP 	window1: blendMode = 'avg'
41.0160 	EXP 	window1: blendMode = 'avg'
41.0345 	EXP 	window1: blendMode = 'avg'
41.0354 	EXP 	window1: blendMode = 'avg'
41.0364 	EXP 	window1: blendMode = 'avg'
41.0532 	EXP 	window1: blendMode = 'avg'
41.0541 	EXP 	window1: blendMode = 'avg'
41.0550 	EXP 	window1: blendMode = 'avg'
41.0737 	EXP 	window1: blendMode = 'avg'
41.0747 	EXP 	window1: blendMode = 'avg'
41.0755 	EXP 	window1: blendMode = 'avg'
41.0931 	EXP 	window1: blendMode = 'avg'
41.0938 	EXP 	window1: blendMode = 'avg'
41.0945 	EXP 	window1: blendMode = 'avg'
41.1125 	EXP 	window1: blendMode = 'avg'
41.1132 	EXP 	window1: blendMode = 'avg'
41.1139 	EXP 	window1: blendMode = 'avg'
41.1330 	EXP 	window1: blendMode = 'avg'
41.1337 	EXP 	window1: blendMode = 'avg'
41.1343 	EXP 	window1: blendMode = 'avg'
41.1528 	EXP 	window1: blendMode = 'avg'
41.1535 	EXP 	window1: blendMode = 'avg'
41.1541 	EXP 	window1: blendMode = 'avg'
41.1717 	EXP 	window1: blendMode = 'avg'
41.1724 	EXP 	window1: blendMode = 'avg'
41.1731 	EXP 	window1: blendMode = 'avg'
41.1942 	EXP 	window1: blendMode = 'avg'
41.1953 	EXP 	window1: blendMode = 'avg'
41.1960 	EXP 	window1: blendMode = 'avg'
41.2152 	EXP 	window1: blendMode = 'avg'
41.2159 	EXP 	window1: blendMode = 'avg'
41.2447 	EXP 	Ready_Cue: autoDraw = False
41.2447 	EXP 	Zoid_Left: autoDraw = True
41.2447 	EXP 	Zoid_Right: autoDraw = True
41.2459 	EXP 	window1: blendMode = 'avg'
41.2465 	EXP 	window1: blendMode = 'avg'
41.2697 	EXP 	window1: blendMode = 'avg'
41.2701 	EXP 	window1: blendMode = 'avg'
41.2930 	EXP 	window1: blendMode = 'avg'
41.2937 	EXP 	window1: blendMode = 'avg'
41.3127 	EXP 	window1: blendMode = 'avg'
41.3133 	EXP 	window1: blendMode = 'avg'
41.3329 	EXP 	window1: blendMode = 'avg'
41.3338 	EXP 	window1: blendMode = 'avg'
41.3527 	EXP 	window1: blendMode = 'avg'
41.3534 	EXP 	window1: blendMode = 'avg'
41.3720 	EXP 	window1: blendMode = 'avg'
41.3727 	EXP 	window1: blendMode = 'avg'
41.3930 	EXP 	window1: blendMode = 'avg'
41.3941 	EXP 	window1: blendMode = 'avg'
41.4125 	EXP 	window1: blendMode = 'avg'
41.4131 	EXP 	window1: blendMode = 'avg'
41.4325 	EXP 	window1: blendMode = 'avg'
41.4332 	EXP 	window1: blendMode = 'avg'
41.4520 	EXP 	window1: blendMode = 'avg'
41.4528 	EXP 	window1: blendMode = 'avg'
41.4721 	EXP 	window1: blendMode = 'avg'
41.4729 	EXP 	window1: blendMode = 'avg'
41.4924 	EXP 	window1: blendMode = 'avg'
41.4932 	EXP 	window1: blendMode = 'avg'
41.5123 	EXP 	window1: blendMode = 'avg'
41.5130 	EXP 	window1: blendMode = 'avg'
41.5328 	EXP 	window1: blendMode = 'avg'
41.5339 	EXP 	window1: blendMode = 'avg'
41.5527 	EXP 	window1: blendMode = 'avg'
41.5534 	EXP 	window1: blendMode = 'avg'
41.5724 	EXP 	window1: blendMode = 'avg'
41.5731 	EXP 	window1: blendMode = 'avg'
41.5922 	EXP 	window1: blendMode = 'avg'
41.5929 	EXP 	window1: blendMode = 'avg'
41.6128 	EXP 	window1: blendMode = 'avg'
41.6138 	EXP 	window1: blendMode = 'avg'
41.6327 	EXP 	window1: blendMode = 'avg'
41.6334 	EXP 	window1: blendMode = 'avg'
41.6521 	EXP 	window1: blendMode = 'avg'
41.6528 	EXP 	window1: blendMode = 'avg'
41.6722 	EXP 	window1: blendMode = 'avg'
41.6729 	EXP 	window1: blendMode = 'avg'
41.6921 	EXP 	window1: blendMode = 'avg'
41.6931 	EXP 	window1: blendMode = 'avg'
41.7135 	EXP 	window1: blendMode = 'avg'
41.7142 	EXP 	window1: blendMode = 'avg'
41.7331 	EXP 	window1: blendMode = 'avg'
41.7338 	EXP 	window1: blendMode = 'avg'
41.7533 	EXP 	window1: blendMode = 'avg'
41.7540 	EXP 	window1: blendMode = 'avg'
41.7725 	EXP 	window1: blendMode = 'avg'
41.7733 	EXP 	window1: blendMode = 'avg'
41.7930 	EXP 	window1: blendMode = 'avg'
41.7937 	EXP 	window1: blendMode = 'avg'
41.8148 	EXP 	window1: blendMode = 'avg'
41.8159 	EXP 	window1: blendMode = 'avg'
41.8345 	EXP 	window1: blendMode = 'avg'
41.8364 	EXP 	window1: blendMode = 'avg'
41.8537 	EXP 	window1: blendMode = 'avg'
41.8548 	EXP 	window1: blendMode = 'avg'
41.8727 	EXP 	window1: blendMode = 'avg'
41.8736 	EXP 	window1: blendMode = 'avg'
41.8944 	EXP 	window1: blendMode = 'avg'
41.8955 	EXP 	window1: blendMode = 'avg'
41.9141 	EXP 	window1: blendMode = 'avg'
41.9149 	EXP 	window1: blendMode = 'avg'
41.9337 	EXP 	window1: blendMode = 'avg'
41.9344 	EXP 	window1: blendMode = 'avg'
41.9528 	EXP 	window1: blendMode = 'avg'
41.9536 	EXP 	window1: blendMode = 'avg'
41.9737 	EXP 	window1: blendMode = 'avg'
41.9748 	EXP 	window1: blendMode = 'avg'
41.9923 	EXP 	window1: blendMode = 'avg'
41.9930 	EXP 	window1: blendMode = 'avg'
42.0125 	EXP 	window1: blendMode = 'avg'
42.0132 	EXP 	window1: blendMode = 'avg'
42.0334 	EXP 	window1: blendMode = 'avg'
42.0344 	EXP 	window1: blendMode = 'avg'
42.0532 	EXP 	window1: blendMode = 'avg'
42.0540 	EXP 	window1: blendMode = 'avg'
42.0730 	EXP 	window1: blendMode = 'avg'
42.0737 	EXP 	window1: blendMode = 'avg'
42.0928 	EXP 	window1: blendMode = 'avg'
42.0939 	EXP 	window1: blendMode = 'avg'
42.1138 	EXP 	window1: blendMode = 'avg'
42.1146 	EXP 	window1: blendMode = 'avg'
42.1318 	EXP 	window1: blendMode = 'avg'
42.1322 	EXP 	window1: blendMode = 'avg'
42.1503 	EXP 	window1: blendMode = 'avg'
42.1507 	EXP 	window1: blendMode = 'avg'
42.1702 	EXP 	window1: blendMode = 'avg'
42.1707 	EXP 	window1: blendMode = 'avg'
42.1918 	EXP 	window1: blendMode = 'avg'
42.1929 	EXP 	window1: blendMode = 'avg'
42.2129 	EXP 	window1: blendMode = 'avg'
42.2136 	EXP 	window1: blendMode = 'avg'
42.2325 	EXP 	window1: blendMode = 'avg'
42.2332 	EXP 	window1: blendMode = 'avg'
42.2523 	EXP 	window1: blendMode = 'avg'
42.2531 	EXP 	window1: blendMode = 'avg'
42.2724 	EXP 	window1: blendMode = 'avg'
42.2733 	EXP 	window1: blendMode = 'avg'
42.2926 	EXP 	window1: blendMode = 'avg'
42.2933 	EXP 	window1: blendMode = 'avg'
42.3117 	EXP 	window1: blendMode = 'avg'
42.3124 	EXP 	window1: blendMode = 'avg'
42.3328 	EXP 	window1: blendMode = 'avg'
42.3335 	EXP 	window1: blendMode = 'avg'
42.3526 	EXP 	window1: blendMode = 'avg'
42.3532 	EXP 	window1: blendMode = 'avg'
42.3720 	EXP 	window1: blendMode = 'avg'
42.3728 	EXP 	window1: blendMode = 'avg'
42.3917 	EXP 	window1: blendMode = 'avg'
42.3928 	EXP 	window1: blendMode = 'avg'
42.4123 	EXP 	window1: blendMode = 'avg'
42.4130 	EXP 	window1: blendMode = 'avg'
42.4319 	EXP 	window1: blendMode = 'avg'
42.4326 	EXP 	window1: blendMode = 'avg'
42.4520 	EXP 	window1: blendMode = 'avg'
42.4527 	EXP 	window1: blendMode = 'avg'
42.4719 	EXP 	window1: blendMode = 'avg'
42.4729 	EXP 	window1: blendMode = 'avg'
42.4920 	EXP 	window1: blendMode = 'avg'
42.4927 	EXP 	window1: blendMode = 'avg'
42.5116 	EXP 	window1: blendMode = 'avg'
42.5123 	EXP 	window1: blendMode = 'avg'
42.5320 	EXP 	window1: blendMode = 'avg'
42.5327 	EXP 	window1: blendMode = 'avg'
42.5526 	EXP 	window1: blendMode = 'avg'
42.5534 	EXP 	window1: blendMode = 'avg'
42.5725 	EXP 	window1: blendMode = 'avg'
42.5733 	EXP 	window1: blendMode = 'avg'
42.5924 	EXP 	window1: blendMode = 'avg'
42.5931 	EXP 	window1: blendMode = 'avg'
42.6123 	EXP 	window1: blendMode = 'avg'
42.6131 	EXP 	window1: blendMode = 'avg'
42.6329 	EXP 	window1: blendMode = 'avg'
42.6336 	EXP 	window1: blendMode = 'avg'
42.6524 	EXP 	window1: blendMode = 'avg'
42.6530 	EXP 	window1: blendMode = 'avg'
42.6716 	EXP 	window1: blendMode = 'avg'
42.6722 	EXP 	window1: blendMode = 'avg'
42.6919 	EXP 	window1: blendMode = 'avg'
42.6930 	EXP 	window1: blendMode = 'avg'
42.7144 	EXP 	window1: blendMode = 'avg'
42.7151 	EXP 	window1: blendMode = 'avg'
42.7324 	EXP 	window1: blendMode = 'avg'
42.7331 	EXP 	window1: blendMode = 'avg'
42.7526 	EXP 	window1: blendMode = 'avg'
42.7535 	EXP 	window1: blendMode = 'avg'
42.7730 	EXP 	window1: blendMode = 'avg'
42.7737 	EXP 	window1: blendMode = 'avg'
42.7935 	EXP 	window1: blendMode = 'avg'
42.7942 	EXP 	window1: blendMode = 'avg'
42.8123 	EXP 	window1: blendMode = 'avg'
42.8130 	EXP 	window1: blendMode = 'avg'
42.8327 	EXP 	window1: blendMode = 'avg'
42.8338 	EXP 	window1: blendMode = 'avg'
42.8525 	EXP 	window1: blendMode = 'avg'
42.8532 	EXP 	window1: blendMode = 'avg'
42.8724 	EXP 	window1: blendMode = 'avg'
42.8731 	EXP 	window1: blendMode = 'avg'
42.8924 	EXP 	window1: blendMode = 'avg'
42.8934 	EXP 	window1: blendMode = 'avg'
42.9122 	EXP 	window1: blendMode = 'avg'
42.9129 	EXP 	window1: blendMode = 'avg'
42.9328 	EXP 	window1: blendMode = 'avg'
42.9335 	EXP 	window1: blendMode = 'avg'
42.9520 	EXP 	window1: blendMode = 'avg'
42.9527 	EXP 	window1: blendMode = 'avg'
42.9738 	EXP 	window1: blendMode = 'avg'
42.9749 	EXP 	window1: blendMode = 'avg'
42.9941 	EXP 	window1: blendMode = 'avg'
42.9949 	EXP 	window1: blendMode = 'avg'
43.0132 	EXP 	window1: blendMode = 'avg'
43.0139 	EXP 	window1: blendMode = 'avg'
43.0344 	EXP 	window1: blendMode = 'avg'
43.0356 	EXP 	window1: blendMode = 'avg'
43.0530 	EXP 	window1: blendMode = 'avg'
43.0543 	EXP 	window1: blendMode = 'avg'
43.0746 	EXP 	window1: blendMode = 'avg'
43.0758 	EXP 	window1: blendMode = 'avg'
43.0951 	EXP 	window1: blendMode = 'avg'
43.0959 	EXP 	window1: blendMode = 'avg'
43.1142 	EXP 	window1: blendMode = 'avg'
43.1150 	EXP 	window1: blendMode = 'avg'
43.1317 	EXP 	window1: blendMode = 'avg'
43.1322 	EXP 	window1: blendMode = 'avg'
43.1512 	EXP 	window1: blendMode = 'avg'
43.1516 	EXP 	window1: blendMode = 'avg'
43.1707 	EXP 	window1: blendMode = 'avg'
43.1711 	EXP 	window1: blendMode = 'avg'
43.1901 	EXP 	window1: blendMode = 'avg'
43.1906 	EXP 	window1: blendMode = 'avg'
43.2105 	EXP 	window1: blendMode = 'avg'
43.2109 	EXP 	window1: blendMode = 'avg'
43.2301 	EXP 	window1: blendMode = 'avg'
43.2305 	EXP 	window1: blendMode = 'avg'
43.2500 	EXP 	window1: blendMode = 'avg'
43.2504 	EXP 	window1: blendMode = 'avg'
43.2722 	EXP 	window1: blendMode = 'avg'
43.2731 	EXP 	window1: blendMode = 'avg'
43.2939 	EXP 	window1: blendMode = 'avg'
43.2950 	EXP 	window1: blendMode = 'avg'
43.3131 	EXP 	window1: blendMode = 'avg'
43.3139 	EXP 	window1: blendMode = 'avg'
43.3339 	EXP 	window1: blendMode = 'avg'
43.3351 	EXP 	window1: blendMode = 'avg'
43.3529 	EXP 	window1: blendMode = 'avg'
43.3536 	EXP 	window1: blendMode = 'avg'
43.3724 	EXP 	window1: blendMode = 'avg'
43.3731 	EXP 	window1: blendMode = 'avg'
43.3919 	EXP 	window1: blendMode = 'avg'
43.3929 	EXP 	window1: blendMode = 'avg'
43.4129 	EXP 	window1: blendMode = 'avg'
43.4136 	EXP 	window1: blendMode = 'avg'
43.4322 	EXP 	window1: blendMode = 'avg'
43.4328 	EXP 	window1: blendMode = 'avg'
43.4522 	EXP 	window1: blendMode = 'avg'
43.4529 	EXP 	window1: blendMode = 'avg'
43.4719 	EXP 	window1: blendMode = 'avg'
43.4730 	EXP 	window1: blendMode = 'avg'
43.4924 	EXP 	window1: blendMode = 'avg'
43.4932 	EXP 	window1: blendMode = 'avg'
43.5117 	EXP 	window1: blendMode = 'avg'
43.5124 	EXP 	window1: blendMode = 'avg'
43.5317 	EXP 	window1: blendMode = 'avg'
43.5325 	EXP 	window1: blendMode = 'avg'
43.5523 	EXP 	window1: blendMode = 'avg'
43.5533 	EXP 	window1: blendMode = 'avg'
43.5715 	EXP 	window1: blendMode = 'avg'
43.5722 	EXP 	window1: blendMode = 'avg'
43.5925 	EXP 	window1: blendMode = 'avg'
43.5933 	EXP 	window1: blendMode = 'avg'
43.6123 	EXP 	window1: blendMode = 'avg'
43.6130 	EXP 	window1: blendMode = 'avg'
43.6326 	EXP 	window1: blendMode = 'avg'
43.6333 	EXP 	window1: blendMode = 'avg'
43.6530 	EXP 	window1: blendMode = 'avg'
43.6537 	EXP 	window1: blendMode = 'avg'
43.6717 	EXP 	window1: blendMode = 'avg'
43.6724 	EXP 	window1: blendMode = 'avg'
43.6922 	EXP 	window1: blendMode = 'avg'
43.6933 	EXP 	window1: blendMode = 'avg'
43.7131 	EXP 	window1: blendMode = 'avg'
43.7137 	EXP 	window1: blendMode = 'avg'
43.7322 	EXP 	window1: blendMode = 'avg'
43.7329 	EXP 	window1: blendMode = 'avg'
43.7523 	EXP 	window1: blendMode = 'avg'
43.7531 	EXP 	window1: blendMode = 'avg'
43.7721 	EXP 	window1: blendMode = 'avg'
43.7729 	EXP 	window1: blendMode = 'avg'
43.7927 	EXP 	window1: blendMode = 'avg'
43.7934 	EXP 	window1: blendMode = 'avg'
43.8122 	EXP 	window1: blendMode = 'avg'
43.8129 	EXP 	window1: blendMode = 'avg'
43.8325 	EXP 	window1: blendMode = 'avg'
43.8333 	EXP 	window1: blendMode = 'avg'
43.8527 	EXP 	window1: blendMode = 'avg'
43.8533 	EXP 	window1: blendMode = 'avg'
43.8715 	EXP 	window1: blendMode = 'avg'
43.8722 	EXP 	window1: blendMode = 'avg'
43.8919 	EXP 	window1: blendMode = 'avg'
43.8929 	EXP 	window1: blendMode = 'avg'
43.9119 	EXP 	window1: blendMode = 'avg'
43.9130 	EXP 	window1: blendMode = 'avg'
43.9314 	EXP 	window1: blendMode = 'avg'
43.9322 	EXP 	window1: blendMode = 'avg'
43.9515 	EXP 	window1: blendMode = 'avg'
43.9522 	EXP 	window1: blendMode = 'avg'
43.9718 	EXP 	window1: blendMode = 'avg'
43.9726 	EXP 	window1: blendMode = 'avg'
43.9924 	EXP 	window1: blendMode = 'avg'
43.9931 	EXP 	window1: blendMode = 'avg'
44.0116 	EXP 	window1: blendMode = 'avg'
44.0123 	EXP 	window1: blendMode = 'avg'
44.0319 	EXP 	window1: blendMode = 'avg'
44.0326 	EXP 	window1: blendMode = 'avg'
44.0521 	EXP 	window1: blendMode = 'avg'
44.0532 	EXP 	window1: blendMode = 'avg'
44.0724 	EXP 	window1: blendMode = 'avg'
44.0732 	EXP 	window1: blendMode = 'avg'
44.0921 	EXP 	window1: blendMode = 'avg'
44.0929 	EXP 	window1: blendMode = 'avg'
44.1125 	EXP 	window1: blendMode = 'avg'
44.1133 	EXP 	window1: blendMode = 'avg'
44.1324 	EXP 	window1: blendMode = 'avg'
44.1332 	EXP 	window1: blendMode = 'avg'
44.1535 	EXP 	window1: blendMode = 'avg'
44.1543 	EXP 	window1: blendMode = 'avg'
44.1726 	EXP 	window1: blendMode = 'avg'
44.1733 	EXP 	window1: blendMode = 'avg'
44.1914 	EXP 	window1: blendMode = 'avg'
44.1921 	EXP 	window1: blendMode = 'avg'
44.2104 	EXP 	window1: blendMode = 'avg'
44.2108 	EXP 	window1: blendMode = 'avg'
44.2299 	EXP 	window1: blendMode = 'avg'
44.2302 	EXP 	window1: blendMode = 'avg'
44.2498 	DATA 	Keypress: z
44.2520 	EXP 	window1: blendMode = 'avg'
44.2527 	EXP 	window1: blendMode = 'avg'
44.2721 	EXP 	window1: blendMode = 'avg'
44.2728 	EXP 	window1: blendMode = 'avg'
44.2906 	EXP 	window1: blendMode = 'avg'
44.2911 	EXP 	window1: blendMode = 'avg'
44.3100 	EXP 	window1: blendMode = 'avg'
44.3105 	EXP 	window1: blendMode = 'avg'
44.3309 	EXP 	window1: blendMode = 'avg'
44.3314 	EXP 	window1: blendMode = 'avg'
44.3540 	EXP 	window1: blendMode = 'avg'
44.3546 	EXP 	window1: blendMode = 'avg'
44.3715 	EXP 	window1: blendMode = 'avg'
44.3724 	EXP 	window1: blendMode = 'avg'
44.3915 	EXP 	window1: blendMode = 'avg'
44.3923 	EXP 	window1: blendMode = 'avg'
44.4126 	EXP 	window1: blendMode = 'avg'
44.4133 	EXP 	window1: blendMode = 'avg'
44.4322 	EXP 	window1: blendMode = 'avg'
44.4329 	EXP 	window1: blendMode = 'avg'
44.4515 	EXP 	window1: blendMode = 'avg'
44.4522 	EXP 	window1: blendMode = 'avg'
44.4716 	EXP 	window1: blendMode = 'avg'
44.4723 	EXP 	window1: blendMode = 'avg'
44.4916 	EXP 	window1: blendMode = 'avg'
44.4924 	EXP 	window1: blendMode = 'avg'
44.5124 	EXP 	window1: blendMode = 'avg'
44.5131 	EXP 	window1: blendMode = 'avg'
44.5314 	EXP 	window1: blendMode = 'avg'
44.5321 	EXP 	window1: blendMode = 'avg'
44.5519 	EXP 	window1: blendMode = 'avg'
44.5532 	EXP 	window1: blendMode = 'avg'
44.5727 	EXP 	window1: blendMode = 'avg'
44.5734 	EXP 	window1: blendMode = 'avg'
44.5920 	EXP 	window1: blendMode = 'avg'
44.5927 	EXP 	window1: blendMode = 'avg'
44.6114 	EXP 	window1: blendMode = 'avg'
44.6122 	EXP 	window1: blendMode = 'avg'
44.6322 	EXP 	window1: blendMode = 'avg'
44.6329 	EXP 	window1: blendMode = 'avg'
44.6524 	EXP 	window1: blendMode = 'avg'
44.6531 	EXP 	window1: blendMode = 'avg'
44.6712 	EXP 	window1: blendMode = 'avg'
44.6719 	EXP 	window1: blendMode = 'avg'
44.6917 	EXP 	window1: blendMode = 'avg'
44.6927 	EXP 	window1: blendMode = 'avg'
44.7142 	EXP 	window1: blendMode = 'avg'
44.7149 	EXP 	window1: blendMode = 'avg'
44.7320 	EXP 	window1: blendMode = 'avg'
44.7327 	EXP 	window1: blendMode = 'avg'
44.7522 	EXP 	window1: blendMode = 'avg'
44.7530 	EXP 	window1: blendMode = 'avg'
44.7716 	EXP 	window1: blendMode = 'avg'
44.7724 	EXP 	window1: blendMode = 'avg'
44.7916 	EXP 	window1: blendMode = 'avg'
44.7926 	EXP 	window1: blendMode = 'avg'
44.8118 	EXP 	window1: blendMode = 'avg'
44.8125 	EXP 	window1: blendMode = 'avg'
44.8322 	EXP 	window1: blendMode = 'avg'
44.8333 	EXP 	window1: blendMode = 'avg'
44.8520 	EXP 	window1: blendMode = 'avg'
44.8528 	EXP 	window1: blendMode = 'avg'
44.8716 	EXP 	window1: blendMode = 'avg'
44.8723 	EXP 	window1: blendMode = 'avg'
44.8915 	EXP 	window1: blendMode = 'avg'
44.8926 	EXP 	window1: blendMode = 'avg'
44.9124 	DATA 	Keypress: x
44.9526 	EXP 	New trial (rep=1, index=0): None
44.9609 	EXP 	window1: blendMode = 'avg'
44.9621 	EXP 	window1: blendMode = 'avg'
44.9631 	EXP 	window1: blendMode = 'avg'
44.9735 	EXP 	Orientation_Cue: autoDraw = False
44.9735 	EXP 	Ready_Cue: autoDraw = False
44.9735 	EXP 	Zoid_Left: autoDraw = False
44.9735 	EXP 	Zoid_Right: autoDraw = False
44.9735 	EXP 	Zoid_Left: vertices = ((0.5, 0), (1.5, 0), (1.5, 1), (-1.5, 1), (-1.5, 0), (-0.5, 0), (-0.5, -1), (0.5, -1))
44.9735 	EXP 	Zoid_Left: ori = 90
44.9735 	EXP 	Zoid_Right: vertices = ((0.5, 0), (1.5, 0), (1.5, 1), (-1.5, 1), (-1.5, 0), (-0.5, 0), (-0.5, -1), (0.5, -1))
44.9735 	EXP 	Zoid_Right: ori = 90
44.9735 	EXP 	Orientation_Cue: autoDraw = True
44.9748 	EXP 	window1: blendMode = 'avg'
44.9754 	EXP 	window1: blendMode = 'avg'
44.9761 	EXP 	window1: blendMode = 'avg'
44.9896 	EXP 	window1: blendMode = 'avg'
44.9901 	EXP 	window1: blendMode = 'avg'
44.9905 	EXP 	window1: blendMode = 'avg'
45.0099 	EXP 	window1: blendMode = 'avg'
45.0103 	EXP 	window1: blendMode = 'avg'
45.0107 	EXP 	window1: blendMode = 'avg'
45.0305 	EXP 	window1: blendMode = 'avg'
45.0309 	EXP 	window1: blendMode = 'avg'
45.0313 	EXP 	window1: blendMode = 'avg'
45.0500 	EXP 	window1: blendMode = 'avg'
45.0506 	EXP 	window1: blendMode = 'avg'
45.0512 	EXP 	window1: blendMode = 'avg'
45.0697 	EXP 	window1: blendMode = 'avg'
45.0702 	EXP 	window1: blendMode = 'avg'
45.0706 	EXP 	window1: blendMode = 'avg'
45.0897 	EXP 	window1: blendMode = 'avg'
45.0901 	EXP 	window1: blendMode = 'avg'
45.0905 	EXP 	window1: blendMode = 'avg'
45.1099 	EXP 	window1: blendMode = 'avg'
45.1103 	EXP 	window1: blendMode = 'avg'
45.1107 	EXP 	window1: blendMode = 'avg'
45.1319 	EXP 	window1: blendMode = 'avg'
45.1331 	EXP 	window1: blendMode = 'avg'
45.1340 	EXP 	window1: blendMode = 'avg'
45.1518 	EXP 	window1: blendMode = 'avg'
45.1526 	EXP 	window1: blendMode = 'avg'
45.1532 	EXP 	window1: blendMode = 'avg'
45.1714 	EXP 	window1: blendMode = 'avg'
45.1721 	EXP 	window1: blendMode = 'avg'
45.1727 	EXP 	window1: blendMode = 'avg'
45.1913 	EXP 	window1: blendMode = 'avg'
45.1923 	EXP 	window1: blendMode = 'avg'
45.1934 	EXP 	window1: blendMode = 'avg'
45.2142 	EXP 	window1: blendMode = 'avg'
45.2150 	EXP 	window1: blendMode = 'avg'
45.2158 	EXP 	window1: blendMode = 'avg'
45.2321 	EXP 	window1: blendMode = 'avg'
45.2328 	EXP 	window1: blendMode = 'avg'
45.2334 	EXP 	window1: blendMode = 'avg'
45.2538 	EXP 	window1: blendMode = 'avg'
45.2551 	EXP 	window1: blendMode = 'avg'
45.2562 	EXP 	window1: blendMode = 'avg'
45.2743 	EXP 	window1: blendMode = 'avg'
45.2749 	EXP 	window1: blendMode = 'avg'
45.2756 	EXP 	window1: blendMode = 'avg'
45.2920 	EXP 	window1: blendMode = 'avg'
45.2926 	EXP 	window1: blendMode = 'avg'
45.2933 	EXP 	window1: blendMode = 'avg'
45.3106 	EXP 	window1: blendMode = 'avg'
45.3111 	EXP 	window1: blendMode = 'avg'
45.3116 	EXP 	window1: blendMode = 'avg'
45.3300 	EXP 	window1: blendMode = 'avg'
45.3305 	EXP 	window1: blendMode = 'avg'
45.3310 	EXP 	window1: blendMode = 'avg'
45.3495 	EXP 	window1: blendMode = 'avg'
45.3498 	EXP 	window1: blendMode = 'avg'
45.3501 	EXP 	window1: blendMode = 'avg'
45.3686 	EXP 	window1: blendMode = 'avg'
45.3689 	EXP 	window1: blendMode = 'avg'
45.3691 	EXP 	window1: blendMode = 'avg'
45.3908 	EXP 	window1: blendMode = 'avg'
45.3914 	EXP 	window1: blendMode = 'avg'
45.3921 	EXP 	window1: blendMode = 'avg'
45.4112 	EXP 	window1: blendMode = 'avg'
45.4121 	EXP 	window1: blendMode = 'avg'
45.4127 	EXP 	window1: blendMode = 'avg'
45.4324 	EXP 	window1: blendMode = 'avg'
45.4333 	EXP 	window1: blendMode = 'avg'
45.4342 	EXP 	window1: blendMode = 'avg'
45.4521 	EXP 	window1: blendMode = 'avg'
45.4531 	EXP 	window1: blendMode = 'avg'
45.4538 	EXP 	window1: blendMode = 'avg'
45.4721 	EXP 	window1: blendMode = 'avg'
45.4728 	EXP 	window1: blendMode = 'avg'
45.4734 	EXP 	window1: blendMode = 'avg'
45.4925 	EXP 	window1: blendMode = 'avg'
45.4932 	EXP 	window1: blendMode = 'avg'
45.4939 	EXP 	window1: blendMode = 'avg'
45.5119 	EXP 	window1: blendMode = 'avg'
45.5125 	EXP 	window1: blendMode = 'avg'
45.5131 	EXP 	window1: blendMode = 'avg'
45.5315 	EXP 	window1: blendMode = 'avg'
45.5322 	EXP 	window1: blendMode = 'avg'
45.5329 	EXP 	window1: blendMode = 'avg'
45.5539 	EXP 	window1: blendMode = 'avg'
45.5548 	EXP 	window1: blendMode = 'avg'
45.5560 	EXP 	window1: blendMode = 'avg'
45.5721 	EXP 	window1: blendMode = 'avg'
45.5726 	EXP 	window1: blendMode = 'avg'
45.5731 	EXP 	window1: blendMode = 'avg'
45.5904 	EXP 	window1: blendMode = 'avg'
45.5909 	EXP 	window1: blendMode = 'avg'
45.5915 	EXP 	window1: blendMode = 'avg'
45.6104 	EXP 	window1: blendMode = 'avg'
45.6109 	EXP 	window1: blendMode = 'avg'
45.6115 	EXP 	window1: blendMode = 'avg'
45.6313 	EXP 	window1: blendMode = 'avg'
45.6318 	EXP 	window1: blendMode = 'avg'
45.6323 	EXP 	window1: blendMode = 'avg'
45.6510 	EXP 	window1: blendMode = 'avg'
45.6516 	EXP 	window1: blendMode = 'avg'
45.6522 	EXP 	window1: blendMode = 'avg'
45.6701 	EXP 	window1: blendMode = 'avg'
45.6707 	EXP 	window1: blendMode = 'avg'
45.6711 	EXP 	window1: blendMode = 'avg'
45.6905 	EXP 	window1: blendMode = 'avg'
45.6914 	EXP 	window1: blendMode = 'avg'
45.6921 	EXP 	window1: blendMode = 'avg'
45.7107 	EXP 	window1: blendMode = 'avg'
45.7112 	EXP 	window1: blendMode = 'avg'
45.7118 	EXP 	window1: blendMode = 'avg'
45.7313 	EXP 	window1: blendMode = 'avg'
45.7319 	EXP 	window1: blendMode = 'avg'
45.7325 	EXP 	window1: blendMode = 'avg'
45.7512 	EXP 	window1: blendMode = 'avg'
45.7519 	EXP 	window1: blendMode = 'avg'
45.7528 	EXP 	window1: blendMode = 'avg'
45.7715 	EXP 	window1: blendMode = 'avg'
45.7724 	EXP 	window1: blendMode = 'avg'
45.7733 	EXP 	window1: blendMode = 'avg'
45.7913 	EXP 	window1: blendMode = 'avg'
45.7921 	EXP 	window1: blendMode = 'avg'
45.7928 	EXP 	window1: blendMode = 'avg'
45.8115 	EXP 	window1: blendMode = 'avg'
45.8122 	EXP 	window1: blendMode = 'avg'
45.8128 	EXP 	window1: blendMode = 'avg'
45.8326 	EXP 	window1: blendMode = 'avg'
45.8337 	EXP 	window1: blendMode = 'avg'
45.8347 	EXP 	window1: blendMode = 'avg'
45.8518 	EXP 	window1: blendMode = 'avg'
45.8527 	EXP 	window1: blendMode = 'avg'
45.8534 	EXP 	window1: blendMode = 'avg'
45.8707 	EXP 	window1: blendMode = 'avg'
45.8714 	EXP 	window1: blendMode = 'avg'
45.8721 	EXP 	window1: blendMode = 'avg'
45.8906 	EXP 	window1: blendMode = 'avg'
45.8915 	EXP 	window1: blendMode = 'avg'
45.8924 	EXP 	window1: blendMode = 'avg'
45.9119 	EXP 	window1: blendMode = 'avg'
45.9129 	EXP 	window1: blendMode = 'avg'
45.9136 	EXP 	window1: blendMode = 'avg'
45.9316 	EXP 	window1: blendMode = 'avg'
45.9322 	EXP 	window1: blendMode = 'avg'
45.9329 	EXP 	window1: blendMode = 'avg'
45.9509 	EXP 	window1: blendMode = 'avg'
45.9516 	EXP 	window1: blendMode = 'avg'
45.9522 	EXP 	window1: blendMode = 'avg'
45.9718 	EXP 	window1: blendMode = 'avg'
45.9728 	EXP 	window1: blendMode = 'avg'
45.9735 	EXP 	window1: blendMode = 'avg'
45.9918 	EXP 	window1: blendMode = 'avg'
45.9929 	EXP 	window1: blendMode = 'avg'
45.9939 	EXP 	window1: blendMode = 'avg'
46.0114 	EXP 	window1: blendMode = 'avg'
46.0121 	EXP 	window1: blendMode = 'avg'
46.0127 	EXP 	window1: blendMode = 'avg'
46.0314 	EXP 	window1: blendMode = 'avg'
46.0321 	EXP 	window1: blendMode = 'avg'
46.0327 	EXP 	window1: blendMode = 'avg'
46.0517 	EXP 	window1: blendMode = 'avg'
46.0526 	EXP 	window1: blendMode = 'avg'
46.0533 	EXP 	window1: blendMode = 'avg'
46.0710 	EXP 	window1: blendMode = 'avg'
46.0717 	EXP 	window1: blendMode = 'avg'
46.0723 	EXP 	window1: blendMode = 'avg'
46.0912 	EXP 	window1: blendMode = 'avg'
46.0920 	EXP 	window1: blendMode = 'avg'
46.0927 	EXP 	window1: blendMode = 'avg'
46.1120 	EXP 	window1: blendMode = 'avg'
46.1127 	EXP 	window1: blendMode = 'avg'
46.1134 	EXP 	window1: blendMode = 'avg'
46.1312 	EXP 	window1: blendMode = 'avg'
46.1320 	EXP 	window1: blendMode = 'avg'
46.1326 	EXP 	window1: blendMode = 'avg'
46.1523 	EXP 	window1: blendMode = 'avg'
46.1530 	EXP 	window1: blendMode = 'avg'
46.1536 	EXP 	window1: blendMode = 'avg'
46.1722 	EXP 	window1: blendMode = 'avg'
46.1729 	EXP 	window1: blendMode = 'avg'
46.1735 	EXP 	window1: blendMode = 'avg'
46.1910 	EXP 	window1: blendMode = 'avg'
46.1920 	EXP 	window1: blendMode = 'avg'
46.1931 	EXP 	window1: blendMode = 'avg'
46.2125 	EXP 	window1: blendMode = 'avg'
46.2133 	EXP 	window1: blendMode = 'avg'
46.2139 	EXP 	window1: blendMode = 'avg'
46.2308 	EXP 	window1: blendMode = 'avg'
46.2315 	EXP 	window1: blendMode = 'avg'
46.2321 	EXP 	window1: blendMode = 'avg'
46.2510 	EXP 	window1: blendMode = 'avg'
46.2519 	EXP 	window1: blendMode = 'avg'
46.2529 	EXP 	window1: blendMode = 'avg'
46.2711 	EXP 	window1: blendMode = 'avg'
46.2718 	EXP 	window1: blendMode = 'avg'
46.2724 	EXP 	window1: blendMode = 'avg'
46.2934 	EXP 	window1: blendMode = 'avg'
46.2946 	EXP 	window1: blendMode = 'avg'
46.2956 	EXP 	window1: blendMode = 'avg'
46.3121 	EXP 	window1: blendMode = 'avg'
46.3132 	EXP 	window1: blendMode = 'avg'
46.3142 	EXP 	window1: blendMode = 'avg'
46.3334 	EXP 	window1: blendMode = 'avg'
46.3346 	EXP 	window1: blendMode = 'avg'
46.3357 	EXP 	window1: blendMode = 'avg'
46.3531 	EXP 	window1: blendMode = 'avg'
46.3537 	EXP 	window1: blendMode = 'avg'
46.3543 	EXP 	window1: blendMode = 'avg'
46.3707 	EXP 	window1: blendMode = 'avg'
46.3712 	EXP 	window1: blendMode = 'avg'
46.3716 	EXP 	window1: blendMode = 'avg'
46.3910 	EXP 	window1: blendMode = 'avg'
46.3916 	EXP 	window1: blendMode = 'avg'
46.3922 	EXP 	window1: blendMode = 'avg'
46.4110 	EXP 	window1: blendMode = 'avg'
46.4118 	EXP 	window1: blendMode = 'avg'
46.4123 	EXP 	window1: blendMode = 'avg'
46.4310 	EXP 	window1: blendMode = 'avg'
46.4318 	EXP 	window1: blendMode = 'avg'
46.4324 	EXP 	window1: blendMode = 'avg'
46.4507 	EXP 	window1: blendMode = 'avg'
46.4512 	EXP 	window1: blendMode = 'avg'
46.4519 	EXP 	window1: blendMode = 'avg'
46.4707 	EXP 	window1: blendMode = 'avg'
46.4713 	EXP 	window1: blendMode = 'avg'
46.4718 	EXP 	window1: blendMode = 'avg'
46.4904 	EXP 	window1: blendMode = 'avg'
46.4909 	EXP 	window1: blendMode = 'avg'
46.4914 	EXP 	window1: blendMode = 'avg'
46.5095 	EXP 	window1: blendMode = 'avg'
46.5100 	EXP 	window1: blendMode = 'avg'
46.5104 	EXP 	window1: blendMode = 'avg'
46.5294 	EXP 	window1: blendMode = 'avg'
46.5298 	EXP 	window1: blendMode = 'avg'
46.5302 	EXP 	window1: blendMode = 'avg'
46.5495 	EXP 	window1: blendMode = 'avg'
46.5501 	EXP 	window1: blendMode = 'avg'
46.5505 	EXP 	window1: blendMode = 'avg'
46.5719 	EXP 	window1: blendMode = 'avg'
46.5947 	EXP 	window1: blendMode = 'avg'
46.6038 	EXP 	window1: blendMode = 'avg'
46.6168 	EXP 	window1: blendMode = 'avg'
46.6179 	EXP 	window1: blendMode = 'avg'
46.6190 	EXP 	window1: blendMode = 'avg'
46.6332 	EXP 	window1: blendMode = 'avg'
46.6344 	EXP 	window1: blendMode = 'avg'
46.6355 	EXP 	window1: blendMode = 'avg'
46.6505 	EXP 	window1: blendMode = 'avg'
46.6510 	EXP 	window1: blendMode = 'avg'
46.6515 	EXP 	window1: blendMode = 'avg'
46.6701 	EXP 	window1: blendMode = 'avg'
46.6705 	EXP 	window1: blendMode = 'avg'
46.6709 	EXP 	window1: blendMode = 'avg'
46.6896 	EXP 	window1: blendMode = 'avg'
46.6902 	EXP 	window1: blendMode = 'avg'
46.6934 	EXP 	window1: blendMode = 'avg'
46.7105 	EXP 	window1: blendMode = 'avg'
46.7111 	EXP 	window1: blendMode = 'avg'
46.7117 	EXP 	window1: blendMode = 'avg'
46.7299 	EXP 	window1: blendMode = 'avg'
46.7302 	EXP 	window1: blendMode = 'avg'
46.7305 	EXP 	window1: blendMode = 'avg'
46.7489 	EXP 	window1: blendMode = 'avg'
46.7493 	EXP 	window1: blendMode = 'avg'
46.7496 	EXP 	window1: blendMode = 'avg'
46.7688 	EXP 	window1: blendMode = 'avg'
46.7693 	EXP 	window1: blendMode = 'avg'
46.7698 	EXP 	window1: blendMode = 'avg'
46.7889 	EXP 	window1: blendMode = 'avg'
46.7893 	EXP 	window1: blendMode = 'avg'
46.7896 	EXP 	window1: blendMode = 'avg'
46.8110 	EXP 	window1: blendMode = 'avg'
46.8119 	EXP 	window1: blendMode = 'avg'
46.8127 	EXP 	window1: blendMode = 'avg'
46.8319 	EXP 	window1: blendMode = 'avg'
46.8327 	EXP 	window1: blendMode = 'avg'
46.8334 	EXP 	window1: blendMode = 'avg'
46.8520 	EXP 	window1: blendMode = 'avg'
46.8527 	EXP 	window1: blendMode = 'avg'
46.8533 	EXP 	window1: blendMode = 'avg'
46.8713 	EXP 	window1: blendMode = 'avg'
46.8719 	EXP 	window1: blendMode = 'avg'
46.8726 	EXP 	window1: blendMode = 'avg'
46.8909 	EXP 	window1: blendMode = 'avg'
46.8918 	EXP 	window1: blendMode = 'avg'
46.8928 	EXP 	window1: blendMode = 'avg'
46.9111 	EXP 	window1: blendMode = 'avg'
46.9122 	EXP 	window1: blendMode = 'avg'
46.9130 	EXP 	window1: blendMode = 'avg'
46.9314 	EXP 	window1: blendMode = 'avg'
46.9321 	EXP 	window1: blendMode = 'avg'
46.9327 	EXP 	window1: blendMode = 'avg'
46.9511 	EXP 	window1: blendMode = 'avg'
46.9518 	EXP 	window1: blendMode = 'avg'
46.9698 	EXP 	Orientation_Cue: autoDraw = False
46.9714 	EXP 	window1: blendMode = 'avg'
46.9722 	EXP 	window1: blendMode = 'avg'
46.9729 	EXP 	window1: blendMode = 'avg'
46.9901 	EXP 	Ready_Cue: autoDraw = True
46.9915 	EXP 	window1: blendMode = 'avg'
46.9923 	EXP 	window1: blendMode = 'avg'
46.9929 	EXP 	window1: blendMode = 'avg'
47.0115 	EXP 	window1: blendMode = 'avg'
47.0122 	EXP 	window1: blendMode = 'avg'
47.0129 	EXP 	window1: blendMode = 'avg'
47.0315 	EXP 	window1: blendMode = 'avg'
47.0322 	EXP 	window1: blendMode = 'avg'
47.0328 	EXP 	window1: blendMode = 'avg'
47.0511 	EXP 	window1: blendMode = 'avg'
47.0521 	EXP 	window1: blendMode = 'avg'
47.0528 	EXP 	window1: blendMode = 'avg'
47.0712 	EXP 	window1: blendMode = 'avg'
47.0720 	EXP 	window1: blendMode = 'avg'
47.0726 	EXP 	window1: blendMode = 'avg'
47.0919 	EXP 	window1: blendMode = 'avg'
47.0928 	EXP 	window1: blendMode = 'avg'
47.0939 	EXP 	window1: blendMode = 'avg'
47.1114 	EXP 	window1: blendMode = 'avg'
47.1122 	EXP 	window1: blendMode = 'avg'
47.1128 	EXP 	window1: blendMode = 'avg'
47.1318 	EXP 	window1: blendMode = 'avg'
47.1325 	EXP 	window1: blendMode = 'avg'
47.1331 	EXP 	window1: blendMode = 'avg'
47.1519 	EXP 	window1: blendMode = 'avg'
47.1528 	EXP 	window1: blendMode = 'avg'
47.1535 	EXP 	window1: blendMode = 'avg'
47.1705 	EXP 	window1: blendMode = 'avg'
47.1713 	EXP 	window1: blendMode = 'avg'
47.1719 	EXP 	window1: blendMode = 'avg'
47.1908 	EXP 	window1: blendMode = 'avg'
47.1918 	EXP 	window1: blendMode = 'avg'
47.1929 	EXP 	window1: blendMode = 'avg'
47.2130 	EXP 	window1: blendMode = 'avg'
47.2137 	EXP 	window1: blendMode = 'avg'
47.2143 	EXP 	window1: blendMode = 'avg'
47.2310 	EXP 	window1: blendMode = 'avg'
47.2318 	EXP 	window1: blendMode = 'avg'
47.2324 	EXP 	window1: blendMode = 'avg'
47.2510 	EXP 	window1: blendMode = 'avg'
47.2517 	EXP 	window1: blendMode = 'avg'
47.2525 	EXP 	window1: blendMode = 'avg'
47.2713 	EXP 	window1: blendMode = 'avg'
47.2723 	EXP 	window1: blendMode = 'avg'
47.2730 	EXP 	window1: blendMode = 'avg'
47.2928 	EXP 	window1: blendMode = 'avg'
47.2940 	EXP 	window1: blendMode = 'avg'
47.2947 	EXP 	window1: blendMode = 'avg'
47.3113 	EXP 	window1: blendMode = 'avg'
47.3121 	EXP 	window1: blendMode = 'avg'
47.3128 	EXP 	window1: blendMode = 'avg'
47.3336 	EXP 	window1: blendMode = 'avg'
47.3349 	EXP 	window1: blendMode = 'avg'
47.3358 	EXP 	window1: blendMode = 'avg'
47.3516 	EXP 	window1: blendMode = 'avg'
47.3526 	EXP 	window1: blendMode = 'avg'
47.3537 	EXP 	window1: blendMode = 'avg'
47.3710 	EXP 	window1: blendMode = 'avg'
47.3718 	EXP 	window1: blendMode = 'avg'
47.3725 	EXP 	window1: blendMode = 'avg'
47.3927 	EXP 	window1: blendMode = 'avg'
47.3939 	EXP 	window1: blendMode = 'avg'
47.3952 	EXP 	window1: blendMode = 'avg'
47.4120 	EXP 	window1: blendMode = 'avg'
47.4127 	EXP 	window1: blendMode = 'avg'
47.4134 	EXP 	window1: blendMode = 'avg'
47.4306 	EXP 	window1: blendMode = 'avg'
47.4311 	EXP 	window1: blendMode = 'avg'
47.4315 	EXP 	window1: blendMode = 'avg'
47.4491 	EXP 	window1: blendMode = 'avg'
47.4494 	EXP 	window1: blendMode = 'avg'
47.4679 	EXP 	Ready_Cue: autoDraw = False
47.4687 	EXP 	window1: blendMode = 'avg'
47.4690 	EXP 	window1: blendMode = 'avg'
47.4879 	EXP 	Zoid_Left: autoDraw = True
47.4879 	EXP 	Zoid_Right: autoDraw = True
47.4887 	EXP 	window1: blendMode = 'avg'
47.4891 	EXP 	window1: blendMode = 'avg'
47.5109 	EXP 	window1: blendMode = 'avg'
47.5118 	EXP 	window1: blendMode = 'avg'
47.5317 	EXP 	window1: blendMode = 'avg'
47.5327 	EXP 	window1: blendMode = 'avg'
47.5516 	EXP 	window1: blendMode = 'avg'
47.5527 	EXP 	window1: blendMode = 'avg'
47.5719 	EXP 	window1: blendMode = 'avg'
47.5731 	EXP 	window1: blendMode = 'avg'
47.5921 	EXP 	window1: blendMode = 'avg'
47.5930 	EXP 	window1: blendMode = 'avg'
47.6132 	EXP 	window1: blendMode = 'avg'
47.6140 	EXP 	window1: blendMode = 'avg'
47.6321 	EXP 	window1: blendMode = 'avg'
47.6327 	EXP 	window1: blendMode = 'avg'
47.6527 	EXP 	window1: blendMode = 'avg'
47.6536 	EXP 	window1: blendMode = 'avg'
47.6712 	EXP 	window1: blendMode = 'avg'
47.6718 	EXP 	window1: blendMode = 'avg'
47.6900 	EXP 	window1: blendMode = 'avg'
47.6907 	EXP 	window1: blendMode = 'avg'
47.7126 	EXP 	window1: blendMode = 'avg'
47.7132 	EXP 	window1: blendMode = 'avg'
47.7308 	EXP 	window1: blendMode = 'avg'
47.7317 	EXP 	window1: blendMode = 'avg'
47.7500 	EXP 	window1: blendMode = 'avg'
47.7507 	EXP 	window1: blendMode = 'avg'
47.7704 	EXP 	window1: blendMode = 'avg'
47.7710 	EXP 	window1: blendMode = 'avg'
47.7903 	EXP 	window1: blendMode = 'avg'
47.7909 	EXP 	window1: blendMode = 'avg'
47.8104 	EXP 	window1: blendMode = 'avg'
47.8111 	EXP 	window1: blendMode = 'avg'
47.8305 	EXP 	window1: blendMode = 'avg'
47.8314 	EXP 	window1: blendMode = 'avg'
47.8499 	EXP 	window1: blendMode = 'avg'
47.8505 	EXP 	window1: blendMode = 'avg'
47.8700 	EXP 	window1: blendMode = 'avg'
47.8707 	EXP 	window1: blendMode = 'avg'
47.8910 	EXP 	window1: blendMode = 'avg'
47.8918 	EXP 	window1: blendMode = 'avg'
47.9108 	EXP 	window1: blendMode = 'avg'
47.9115 	EXP 	window1: blendMode = 'avg'
47.9310 	EXP 	window1: blendMode = 'avg'
47.9317 	EXP 	window1: blendMode = 'avg'
47.9509 	EXP 	window1: blendMode = 'avg'
47.9515 	EXP 	window1: blendMode = 'avg'
47.9714 	EXP 	window1: blendMode = 'avg'
47.9722 	EXP 	window1: blendMode = 'avg'
47.9908 	EXP 	window1: blendMode = 'avg'
47.9918 	EXP 	window1: blendMode = 'avg'
48.0114 	EXP 	window1: blendMode = 'avg'
48.0121 	EXP 	window1: blendMode = 'avg'
48.0314 	EXP 	window1: blendMode = 'avg'
48.0321 	EXP 	window1: blendMode = 'avg'
48.0525 	EXP 	window1: blendMode = 'avg'
48.0536 	EXP 	window1: blendMode = 'avg'
48.0717 	EXP 	window1: blendMode = 'avg'
48.0724 	EXP 	window1: blendMode = 'avg'
48.0921 	EXP 	window1: blendMode = 'avg'
48.0931 	EXP 	window1: blendMode = 'avg'
48.1124 	EXP 	window1: blendMode = 'avg'
48.1135 	EXP 	window1: blendMode = 'avg'
48.1331 	EXP 	window1: blendMode = 'avg'
48.1338 	EXP 	window1: blendMode = 'avg'
48.1535 	EXP 	window1: blendMode = 'avg'
48.1547 	EXP 	window1: blendMode = 'avg'
48.1722 	EXP 	window1: blendMode = 'avg'
48.1733 	EXP 	window1: blendMode = 'avg'
48.1924 	EXP 	window1: blendMode = 'avg'
48.1936 	EXP 	window1: blendMode = 'avg'
48.2120 	EXP 	window1: blendMode = 'avg'
48.2130 	EXP 	window1: blendMode = 'avg'
48.2326 	EXP 	window1: blendMode = 'avg'
48.2333 	EXP 	window1: blendMode = 'avg'
48.2515 	EXP 	window1: blendMode = 'avg'
48.2526 	EXP 	window1: blendMode = 'avg'
48.2730 	EXP 	window1: blendMode = 'avg'
48.2742 	EXP 	window1: blendMode = 'avg'
48.2920 	EXP 	window1: blendMode = 'avg'
48.2931 	EXP 	window1: blendMode = 'avg'
48.3118 	EXP 	window1: blendMode = 'avg'
48.3126 	EXP 	window1: blendMode = 'avg'
48.3325 	EXP 	window1: blendMode = 'avg'
48.3336 	EXP 	window1: blendMode = 'avg'
48.3532 	EXP 	window1: blendMode = 'avg'
48.3545 	EXP 	window1: blendMode = 'avg'
48.3727 	EXP 	window1: blendMode = 'avg'
48.3739 	EXP 	window1: blendMode = 'avg'
48.3922 	EXP 	window1: blendMode = 'avg'
48.3933 	EXP 	window1: blendMode = 'avg'
48.4125 	EXP 	window1: blendMode = 'avg'
48.4135 	EXP 	window1: blendMode = 'avg'
48.4329 	EXP 	window1: blendMode = 'avg'
48.4338 	EXP 	window1: blendMode = 'avg'
48.4520 	EXP 	window1: blendMode = 'avg'
48.4528 	EXP 	window1: blendMode = 'avg'
48.4727 	EXP 	window1: blendMode = 'avg'
48.4738 	EXP 	window1: blendMode = 'avg'
48.4904 	EXP 	window1: blendMode = 'avg'
48.4908 	EXP 	window1: blendMode = 'avg'
48.5101 	EXP 	window1: blendMode = 'avg'
48.5106 	EXP 	window1: blendMode = 'avg'
48.5300 	EXP 	window1: blendMode = 'avg'
48.5304 	EXP 	window1: blendMode = 'avg'
48.5490 	EXP 	window1: blendMode = 'avg'
48.5494 	EXP 	window1: blendMode = 'avg'
48.5689 	EXP 	window1: blendMode = 'avg'
48.5693 	EXP 	window1: blendMode = 'avg'
48.5886 	EXP 	window1: blendMode = 'avg'
48.5890 	EXP 	window1: blendMode = 'avg'
48.6118 	EXP 	window1: blendMode = 'avg'
48.6126 	EXP 	window1: blendMode = 'avg'
48.6305 	EXP 	window1: blendMode = 'avg'
48.6312 	EXP 	window1: blendMode = 'avg'
48.6528 	EXP 	window1: blendMode = 'avg'
48.6535 	EXP 	window1: blendMode = 'avg'
48.6702 	EXP 	window1: blendMode = 'avg'
48.6709 	EXP 	window1: blendMode = 'avg'
48.6922 	EXP 	window1: blendMode = 'avg'
48.6935 	EXP 	window1: blendMode = 'avg'
48.7125 	EXP 	window1: blendMode = 'avg'
48.7134 	EXP 	window1: blendMode = 'avg'
48.7326 	EXP 	window1: blendMode = 'avg'
48.7333 	EXP 	window1: blendMode = 'avg'
48.7530 	EXP 	window1: blendMode = 'avg'
48.7536 	EXP 	window1: blendMode = 'avg'
48.7710 	EXP 	window1: blendMode = 'avg'
48.7717 	EXP 	window1: blendMode = 'avg'
48.7903 	EXP 	window1: blendMode = 'avg'
48.7912 	EXP 	window1: blendMode = 'avg'
48.8107 	EXP 	window1: blendMode = 'avg'
48.8112 	EXP 	window1: blendMode = 'avg'
48.8290 	EXP 	window1: blendMode = 'avg'
48.8294 	EXP 	window1: blendMode = 'avg'
48.8495 	EXP 	window1: blendMode = 'avg'
48.8500 	EXP 	window1: blendMode = 'avg'
48.8687 	EXP 	window1: blendMode = 'avg'
48.8692 	EXP 	window1: blendMode = 'avg'
48.8905 	EXP 	window1: blendMode = 'avg'
48.8913 	EXP 	window1: blendMode = 'avg'
48.9106 	EXP 	window1: blendMode = 'avg'
48.9114 	EXP 	window1: blendMode = 'avg'
48.9313 	EXP 	window1: blendMode = 'avg'
48.9319 	EXP 	window1: blendMode = 'avg'
48.9506 	EXP 	window1: blendMode = 'avg'
48.9513 	EXP 	window1: blendMode = 'avg'
48.9714 	EXP 	window1: blendMode = 'avg'
48.9721 	EXP 	window1: blendMode = 'avg'
48.9907 	EXP 	window1: blendMode = 'avg'
48.9914 	EXP 	window1: blendMode = 'avg'
49.0109 	EXP 	window1: blendMode = 'avg'
49.0118 	EXP 	window1: blendMode = 'avg'
49.0305 	EXP 	window1: blendMode = 'avg'
49.0312 	EXP 	window1: blendMode = 'avg'
49.0535 	DATA 	Keypress: m
49.0810 	EXP 	New trial (rep=2, index=0): None
49.0859 	EXP 	window1: blendMode = 'avg'
49.0866 	EXP 	window1: blendMode = 'avg'
49.0872 	EXP 	window1: blendMode = 'avg'
49.0968 	EXP 	Orientation_Cue: autoDraw = False
49.0968 	EXP 	Ready_Cue: autoDraw = False
49.0968 	EXP 	Zoid_Left: autoDraw = False
49.0968 	EXP 	Zoid_Right: autoDraw = False
49.0968 	EXP 	Zoid_Left: vertices = ((0, -0.5), (-1, -0.5), (-1, -1.5), (1, -1.5), (1, 1.5), (0, 1.5))
49.0968 	EXP 	Zoid_Left: ori = 0
49.0968 	EXP 	Zoid_Right: vertices = ((0, -0.5), (-1, -0.5), (-1, -1.5), (1, -1.5), (1, 1.5), (0, 1.5))
49.0968 	EXP 	Zoid_Right: ori = 180
49.0968 	EXP 	Orientation_Cue: autoDraw = True
49.0982 	EXP 	window1: blendMode = 'avg'
49.0989 	EXP 	window1: blendMode = 'avg'
49.0995 	EXP 	window1: blendMode = 'avg'
49.1124 	EXP 	window1: blendMode = 'avg'
49.1137 	EXP 	window1: blendMode = 'avg'
49.1145 	EXP 	window1: blendMode = 'avg'
49.1308 	EXP 	window1: blendMode = 'avg'
49.1315 	EXP 	window1: blendMode = 'avg'
49.1321 	EXP 	window1: blendMode = 'avg'
49.1516 	EXP 	window1: blendMode = 'avg'
49.1523 	EXP 	window1: blendMode = 'avg'
49.1529 	EXP 	window1: blendMode = 'avg'
49.1707 	EXP 	window1: blendMode = 'avg'
49.1714 	EXP 	window1: blendMode = 'avg'
49.1722 	EXP 	window1: blendMode = 'avg'
49.1905 	EXP 	window1: blendMode = 'avg'
49.1916 	EXP 	window1: blendMode = 'avg'
49.1925 	EXP 	window1: blendMode = 'avg'
49.2111 	EXP 	window1: blendMode = 'avg'
49.2119 	EXP 	window1: blendMode = 'avg'
49.2126 	EXP 	window1: blendMode = 'avg'
49.2321 	EXP 	window1: blendMode = 'avg'
49.2328 	EXP 	window1: blendMode = 'avg'
49.2335 	EXP 	window1: blendMode = 'avg'
49.2509 	EXP 	window1: blendMode = 'avg'
49.2518 	EXP 	window1: blendMode = 'avg'
49.2527 	EXP 	window1: blendMode = 'avg'
49.2711 	EXP 	window1: blendMode = 'avg'
49.2722 	EXP 	window1: blendMode = 'avg'
49.2730 	EXP 	window1: blendMode = 'avg'
49.2909 	EXP 	window1: blendMode = 'avg'
49.2916 	EXP 	window1: blendMode = 'avg'
49.2923 	EXP 	window1: blendMode = 'avg'
49.3102 	EXP 	window1: blendMode = 'avg'
49.3110 	EXP 	window1: blendMode = 'avg'
49.3117 	EXP 	window1: blendMode = 'avg'
49.3323 	EXP 	window1: blendMode = 'avg'
49.3331 	EXP 	window1: blendMode = 'avg'
49.3337 	EXP 	window1: blendMode = 'avg'
49.3507 	EXP 	window1: blendMode = 'avg'
49.3515 	EXP 	window1: blendMode = 'avg'
49.3521 	EXP 	window1: blendMode = 'avg'
49.3702 	EXP 	window1: blendMode = 'avg'
49.3709 	EXP 	window1: blendMode = 'avg'
49.3715 	EXP 	window1: blendMode = 'avg'
49.3902 	EXP 	window1: blendMode = 'avg'
49.3909 	EXP 	window1: blendMode = 'avg'
49.3917 	EXP 	window1: blendMode = 'avg'
49.4111 	EXP 	window1: blendMode = 'avg'
49.4118 	EXP 	window1: blendMode = 'avg'
49.4125 	EXP 	window1: blendMode = 'avg'
49.4309 	EXP 	window1: blendMode = 'avg'
49.4316 	EXP 	window1: blendMode = 'avg'
49.4323 	EXP 	window1: blendMode = 'avg'
49.4505 	EXP 	window1: blendMode = 'avg'
49.4512 	EXP 	window1: blendMode = 'avg'
49.4518 	EXP 	window1: blendMode = 'avg'
49.4707 	EXP 	window1: blendMode = 'avg'
49.4715 	EXP 	window1: blendMode = 'avg'
49.4722 	EXP 	window1: blendMode = 'avg'
49.4918 	EXP 	window1: blendMode = 'avg'
49.4930 	EXP 	window1: blendMode = 'avg'
49.4937 	EXP 	window1: blendMode = 'avg'
49.5115 	EXP 	window1: blendMode = 'avg'
49.5125 	EXP 	window1: blendMode = 'avg'
49.5132 	EXP 	window1: blendMode = 'avg'
49.5327 	EXP 	window1: blendMode = 'avg'
49.5338 	EXP 	window1: blendMode = 'avg'
49.5349 	EXP 	window1: blendMode = 'avg'
49.5521 	EXP 	window1: blendMode = 'avg'
49.5528 	EXP 	window1: blendMode = 'avg'
49.5535 	EXP 	window1: blendMode = 'avg'
49.5706 	EXP 	window1: blendMode = 'avg'
49.5712 	EXP 	window1: blendMode = 'avg'
49.5717 	EXP 	window1: blendMode = 'avg'
49.5897 	EXP 	window1: blendMode = 'avg'
49.5903 	EXP 	window1: blendMode = 'avg'
49.5909 	EXP 	window1: blendMode = 'avg'
49.6086 	EXP 	window1: blendMode = 'avg'
49.6093 	EXP 	window1: blendMode = 'avg'
49.6097 	EXP 	window1: blendMode = 'avg'
49.6300 	EXP 	window1: blendMode = 'avg'
49.6307 	EXP 	window1: blendMode = 'avg'
49.6313 	EXP 	window1: blendMode = 'avg'
49.6514 	EXP 	window1: blendMode = 'avg'
49.6523 	EXP 	window1: blendMode = 'avg'
49.6533 	EXP 	window1: blendMode = 'avg'
49.6701 	EXP 	window1: blendMode = 'avg'
49.6708 	EXP 	window1: blendMode = 'avg'
49.6714 	EXP 	window1: blendMode = 'avg'
49.6907 	EXP 	window1: blendMode = 'avg'
49.6918 	EXP 	window1: blendMode = 'avg'
49.6927 	EXP 	window1: blendMode = 'avg'
49.7113 	EXP 	window1: blendMode = 'avg'
49.7121 	EXP 	window1: blendMode = 'avg'
49.7128 	EXP 	window1: blendMode = 'avg'
49.7309 	EXP 	window1: blendMode = 'avg'
49.7315 	EXP 	window1: blendMode = 'avg'
49.7322 	EXP 	window1: blendMode = 'avg'
49.7505 	EXP 	window1: blendMode = 'avg'
49.7515 	EXP 	window1: blendMode = 'avg'
49.7524 	EXP 	window1: blendMode = 'avg'
49.7706 	EXP 	window1: blendMode = 'avg'
49.7716 	EXP 	window1: blendMode = 'avg'
49.7724 	EXP 	window1: blendMode = 'avg'
49.7905 	EXP 	window1: blendMode = 'avg'
49.7916 	EXP 	window1: blendMode = 'avg'
49.7926 	EXP 	window1: blendMode = 'avg'
49.8106 	EXP 	window1: blendMode = 'avg'
49.8112 	EXP 	window1: blendMode = 'avg'
49.8119 	EXP 	window1: blendMode = 'avg'
49.8317 	EXP 	window1: blendMode = 'avg'
49.8325 	EXP 	window1: blendMode = 'avg'
49.8332 	EXP 	window1: blendMode = 'avg'
49.8516 	EXP 	window1: blendMode = 'avg'
49.8525 	EXP 	window1: blendMode = 'avg'
49.8533 	EXP 	window1: blendMode = 'avg'
49.8736 	EXP 	window1: blendMode = 'avg'
49.8748 	EXP 	window1: blendMode = 'avg'
49.8760 	EXP 	window1: blendMode = 'avg'
49.8920 	EXP 	window1: blendMode = 'avg'
49.8927 	EXP 	window1: blendMode = 'avg'
49.8934 	EXP 	window1: blendMode = 'avg'
49.9110 	EXP 	window1: blendMode = 'avg'
49.9123 	EXP 	window1: blendMode = 'avg'
49.9135 	EXP 	window1: blendMode = 'avg'
49.9300 	EXP 	window1: blendMode = 'avg'
49.9303 	EXP 	window1: blendMode = 'avg'
49.9307 	EXP 	window1: blendMode = 'avg'
49.9481 	EXP 	window1: blendMode = 'avg'
49.9484 	EXP 	window1: blendMode = 'avg'
49.9486 	EXP 	window1: blendMode = 'avg'
49.9678 	EXP 	window1: blendMode = 'avg'
49.9682 	EXP 	window1: blendMode = 'avg'
49.9684 	EXP 	window1: blendMode = 'avg'
49.9894 	DATA 	Keypress: escape
