13.3311 	ERROR 	avbin.dll failed to load. Try importing psychopy.visual
  as the first library (before anything that uses scipy)
  and make sure that avbin is installed.
31.8702 	EXP 	Created window1 = Window(allowGUI=False, allowStencil=False, autoLog=True, bitsMode=UNKNOWN, blendMode='avg', color=array([ 0.95,  0.95,  0.95]), colorSpace='rgb', fullscr=UNKNOWN, gamma=None, lms=UNKNOWN, monitor=<psychopy.monitors.calibTools.Monitor object at 0x1A6EE690>, multiSample=False, name='window1', numSamples=2, pos=[0, 0], screen=0, size=array([1600,  900]), stereo=False, units=u'norm', useFBO=True, useRetina=False, viewOri=0.0, viewPos=None, viewScale=None, waitBlanking=True, winType='pyglet')
31.8703 	EXP 	window1: recordFrameIntervals = False
32.0663 	EXP 	window1: recordFrameIntervals = True
32.2874 	EXP 	window1: recordFrameIntervals = False
35.2286 	EXP 	Created Orientation_Cue = TextStim(alignHoriz='center', alignVert='center', antialias=True, autoLog=True, bold=False, color=u'black', colorSpace='named', contrast=1.0, depth=0.0, flipHoriz=False, flipVert=False, font=u'Arial', fontFiles=[], height=0.1, italic=False, name='Orientation_Cue', opacity=1.0, ori=0, pos=array([ 0.,  0.]), rgb=array([ 0.,  0.,  0.]), text=u'\u25cb', units=u'norm', win=Window(...), wrapWidth=1)
35.2686 	EXP 	Created Ready_Cue = TextStim(alignHoriz='center', alignVert='center', antialias=True, autoLog=True, bold=False, color=u'black', colorSpace='named', contrast=1.0, depth=-1.0, flipHoriz=False, flipVert=False, font=u'Arial', fontFiles=[], height=0.1, italic=False, name='Ready_Cue', opacity=1.0, ori=0, pos=array([ 0.,  0.]), rgb=array([ 0.,  0.,  0.]), text=u'\u23fa', units=u'norm', win=Window(...), wrapWidth=1)
35.3206 	EXP 	Created Zoid_Left = ShapeStim(autoDraw=False, autoLog=True, closeShape=True, contrast=1.0, depth=-3.0, fillColor=array([ 0.05,  0.05,  0.05]), fillColorSpace='rgb', interpolate=True, lineColor=array([ 1.,  1.,  1.]), lineColorSpace='rgb', lineWidth=1, name='Zoid_Left', opacity=1.0, ori=array(0.0), pos=array([-5.,  0.]), size=array([ 1.,  1.]), units='cm', vertices=ndarray(...), win=Window(...), windingRule=None)
35.3228 	EXP 	Created Zoid_Right = ShapeStim(autoDraw=False, autoLog=True, closeShape=True, contrast=1.0, depth=-4.0, fillColor=array([ 0.05,  0.05,  0.05]), fillColorSpace='rgb', interpolate=True, lineColor=array([ 1.,  1.,  1.]), lineColorSpace='rgb', lineWidth=1, name='Zoid_Right', opacity=1.0, ori=array(0.0), pos=array([ 5.,  0.]), size=array([ 1.,  1.]), units='cm', vertices=ndarray(...), win=Window(...), windingRule=None)
35.4672 	EXP 	Created Button_Instructions = TextStim(alignHoriz='center', alignVert='center', antialias=True, autoLog=True, bold=False, color=u'white', colorSpace='named', contrast=1.0, depth=0.0, flipHoriz=False, flipVert=False, font=u'Arial', fontFiles=[], height=0.07, italic=False, name='Button_Instructions', opacity=1.0, ori=0, pos=array([ 0. ,  0.5]), rgb=array([ 255.,  255.,  255.]), text=unicode(...), units=u'norm', win=Window(...), wrapWidth=1)
35.4907 	EXP 	Created x_instruction = TextStim(alignHoriz='center', alignVert='center', antialias=True, autoLog=True, bold=False, color=u'tomato', colorSpace='named', contrast=1.0, depth=0.0, flipHoriz=False, flipVert=False, font=u'Arial', fontFiles=[], height=0.1, italic=False, name='x_instruction', opacity=1.0, ori=0, pos=array([-0.7, -0.8]), rgb=array([ 255.,   99.,   71.]), text=u'DIFFERENT\nx', units=u'norm', win=Window(...), wrapWidth=1)
35.5052 	EXP 	Created m_instruction = TextStim(alignHoriz='right', alignVert='center', antialias=True, autoLog=True, bold=False, color=u'lightseagreen', colorSpace='named', contrast=1.0, depth=0.0, flipHoriz=False, flipVert=False, font=u'Arial', fontFiles=[], height=0.1, italic=False, name='m_instruction', opacity=1.0, ori=0, pos=array([ 0.7, -0.8]), rgb=array([  32.,  178.,  170.]), text=u'SAME\nm', units=u'norm', win=Window(...), wrapWidth=1)
35.5334 	EXP 	Created Feedback_Screen = TextStim(alignHoriz='center', alignVert='center', antialias=True, autoLog=True, bold=False, color=u'black', colorSpace='named', contrast=1.0, depth=0.0, flipHoriz=False, flipVert=False, font=u'Arial', fontFiles=[], height=0.1, italic=False, name='Feedback_Screen', opacity=1.0, ori=0, pos=array([ 0.,  0.]), rgb=array([ 0.,  0.,  0.]), text=u'Placeholder_text', units=u'norm', win=Window(...), wrapWidth=1)
35.5373 	EXP 	window1: blendMode = 'avg'
35.5387 	EXP 	window1: blendMode = 'avg'
35.5394 	EXP 	window1: blendMode = 'avg'
35.5499 	EXP 	x_instruction: autoDraw = True
35.5499 	EXP 	m_instruction: autoDraw = True
35.5499 	EXP 	Button_Instructions: autoDraw = True
40.3512 	DATA 	Mouse: Left button down, pos=(712,572)
40.3516 	DATA 	Mouse:  Left button up, pos=(712,572)
40.5515 	EXP 	Created sequence: random, trialTypes=1, nReps=121, seed=None
41.2221 	EXP 	New trial (rep=0, index=0): None
41.2236 	EXP 	window1: blendMode = 'avg'
41.2240 	EXP 	window1: blendMode = 'avg'
41.2250 	EXP 	window1: blendMode = 'avg'
41.2323 	EXP 	Button_Instructions: autoDraw = False
41.2323 	EXP 	Zoid_Left: vertices = ((0, -0.5), (-1, -0.5), (-1, -1.5), (1, -1.5), (1, 1.5), (0, 1.5))
41.2323 	EXP 	Zoid_Left: ori = 180
41.2323 	EXP 	Zoid_Right: vertices = ((0, -0.5), (-1, -0.5), (-1, -1.5), (1, -1.5), (1, 1.5), (0, 1.5))
41.2323 	EXP 	Zoid_Right: ori = 0
41.2323 	EXP 	Orientation_Cue: autoDraw = True
41.2333 	EXP 	window1: blendMode = 'avg'
41.2337 	EXP 	window1: blendMode = 'avg'
41.2341 	EXP 	window1: blendMode = 'avg'
41.2439 	EXP 	window1: blendMode = 'avg'
41.2444 	EXP 	window1: blendMode = 'avg'
41.2448 	EXP 	window1: blendMode = 'avg'
41.2634 	EXP 	window1: blendMode = 'avg'
41.2639 	EXP 	window1: blendMode = 'avg'
41.2643 	EXP 	window1: blendMode = 'avg'
41.2857 	EXP 	window1: blendMode = 'avg'
41.2865 	EXP 	window1: blendMode = 'avg'
41.2872 	EXP 	window1: blendMode = 'avg'
41.3058 	EXP 	window1: blendMode = 'avg'
41.3065 	EXP 	window1: blendMode = 'avg'
41.3072 	EXP 	window1: blendMode = 'avg'
41.3268 	EXP 	window1: blendMode = 'avg'
41.3279 	EXP 	window1: blendMode = 'avg'
41.3287 	EXP 	window1: blendMode = 'avg'
41.3451 	EXP 	window1: blendMode = 'avg'
41.3458 	EXP 	window1: blendMode = 'avg'
41.3465 	EXP 	window1: blendMode = 'avg'
41.3665 	EXP 	window1: blendMode = 'avg'
41.3677 	EXP 	window1: blendMode = 'avg'
41.3685 	EXP 	window1: blendMode = 'avg'
41.3886 	EXP 	window1: blendMode = 'avg'
41.3894 	EXP 	window1: blendMode = 'avg'
41.3901 	EXP 	window1: blendMode = 'avg'
41.4062 	EXP 	window1: blendMode = 'avg'
41.4070 	EXP 	window1: blendMode = 'avg'
41.4077 	EXP 	window1: blendMode = 'avg'
41.4269 	EXP 	window1: blendMode = 'avg'
41.4276 	EXP 	window1: blendMode = 'avg'
41.4283 	EXP 	window1: blendMode = 'avg'
41.4473 	EXP 	window1: blendMode = 'avg'
41.4482 	EXP 	window1: blendMode = 'avg'
41.4491 	EXP 	window1: blendMode = 'avg'
41.4659 	EXP 	window1: blendMode = 'avg'
41.4669 	EXP 	window1: blendMode = 'avg'
41.4680 	EXP 	window1: blendMode = 'avg'
41.4866 	EXP 	window1: blendMode = 'avg'
41.4877 	EXP 	window1: blendMode = 'avg'
41.4888 	EXP 	window1: blendMode = 'avg'
41.5064 	EXP 	window1: blendMode = 'avg'
41.5073 	EXP 	window1: blendMode = 'avg'
41.5080 	EXP 	window1: blendMode = 'avg'
41.5254 	EXP 	window1: blendMode = 'avg'
41.5261 	EXP 	window1: blendMode = 'avg'
41.5268 	EXP 	window1: blendMode = 'avg'
41.5453 	EXP 	window1: blendMode = 'avg'
41.5463 	EXP 	window1: blendMode = 'avg'
41.5470 	EXP 	window1: blendMode = 'avg'
41.5652 	EXP 	window1: blendMode = 'avg'
41.5662 	EXP 	window1: blendMode = 'avg'
41.5670 	EXP 	window1: blendMode = 'avg'
41.5852 	EXP 	window1: blendMode = 'avg'
41.5859 	EXP 	window1: blendMode = 'avg'
41.5865 	EXP 	window1: blendMode = 'avg'
41.6070 	EXP 	window1: blendMode = 'avg'
41.6078 	EXP 	window1: blendMode = 'avg'
41.6085 	EXP 	window1: blendMode = 'avg'
41.6255 	EXP 	window1: blendMode = 'avg'
41.6262 	EXP 	window1: blendMode = 'avg'
41.6270 	EXP 	window1: blendMode = 'avg'
41.6452 	EXP 	window1: blendMode = 'avg'
41.6460 	EXP 	window1: blendMode = 'avg'
41.6467 	EXP 	window1: blendMode = 'avg'
41.6657 	EXP 	window1: blendMode = 'avg'
41.6664 	EXP 	window1: blendMode = 'avg'
41.6672 	EXP 	window1: blendMode = 'avg'
41.6856 	EXP 	window1: blendMode = 'avg'
41.6863 	EXP 	window1: blendMode = 'avg'
41.6869 	EXP 	window1: blendMode = 'avg'
41.7052 	EXP 	window1: blendMode = 'avg'
41.7061 	EXP 	window1: blendMode = 'avg'
41.7069 	EXP 	window1: blendMode = 'avg'
41.7269 	EXP 	window1: blendMode = 'avg'
41.7277 	EXP 	window1: blendMode = 'avg'
41.7284 	EXP 	window1: blendMode = 'avg'
41.7482 	EXP 	window1: blendMode = 'avg'
41.7493 	EXP 	window1: blendMode = 'avg'
41.7501 	EXP 	window1: blendMode = 'avg'
41.7649 	EXP 	window1: blendMode = 'avg'
41.7657 	EXP 	window1: blendMode = 'avg'
41.7665 	EXP 	window1: blendMode = 'avg'
41.7862 	EXP 	window1: blendMode = 'avg'
41.7870 	EXP 	window1: blendMode = 'avg'
41.7877 	EXP 	window1: blendMode = 'avg'
41.8059 	EXP 	window1: blendMode = 'avg'
41.8069 	EXP 	window1: blendMode = 'avg'
41.8078 	EXP 	window1: blendMode = 'avg'
41.8273 	EXP 	window1: blendMode = 'avg'
41.8280 	EXP 	window1: blendMode = 'avg'
41.8288 	EXP 	window1: blendMode = 'avg'
41.8450 	EXP 	window1: blendMode = 'avg'
41.8458 	EXP 	window1: blendMode = 'avg'
41.8466 	EXP 	window1: blendMode = 'avg'
41.8652 	EXP 	window1: blendMode = 'avg'
41.8660 	EXP 	window1: blendMode = 'avg'
41.8666 	EXP 	window1: blendMode = 'avg'
41.8856 	EXP 	window1: blendMode = 'avg'
41.8865 	EXP 	window1: blendMode = 'avg'
41.8873 	EXP 	window1: blendMode = 'avg'
41.9051 	EXP 	window1: blendMode = 'avg'
41.9059 	EXP 	window1: blendMode = 'avg'
41.9065 	EXP 	window1: blendMode = 'avg'
41.9254 	EXP 	window1: blendMode = 'avg'
41.9261 	EXP 	window1: blendMode = 'avg'
41.9268 	EXP 	window1: blendMode = 'avg'
41.9461 	EXP 	window1: blendMode = 'avg'
41.9469 	EXP 	window1: blendMode = 'avg'
41.9475 	EXP 	window1: blendMode = 'avg'
41.9650 	EXP 	window1: blendMode = 'avg'
41.9659 	EXP 	window1: blendMode = 'avg'
41.9669 	EXP 	window1: blendMode = 'avg'
41.9849 	EXP 	window1: blendMode = 'avg'
41.9856 	EXP 	window1: blendMode = 'avg'
41.9864 	EXP 	window1: blendMode = 'avg'
42.0060 	EXP 	window1: blendMode = 'avg'
42.0067 	EXP 	window1: blendMode = 'avg'
42.0074 	EXP 	window1: blendMode = 'avg'
42.0258 	EXP 	window1: blendMode = 'avg'
42.0267 	EXP 	window1: blendMode = 'avg'
42.0274 	EXP 	window1: blendMode = 'avg'
42.0450 	EXP 	window1: blendMode = 'avg'
42.0458 	EXP 	window1: blendMode = 'avg'
42.0465 	EXP 	window1: blendMode = 'avg'
42.0658 	EXP 	window1: blendMode = 'avg'
42.0667 	EXP 	window1: blendMode = 'avg'
42.0675 	EXP 	window1: blendMode = 'avg'
42.0855 	EXP 	window1: blendMode = 'avg'
42.0862 	EXP 	window1: blendMode = 'avg'
42.0869 	EXP 	window1: blendMode = 'avg'
42.1053 	EXP 	window1: blendMode = 'avg'
42.1060 	EXP 	window1: blendMode = 'avg'
42.1067 	EXP 	window1: blendMode = 'avg'
42.1259 	EXP 	window1: blendMode = 'avg'
42.1267 	EXP 	window1: blendMode = 'avg'
42.1274 	EXP 	window1: blendMode = 'avg'
42.1450 	EXP 	window1: blendMode = 'avg'
42.1457 	EXP 	window1: blendMode = 'avg'
42.1464 	EXP 	window1: blendMode = 'avg'
42.1663 	EXP 	window1: blendMode = 'avg'
42.1675 	EXP 	window1: blendMode = 'avg'
42.1686 	EXP 	window1: blendMode = 'avg'
42.1853 	EXP 	window1: blendMode = 'avg'
42.1860 	EXP 	window1: blendMode = 'avg'
42.1867 	EXP 	window1: blendMode = 'avg'
42.2054 	EXP 	window1: blendMode = 'avg'
42.2062 	EXP 	window1: blendMode = 'avg'
42.2069 	EXP 	window1: blendMode = 'avg'
42.2250 	EXP 	window1: blendMode = 'avg'
42.2257 	EXP 	window1: blendMode = 'avg'
42.2264 	EXP 	window1: blendMode = 'avg'
42.2450 	EXP 	window1: blendMode = 'avg'
42.2458 	EXP 	window1: blendMode = 'avg'
42.2469 	EXP 	window1: blendMode = 'avg'
42.2649 	EXP 	window1: blendMode = 'avg'
42.2659 	EXP 	window1: blendMode = 'avg'
42.2666 	EXP 	window1: blendMode = 'avg'
42.2855 	EXP 	window1: blendMode = 'avg'
42.2862 	EXP 	window1: blendMode = 'avg'
42.2869 	EXP 	window1: blendMode = 'avg'
42.3057 	EXP 	window1: blendMode = 'avg'
42.3067 	EXP 	window1: blendMode = 'avg'
42.3074 	EXP 	window1: blendMode = 'avg'
42.3254 	EXP 	window1: blendMode = 'avg'
42.3262 	EXP 	window1: blendMode = 'avg'
42.3268 	EXP 	window1: blendMode = 'avg'
42.3454 	EXP 	window1: blendMode = 'avg'
42.3461 	EXP 	window1: blendMode = 'avg'
42.3468 	EXP 	window1: blendMode = 'avg'
42.3656 	EXP 	window1: blendMode = 'avg'
42.3668 	EXP 	window1: blendMode = 'avg'
42.3680 	EXP 	window1: blendMode = 'avg'
42.3852 	EXP 	window1: blendMode = 'avg'
42.3859 	EXP 	window1: blendMode = 'avg'
42.3865 	EXP 	window1: blendMode = 'avg'
42.4053 	EXP 	window1: blendMode = 'avg'
42.4061 	EXP 	window1: blendMode = 'avg'
42.4068 	EXP 	window1: blendMode = 'avg'
42.4249 	EXP 	window1: blendMode = 'avg'
42.4256 	EXP 	window1: blendMode = 'avg'
42.4263 	EXP 	window1: blendMode = 'avg'
42.4452 	EXP 	window1: blendMode = 'avg'
42.4459 	EXP 	window1: blendMode = 'avg'
42.4466 	EXP 	window1: blendMode = 'avg'
42.4654 	EXP 	window1: blendMode = 'avg'
42.4664 	EXP 	window1: blendMode = 'avg'
42.4673 	EXP 	window1: blendMode = 'avg'
42.4848 	EXP 	window1: blendMode = 'avg'
42.4855 	EXP 	window1: blendMode = 'avg'
42.4862 	EXP 	window1: blendMode = 'avg'
42.5053 	EXP 	window1: blendMode = 'avg'
42.5060 	EXP 	window1: blendMode = 'avg'
42.5067 	EXP 	window1: blendMode = 'avg'
42.5268 	EXP 	window1: blendMode = 'avg'
42.5277 	EXP 	window1: blendMode = 'avg'
42.5284 	EXP 	window1: blendMode = 'avg'
42.5455 	EXP 	window1: blendMode = 'avg'
42.5463 	EXP 	window1: blendMode = 'avg'
42.5470 	EXP 	window1: blendMode = 'avg'
42.5662 	EXP 	window1: blendMode = 'avg'
42.5673 	EXP 	window1: blendMode = 'avg'
42.5683 	EXP 	window1: blendMode = 'avg'
42.5858 	EXP 	window1: blendMode = 'avg'
42.5866 	EXP 	window1: blendMode = 'avg'
42.5874 	EXP 	window1: blendMode = 'avg'
42.6066 	EXP 	window1: blendMode = 'avg'
42.6073 	EXP 	window1: blendMode = 'avg'
42.6080 	EXP 	window1: blendMode = 'avg'
42.6255 	EXP 	window1: blendMode = 'avg'
42.6261 	EXP 	window1: blendMode = 'avg'
42.6267 	EXP 	window1: blendMode = 'avg'
42.6431 	EXP 	window1: blendMode = 'avg'
42.6436 	EXP 	window1: blendMode = 'avg'
42.6440 	EXP 	window1: blendMode = 'avg'
42.6631 	EXP 	window1: blendMode = 'avg'
42.6636 	EXP 	window1: blendMode = 'avg'
42.6640 	EXP 	window1: blendMode = 'avg'
42.6855 	EXP 	window1: blendMode = 'avg'
42.6862 	EXP 	window1: blendMode = 'avg'
42.6869 	EXP 	window1: blendMode = 'avg'
42.7055 	EXP 	window1: blendMode = 'avg'
42.7062 	EXP 	window1: blendMode = 'avg'
42.7070 	EXP 	window1: blendMode = 'avg'
42.7249 	EXP 	window1: blendMode = 'avg'
42.7256 	EXP 	window1: blendMode = 'avg'
42.7263 	EXP 	window1: blendMode = 'avg'
42.7457 	EXP 	window1: blendMode = 'avg'
42.7464 	EXP 	window1: blendMode = 'avg'
42.7471 	EXP 	window1: blendMode = 'avg'
42.7657 	EXP 	window1: blendMode = 'avg'
42.7670 	EXP 	window1: blendMode = 'avg'
42.7680 	EXP 	window1: blendMode = 'avg'
42.7865 	EXP 	window1: blendMode = 'avg'
42.7876 	EXP 	window1: blendMode = 'avg'
42.7888 	EXP 	window1: blendMode = 'avg'
42.8064 	EXP 	window1: blendMode = 'avg'
42.8072 	EXP 	window1: blendMode = 'avg'
42.8079 	EXP 	window1: blendMode = 'avg'
42.8255 	EXP 	window1: blendMode = 'avg'
42.8262 	EXP 	window1: blendMode = 'avg'
42.8270 	EXP 	window1: blendMode = 'avg'
42.8460 	EXP 	window1: blendMode = 'avg'
42.8467 	EXP 	window1: blendMode = 'avg'
42.8474 	EXP 	window1: blendMode = 'avg'
42.8677 	EXP 	window1: blendMode = 'avg'
42.8687 	EXP 	window1: blendMode = 'avg'
42.8696 	EXP 	window1: blendMode = 'avg'
42.8862 	EXP 	window1: blendMode = 'avg'
42.8870 	EXP 	window1: blendMode = 'avg'
42.8877 	EXP 	window1: blendMode = 'avg'
42.9051 	EXP 	window1: blendMode = 'avg'
42.9059 	EXP 	window1: blendMode = 'avg'
42.9065 	EXP 	window1: blendMode = 'avg'
42.9250 	EXP 	window1: blendMode = 'avg'
42.9257 	EXP 	window1: blendMode = 'avg'
42.9264 	EXP 	window1: blendMode = 'avg'
42.9450 	EXP 	window1: blendMode = 'avg'
42.9457 	EXP 	window1: blendMode = 'avg'
42.9464 	EXP 	window1: blendMode = 'avg'
42.9646 	EXP 	window1: blendMode = 'avg'
42.9654 	EXP 	window1: blendMode = 'avg'
42.9662 	EXP 	window1: blendMode = 'avg'
42.9849 	EXP 	window1: blendMode = 'avg'
42.9856 	EXP 	window1: blendMode = 'avg'
42.9862 	EXP 	window1: blendMode = 'avg'
43.0058 	EXP 	window1: blendMode = 'avg'
43.0066 	EXP 	window1: blendMode = 'avg'
43.0073 	EXP 	window1: blendMode = 'avg'
43.0252 	EXP 	window1: blendMode = 'avg'
43.0263 	EXP 	window1: blendMode = 'avg'
43.0274 	EXP 	window1: blendMode = 'avg'
43.0448 	EXP 	window1: blendMode = 'avg'
43.0455 	EXP 	window1: blendMode = 'avg'
43.0462 	EXP 	window1: blendMode = 'avg'
43.0651 	EXP 	window1: blendMode = 'avg'
43.0660 	EXP 	window1: blendMode = 'avg'
43.0668 	EXP 	window1: blendMode = 'avg'
43.0851 	EXP 	window1: blendMode = 'avg'
43.0859 	EXP 	window1: blendMode = 'avg'
43.0866 	EXP 	window1: blendMode = 'avg'
43.1057 	EXP 	window1: blendMode = 'avg'
43.1068 	EXP 	window1: blendMode = 'avg'
43.1074 	EXP 	window1: blendMode = 'avg'
43.1253 	EXP 	window1: blendMode = 'avg'
43.1261 	EXP 	window1: blendMode = 'avg'
43.1267 	EXP 	window1: blendMode = 'avg'
43.1450 	EXP 	window1: blendMode = 'avg'
43.1457 	EXP 	window1: blendMode = 'avg'
43.1464 	EXP 	window1: blendMode = 'avg'
43.1649 	EXP 	window1: blendMode = 'avg'
43.1659 	EXP 	window1: blendMode = 'avg'
43.1667 	EXP 	window1: blendMode = 'avg'
43.1852 	EXP 	window1: blendMode = 'avg'
43.1859 	EXP 	window1: blendMode = 'avg'
43.1866 	EXP 	window1: blendMode = 'avg'
43.2059 	EXP 	window1: blendMode = 'avg'
43.2070 	EXP 	window1: blendMode = 'avg'
43.2078 	EXP 	window1: blendMode = 'avg'
43.2249 	EXP 	window1: blendMode = 'avg'
43.2257 	EXP 	window1: blendMode = 'avg'
43.2274 	EXP 	window1: blendMode = 'avg'
43.2443 	EXP 	Orientation_Cue: autoDraw = False
43.2443 	EXP 	Ready_Cue: autoDraw = True
43.2456 	EXP 	window1: blendMode = 'avg'
43.2464 	EXP 	window1: blendMode = 'avg'
43.2471 	EXP 	window1: blendMode = 'avg'
43.2646 	EXP 	window1: blendMode = 'avg'
43.2656 	EXP 	window1: blendMode = 'avg'
43.2665 	EXP 	window1: blendMode = 'avg'
43.2853 	EXP 	window1: blendMode = 'avg'
43.2860 	EXP 	window1: blendMode = 'avg'
43.2867 	EXP 	window1: blendMode = 'avg'
43.3051 	EXP 	window1: blendMode = 'avg'
43.3060 	EXP 	window1: blendMode = 'avg'
43.3068 	EXP 	window1: blendMode = 'avg'
43.3248 	EXP 	window1: blendMode = 'avg'
43.3255 	EXP 	window1: blendMode = 'avg'
43.3262 	EXP 	window1: blendMode = 'avg'
43.3447 	EXP 	window1: blendMode = 'avg'
43.3455 	EXP 	window1: blendMode = 'avg'
43.3463 	EXP 	window1: blendMode = 'avg'
43.3648 	EXP 	window1: blendMode = 'avg'
43.3656 	EXP 	window1: blendMode = 'avg'
43.3667 	EXP 	window1: blendMode = 'avg'
43.3847 	EXP 	window1: blendMode = 'avg'
43.3854 	EXP 	window1: blendMode = 'avg'
43.3861 	EXP 	window1: blendMode = 'avg'
43.4052 	EXP 	window1: blendMode = 'avg'
43.4059 	EXP 	window1: blendMode = 'avg'
43.4066 	EXP 	window1: blendMode = 'avg'
43.4283 	EXP 	window1: blendMode = 'avg'
43.4295 	EXP 	window1: blendMode = 'avg'
43.4307 	EXP 	window1: blendMode = 'avg'
43.4471 	EXP 	window1: blendMode = 'avg'
43.4483 	EXP 	window1: blendMode = 'avg'
43.4494 	EXP 	window1: blendMode = 'avg'
43.4874 	EXP 	window1: blendMode = 'avg'
43.4882 	EXP 	window1: blendMode = 'avg'
43.4904 	EXP 	window1: blendMode = 'avg'
43.5006 	EXP 	window1: blendMode = 'avg'
43.5011 	EXP 	window1: blendMode = 'avg'
43.5015 	EXP 	window1: blendMode = 'avg'
43.5232 	EXP 	window1: blendMode = 'avg'
43.5237 	EXP 	window1: blendMode = 'avg'
43.5241 	EXP 	window1: blendMode = 'avg'
43.5430 	EXP 	window1: blendMode = 'avg'
43.5434 	EXP 	window1: blendMode = 'avg'
43.5438 	EXP 	window1: blendMode = 'avg'
43.5629 	EXP 	window1: blendMode = 'avg'
43.5634 	EXP 	window1: blendMode = 'avg'
43.5638 	EXP 	window1: blendMode = 'avg'
43.5849 	EXP 	window1: blendMode = 'avg'
43.5858 	EXP 	window1: blendMode = 'avg'
43.5864 	EXP 	window1: blendMode = 'avg'
43.6047 	EXP 	window1: blendMode = 'avg'
43.6055 	EXP 	window1: blendMode = 'avg'
43.6062 	EXP 	window1: blendMode = 'avg'
43.6254 	EXP 	window1: blendMode = 'avg'
43.6261 	EXP 	window1: blendMode = 'avg'
43.6268 	EXP 	window1: blendMode = 'avg'
43.6454 	EXP 	window1: blendMode = 'avg'
43.6466 	EXP 	window1: blendMode = 'avg'
43.6472 	EXP 	window1: blendMode = 'avg'
43.6669 	EXP 	window1: blendMode = 'avg'
43.6680 	EXP 	window1: blendMode = 'avg'
43.6689 	EXP 	window1: blendMode = 'avg'
43.6865 	EXP 	window1: blendMode = 'avg'
43.6875 	EXP 	window1: blendMode = 'avg'
43.6883 	EXP 	window1: blendMode = 'avg'
43.7058 	EXP 	window1: blendMode = 'avg'
43.7065 	EXP 	window1: blendMode = 'avg'
43.7072 	EXP 	window1: blendMode = 'avg'
43.7270 	EXP 	window1: blendMode = 'avg'
43.7278 	EXP 	window1: blendMode = 'avg'
43.7503 	EXP 	Ready_Cue: autoDraw = False
43.7503 	EXP 	Zoid_Left: autoDraw = True
43.7503 	EXP 	Zoid_Right: autoDraw = True
43.7539 	EXP 	window1: blendMode = 'avg'
43.7561 	EXP 	window1: blendMode = 'avg'
43.7845 	EXP 	window1: blendMode = 'avg'
43.7853 	EXP 	window1: blendMode = 'avg'
43.8055 	EXP 	window1: blendMode = 'avg'
43.8067 	EXP 	window1: blendMode = 'avg'
43.8255 	EXP 	window1: blendMode = 'avg'
43.8262 	EXP 	window1: blendMode = 'avg'
43.8457 	EXP 	window1: blendMode = 'avg'
43.8465 	EXP 	window1: blendMode = 'avg'
43.8647 	EXP 	window1: blendMode = 'avg'
43.8659 	EXP 	window1: blendMode = 'avg'
43.8851 	EXP 	window1: blendMode = 'avg'
43.8859 	EXP 	window1: blendMode = 'avg'
43.9058 	EXP 	window1: blendMode = 'avg'
43.9065 	EXP 	window1: blendMode = 'avg'
43.9263 	EXP 	window1: blendMode = 'avg'
43.9271 	EXP 	window1: blendMode = 'avg'
43.9447 	EXP 	window1: blendMode = 'avg'
43.9455 	EXP 	window1: blendMode = 'avg'
43.9648 	EXP 	window1: blendMode = 'avg'
43.9658 	EXP 	window1: blendMode = 'avg'
43.9848 	EXP 	window1: blendMode = 'avg'
43.9855 	EXP 	window1: blendMode = 'avg'
44.0051 	EXP 	window1: blendMode = 'avg'
44.0059 	EXP 	window1: blendMode = 'avg'
44.0252 	EXP 	window1: blendMode = 'avg'
44.0260 	EXP 	window1: blendMode = 'avg'
44.0463 	EXP 	window1: blendMode = 'avg'
44.0470 	EXP 	window1: blendMode = 'avg'
44.0653 	EXP 	window1: blendMode = 'avg'
44.0661 	EXP 	window1: blendMode = 'avg'
44.0860 	EXP 	window1: blendMode = 'avg'
44.0868 	EXP 	window1: blendMode = 'avg'
44.1050 	EXP 	window1: blendMode = 'avg'
44.1058 	EXP 	window1: blendMode = 'avg'
44.1252 	EXP 	window1: blendMode = 'avg'
44.1259 	EXP 	window1: blendMode = 'avg'
44.1452 	EXP 	window1: blendMode = 'avg'
44.1459 	EXP 	window1: blendMode = 'avg'
44.1645 	EXP 	window1: blendMode = 'avg'
44.1653 	EXP 	window1: blendMode = 'avg'
44.1850 	EXP 	window1: blendMode = 'avg'
44.1857 	EXP 	window1: blendMode = 'avg'
44.2053 	EXP 	window1: blendMode = 'avg'
44.2060 	EXP 	window1: blendMode = 'avg'
44.2274 	EXP 	window1: blendMode = 'avg'
44.2287 	EXP 	window1: blendMode = 'avg'
44.2517 	EXP 	window1: blendMode = 'avg'
44.2528 	EXP 	window1: blendMode = 'avg'
44.2707 	EXP 	window1: blendMode = 'avg'
44.2719 	EXP 	window1: blendMode = 'avg'
44.2873 	EXP 	window1: blendMode = 'avg'
44.2885 	EXP 	window1: blendMode = 'avg'
44.3038 	EXP 	window1: blendMode = 'avg'
44.3041 	EXP 	window1: blendMode = 'avg'
44.3230 	EXP 	window1: blendMode = 'avg'
44.3234 	EXP 	window1: blendMode = 'avg'
44.3425 	EXP 	window1: blendMode = 'avg'
44.3429 	EXP 	window1: blendMode = 'avg'
44.3639 	EXP 	window1: blendMode = 'avg'
44.3646 	EXP 	window1: blendMode = 'avg'
44.3848 	EXP 	window1: blendMode = 'avg'
44.3855 	EXP 	window1: blendMode = 'avg'
44.4046 	EXP 	window1: blendMode = 'avg'
44.4054 	EXP 	window1: blendMode = 'avg'
44.4248 	EXP 	window1: blendMode = 'avg'
44.4255 	EXP 	window1: blendMode = 'avg'
44.4461 	EXP 	window1: blendMode = 'avg'
44.4468 	EXP 	window1: blendMode = 'avg'
44.4645 	EXP 	window1: blendMode = 'avg'
44.4652 	EXP 	window1: blendMode = 'avg'
44.4854 	EXP 	window1: blendMode = 'avg'
44.4863 	EXP 	window1: blendMode = 'avg'
44.5046 	EXP 	window1: blendMode = 'avg'
44.5054 	EXP 	window1: blendMode = 'avg'
44.5247 	EXP 	window1: blendMode = 'avg'
44.5254 	EXP 	window1: blendMode = 'avg'
44.5450 	EXP 	window1: blendMode = 'avg'
44.5457 	EXP 	window1: blendMode = 'avg'
44.5646 	EXP 	window1: blendMode = 'avg'
44.5653 	EXP 	window1: blendMode = 'avg'
44.5853 	EXP 	window1: blendMode = 'avg'
44.5860 	EXP 	window1: blendMode = 'avg'
44.6050 	EXP 	window1: blendMode = 'avg'
44.6060 	EXP 	window1: blendMode = 'avg'
44.6250 	EXP 	window1: blendMode = 'avg'
44.6257 	EXP 	window1: blendMode = 'avg'
44.6446 	EXP 	window1: blendMode = 'avg'
44.6454 	EXP 	window1: blendMode = 'avg'
44.6649 	EXP 	window1: blendMode = 'avg'
44.6659 	EXP 	window1: blendMode = 'avg'
44.6851 	EXP 	window1: blendMode = 'avg'
44.6859 	EXP 	window1: blendMode = 'avg'
44.7046 	EXP 	window1: blendMode = 'avg'
44.7054 	EXP 	window1: blendMode = 'avg'
44.7245 	EXP 	window1: blendMode = 'avg'
44.7253 	EXP 	window1: blendMode = 'avg'
44.7451 	EXP 	window1: blendMode = 'avg'
44.7458 	EXP 	window1: blendMode = 'avg'
44.7649 	EXP 	window1: blendMode = 'avg'
44.7656 	EXP 	window1: blendMode = 'avg'
44.7855 	EXP 	window1: blendMode = 'avg'
44.7863 	EXP 	window1: blendMode = 'avg'
44.8065 	EXP 	window1: blendMode = 'avg'
44.8074 	EXP 	window1: blendMode = 'avg'
44.8256 	EXP 	window1: blendMode = 'avg'
44.8265 	EXP 	window1: blendMode = 'avg'
44.8457 	EXP 	window1: blendMode = 'avg'
44.8464 	EXP 	window1: blendMode = 'avg'
44.8660 	EXP 	window1: blendMode = 'avg'
44.8672 	EXP 	window1: blendMode = 'avg'
44.8866 	EXP 	window1: blendMode = 'avg'
44.8876 	EXP 	window1: blendMode = 'avg'
44.9049 	EXP 	window1: blendMode = 'avg'
44.9053 	EXP 	window1: blendMode = 'avg'
44.9239 	EXP 	window1: blendMode = 'avg'
44.9244 	EXP 	window1: blendMode = 'avg'
44.9420 	EXP 	window1: blendMode = 'avg'
44.9423 	EXP 	window1: blendMode = 'avg'
44.9619 	EXP 	window1: blendMode = 'avg'
44.9622 	EXP 	window1: blendMode = 'avg'
44.9830 	EXP 	window1: blendMode = 'avg'
44.9839 	EXP 	window1: blendMode = 'avg'
45.0047 	EXP 	window1: blendMode = 'avg'
45.0055 	EXP 	window1: blendMode = 'avg'
45.0254 	EXP 	window1: blendMode = 'avg'
45.0263 	EXP 	window1: blendMode = 'avg'
45.0450 	EXP 	window1: blendMode = 'avg'
45.0457 	EXP 	window1: blendMode = 'avg'
45.0644 	EXP 	window1: blendMode = 'avg'
45.0652 	EXP 	window1: blendMode = 'avg'
45.0852 	EXP 	window1: blendMode = 'avg'
45.0859 	EXP 	window1: blendMode = 'avg'
45.1045 	EXP 	window1: blendMode = 'avg'
45.1054 	EXP 	window1: blendMode = 'avg'
45.1251 	EXP 	window1: blendMode = 'avg'
45.1258 	EXP 	window1: blendMode = 'avg'
45.1444 	EXP 	window1: blendMode = 'avg'
45.1451 	EXP 	window1: blendMode = 'avg'
45.1645 	EXP 	window1: blendMode = 'avg'
45.1652 	EXP 	window1: blendMode = 'avg'
45.1855 	EXP 	window1: blendMode = 'avg'
45.1864 	EXP 	window1: blendMode = 'avg'
45.2047 	EXP 	window1: blendMode = 'avg'
45.2054 	EXP 	window1: blendMode = 'avg'
45.2249 	EXP 	window1: blendMode = 'avg'
45.2257 	EXP 	window1: blendMode = 'avg'
45.2446 	EXP 	window1: blendMode = 'avg'
45.2453 	EXP 	window1: blendMode = 'avg'
45.2642 	EXP 	window1: blendMode = 'avg'
45.2649 	EXP 	window1: blendMode = 'avg'
45.2844 	EXP 	window1: blendMode = 'avg'
45.2851 	EXP 	window1: blendMode = 'avg'
45.3045 	EXP 	window1: blendMode = 'avg'
45.3052 	EXP 	window1: blendMode = 'avg'
45.3248 	EXP 	window1: blendMode = 'avg'
45.3255 	EXP 	window1: blendMode = 'avg'
45.3447 	EXP 	window1: blendMode = 'avg'
45.3455 	EXP 	window1: blendMode = 'avg'
45.3646 	EXP 	window1: blendMode = 'avg'
45.3653 	EXP 	window1: blendMode = 'avg'
45.3846 	EXP 	window1: blendMode = 'avg'
45.3854 	EXP 	window1: blendMode = 'avg'
45.4048 	EXP 	window1: blendMode = 'avg'
45.4055 	EXP 	window1: blendMode = 'avg'
45.4249 	EXP 	window1: blendMode = 'avg'
45.4256 	EXP 	window1: blendMode = 'avg'
45.4447 	EXP 	window1: blendMode = 'avg'
45.4455 	EXP 	window1: blendMode = 'avg'
45.4642 	EXP 	window1: blendMode = 'avg'
45.4650 	EXP 	window1: blendMode = 'avg'
45.4842 	EXP 	window1: blendMode = 'avg'
45.4849 	EXP 	window1: blendMode = 'avg'
45.5051 	EXP 	window1: blendMode = 'avg'
45.5060 	EXP 	window1: blendMode = 'avg'
45.5249 	EXP 	window1: blendMode = 'avg'
45.5256 	EXP 	window1: blendMode = 'avg'
45.5443 	EXP 	window1: blendMode = 'avg'
45.5451 	EXP 	window1: blendMode = 'avg'
45.5642 	EXP 	window1: blendMode = 'avg'
45.5650 	EXP 	window1: blendMode = 'avg'
45.5847 	EXP 	window1: blendMode = 'avg'
45.5855 	EXP 	window1: blendMode = 'avg'
45.6051 	EXP 	window1: blendMode = 'avg'
45.6059 	EXP 	window1: blendMode = 'avg'
45.6251 	EXP 	window1: blendMode = 'avg'
45.6259 	EXP 	window1: blendMode = 'avg'
45.6442 	EXP 	window1: blendMode = 'avg'
45.6449 	EXP 	window1: blendMode = 'avg'
45.6644 	EXP 	window1: blendMode = 'avg'
45.6653 	EXP 	window1: blendMode = 'avg'
45.6849 	EXP 	window1: blendMode = 'avg'
45.6857 	EXP 	window1: blendMode = 'avg'
45.7043 	EXP 	window1: blendMode = 'avg'
45.7051 	EXP 	window1: blendMode = 'avg'
45.7247 	EXP 	window1: blendMode = 'avg'
45.7254 	EXP 	window1: blendMode = 'avg'
45.7445 	EXP 	window1: blendMode = 'avg'
45.7452 	EXP 	window1: blendMode = 'avg'
45.7642 	EXP 	window1: blendMode = 'avg'
45.7649 	EXP 	window1: blendMode = 'avg'
45.7844 	EXP 	window1: blendMode = 'avg'
45.7853 	EXP 	window1: blendMode = 'avg'
45.8049 	EXP 	window1: blendMode = 'avg'
45.8057 	EXP 	window1: blendMode = 'avg'
45.8247 	EXP 	window1: blendMode = 'avg'
45.8255 	EXP 	window1: blendMode = 'avg'
45.8440 	EXP 	window1: blendMode = 'avg'
45.8448 	EXP 	window1: blendMode = 'avg'
45.8645 	EXP 	window1: blendMode = 'avg'
45.8653 	EXP 	window1: blendMode = 'avg'
45.8851 	EXP 	window1: blendMode = 'avg'
45.8862 	EXP 	window1: blendMode = 'avg'
45.9045 	EXP 	window1: blendMode = 'avg'
45.9053 	EXP 	window1: blendMode = 'avg'
45.9268 	EXP 	window1: blendMode = 'avg'
45.9280 	EXP 	window1: blendMode = 'avg'
45.9456 	EXP 	window1: blendMode = 'avg'
45.9463 	EXP 	window1: blendMode = 'avg'
45.9671 	EXP 	window1: blendMode = 'avg'
45.9682 	EXP 	window1: blendMode = 'avg'
45.9858 	EXP 	window1: blendMode = 'avg'
45.9866 	EXP 	window1: blendMode = 'avg'
46.0041 	EXP 	window1: blendMode = 'avg'
46.0047 	EXP 	window1: blendMode = 'avg'
46.0248 	EXP 	window1: blendMode = 'avg'
46.0256 	EXP 	window1: blendMode = 'avg'
46.0427 	EXP 	window1: blendMode = 'avg'
46.0430 	EXP 	window1: blendMode = 'avg'
46.0612 	EXP 	window1: blendMode = 'avg'
46.0615 	EXP 	window1: blendMode = 'avg'
46.0814 	EXP 	window1: blendMode = 'avg'
46.0817 	EXP 	window1: blendMode = 'avg'
46.1045 	EXP 	window1: blendMode = 'avg'
46.1051 	EXP 	window1: blendMode = 'avg'
46.1243 	EXP 	window1: blendMode = 'avg'
46.1249 	EXP 	window1: blendMode = 'avg'
46.1436 	EXP 	window1: blendMode = 'avg'
46.1443 	EXP 	window1: blendMode = 'avg'
46.1638 	EXP 	window1: blendMode = 'avg'
46.1645 	EXP 	window1: blendMode = 'avg'
46.1842 	EXP 	window1: blendMode = 'avg'
46.1849 	EXP 	window1: blendMode = 'avg'
46.2036 	EXP 	window1: blendMode = 'avg'
46.2042 	EXP 	window1: blendMode = 'avg'
46.2240 	EXP 	window1: blendMode = 'avg'
46.2247 	EXP 	window1: blendMode = 'avg'
46.2444 	EXP 	window1: blendMode = 'avg'
46.2451 	EXP 	window1: blendMode = 'avg'
46.2640 	EXP 	window1: blendMode = 'avg'
46.2647 	EXP 	window1: blendMode = 'avg'
46.2843 	EXP 	window1: blendMode = 'avg'
46.2851 	EXP 	window1: blendMode = 'avg'
46.3051 	EXP 	window1: blendMode = 'avg'
46.3059 	EXP 	window1: blendMode = 'avg'
46.3247 	EXP 	window1: blendMode = 'avg'
46.3254 	EXP 	window1: blendMode = 'avg'
46.3460 	EXP 	window1: blendMode = 'avg'
46.3467 	EXP 	window1: blendMode = 'avg'
46.3640 	EXP 	window1: blendMode = 'avg'
46.3648 	EXP 	window1: blendMode = 'avg'
46.3845 	EXP 	window1: blendMode = 'avg'
46.3852 	EXP 	window1: blendMode = 'avg'
46.4045 	EXP 	window1: blendMode = 'avg'
46.4052 	EXP 	window1: blendMode = 'avg'
46.4247 	EXP 	window1: blendMode = 'avg'
46.4254 	EXP 	window1: blendMode = 'avg'
46.4446 	EXP 	window1: blendMode = 'avg'
46.4454 	EXP 	window1: blendMode = 'avg'
46.4644 	EXP 	window1: blendMode = 'avg'
46.4651 	EXP 	window1: blendMode = 'avg'
46.4840 	EXP 	window1: blendMode = 'avg'
46.4847 	EXP 	window1: blendMode = 'avg'
46.5041 	EXP 	window1: blendMode = 'avg'
46.5051 	EXP 	window1: blendMode = 'avg'
46.5244 	EXP 	window1: blendMode = 'avg'
46.5252 	EXP 	window1: blendMode = 'avg'
46.5448 	DATA 	Keypress: m
46.5758 	EXP 	New trial (rep=1, index=0): None
46.5802 	EXP 	window1: blendMode = 'avg'
46.5810 	EXP 	window1: blendMode = 'avg'
46.5817 	EXP 	window1: blendMode = 'avg'
46.5911 	EXP 	Orientation_Cue: autoDraw = False
46.5911 	EXP 	Ready_Cue: autoDraw = False
46.5911 	EXP 	Zoid_Left: autoDraw = False
46.5911 	EXP 	Zoid_Right: autoDraw = False
46.5911 	EXP 	Zoid_Left: vertices = ((0.5, 0), (1.5, 0), (1.5, 1), (-1.5, 1), (-1.5, 0), (-0.5, 0), (-0.5, -1), (0.5, -1))
46.5911 	EXP 	Zoid_Left: ori = 270
46.5911 	EXP 	Zoid_Right: vertices = ((0.5, 0), (1.5, 0), (1.5, 1), (-1.5, 1), (-1.5, 0), (-0.5, 0), (-0.5, -1), (0.5, -1))
46.5911 	EXP 	Zoid_Right: ori = 90
46.5911 	EXP 	Orientation_Cue: autoDraw = True
46.5925 	EXP 	window1: blendMode = 'avg'
46.5932 	EXP 	window1: blendMode = 'avg'
46.5939 	EXP 	window1: blendMode = 'avg'
46.6053 	EXP 	window1: blendMode = 'avg'
46.6062 	EXP 	window1: blendMode = 'avg'
46.6070 	EXP 	window1: blendMode = 'avg'
46.6249 	EXP 	window1: blendMode = 'avg'
46.6256 	EXP 	window1: blendMode = 'avg'
46.6264 	EXP 	window1: blendMode = 'avg'
46.6439 	EXP 	window1: blendMode = 'avg'
46.6447 	EXP 	window1: blendMode = 'avg'
46.6453 	EXP 	window1: blendMode = 'avg'
46.6639 	EXP 	window1: blendMode = 'avg'
46.6646 	EXP 	window1: blendMode = 'avg'
46.6654 	EXP 	window1: blendMode = 'avg'
46.6842 	EXP 	window1: blendMode = 'avg'
46.6849 	EXP 	window1: blendMode = 'avg'
46.6856 	EXP 	window1: blendMode = 'avg'
46.7043 	EXP 	window1: blendMode = 'avg'
46.7050 	EXP 	window1: blendMode = 'avg'
46.7057 	EXP 	window1: blendMode = 'avg'
46.7242 	EXP 	window1: blendMode = 'avg'
46.7250 	EXP 	window1: blendMode = 'avg'
46.7257 	EXP 	window1: blendMode = 'avg'
46.7442 	EXP 	window1: blendMode = 'avg'
46.7449 	EXP 	window1: blendMode = 'avg'
46.7456 	EXP 	window1: blendMode = 'avg'
46.7657 	EXP 	window1: blendMode = 'avg'
46.7666 	EXP 	window1: blendMode = 'avg'
46.7674 	EXP 	window1: blendMode = 'avg'
46.7838 	EXP 	window1: blendMode = 'avg'
46.7845 	EXP 	window1: blendMode = 'avg'
46.7851 	EXP 	window1: blendMode = 'avg'
46.8041 	EXP 	window1: blendMode = 'avg'
46.8049 	EXP 	window1: blendMode = 'avg'
46.8057 	EXP 	window1: blendMode = 'avg'
46.8243 	EXP 	window1: blendMode = 'avg'
46.8250 	EXP 	window1: blendMode = 'avg'
46.8257 	EXP 	window1: blendMode = 'avg'
46.8443 	EXP 	window1: blendMode = 'avg'
46.8451 	EXP 	window1: blendMode = 'avg'
46.8458 	EXP 	window1: blendMode = 'avg'
46.8642 	EXP 	window1: blendMode = 'avg'
46.8650 	EXP 	window1: blendMode = 'avg'
46.8659 	EXP 	window1: blendMode = 'avg'
46.8845 	EXP 	window1: blendMode = 'avg'
46.8857 	EXP 	window1: blendMode = 'avg'
46.8868 	EXP 	window1: blendMode = 'avg'
46.9043 	EXP 	window1: blendMode = 'avg'
46.9051 	EXP 	window1: blendMode = 'avg'
46.9058 	EXP 	window1: blendMode = 'avg'
46.9243 	EXP 	window1: blendMode = 'avg'
46.9253 	EXP 	window1: blendMode = 'avg'
46.9260 	EXP 	window1: blendMode = 'avg'
46.9464 	EXP 	window1: blendMode = 'avg'
46.9475 	EXP 	window1: blendMode = 'avg'
46.9491 	EXP 	window1: blendMode = 'avg'
46.9663 	EXP 	window1: blendMode = 'avg'
46.9675 	EXP 	window1: blendMode = 'avg'
46.9685 	EXP 	window1: blendMode = 'avg'
46.9864 	EXP 	window1: blendMode = 'avg'
46.9874 	EXP 	window1: blendMode = 'avg'
46.9884 	EXP 	window1: blendMode = 'avg'
47.0061 	EXP 	window1: blendMode = 'avg'
47.0073 	EXP 	window1: blendMode = 'avg'
47.0082 	EXP 	window1: blendMode = 'avg'
47.0266 	EXP 	window1: blendMode = 'avg'
47.0278 	EXP 	window1: blendMode = 'avg'
47.0289 	EXP 	window1: blendMode = 'avg'
47.0446 	EXP 	window1: blendMode = 'avg'
47.0453 	EXP 	window1: blendMode = 'avg'
47.0459 	EXP 	window1: blendMode = 'avg'
47.0627 	EXP 	window1: blendMode = 'avg'
47.0631 	EXP 	window1: blendMode = 'avg'
47.0638 	EXP 	window1: blendMode = 'avg'
47.0831 	EXP 	window1: blendMode = 'avg'
47.0837 	EXP 	window1: blendMode = 'avg'
47.0841 	EXP 	window1: blendMode = 'avg'
47.1017 	EXP 	window1: blendMode = 'avg'
47.1022 	EXP 	window1: blendMode = 'avg'
47.1025 	EXP 	window1: blendMode = 'avg'
47.1215 	EXP 	window1: blendMode = 'avg'
47.1218 	EXP 	window1: blendMode = 'avg'
47.1220 	EXP 	window1: blendMode = 'avg'
47.1416 	EXP 	window1: blendMode = 'avg'
47.1421 	EXP 	window1: blendMode = 'avg'
47.1425 	EXP 	window1: blendMode = 'avg'
47.1615 	EXP 	window1: blendMode = 'avg'
47.1618 	EXP 	window1: blendMode = 'avg'
47.1621 	EXP 	window1: blendMode = 'avg'
47.1825 	EXP 	window1: blendMode = 'avg'
47.1832 	EXP 	window1: blendMode = 'avg'
47.1838 	EXP 	window1: blendMode = 'avg'
47.2040 	EXP 	window1: blendMode = 'avg'
47.2047 	EXP 	window1: blendMode = 'avg'
47.2053 	EXP 	window1: blendMode = 'avg'
47.2233 	EXP 	window1: blendMode = 'avg'
47.2240 	EXP 	window1: blendMode = 'avg'
47.2246 	EXP 	window1: blendMode = 'avg'
47.2441 	EXP 	window1: blendMode = 'avg'
47.2448 	EXP 	window1: blendMode = 'avg'
47.2454 	EXP 	window1: blendMode = 'avg'
47.2636 	EXP 	window1: blendMode = 'avg'
47.2643 	EXP 	window1: blendMode = 'avg'
47.2648 	EXP 	window1: blendMode = 'avg'
47.2843 	EXP 	window1: blendMode = 'avg'
47.2849 	EXP 	window1: blendMode = 'avg'
47.2855 	EXP 	window1: blendMode = 'avg'
47.3037 	EXP 	window1: blendMode = 'avg'
47.3048 	EXP 	window1: blendMode = 'avg'
47.3058 	EXP 	window1: blendMode = 'avg'
47.3234 	EXP 	window1: blendMode = 'avg'
47.3241 	EXP 	window1: blendMode = 'avg'
47.3247 	EXP 	window1: blendMode = 'avg'
47.3435 	EXP 	window1: blendMode = 'avg'
47.3441 	EXP 	window1: blendMode = 'avg'
47.3447 	EXP 	window1: blendMode = 'avg'
47.3643 	EXP 	window1: blendMode = 'avg'
47.3650 	EXP 	window1: blendMode = 'avg'
47.3658 	EXP 	window1: blendMode = 'avg'
47.3864 	EXP 	window1: blendMode = 'avg'
47.3871 	EXP 	window1: blendMode = 'avg'
47.3877 	EXP 	window1: blendMode = 'avg'
47.4058 	EXP 	window1: blendMode = 'avg'
47.4068 	EXP 	window1: blendMode = 'avg'
47.4077 	EXP 	window1: blendMode = 'avg'
47.4240 	EXP 	window1: blendMode = 'avg'
47.4247 	EXP 	window1: blendMode = 'avg'
47.4253 	EXP 	window1: blendMode = 'avg'
47.4433 	EXP 	window1: blendMode = 'avg'
47.4441 	EXP 	window1: blendMode = 'avg'
47.4447 	EXP 	window1: blendMode = 'avg'
47.4632 	EXP 	window1: blendMode = 'avg'
47.4639 	EXP 	window1: blendMode = 'avg'
47.4645 	EXP 	window1: blendMode = 'avg'
47.4832 	EXP 	window1: blendMode = 'avg'
47.4840 	EXP 	window1: blendMode = 'avg'
47.4847 	EXP 	window1: blendMode = 'avg'
47.5034 	EXP 	window1: blendMode = 'avg'
47.5040 	EXP 	window1: blendMode = 'avg'
47.5046 	EXP 	window1: blendMode = 'avg'
47.5236 	EXP 	window1: blendMode = 'avg'
47.5243 	EXP 	window1: blendMode = 'avg'
47.5249 	EXP 	window1: blendMode = 'avg'
47.5433 	EXP 	window1: blendMode = 'avg'
47.5442 	EXP 	window1: blendMode = 'avg'
47.5448 	EXP 	window1: blendMode = 'avg'
47.5631 	EXP 	window1: blendMode = 'avg'
47.5637 	EXP 	window1: blendMode = 'avg'
47.5644 	EXP 	window1: blendMode = 'avg'
47.5833 	EXP 	window1: blendMode = 'avg'
47.5841 	EXP 	window1: blendMode = 'avg'
47.5851 	EXP 	window1: blendMode = 'avg'
47.6034 	EXP 	window1: blendMode = 'avg'
47.6041 	EXP 	window1: blendMode = 'avg'
47.6047 	EXP 	window1: blendMode = 'avg'
47.6235 	EXP 	window1: blendMode = 'avg'
47.6241 	EXP 	window1: blendMode = 'avg'
47.6247 	EXP 	window1: blendMode = 'avg'
47.6439 	EXP 	window1: blendMode = 'avg'
47.6446 	EXP 	window1: blendMode = 'avg'
47.6452 	EXP 	window1: blendMode = 'avg'
47.6632 	EXP 	window1: blendMode = 'avg'
47.6638 	EXP 	window1: blendMode = 'avg'
47.6644 	EXP 	window1: blendMode = 'avg'
47.6834 	EXP 	window1: blendMode = 'avg'
47.6841 	EXP 	window1: blendMode = 'avg'
47.6847 	EXP 	window1: blendMode = 'avg'
47.7033 	EXP 	window1: blendMode = 'avg'
47.7040 	EXP 	window1: blendMode = 'avg'
47.7047 	EXP 	window1: blendMode = 'avg'
47.7236 	EXP 	window1: blendMode = 'avg'
47.7242 	EXP 	window1: blendMode = 'avg'
47.7248 	EXP 	window1: blendMode = 'avg'
47.7435 	EXP 	window1: blendMode = 'avg'
47.7441 	EXP 	window1: blendMode = 'avg'
47.7447 	EXP 	window1: blendMode = 'avg'
47.7632 	EXP 	window1: blendMode = 'avg'
47.7639 	EXP 	window1: blendMode = 'avg'
47.7645 	EXP 	window1: blendMode = 'avg'
47.7833 	EXP 	window1: blendMode = 'avg'
47.7840 	EXP 	window1: blendMode = 'avg'
47.7846 	EXP 	window1: blendMode = 'avg'
47.8054 	EXP 	window1: blendMode = 'avg'
47.8060 	EXP 	window1: blendMode = 'avg'
47.8066 	EXP 	window1: blendMode = 'avg'
47.8235 	EXP 	window1: blendMode = 'avg'
47.8241 	EXP 	window1: blendMode = 'avg'
47.8247 	EXP 	window1: blendMode = 'avg'
47.8437 	EXP 	window1: blendMode = 'avg'
47.8443 	EXP 	window1: blendMode = 'avg'
47.8449 	EXP 	window1: blendMode = 'avg'
47.8631 	EXP 	window1: blendMode = 'avg'
47.8638 	EXP 	window1: blendMode = 'avg'
47.8644 	EXP 	window1: blendMode = 'avg'
47.8831 	EXP 	window1: blendMode = 'avg'
47.8838 	EXP 	window1: blendMode = 'avg'
47.8845 	EXP 	window1: blendMode = 'avg'
47.9043 	EXP 	window1: blendMode = 'avg'
47.9049 	EXP 	window1: blendMode = 'avg'
47.9055 	EXP 	window1: blendMode = 'avg'
47.9233 	EXP 	window1: blendMode = 'avg'
47.9240 	EXP 	window1: blendMode = 'avg'
47.9246 	EXP 	window1: blendMode = 'avg'
47.9430 	EXP 	window1: blendMode = 'avg'
47.9437 	EXP 	window1: blendMode = 'avg'
47.9443 	EXP 	window1: blendMode = 'avg'
47.9633 	EXP 	window1: blendMode = 'avg'
47.9640 	EXP 	window1: blendMode = 'avg'
47.9646 	EXP 	window1: blendMode = 'avg'
47.9833 	EXP 	window1: blendMode = 'avg'
47.9839 	EXP 	window1: blendMode = 'avg'
47.9845 	EXP 	window1: blendMode = 'avg'
48.0033 	EXP 	window1: blendMode = 'avg'
48.0041 	EXP 	window1: blendMode = 'avg'
48.0048 	EXP 	window1: blendMode = 'avg'
48.0241 	EXP 	window1: blendMode = 'avg'
48.0250 	EXP 	window1: blendMode = 'avg'
48.0264 	EXP 	window1: blendMode = 'avg'
48.0433 	EXP 	window1: blendMode = 'avg'
48.0440 	EXP 	window1: blendMode = 'avg'
48.0446 	EXP 	window1: blendMode = 'avg'
48.0641 	EXP 	window1: blendMode = 'avg'
48.0649 	EXP 	window1: blendMode = 'avg'
48.0656 	EXP 	window1: blendMode = 'avg'
48.0839 	EXP 	window1: blendMode = 'avg'
48.0846 	EXP 	window1: blendMode = 'avg'
48.0852 	EXP 	window1: blendMode = 'avg'
48.1040 	EXP 	window1: blendMode = 'avg'
48.1046 	EXP 	window1: blendMode = 'avg'
48.1052 	EXP 	window1: blendMode = 'avg'
48.1257 	EXP 	window1: blendMode = 'avg'
48.1265 	EXP 	window1: blendMode = 'avg'
48.1271 	EXP 	window1: blendMode = 'avg'
48.1430 	EXP 	window1: blendMode = 'avg'
48.1436 	EXP 	window1: blendMode = 'avg'
48.1441 	EXP 	window1: blendMode = 'avg'
48.1631 	EXP 	window1: blendMode = 'avg'
48.1636 	EXP 	window1: blendMode = 'avg'
48.1641 	EXP 	window1: blendMode = 'avg'
48.1825 	EXP 	window1: blendMode = 'avg'
48.1830 	EXP 	window1: blendMode = 'avg'
48.1834 	EXP 	window1: blendMode = 'avg'
48.2031 	EXP 	window1: blendMode = 'avg'
48.2035 	EXP 	window1: blendMode = 'avg'
48.2039 	EXP 	window1: blendMode = 'avg'
48.2227 	EXP 	window1: blendMode = 'avg'
48.2234 	EXP 	window1: blendMode = 'avg'
48.2240 	EXP 	window1: blendMode = 'avg'
48.2417 	EXP 	window1: blendMode = 'avg'
48.2421 	EXP 	window1: blendMode = 'avg'
48.2425 	EXP 	window1: blendMode = 'avg'
48.2626 	EXP 	window1: blendMode = 'avg'
48.2633 	EXP 	window1: blendMode = 'avg'
48.2640 	EXP 	window1: blendMode = 'avg'
48.2833 	EXP 	window1: blendMode = 'avg'
48.2840 	EXP 	window1: blendMode = 'avg'
48.2846 	EXP 	window1: blendMode = 'avg'
48.3042 	EXP 	window1: blendMode = 'avg'
48.3050 	EXP 	window1: blendMode = 'avg'
48.3056 	EXP 	window1: blendMode = 'avg'
48.3244 	EXP 	window1: blendMode = 'avg'
48.3252 	EXP 	window1: blendMode = 'avg'
48.3260 	EXP 	window1: blendMode = 'avg'
48.3435 	EXP 	window1: blendMode = 'avg'
48.3442 	EXP 	window1: blendMode = 'avg'
48.3449 	EXP 	window1: blendMode = 'avg'
48.3636 	EXP 	window1: blendMode = 'avg'
48.3644 	EXP 	window1: blendMode = 'avg'
48.3650 	EXP 	window1: blendMode = 'avg'
48.3837 	EXP 	window1: blendMode = 'avg'
48.3844 	EXP 	window1: blendMode = 'avg'
48.3850 	EXP 	window1: blendMode = 'avg'
48.4041 	EXP 	window1: blendMode = 'avg'
48.4048 	EXP 	window1: blendMode = 'avg'
48.4055 	EXP 	window1: blendMode = 'avg'
48.4242 	EXP 	window1: blendMode = 'avg'
48.4250 	EXP 	window1: blendMode = 'avg'
48.4257 	EXP 	window1: blendMode = 'avg'
48.4440 	EXP 	window1: blendMode = 'avg'
48.4448 	EXP 	window1: blendMode = 'avg'
48.4454 	EXP 	window1: blendMode = 'avg'
48.4635 	EXP 	window1: blendMode = 'avg'
48.4642 	EXP 	window1: blendMode = 'avg'
48.4649 	EXP 	window1: blendMode = 'avg'
48.4834 	EXP 	window1: blendMode = 'avg'
48.4841 	EXP 	window1: blendMode = 'avg'
48.4848 	EXP 	window1: blendMode = 'avg'
48.5037 	EXP 	window1: blendMode = 'avg'
48.5044 	EXP 	window1: blendMode = 'avg'
48.5051 	EXP 	window1: blendMode = 'avg'
48.5240 	EXP 	window1: blendMode = 'avg'
48.5247 	EXP 	window1: blendMode = 'avg'
48.5254 	EXP 	window1: blendMode = 'avg'
48.5441 	EXP 	window1: blendMode = 'avg'
48.5449 	EXP 	window1: blendMode = 'avg'
48.5456 	EXP 	window1: blendMode = 'avg'
48.5635 	EXP 	window1: blendMode = 'avg'
48.5642 	EXP 	window1: blendMode = 'avg'
48.5649 	EXP 	window1: blendMode = 'avg'
48.5836 	EXP 	window1: blendMode = 'avg'
48.5843 	EXP 	window1: blendMode = 'avg'
48.5850 	EXP 	window1: blendMode = 'avg'
48.6024 	EXP 	Orientation_Cue: autoDraw = False
48.6024 	EXP 	Ready_Cue: autoDraw = True
48.6037 	EXP 	window1: blendMode = 'avg'
48.6045 	EXP 	window1: blendMode = 'avg'
48.6051 	EXP 	window1: blendMode = 'avg'
48.6243 	EXP 	window1: blendMode = 'avg'
48.6250 	EXP 	window1: blendMode = 'avg'
48.6256 	EXP 	window1: blendMode = 'avg'
48.6432 	EXP 	window1: blendMode = 'avg'
48.6439 	EXP 	window1: blendMode = 'avg'
48.6446 	EXP 	window1: blendMode = 'avg'
48.6636 	EXP 	window1: blendMode = 'avg'
48.6643 	EXP 	window1: blendMode = 'avg'
48.6651 	EXP 	window1: blendMode = 'avg'
48.6837 	EXP 	window1: blendMode = 'avg'
48.6844 	EXP 	window1: blendMode = 'avg'
48.6851 	EXP 	window1: blendMode = 'avg'
48.7039 	EXP 	window1: blendMode = 'avg'
48.7047 	EXP 	window1: blendMode = 'avg'
48.7053 	EXP 	window1: blendMode = 'avg'
48.7233 	EXP 	window1: blendMode = 'avg'
48.7241 	EXP 	window1: blendMode = 'avg'
48.7248 	EXP 	window1: blendMode = 'avg'
48.7440 	EXP 	window1: blendMode = 'avg'
48.7447 	EXP 	window1: blendMode = 'avg'
48.7454 	EXP 	window1: blendMode = 'avg'
48.7638 	EXP 	window1: blendMode = 'avg'
48.7646 	EXP 	window1: blendMode = 'avg'
48.7653 	EXP 	window1: blendMode = 'avg'
48.7838 	EXP 	window1: blendMode = 'avg'
48.7846 	EXP 	window1: blendMode = 'avg'
48.7854 	EXP 	window1: blendMode = 'avg'
48.8047 	EXP 	window1: blendMode = 'avg'
48.8055 	EXP 	window1: blendMode = 'avg'
48.8098 	EXP 	window1: blendMode = 'avg'
48.8240 	EXP 	window1: blendMode = 'avg'
48.8247 	EXP 	window1: blendMode = 'avg'
48.8254 	EXP 	window1: blendMode = 'avg'
48.8446 	EXP 	window1: blendMode = 'avg'
48.8457 	EXP 	window1: blendMode = 'avg'
48.8465 	EXP 	window1: blendMode = 'avg'
48.8635 	EXP 	window1: blendMode = 'avg'
48.8645 	EXP 	window1: blendMode = 'avg'
48.8656 	EXP 	window1: blendMode = 'avg'
48.8835 	EXP 	window1: blendMode = 'avg'
48.8843 	EXP 	window1: blendMode = 'avg'
48.8849 	EXP 	window1: blendMode = 'avg'
48.9039 	EXP 	window1: blendMode = 'avg'
48.9046 	EXP 	window1: blendMode = 'avg'
48.9053 	EXP 	window1: blendMode = 'avg'
48.9237 	EXP 	window1: blendMode = 'avg'
48.9245 	EXP 	window1: blendMode = 'avg'
48.9252 	EXP 	window1: blendMode = 'avg'
48.9435 	EXP 	window1: blendMode = 'avg'
48.9444 	EXP 	window1: blendMode = 'avg'
48.9452 	EXP 	window1: blendMode = 'avg'
48.9631 	EXP 	window1: blendMode = 'avg'
48.9638 	EXP 	window1: blendMode = 'avg'
48.9645 	EXP 	window1: blendMode = 'avg'
48.9838 	EXP 	window1: blendMode = 'avg'
48.9848 	EXP 	window1: blendMode = 'avg'
48.9855 	EXP 	window1: blendMode = 'avg'
49.0034 	EXP 	window1: blendMode = 'avg'
49.0043 	EXP 	window1: blendMode = 'avg'
49.0050 	EXP 	window1: blendMode = 'avg'
49.0246 	EXP 	window1: blendMode = 'avg'
49.0256 	EXP 	window1: blendMode = 'avg'
49.0263 	EXP 	window1: blendMode = 'avg'
49.0435 	EXP 	window1: blendMode = 'avg'
49.0442 	EXP 	window1: blendMode = 'avg'
49.0449 	EXP 	window1: blendMode = 'avg'
49.0636 	EXP 	window1: blendMode = 'avg'
49.0644 	EXP 	window1: blendMode = 'avg'
49.0650 	EXP 	window1: blendMode = 'avg'
49.0840 	EXP 	window1: blendMode = 'avg'
49.0847 	EXP 	window1: blendMode = 'avg'
49.1271 	EXP 	Ready_Cue: autoDraw = False
49.1271 	EXP 	Zoid_Left: autoDraw = True
49.1271 	EXP 	Zoid_Right: autoDraw = True
49.1287 	EXP 	window1: blendMode = 'avg'
49.1295 	EXP 	window1: blendMode = 'avg'
49.1437 	EXP 	window1: blendMode = 'avg'
49.1444 	EXP 	window1: blendMode = 'avg'
49.1653 	EXP 	window1: blendMode = 'avg'
49.1663 	EXP 	window1: blendMode = 'avg'
49.1838 	EXP 	window1: blendMode = 'avg'
49.1846 	EXP 	window1: blendMode = 'avg'
49.2045 	EXP 	window1: blendMode = 'avg'
49.2052 	EXP 	window1: blendMode = 'avg'
49.2236 	EXP 	window1: blendMode = 'avg'
49.2243 	EXP 	window1: blendMode = 'avg'
49.2442 	EXP 	window1: blendMode = 'avg'
49.2452 	EXP 	window1: blendMode = 'avg'
49.2651 	EXP 	window1: blendMode = 'avg'
49.2659 	EXP 	window1: blendMode = 'avg'
49.2833 	EXP 	window1: blendMode = 'avg'
49.2839 	EXP 	window1: blendMode = 'avg'
49.3023 	EXP 	window1: blendMode = 'avg'
49.3028 	EXP 	window1: blendMode = 'avg'
49.3229 	EXP 	window1: blendMode = 'avg'
49.3234 	EXP 	window1: blendMode = 'avg'
49.3421 	EXP 	window1: blendMode = 'avg'
49.3425 	EXP 	window1: blendMode = 'avg'
49.3615 	EXP 	window1: blendMode = 'avg'
49.3619 	EXP 	window1: blendMode = 'avg'
49.3837 	EXP 	window1: blendMode = 'avg'
49.3843 	EXP 	window1: blendMode = 'avg'
49.4042 	EXP 	window1: blendMode = 'avg'
49.4050 	EXP 	window1: blendMode = 'avg'
49.4236 	EXP 	window1: blendMode = 'avg'
49.4243 	EXP 	window1: blendMode = 'avg'
49.4430 	EXP 	window1: blendMode = 'avg'
49.4437 	EXP 	window1: blendMode = 'avg'
49.4634 	EXP 	window1: blendMode = 'avg'
49.4641 	EXP 	window1: blendMode = 'avg'
49.4830 	EXP 	window1: blendMode = 'avg'
49.4837 	EXP 	window1: blendMode = 'avg'
49.5041 	EXP 	window1: blendMode = 'avg'
49.5047 	EXP 	window1: blendMode = 'avg'
49.5234 	EXP 	window1: blendMode = 'avg'
49.5242 	EXP 	window1: blendMode = 'avg'
49.5436 	EXP 	window1: blendMode = 'avg'
49.5445 	EXP 	window1: blendMode = 'avg'
49.5630 	EXP 	window1: blendMode = 'avg'
49.5638 	EXP 	window1: blendMode = 'avg'
49.5852 	EXP 	window1: blendMode = 'avg'
49.5860 	EXP 	window1: blendMode = 'avg'
49.6035 	EXP 	window1: blendMode = 'avg'
49.6043 	EXP 	window1: blendMode = 'avg'
49.6235 	EXP 	window1: blendMode = 'avg'
49.6242 	EXP 	window1: blendMode = 'avg'
49.6429 	EXP 	window1: blendMode = 'avg'
49.6436 	EXP 	window1: blendMode = 'avg'
49.6630 	EXP 	window1: blendMode = 'avg'
49.6637 	EXP 	window1: blendMode = 'avg'
49.6849 	EXP 	window1: blendMode = 'avg'
49.6856 	EXP 	window1: blendMode = 'avg'
49.7033 	EXP 	window1: blendMode = 'avg'
49.7040 	EXP 	window1: blendMode = 'avg'
49.7235 	EXP 	window1: blendMode = 'avg'
49.7243 	EXP 	window1: blendMode = 'avg'
49.7444 	EXP 	window1: blendMode = 'avg'
49.7454 	EXP 	window1: blendMode = 'avg'
49.7629 	EXP 	window1: blendMode = 'avg'
49.7637 	EXP 	window1: blendMode = 'avg'
49.7837 	EXP 	window1: blendMode = 'avg'
49.7848 	EXP 	window1: blendMode = 'avg'
49.8038 	EXP 	window1: blendMode = 'avg'
49.8047 	EXP 	window1: blendMode = 'avg'
49.8239 	EXP 	window1: blendMode = 'avg'
49.8247 	EXP 	window1: blendMode = 'avg'
49.8429 	EXP 	window1: blendMode = 'avg'
49.8436 	EXP 	window1: blendMode = 'avg'
49.8630 	EXP 	window1: blendMode = 'avg'
49.8637 	EXP 	window1: blendMode = 'avg'
49.8830 	EXP 	window1: blendMode = 'avg'
49.8837 	EXP 	window1: blendMode = 'avg'
49.9040 	EXP 	window1: blendMode = 'avg'
49.9047 	EXP 	window1: blendMode = 'avg'
49.9236 	EXP 	window1: blendMode = 'avg'
49.9243 	EXP 	window1: blendMode = 'avg'
49.9434 	EXP 	window1: blendMode = 'avg'
49.9442 	EXP 	window1: blendMode = 'avg'
49.9631 	EXP 	window1: blendMode = 'avg'
49.9638 	EXP 	window1: blendMode = 'avg'
49.9829 	EXP 	window1: blendMode = 'avg'
49.9836 	EXP 	window1: blendMode = 'avg'
50.0033 	EXP 	window1: blendMode = 'avg'
50.0040 	EXP 	window1: blendMode = 'avg'
50.0236 	EXP 	window1: blendMode = 'avg'
50.0244 	EXP 	window1: blendMode = 'avg'
50.0459 	EXP 	window1: blendMode = 'avg'
50.0471 	EXP 	window1: blendMode = 'avg'
50.0635 	EXP 	window1: blendMode = 'avg'
50.0640 	EXP 	window1: blendMode = 'avg'
50.0826 	EXP 	window1: blendMode = 'avg'
50.0831 	EXP 	window1: blendMode = 'avg'
50.1020 	EXP 	window1: blendMode = 'avg'
50.1025 	EXP 	window1: blendMode = 'avg'
50.1221 	EXP 	window1: blendMode = 'avg'
50.1224 	EXP 	window1: blendMode = 'avg'
50.1412 	EXP 	window1: blendMode = 'avg'
50.1416 	EXP 	window1: blendMode = 'avg'
50.1604 	EXP 	window1: blendMode = 'avg'
50.1607 	EXP 	window1: blendMode = 'avg'
50.1822 	EXP 	window1: blendMode = 'avg'
50.1828 	EXP 	window1: blendMode = 'avg'
50.2028 	EXP 	window1: blendMode = 'avg'
50.2034 	EXP 	window1: blendMode = 'avg'
50.2226 	EXP 	window1: blendMode = 'avg'
50.2232 	EXP 	window1: blendMode = 'avg'
50.2432 	EXP 	window1: blendMode = 'avg'
50.2437 	EXP 	window1: blendMode = 'avg'
50.2620 	EXP 	window1: blendMode = 'avg'
50.2626 	EXP 	window1: blendMode = 'avg'
50.2826 	EXP 	window1: blendMode = 'avg'
50.2832 	EXP 	window1: blendMode = 'avg'
50.3044 	EXP 	window1: blendMode = 'avg'
50.3052 	EXP 	window1: blendMode = 'avg'
50.3234 	EXP 	window1: blendMode = 'avg'
50.3241 	EXP 	window1: blendMode = 'avg'
50.3434 	EXP 	window1: blendMode = 'avg'
50.3442 	EXP 	window1: blendMode = 'avg'
50.3635 	EXP 	window1: blendMode = 'avg'
50.3642 	EXP 	window1: blendMode = 'avg'
50.3850 	EXP 	window1: blendMode = 'avg'
50.3857 	EXP 	window1: blendMode = 'avg'
50.4023 	EXP 	window1: blendMode = 'avg'
50.4028 	EXP 	window1: blendMode = 'avg'
50.4229 	EXP 	window1: blendMode = 'avg'
50.4234 	EXP 	window1: blendMode = 'avg'
50.4423 	EXP 	window1: blendMode = 'avg'
50.4428 	EXP 	window1: blendMode = 'avg'
50.4621 	EXP 	window1: blendMode = 'avg'
50.4625 	EXP 	window1: blendMode = 'avg'
50.4822 	EXP 	window1: blendMode = 'avg'
50.4827 	EXP 	window1: blendMode = 'avg'
50.5022 	EXP 	window1: blendMode = 'avg'
50.5026 	EXP 	window1: blendMode = 'avg'
50.5224 	EXP 	window1: blendMode = 'avg'
50.5228 	EXP 	window1: blendMode = 'avg'
50.5418 	EXP 	window1: blendMode = 'avg'
50.5424 	EXP 	window1: blendMode = 'avg'
50.5618 	EXP 	window1: blendMode = 'avg'
50.5623 	EXP 	window1: blendMode = 'avg'
50.5823 	EXP 	window1: blendMode = 'avg'
50.5828 	EXP 	window1: blendMode = 'avg'
50.6016 	EXP 	window1: blendMode = 'avg'
50.6021 	EXP 	window1: blendMode = 'avg'
50.6220 	EXP 	window1: blendMode = 'avg'
50.6225 	EXP 	window1: blendMode = 'avg'
50.6414 	EXP 	window1: blendMode = 'avg'
50.6419 	EXP 	window1: blendMode = 'avg'
50.6627 	EXP 	window1: blendMode = 'avg'
50.6635 	EXP 	window1: blendMode = 'avg'
50.6843 	EXP 	window1: blendMode = 'avg'
50.6850 	EXP 	window1: blendMode = 'avg'
50.7039 	EXP 	window1: blendMode = 'avg'
50.7046 	EXP 	window1: blendMode = 'avg'
50.7236 	EXP 	window1: blendMode = 'avg'
50.7245 	EXP 	window1: blendMode = 'avg'
50.7432 	EXP 	window1: blendMode = 'avg'
50.7440 	EXP 	window1: blendMode = 'avg'
50.7633 	EXP 	window1: blendMode = 'avg'
50.7640 	EXP 	window1: blendMode = 'avg'
50.7659 	DATA 	Mouse: wheel shift=(0,9), pos=(696,579)
50.7827 	DATA 	Mouse: wheel shift=(0,2), pos=(696,579)
50.7838 	EXP 	window1: blendMode = 'avg'
50.7845 	EXP 	window1: blendMode = 'avg'
50.8045 	DATA 	Mouse: wheel shift=(0,1), pos=(696,579)
50.8057 	EXP 	window1: blendMode = 'avg'
50.8065 	EXP 	window1: blendMode = 'avg'
50.8237 	EXP 	window1: blendMode = 'avg'
50.8243 	EXP 	window1: blendMode = 'avg'
50.8436 	EXP 	window1: blendMode = 'avg'
50.8442 	EXP 	window1: blendMode = 'avg'
50.8629 	EXP 	window1: blendMode = 'avg'
50.8636 	EXP 	window1: blendMode = 'avg'
50.8835 	EXP 	window1: blendMode = 'avg'
50.8843 	EXP 	window1: blendMode = 'avg'
50.9033 	EXP 	window1: blendMode = 'avg'
50.9040 	EXP 	window1: blendMode = 'avg'
50.9237 	EXP 	window1: blendMode = 'avg'
50.9244 	EXP 	window1: blendMode = 'avg'
50.9437 	EXP 	window1: blendMode = 'avg'
50.9444 	EXP 	window1: blendMode = 'avg'
50.9633 	EXP 	window1: blendMode = 'avg'
50.9640 	EXP 	window1: blendMode = 'avg'
50.9829 	EXP 	window1: blendMode = 'avg'
50.9838 	EXP 	window1: blendMode = 'avg'
51.0031 	EXP 	window1: blendMode = 'avg'
51.0038 	EXP 	window1: blendMode = 'avg'
51.0236 	EXP 	window1: blendMode = 'avg'
51.0244 	EXP 	window1: blendMode = 'avg'
51.0451 	EXP 	window1: blendMode = 'avg'
51.0459 	EXP 	window1: blendMode = 'avg'
51.0642 	EXP 	window1: blendMode = 'avg'
51.0650 	EXP 	window1: blendMode = 'avg'
51.0844 	EXP 	window1: blendMode = 'avg'
51.0854 	EXP 	window1: blendMode = 'avg'
51.1031 	EXP 	window1: blendMode = 'avg'
51.1038 	EXP 	window1: blendMode = 'avg'
51.1234 	EXP 	window1: blendMode = 'avg'
51.1240 	EXP 	window1: blendMode = 'avg'
51.1438 	EXP 	window1: blendMode = 'avg'
51.1447 	EXP 	window1: blendMode = 'avg'
51.1628 	EXP 	window1: blendMode = 'avg'
51.1635 	EXP 	window1: blendMode = 'avg'
51.1845 	EXP 	window1: blendMode = 'avg'
51.1855 	EXP 	window1: blendMode = 'avg'
51.2038 	EXP 	window1: blendMode = 'avg'
51.2045 	EXP 	window1: blendMode = 'avg'
51.2241 	DATA 	Keypress: m
51.2565 	EXP 	New trial (rep=2, index=0): None
51.2593 	EXP 	window1: blendMode = 'avg'
51.2601 	EXP 	window1: blendMode = 'avg'
51.2608 	EXP 	window1: blendMode = 'avg'
51.2704 	EXP 	Orientation_Cue: autoDraw = False
51.2704 	EXP 	Ready_Cue: autoDraw = False
51.2704 	EXP 	Zoid_Left: autoDraw = False
51.2704 	EXP 	Zoid_Right: autoDraw = False
51.2704 	EXP 	Zoid_Left: vertices = ((-0.5, 0), (-1.5, 0), (-1.5, 1), (0.5, 1), (0.5, 0), (1.5, 0), (1.5, -1), (-0.5, -1))
51.2704 	EXP 	Zoid_Left: ori = 0
51.2704 	EXP 	Zoid_Right: vertices = ((1, 1), (-1, 1), (-1, -1), (1, -1))
51.2704 	EXP 	Zoid_Right: ori = 0
51.2704 	EXP 	Orientation_Cue: autoDraw = True
51.2721 	EXP 	window1: blendMode = 'avg'
51.2729 	EXP 	window1: blendMode = 'avg'
51.2736 	EXP 	window1: blendMode = 'avg'
51.3016 	EXP 	window1: blendMode = 'avg'
51.3023 	EXP 	window1: blendMode = 'avg'
51.3029 	EXP 	window1: blendMode = 'avg'
51.3238 	EXP 	window1: blendMode = 'avg'
51.3245 	EXP 	window1: blendMode = 'avg'
51.3251 	EXP 	window1: blendMode = 'avg'
51.3426 	EXP 	window1: blendMode = 'avg'
51.3436 	EXP 	window1: blendMode = 'avg'
51.3443 	EXP 	window1: blendMode = 'avg'
51.3626 	EXP 	window1: blendMode = 'avg'
51.3632 	EXP 	window1: blendMode = 'avg'
51.3638 	EXP 	window1: blendMode = 'avg'
51.3831 	EXP 	window1: blendMode = 'avg'
51.3839 	EXP 	window1: blendMode = 'avg'
51.3847 	EXP 	window1: blendMode = 'avg'
51.4027 	EXP 	window1: blendMode = 'avg'
51.4034 	EXP 	window1: blendMode = 'avg'
51.4040 	EXP 	window1: blendMode = 'avg'
51.4232 	EXP 	window1: blendMode = 'avg'
51.4239 	EXP 	window1: blendMode = 'avg'
51.4246 	EXP 	window1: blendMode = 'avg'
51.4429 	EXP 	window1: blendMode = 'avg'
51.4436 	EXP 	window1: blendMode = 'avg'
51.4442 	EXP 	window1: blendMode = 'avg'
51.4633 	EXP 	window1: blendMode = 'avg'
51.4640 	EXP 	window1: blendMode = 'avg'
51.4647 	EXP 	window1: blendMode = 'avg'
51.4845 	EXP 	window1: blendMode = 'avg'
51.4856 	EXP 	window1: blendMode = 'avg'
51.4867 	EXP 	window1: blendMode = 'avg'
51.5035 	EXP 	window1: blendMode = 'avg'
51.5044 	EXP 	window1: blendMode = 'avg'
51.5054 	EXP 	window1: blendMode = 'avg'
51.5244 	EXP 	window1: blendMode = 'avg'
51.5252 	EXP 	window1: blendMode = 'avg'
51.5260 	EXP 	window1: blendMode = 'avg'
51.5439 	EXP 	window1: blendMode = 'avg'
51.5447 	EXP 	window1: blendMode = 'avg'
51.5455 	EXP 	window1: blendMode = 'avg'
51.5640 	EXP 	window1: blendMode = 'avg'
51.5645 	EXP 	window1: blendMode = 'avg'
51.5649 	EXP 	window1: blendMode = 'avg'
51.5819 	EXP 	window1: blendMode = 'avg'
51.5825 	EXP 	window1: blendMode = 'avg'
51.5831 	EXP 	window1: blendMode = 'avg'
51.6012 	EXP 	window1: blendMode = 'avg'
51.6017 	EXP 	window1: blendMode = 'avg'
51.6022 	EXP 	window1: blendMode = 'avg'
51.6230 	EXP 	window1: blendMode = 'avg'
51.6236 	EXP 	window1: blendMode = 'avg'
51.6243 	EXP 	window1: blendMode = 'avg'
51.6428 	EXP 	window1: blendMode = 'avg'
51.6436 	EXP 	window1: blendMode = 'avg'
51.6442 	EXP 	window1: blendMode = 'avg'
51.6626 	EXP 	window1: blendMode = 'avg'
51.6632 	EXP 	window1: blendMode = 'avg'
51.6639 	EXP 	window1: blendMode = 'avg'
51.6826 	EXP 	window1: blendMode = 'avg'
51.6835 	EXP 	window1: blendMode = 'avg'
51.6841 	EXP 	window1: blendMode = 'avg'
51.7026 	EXP 	window1: blendMode = 'avg'
51.7033 	EXP 	window1: blendMode = 'avg'
51.7039 	EXP 	window1: blendMode = 'avg'
51.7229 	EXP 	window1: blendMode = 'avg'
51.7235 	EXP 	window1: blendMode = 'avg'
51.7242 	EXP 	window1: blendMode = 'avg'
51.7432 	EXP 	window1: blendMode = 'avg'
51.7439 	EXP 	window1: blendMode = 'avg'
51.7445 	EXP 	window1: blendMode = 'avg'
51.7626 	EXP 	window1: blendMode = 'avg'
51.7633 	EXP 	window1: blendMode = 'avg'
51.7639 	EXP 	window1: blendMode = 'avg'
51.7828 	EXP 	window1: blendMode = 'avg'
51.7835 	EXP 	window1: blendMode = 'avg'
51.7842 	EXP 	window1: blendMode = 'avg'
51.8031 	EXP 	window1: blendMode = 'avg'
51.8042 	EXP 	window1: blendMode = 'avg'
51.8052 	EXP 	window1: blendMode = 'avg'
51.8230 	EXP 	window1: blendMode = 'avg'
51.8236 	EXP 	window1: blendMode = 'avg'
51.8243 	EXP 	window1: blendMode = 'avg'
51.8426 	EXP 	window1: blendMode = 'avg'
51.8433 	EXP 	window1: blendMode = 'avg'
51.8439 	EXP 	window1: blendMode = 'avg'
51.8631 	EXP 	window1: blendMode = 'avg'
51.8638 	EXP 	window1: blendMode = 'avg'
51.8645 	EXP 	window1: blendMode = 'avg'
51.8829 	EXP 	window1: blendMode = 'avg'
51.8839 	EXP 	window1: blendMode = 'avg'
51.8848 	EXP 	window1: blendMode = 'avg'
51.9031 	EXP 	window1: blendMode = 'avg'
51.9038 	EXP 	window1: blendMode = 'avg'
51.9045 	EXP 	window1: blendMode = 'avg'
51.9232 	EXP 	window1: blendMode = 'avg'
51.9239 	EXP 	window1: blendMode = 'avg'
51.9246 	EXP 	window1: blendMode = 'avg'
51.9427 	EXP 	window1: blendMode = 'avg'
51.9434 	EXP 	window1: blendMode = 'avg'
51.9440 	EXP 	window1: blendMode = 'avg'
51.9628 	EXP 	window1: blendMode = 'avg'
51.9635 	EXP 	window1: blendMode = 'avg'
51.9642 	EXP 	window1: blendMode = 'avg'
51.9828 	EXP 	window1: blendMode = 'avg'
51.9834 	EXP 	window1: blendMode = 'avg'
51.9840 	EXP 	window1: blendMode = 'avg'
52.0029 	EXP 	window1: blendMode = 'avg'
52.0036 	EXP 	window1: blendMode = 'avg'
52.0042 	EXP 	window1: blendMode = 'avg'
52.0228 	EXP 	window1: blendMode = 'avg'
52.0240 	EXP 	window1: blendMode = 'avg'
52.0251 	EXP 	window1: blendMode = 'avg'
52.0431 	EXP 	window1: blendMode = 'avg'
52.0438 	EXP 	window1: blendMode = 'avg'
52.0444 	EXP 	window1: blendMode = 'avg'
52.0625 	EXP 	window1: blendMode = 'avg'
52.0632 	EXP 	window1: blendMode = 'avg'
52.0639 	EXP 	window1: blendMode = 'avg'
52.0826 	EXP 	window1: blendMode = 'avg'
52.0835 	EXP 	window1: blendMode = 'avg'
52.0847 	EXP 	window1: blendMode = 'avg'
52.1027 	EXP 	window1: blendMode = 'avg'
52.1034 	EXP 	window1: blendMode = 'avg'
52.1041 	EXP 	window1: blendMode = 'avg'
52.1236 	EXP 	window1: blendMode = 'avg'
52.1243 	EXP 	window1: blendMode = 'avg'
52.1249 	EXP 	window1: blendMode = 'avg'
52.1423 	EXP 	window1: blendMode = 'avg'
52.1430 	EXP 	window1: blendMode = 'avg'
52.1436 	EXP 	window1: blendMode = 'avg'
52.1625 	EXP 	window1: blendMode = 'avg'
52.1632 	EXP 	window1: blendMode = 'avg'
52.1639 	EXP 	window1: blendMode = 'avg'
52.1825 	EXP 	window1: blendMode = 'avg'
52.1836 	EXP 	window1: blendMode = 'avg'
52.1847 	EXP 	window1: blendMode = 'avg'
52.2030 	EXP 	window1: blendMode = 'avg'
52.2037 	EXP 	window1: blendMode = 'avg'
52.2043 	EXP 	window1: blendMode = 'avg'
52.2231 	EXP 	window1: blendMode = 'avg'
52.2239 	EXP 	window1: blendMode = 'avg'
52.2246 	EXP 	window1: blendMode = 'avg'
52.2444 	EXP 	window1: blendMode = 'avg'
52.2452 	EXP 	window1: blendMode = 'avg'
52.2459 	EXP 	window1: blendMode = 'avg'
52.2635 	EXP 	window1: blendMode = 'avg'
52.2643 	EXP 	window1: blendMode = 'avg'
52.2650 	EXP 	window1: blendMode = 'avg'
52.2828 	EXP 	window1: blendMode = 'avg'
52.2837 	EXP 	window1: blendMode = 'avg'
52.2844 	EXP 	window1: blendMode = 'avg'
52.3038 	EXP 	window1: blendMode = 'avg'
52.3045 	EXP 	window1: blendMode = 'avg'
52.3052 	EXP 	window1: blendMode = 'avg'
52.3230 	EXP 	window1: blendMode = 'avg'
52.3237 	EXP 	window1: blendMode = 'avg'
52.3244 	EXP 	window1: blendMode = 'avg'
52.3432 	EXP 	window1: blendMode = 'avg'
52.3439 	EXP 	window1: blendMode = 'avg'
52.3445 	EXP 	window1: blendMode = 'avg'
52.3626 	EXP 	window1: blendMode = 'avg'
52.3633 	EXP 	window1: blendMode = 'avg'
52.3639 	EXP 	window1: blendMode = 'avg'
52.3822 	EXP 	window1: blendMode = 'avg'
52.3832 	EXP 	window1: blendMode = 'avg'
52.3840 	EXP 	window1: blendMode = 'avg'
52.4030 	EXP 	window1: blendMode = 'avg'
52.4037 	EXP 	window1: blendMode = 'avg'
52.4043 	EXP 	window1: blendMode = 'avg'
52.4230 	EXP 	window1: blendMode = 'avg'
52.4237 	EXP 	window1: blendMode = 'avg'
52.4243 	EXP 	window1: blendMode = 'avg'
52.4425 	EXP 	window1: blendMode = 'avg'
52.4432 	EXP 	window1: blendMode = 'avg'
52.4438 	EXP 	window1: blendMode = 'avg'
52.4628 	EXP 	window1: blendMode = 'avg'
52.4635 	EXP 	window1: blendMode = 'avg'
52.4642 	EXP 	window1: blendMode = 'avg'
52.4826 	EXP 	window1: blendMode = 'avg'
52.4833 	EXP 	window1: blendMode = 'avg'
52.4840 	EXP 	window1: blendMode = 'avg'
52.5032 	EXP 	window1: blendMode = 'avg'
52.5039 	EXP 	window1: blendMode = 'avg'
52.5048 	EXP 	window1: blendMode = 'avg'
52.5226 	EXP 	window1: blendMode = 'avg'
52.5232 	EXP 	window1: blendMode = 'avg'
52.5239 	EXP 	window1: blendMode = 'avg'
52.5423 	EXP 	window1: blendMode = 'avg'
52.5431 	EXP 	window1: blendMode = 'avg'
52.5437 	EXP 	window1: blendMode = 'avg'
52.5627 	EXP 	window1: blendMode = 'avg'
52.5634 	EXP 	window1: blendMode = 'avg'
52.5640 	EXP 	window1: blendMode = 'avg'
52.5824 	EXP 	window1: blendMode = 'avg'
52.5831 	EXP 	window1: blendMode = 'avg'
52.5838 	EXP 	window1: blendMode = 'avg'
52.6029 	EXP 	window1: blendMode = 'avg'
52.6036 	EXP 	window1: blendMode = 'avg'
52.6043 	EXP 	window1: blendMode = 'avg'
52.6242 	EXP 	window1: blendMode = 'avg'
52.6250 	EXP 	window1: blendMode = 'avg'
52.6258 	EXP 	window1: blendMode = 'avg'
52.6432 	EXP 	window1: blendMode = 'avg'
52.6440 	EXP 	window1: blendMode = 'avg'
52.6447 	EXP 	window1: blendMode = 'avg'
52.6631 	EXP 	window1: blendMode = 'avg'
52.6638 	EXP 	window1: blendMode = 'avg'
52.6644 	EXP 	window1: blendMode = 'avg'
52.6844 	EXP 	window1: blendMode = 'avg'
52.6852 	EXP 	window1: blendMode = 'avg'
52.6863 	EXP 	window1: blendMode = 'avg'
52.7036 	EXP 	window1: blendMode = 'avg'
52.7045 	EXP 	window1: blendMode = 'avg'
52.7055 	EXP 	window1: blendMode = 'avg'
52.7235 	EXP 	window1: blendMode = 'avg'
52.7242 	EXP 	window1: blendMode = 'avg'
52.7249 	EXP 	window1: blendMode = 'avg'
52.7428 	EXP 	window1: blendMode = 'avg'
52.7436 	EXP 	window1: blendMode = 'avg'
52.7442 	EXP 	window1: blendMode = 'avg'
52.7622 	EXP 	window1: blendMode = 'avg'
52.7629 	EXP 	window1: blendMode = 'avg'
52.7635 	EXP 	window1: blendMode = 'avg'
52.7823 	EXP 	window1: blendMode = 'avg'
52.7830 	EXP 	window1: blendMode = 'avg'
52.7836 	EXP 	window1: blendMode = 'avg'
52.8025 	EXP 	window1: blendMode = 'avg'
52.8035 	EXP 	window1: blendMode = 'avg'
52.8045 	EXP 	window1: blendMode = 'avg'
52.8239 	EXP 	window1: blendMode = 'avg'
52.8245 	EXP 	window1: blendMode = 'avg'
52.8252 	EXP 	window1: blendMode = 'avg'
52.8426 	EXP 	window1: blendMode = 'avg'
52.8433 	EXP 	window1: blendMode = 'avg'
52.8439 	EXP 	window1: blendMode = 'avg'
52.8621 	EXP 	window1: blendMode = 'avg'
52.8628 	EXP 	window1: blendMode = 'avg'
52.8634 	EXP 	window1: blendMode = 'avg'
52.8827 	EXP 	window1: blendMode = 'avg'
52.8840 	EXP 	window1: blendMode = 'avg'
52.8852 	EXP 	window1: blendMode = 'avg'
52.9028 	EXP 	window1: blendMode = 'avg'
52.9036 	EXP 	window1: blendMode = 'avg'
52.9043 	EXP 	window1: blendMode = 'avg'
52.9233 	EXP 	window1: blendMode = 'avg'
52.9240 	EXP 	window1: blendMode = 'avg'
52.9246 	EXP 	window1: blendMode = 'avg'
52.9422 	EXP 	window1: blendMode = 'avg'
52.9429 	EXP 	window1: blendMode = 'avg'
52.9435 	EXP 	window1: blendMode = 'avg'
52.9622 	EXP 	window1: blendMode = 'avg'
52.9629 	EXP 	window1: blendMode = 'avg'
52.9635 	EXP 	window1: blendMode = 'avg'
52.9827 	EXP 	window1: blendMode = 'avg'
52.9836 	EXP 	window1: blendMode = 'avg'
52.9843 	EXP 	window1: blendMode = 'avg'
53.0029 	EXP 	window1: blendMode = 'avg'
53.0036 	EXP 	window1: blendMode = 'avg'
53.0043 	EXP 	window1: blendMode = 'avg'
53.0225 	EXP 	window1: blendMode = 'avg'
53.0236 	EXP 	window1: blendMode = 'avg'
53.0246 	EXP 	window1: blendMode = 'avg'
53.0426 	EXP 	window1: blendMode = 'avg'
53.0432 	EXP 	window1: blendMode = 'avg'
53.0439 	EXP 	window1: blendMode = 'avg'
53.0631 	EXP 	window1: blendMode = 'avg'
53.0639 	EXP 	window1: blendMode = 'avg'
53.0646 	EXP 	window1: blendMode = 'avg'
53.0821 	EXP 	window1: blendMode = 'avg'
53.0830 	EXP 	window1: blendMode = 'avg'
53.0838 	EXP 	window1: blendMode = 'avg'
53.1030 	EXP 	window1: blendMode = 'avg'
53.1037 	EXP 	window1: blendMode = 'avg'
53.1043 	EXP 	window1: blendMode = 'avg'
53.1230 	EXP 	window1: blendMode = 'avg'
53.1237 	EXP 	window1: blendMode = 'avg'
53.1243 	EXP 	window1: blendMode = 'avg'
53.1426 	EXP 	window1: blendMode = 'avg'
53.1432 	EXP 	window1: blendMode = 'avg'
53.1439 	EXP 	window1: blendMode = 'avg'
53.1633 	EXP 	window1: blendMode = 'avg'
53.1640 	EXP 	window1: blendMode = 'avg'
53.1646 	EXP 	window1: blendMode = 'avg'
53.1834 	EXP 	window1: blendMode = 'avg'
53.1841 	EXP 	window1: blendMode = 'avg'
53.1848 	EXP 	window1: blendMode = 'avg'
53.2023 	EXP 	window1: blendMode = 'avg'
53.2031 	EXP 	window1: blendMode = 'avg'
53.2038 	EXP 	window1: blendMode = 'avg'
53.2230 	EXP 	window1: blendMode = 'avg'
53.2240 	EXP 	window1: blendMode = 'avg'
53.2247 	EXP 	window1: blendMode = 'avg'
53.2426 	EXP 	window1: blendMode = 'avg'
53.2433 	EXP 	window1: blendMode = 'avg'
53.2439 	EXP 	window1: blendMode = 'avg'
53.2632 	EXP 	window1: blendMode = 'avg'
53.2638 	EXP 	window1: blendMode = 'avg'
53.2645 	EXP 	window1: blendMode = 'avg'
53.2814 	EXP 	Orientation_Cue: autoDraw = False
53.2814 	EXP 	Ready_Cue: autoDraw = True
53.2834 	EXP 	window1: blendMode = 'avg'
53.2846 	EXP 	window1: blendMode = 'avg'
53.2854 	EXP 	window1: blendMode = 'avg'
53.3038 	EXP 	window1: blendMode = 'avg'
53.3046 	EXP 	window1: blendMode = 'avg'
53.3053 	EXP 	window1: blendMode = 'avg'
53.3236 	EXP 	window1: blendMode = 'avg'
53.3243 	EXP 	window1: blendMode = 'avg'
53.3249 	EXP 	window1: blendMode = 'avg'
53.3436 	EXP 	window1: blendMode = 'avg'
53.3444 	EXP 	window1: blendMode = 'avg'
53.3452 	EXP 	window1: blendMode = 'avg'
53.3630 	EXP 	window1: blendMode = 'avg'
53.3636 	EXP 	window1: blendMode = 'avg'
53.3643 	EXP 	window1: blendMode = 'avg'
53.3835 	EXP 	window1: blendMode = 'avg'
53.3842 	EXP 	window1: blendMode = 'avg'
53.3849 	EXP 	window1: blendMode = 'avg'
53.4022 	EXP 	window1: blendMode = 'avg'
53.4030 	EXP 	window1: blendMode = 'avg'
53.4037 	EXP 	window1: blendMode = 'avg'
53.4229 	EXP 	window1: blendMode = 'avg'
53.4236 	EXP 	window1: blendMode = 'avg'
53.4242 	EXP 	window1: blendMode = 'avg'
53.4426 	EXP 	window1: blendMode = 'avg'
53.4433 	EXP 	window1: blendMode = 'avg'
53.4439 	EXP 	window1: blendMode = 'avg'
53.4623 	EXP 	window1: blendMode = 'avg'
53.4630 	EXP 	window1: blendMode = 'avg'
53.4636 	EXP 	window1: blendMode = 'avg'
53.4821 	EXP 	window1: blendMode = 'avg'
53.4829 	EXP 	window1: blendMode = 'avg'
53.4836 	EXP 	window1: blendMode = 'avg'
53.5026 	EXP 	window1: blendMode = 'avg'
53.5034 	EXP 	window1: blendMode = 'avg'
53.5041 	EXP 	window1: blendMode = 'avg'
53.5226 	EXP 	window1: blendMode = 'avg'
53.5233 	EXP 	window1: blendMode = 'avg'
53.5239 	EXP 	window1: blendMode = 'avg'
53.5427 	EXP 	window1: blendMode = 'avg'
53.5434 	EXP 	window1: blendMode = 'avg'
53.5440 	EXP 	window1: blendMode = 'avg'
53.5622 	EXP 	window1: blendMode = 'avg'
53.5629 	EXP 	window1: blendMode = 'avg'
53.5636 	EXP 	window1: blendMode = 'avg'
53.5825 	EXP 	window1: blendMode = 'avg'
53.5836 	EXP 	window1: blendMode = 'avg'
53.5847 	EXP 	window1: blendMode = 'avg'
53.6024 	EXP 	window1: blendMode = 'avg'
53.6032 	EXP 	window1: blendMode = 'avg'
53.6039 	EXP 	window1: blendMode = 'avg'
53.6236 	EXP 	window1: blendMode = 'avg'
53.6243 	EXP 	window1: blendMode = 'avg'
53.6249 	EXP 	window1: blendMode = 'avg'
53.6420 	EXP 	window1: blendMode = 'avg'
53.6427 	EXP 	window1: blendMode = 'avg'
53.6433 	EXP 	window1: blendMode = 'avg'
53.6623 	EXP 	window1: blendMode = 'avg'
53.6629 	EXP 	window1: blendMode = 'avg'
53.6636 	EXP 	window1: blendMode = 'avg'
53.6825 	EXP 	window1: blendMode = 'avg'
53.6834 	EXP 	window1: blendMode = 'avg'
53.6840 	EXP 	window1: blendMode = 'avg'
53.7021 	EXP 	window1: blendMode = 'avg'
53.7028 	EXP 	window1: blendMode = 'avg'
53.7035 	EXP 	window1: blendMode = 'avg'
53.7224 	EXP 	window1: blendMode = 'avg'
53.7232 	EXP 	window1: blendMode = 'avg'
53.7238 	EXP 	window1: blendMode = 'avg'
53.7436 	EXP 	window1: blendMode = 'avg'
53.7446 	EXP 	window1: blendMode = 'avg'
53.7455 	EXP 	window1: blendMode = 'avg'
53.7641 	EXP 	window1: blendMode = 'avg'
53.7649 	EXP 	window1: blendMode = 'avg'
53.7812 	EXP 	Ready_Cue: autoDraw = False
53.7812 	EXP 	Zoid_Left: autoDraw = True
53.7812 	EXP 	Zoid_Right: autoDraw = True
53.7829 	EXP 	window1: blendMode = 'avg'
53.7846 	EXP 	window1: blendMode = 'avg'
53.8036 	EXP 	window1: blendMode = 'avg'
53.8045 	EXP 	window1: blendMode = 'avg'
53.8229 	EXP 	window1: blendMode = 'avg'
53.8241 	EXP 	window1: blendMode = 'avg'
53.8427 	EXP 	window1: blendMode = 'avg'
53.8434 	EXP 	window1: blendMode = 'avg'
53.8635 	EXP 	window1: blendMode = 'avg'
53.8642 	EXP 	window1: blendMode = 'avg'
53.8832 	EXP 	window1: blendMode = 'avg'
53.8839 	EXP 	window1: blendMode = 'avg'
53.9021 	EXP 	window1: blendMode = 'avg'
53.9028 	EXP 	window1: blendMode = 'avg'
53.9222 	EXP 	window1: blendMode = 'avg'
53.9229 	EXP 	window1: blendMode = 'avg'
53.9425 	EXP 	window1: blendMode = 'avg'
53.9432 	EXP 	window1: blendMode = 'avg'
53.9620 	EXP 	window1: blendMode = 'avg'
53.9628 	EXP 	window1: blendMode = 'avg'
53.9820 	EXP 	window1: blendMode = 'avg'
53.9828 	EXP 	window1: blendMode = 'avg'
54.0024 	EXP 	window1: blendMode = 'avg'
54.0031 	EXP 	window1: blendMode = 'avg'
54.0224 	EXP 	window1: blendMode = 'avg'
54.0234 	EXP 	window1: blendMode = 'avg'
54.0431 	EXP 	window1: blendMode = 'avg'
54.0438 	EXP 	window1: blendMode = 'avg'
54.0638 	EXP 	window1: blendMode = 'avg'
54.0650 	EXP 	window1: blendMode = 'avg'
54.0866 	EXP 	window1: blendMode = 'avg'
54.0877 	EXP 	window1: blendMode = 'avg'
54.1039 	EXP 	window1: blendMode = 'avg'
54.1046 	EXP 	window1: blendMode = 'avg'
54.1228 	EXP 	window1: blendMode = 'avg'
54.1235 	EXP 	window1: blendMode = 'avg'
54.1421 	EXP 	window1: blendMode = 'avg'
54.1427 	EXP 	window1: blendMode = 'avg'
54.1624 	EXP 	window1: blendMode = 'avg'
54.1632 	EXP 	window1: blendMode = 'avg'
54.1828 	EXP 	window1: blendMode = 'avg'
54.1836 	EXP 	window1: blendMode = 'avg'
54.2026 	EXP 	window1: blendMode = 'avg'
54.2033 	EXP 	window1: blendMode = 'avg'
54.2241 	EXP 	window1: blendMode = 'avg'
54.2253 	EXP 	window1: blendMode = 'avg'
54.2444 	EXP 	window1: blendMode = 'avg'
54.2456 	EXP 	window1: blendMode = 'avg'
54.2641 	EXP 	window1: blendMode = 'avg'
54.2648 	EXP 	window1: blendMode = 'avg'
54.2816 	EXP 	window1: blendMode = 'avg'
54.2823 	EXP 	window1: blendMode = 'avg'
54.2998 	EXP 	window1: blendMode = 'avg'
54.3002 	EXP 	window1: blendMode = 'avg'
54.3205 	EXP 	window1: blendMode = 'avg'
54.3209 	EXP 	window1: blendMode = 'avg'
54.3409 	EXP 	window1: blendMode = 'avg'
54.3413 	EXP 	window1: blendMode = 'avg'
54.3610 	EXP 	window1: blendMode = 'avg'
54.3614 	EXP 	window1: blendMode = 'avg'
54.3805 	EXP 	window1: blendMode = 'avg'
54.3809 	EXP 	window1: blendMode = 'avg'
54.4015 	EXP 	window1: blendMode = 'avg'
54.4020 	EXP 	window1: blendMode = 'avg'
54.4207 	EXP 	window1: blendMode = 'avg'
54.4211 	EXP 	window1: blendMode = 'avg'
54.4413 	EXP 	window1: blendMode = 'avg'
54.4420 	EXP 	window1: blendMode = 'avg'
54.4621 	EXP 	window1: blendMode = 'avg'
54.4628 	EXP 	window1: blendMode = 'avg'
54.4820 	EXP 	window1: blendMode = 'avg'
54.4830 	EXP 	window1: blendMode = 'avg'
54.5018 	EXP 	window1: blendMode = 'avg'
54.5025 	EXP 	window1: blendMode = 'avg'
54.5222 	EXP 	window1: blendMode = 'avg'
54.5229 	EXP 	window1: blendMode = 'avg'
54.5431 	EXP 	window1: blendMode = 'avg'
54.5438 	EXP 	window1: blendMode = 'avg'
54.5624 	EXP 	window1: blendMode = 'avg'
54.5631 	EXP 	window1: blendMode = 'avg'
54.5823 	EXP 	window1: blendMode = 'avg'
54.5829 	EXP 	window1: blendMode = 'avg'
54.6023 	EXP 	window1: blendMode = 'avg'
54.6030 	EXP 	window1: blendMode = 'avg'
54.6228 	EXP 	window1: blendMode = 'avg'
54.6235 	EXP 	window1: blendMode = 'avg'
54.6419 	EXP 	window1: blendMode = 'avg'
54.6426 	EXP 	window1: blendMode = 'avg'
54.6622 	EXP 	window1: blendMode = 'avg'
54.6629 	EXP 	window1: blendMode = 'avg'
54.6824 	EXP 	window1: blendMode = 'avg'
54.6831 	EXP 	window1: blendMode = 'avg'
54.7026 	EXP 	window1: blendMode = 'avg'
54.7034 	EXP 	window1: blendMode = 'avg'
54.7223 	EXP 	window1: blendMode = 'avg'
54.7230 	EXP 	window1: blendMode = 'avg'
54.7431 	EXP 	window1: blendMode = 'avg'
54.7440 	EXP 	window1: blendMode = 'avg'
54.7619 	EXP 	window1: blendMode = 'avg'
54.7625 	EXP 	window1: blendMode = 'avg'
54.7820 	EXP 	window1: blendMode = 'avg'
54.7831 	EXP 	window1: blendMode = 'avg'
54.8028 	EXP 	window1: blendMode = 'avg'
54.8035 	EXP 	window1: blendMode = 'avg'
54.8223 	EXP 	window1: blendMode = 'avg'
54.8230 	EXP 	window1: blendMode = 'avg'
54.8418 	EXP 	window1: blendMode = 'avg'
54.8425 	EXP 	window1: blendMode = 'avg'
54.8618 	EXP 	window1: blendMode = 'avg'
54.8625 	EXP 	window1: blendMode = 'avg'
54.8825 	EXP 	window1: blendMode = 'avg'
54.8836 	EXP 	window1: blendMode = 'avg'
54.9041 	EXP 	window1: blendMode = 'avg'
54.9051 	EXP 	window1: blendMode = 'avg'
54.9236 	EXP 	window1: blendMode = 'avg'
54.9247 	EXP 	window1: blendMode = 'avg'
54.9442 	EXP 	window1: blendMode = 'avg'
54.9450 	EXP 	window1: blendMode = 'avg'
54.9629 	EXP 	window1: blendMode = 'avg'
54.9636 	EXP 	window1: blendMode = 'avg'
54.9824 	EXP 	window1: blendMode = 'avg'
54.9833 	EXP 	window1: blendMode = 'avg'
55.0039 	EXP 	window1: blendMode = 'avg'
55.0051 	EXP 	window1: blendMode = 'avg'
55.0235 	EXP 	window1: blendMode = 'avg'
55.0246 	EXP 	window1: blendMode = 'avg'
55.0429 	EXP 	window1: blendMode = 'avg'
55.0436 	EXP 	window1: blendMode = 'avg'
55.0621 	EXP 	window1: blendMode = 'avg'
55.0628 	EXP 	window1: blendMode = 'avg'
55.0819 	EXP 	window1: blendMode = 'avg'
55.0830 	EXP 	window1: blendMode = 'avg'
55.1022 	EXP 	window1: blendMode = 'avg'
55.1030 	EXP 	window1: blendMode = 'avg'
55.1223 	EXP 	window1: blendMode = 'avg'
55.1230 	EXP 	window1: blendMode = 'avg'
55.1417 	EXP 	window1: blendMode = 'avg'
55.1424 	EXP 	window1: blendMode = 'avg'
55.1617 	EXP 	window1: blendMode = 'avg'
55.1623 	EXP 	window1: blendMode = 'avg'
55.1820 	EXP 	window1: blendMode = 'avg'
55.1828 	EXP 	window1: blendMode = 'avg'
55.2017 	EXP 	window1: blendMode = 'avg'
55.2024 	EXP 	window1: blendMode = 'avg'
55.2221 	EXP 	window1: blendMode = 'avg'
55.2229 	EXP 	window1: blendMode = 'avg'
55.2423 	EXP 	window1: blendMode = 'avg'
55.2431 	EXP 	window1: blendMode = 'avg'
55.2618 	EXP 	window1: blendMode = 'avg'
55.2625 	EXP 	window1: blendMode = 'avg'
55.2818 	EXP 	window1: blendMode = 'avg'
55.2827 	EXP 	window1: blendMode = 'avg'
55.3018 	EXP 	window1: blendMode = 'avg'
55.3029 	EXP 	window1: blendMode = 'avg'
55.3232 	EXP 	window1: blendMode = 'avg'
55.3239 	EXP 	window1: blendMode = 'avg'
55.3420 	EXP 	window1: blendMode = 'avg'
55.3426 	EXP 	window1: blendMode = 'avg'
55.3622 	EXP 	window1: blendMode = 'avg'
55.3629 	EXP 	window1: blendMode = 'avg'
55.3830 	EXP 	window1: blendMode = 'avg'
55.3838 	EXP 	window1: blendMode = 'avg'
55.4038 	EXP 	window1: blendMode = 'avg'
55.4049 	EXP 	window1: blendMode = 'avg'
55.4234 	EXP 	window1: blendMode = 'avg'
55.4243 	EXP 	window1: blendMode = 'avg'
55.4413 	DATA 	Keypress: escape
