3.1778 	ERROR 	avbin.dll failed to load. Try importing psychopy.visual
  as the first library (before anything that uses scipy)
  and make sure that avbin is installed.
9.2602 	EXP 	Created window1 = Window(allowGUI=False, allowStencil=False, autoLog=True, bitsMode=UNKNOWN, blendMode='avg', color=array([ 0.95,  0.95,  0.95]), colorSpace='rgb', fullscr=UNKNOWN, gamma=None, lms=UNKNOWN, monitor=<psychopy.monitors.calibTools.Monitor object at 0x1A87D6D0>, multiSample=False, name='window1', numSamples=2, pos=[0, 0], screen=0, size=array([1600,  900]), stereo=False, units=u'norm', useFBO=True, useRetina=False, viewOri=0.0, viewPos=None, viewScale=None, waitBlanking=True, winType='pyglet')
9.2603 	EXP 	window1: recordFrameIntervals = False
9.4576 	EXP 	window1: recordFrameIntervals = True
9.6801 	EXP 	window1: recordFrameIntervals = False
10.0172 	EXP 	Created Orientation_Cue = TextStim(alignHoriz='center', alignVert='center', antialias=True, autoLog=True, bold=False, color=u'black', colorSpace='named', contrast=1.0, depth=0.0, flipHoriz=False, flipVert=False, font=u'Arial', fontFiles=[], height=0.1, italic=False, name='Orientation_Cue', opacity=1.0, ori=0, pos=array([ 0.,  0.]), rgb=array([ 0.,  0.,  0.]), text=u'\u25cb', units=u'norm', win=Window(...), wrapWidth=1)
10.0261 	EXP 	Created Ready_Cue = TextStim(alignHoriz='center', alignVert='center', antialias=True, autoLog=True, bold=False, color=u'black', colorSpace='named', contrast=1.0, depth=-1.0, flipHoriz=False, flipVert=False, font=u'Arial', fontFiles=[], height=0.1, italic=False, name='Ready_Cue', opacity=1.0, ori=0, pos=array([ 0.,  0.]), rgb=array([ 0.,  0.,  0.]), text=u'\u23fa', units=u'norm', win=Window(...), wrapWidth=1)
10.0349 	EXP 	Created Zoid_Left = ShapeStim(autoDraw=False, autoLog=True, closeShape=True, contrast=1.0, depth=-3.0, fillColor=array([ 0.05,  0.05,  0.05]), fillColorSpace='rgb', interpolate=True, lineColor=array([ 1.,  1.,  1.]), lineColorSpace='rgb', lineWidth=1, name='Zoid_Left', opacity=1.0, ori=array(0.0), pos=array([-5.,  0.]), size=array([ 1.,  1.]), units='cm', vertices=ndarray(...), win=Window(...), windingRule=None)
10.0363 	EXP 	Created Zoid_Right = ShapeStim(autoDraw=False, autoLog=True, closeShape=True, contrast=1.0, depth=-4.0, fillColor=array([ 0.05,  0.05,  0.05]), fillColorSpace='rgb', interpolate=True, lineColor=array([ 1.,  1.,  1.]), lineColorSpace='rgb', lineWidth=1, name='Zoid_Right', opacity=1.0, ori=array(0.0), pos=array([ 5.,  0.]), size=array([ 1.,  1.]), units='cm', vertices=ndarray(...), win=Window(...), windingRule=None)
10.1392 	EXP 	Created Button_Instructions = TextStim(alignHoriz='center', alignVert='center', antialias=True, autoLog=True, bold=False, color=u'black', colorSpace='named', contrast=1.0, depth=0.0, flipHoriz=False, flipVert=False, font=u'Arial', fontFiles=[], height=0.07, italic=False, name='Button_Instructions', opacity=1.0, ori=0, pos=array([ 0. ,  0.5]), rgb=array([ 0.,  0.,  0.]), text=unicode(...), units=u'norm', win=Window(...), wrapWidth=1)
10.1530 	EXP 	Created x_instruction = TextStim(alignHoriz='center', alignVert='center', antialias=True, autoLog=True, bold=False, color=u'tomato', colorSpace='named', contrast=1.0, depth=0.0, flipHoriz=False, flipVert=False, font=u'Yu Gothic UI', fontFiles=[], height=0.1, italic=False, name='x_instruction', opacity=1.0, ori=0, pos=array([-0.7, -0.8]), rgb=array([ 255.,   99.,   71.]), text=u'SAME\nZ', units=u'norm', win=Window(...), wrapWidth=1)
10.1659 	EXP 	Created m_instruction = TextStim(alignHoriz='right', alignVert='center', antialias=True, autoLog=True, bold=False, color=u'lightseagreen', colorSpace='named', contrast=1.0, depth=0.0, flipHoriz=False, flipVert=False, font=u'Yu Gothic UI', fontFiles=[], height=0.1, italic=False, name='m_instruction', opacity=1.0, ori=0, pos=array([ 0.7, -0.8]), rgb=array([  32.,  178.,  170.]), text=u'DIFFERENT\nM', units=u'norm', win=Window(...), wrapWidth=1)
10.1848 	EXP 	Created Feedback_Screen = TextStim(alignHoriz='center', alignVert='center', antialias=True, autoLog=True, bold=False, color=u'black', colorSpace='named', contrast=1.0, depth=0.0, flipHoriz=False, flipVert=False, font=u'Arial', fontFiles=[], height=0.1, italic=False, name='Feedback_Screen', opacity=1.0, ori=0, pos=array([ 0.,  0.]), rgb=array([ 0.,  0.,  0.]), text=u'Placeholder_text', units=u'norm', win=Window(...), wrapWidth=1)
10.1864 	EXP 	window1: blendMode = 'avg'
10.1869 	EXP 	window1: blendMode = 'avg'
10.1875 	EXP 	window1: blendMode = 'avg'
10.1972 	EXP 	x_instruction: autoDraw = True
10.1972 	EXP 	m_instruction: autoDraw = True
10.1972 	EXP 	Button_Instructions: autoDraw = True
15.1994 	EXP 	Created sequence: random, trialTypes=1, nReps=121, seed=None
15.6215 	EXP 	New trial (rep=0, index=0): None
15.6224 	EXP 	window1: blendMode = 'avg'
15.6226 	EXP 	window1: blendMode = 'avg'
15.6229 	EXP 	window1: blendMode = 'avg'
15.6300 	EXP 	Button_Instructions: autoDraw = False
15.6300 	EXP 	Zoid_Left: vertices = ((-0.5, 0), (-1.5, 0), (-1.5, 1), (0.5, 1), (0.5, 0), (1.5, 0), (1.5, -1), (-0.5, -1))
15.6300 	EXP 	Zoid_Left: ori = 90
15.6300 	EXP 	Zoid_Right: vertices = ((0, -0.5), (1, -0.5), (1, -1.5), (-1, -1.5), (-1, 1.5), (0, 1.5))
15.6300 	EXP 	Zoid_Right: ori = 0
15.6300 	EXP 	Orientation_Cue: autoDraw = True
15.6316 	EXP 	window1: blendMode = 'avg'
15.6322 	EXP 	window1: blendMode = 'avg'
15.6325 	EXP 	window1: blendMode = 'avg'
15.6544 	EXP 	window1: blendMode = 'avg'
15.6546 	EXP 	window1: blendMode = 'avg'
15.6548 	EXP 	window1: blendMode = 'avg'
15.6755 	EXP 	window1: blendMode = 'avg'
15.6758 	EXP 	window1: blendMode = 'avg'
15.6760 	EXP 	window1: blendMode = 'avg'
15.6974 	EXP 	window1: blendMode = 'avg'
15.6979 	EXP 	window1: blendMode = 'avg'
15.6983 	EXP 	window1: blendMode = 'avg'
15.7178 	EXP 	window1: blendMode = 'avg'
15.7184 	EXP 	window1: blendMode = 'avg'
15.7189 	EXP 	window1: blendMode = 'avg'
15.7384 	EXP 	window1: blendMode = 'avg'
15.7391 	EXP 	window1: blendMode = 'avg'
15.7396 	EXP 	window1: blendMode = 'avg'
15.7575 	EXP 	window1: blendMode = 'avg'
15.7580 	EXP 	window1: blendMode = 'avg'
15.7584 	EXP 	window1: blendMode = 'avg'
15.7783 	EXP 	window1: blendMode = 'avg'
15.7790 	EXP 	window1: blendMode = 'avg'
15.7795 	EXP 	window1: blendMode = 'avg'
15.7982 	EXP 	window1: blendMode = 'avg'
15.7987 	EXP 	window1: blendMode = 'avg'
15.7991 	EXP 	window1: blendMode = 'avg'
15.8181 	EXP 	window1: blendMode = 'avg'
15.8187 	EXP 	window1: blendMode = 'avg'
15.8192 	EXP 	window1: blendMode = 'avg'
15.8375 	EXP 	window1: blendMode = 'avg'
15.8382 	EXP 	window1: blendMode = 'avg'
15.8387 	EXP 	window1: blendMode = 'avg'
15.8579 	EXP 	window1: blendMode = 'avg'
15.8586 	EXP 	window1: blendMode = 'avg'
15.8593 	EXP 	window1: blendMode = 'avg'
15.8784 	EXP 	window1: blendMode = 'avg'
15.8792 	EXP 	window1: blendMode = 'avg'
15.8797 	EXP 	window1: blendMode = 'avg'
15.8976 	EXP 	window1: blendMode = 'avg'
15.8981 	EXP 	window1: blendMode = 'avg'
15.8985 	EXP 	window1: blendMode = 'avg'
15.9178 	EXP 	window1: blendMode = 'avg'
15.9184 	EXP 	window1: blendMode = 'avg'
15.9191 	EXP 	window1: blendMode = 'avg'
15.9383 	EXP 	window1: blendMode = 'avg'
15.9390 	EXP 	window1: blendMode = 'avg'
15.9396 	EXP 	window1: blendMode = 'avg'
15.9590 	EXP 	window1: blendMode = 'avg'
15.9594 	EXP 	window1: blendMode = 'avg'
15.9599 	EXP 	window1: blendMode = 'avg'
15.9784 	EXP 	window1: blendMode = 'avg'
15.9789 	EXP 	window1: blendMode = 'avg'
15.9793 	EXP 	window1: blendMode = 'avg'
15.9978 	EXP 	window1: blendMode = 'avg'
15.9984 	EXP 	window1: blendMode = 'avg'
15.9988 	EXP 	window1: blendMode = 'avg'
16.0176 	EXP 	window1: blendMode = 'avg'
16.0180 	EXP 	window1: blendMode = 'avg'
16.0186 	EXP 	window1: blendMode = 'avg'
16.0381 	EXP 	window1: blendMode = 'avg'
16.0386 	EXP 	window1: blendMode = 'avg'
16.0390 	EXP 	window1: blendMode = 'avg'
16.0578 	EXP 	window1: blendMode = 'avg'
16.0583 	EXP 	window1: blendMode = 'avg'
16.0587 	EXP 	window1: blendMode = 'avg'
16.0783 	EXP 	window1: blendMode = 'avg'
16.0789 	EXP 	window1: blendMode = 'avg'
16.0794 	EXP 	window1: blendMode = 'avg'
16.0982 	EXP 	window1: blendMode = 'avg'
16.0990 	EXP 	window1: blendMode = 'avg'
16.0998 	EXP 	window1: blendMode = 'avg'
16.1175 	EXP 	window1: blendMode = 'avg'
16.1180 	EXP 	window1: blendMode = 'avg'
16.1186 	EXP 	window1: blendMode = 'avg'
16.1390 	EXP 	window1: blendMode = 'avg'
16.1398 	EXP 	window1: blendMode = 'avg'
16.1405 	EXP 	window1: blendMode = 'avg'
16.1587 	EXP 	window1: blendMode = 'avg'
16.1594 	EXP 	window1: blendMode = 'avg'
16.1598 	EXP 	window1: blendMode = 'avg'
16.1773 	EXP 	window1: blendMode = 'avg'
16.1779 	EXP 	window1: blendMode = 'avg'
16.1785 	EXP 	window1: blendMode = 'avg'
16.1965 	EXP 	window1: blendMode = 'avg'
16.1969 	EXP 	window1: blendMode = 'avg'
16.1972 	EXP 	window1: blendMode = 'avg'
16.2170 	EXP 	window1: blendMode = 'avg'
16.2175 	EXP 	window1: blendMode = 'avg'
16.2178 	EXP 	window1: blendMode = 'avg'
16.2360 	EXP 	window1: blendMode = 'avg'
16.2365 	EXP 	window1: blendMode = 'avg'
16.2370 	EXP 	window1: blendMode = 'avg'
16.2573 	EXP 	window1: blendMode = 'avg'
16.2576 	EXP 	window1: blendMode = 'avg'
16.2579 	EXP 	window1: blendMode = 'avg'
16.2771 	EXP 	window1: blendMode = 'avg'
16.2777 	EXP 	window1: blendMode = 'avg'
16.2782 	EXP 	window1: blendMode = 'avg'
16.2968 	EXP 	window1: blendMode = 'avg'
16.2972 	EXP 	window1: blendMode = 'avg'
16.2975 	EXP 	window1: blendMode = 'avg'
16.3166 	EXP 	window1: blendMode = 'avg'
16.3169 	EXP 	window1: blendMode = 'avg'
16.3172 	EXP 	window1: blendMode = 'avg'
16.3368 	EXP 	window1: blendMode = 'avg'
16.3372 	EXP 	window1: blendMode = 'avg'
16.3374 	EXP 	window1: blendMode = 'avg'
16.3559 	EXP 	window1: blendMode = 'avg'
16.3562 	EXP 	window1: blendMode = 'avg'
16.3564 	EXP 	window1: blendMode = 'avg'
16.3759 	EXP 	window1: blendMode = 'avg'
16.3765 	EXP 	window1: blendMode = 'avg'
16.3770 	EXP 	window1: blendMode = 'avg'
16.3955 	EXP 	window1: blendMode = 'avg'
16.3958 	EXP 	window1: blendMode = 'avg'
16.3961 	EXP 	window1: blendMode = 'avg'
16.4180 	EXP 	window1: blendMode = 'avg'
16.4190 	EXP 	window1: blendMode = 'avg'
16.4199 	EXP 	window1: blendMode = 'avg'
16.4377 	EXP 	window1: blendMode = 'avg'
16.4386 	EXP 	window1: blendMode = 'avg'
16.4396 	EXP 	window1: blendMode = 'avg'
16.4605 	EXP 	window1: blendMode = 'avg'
16.4617 	EXP 	window1: blendMode = 'avg'
16.4628 	EXP 	window1: blendMode = 'avg'
16.4793 	EXP 	window1: blendMode = 'avg'
16.4801 	EXP 	window1: blendMode = 'avg'
16.4807 	EXP 	window1: blendMode = 'avg'
16.4993 	EXP 	window1: blendMode = 'avg'
16.5004 	EXP 	window1: blendMode = 'avg'
16.5011 	EXP 	window1: blendMode = 'avg'
16.5179 	EXP 	window1: blendMode = 'avg'
16.5191 	EXP 	window1: blendMode = 'avg'
16.5202 	EXP 	window1: blendMode = 'avg'
16.5397 	EXP 	window1: blendMode = 'avg'
16.5404 	EXP 	window1: blendMode = 'avg'
16.5410 	EXP 	window1: blendMode = 'avg'
16.5578 	EXP 	window1: blendMode = 'avg'
16.5585 	EXP 	window1: blendMode = 'avg'
16.5591 	EXP 	window1: blendMode = 'avg'
16.5791 	EXP 	window1: blendMode = 'avg'
16.5800 	EXP 	window1: blendMode = 'avg'
16.5807 	EXP 	window1: blendMode = 'avg'
16.6004 	EXP 	window1: blendMode = 'avg'
16.6012 	EXP 	window1: blendMode = 'avg'
16.6020 	EXP 	window1: blendMode = 'avg'
16.6180 	EXP 	window1: blendMode = 'avg'
16.6188 	EXP 	window1: blendMode = 'avg'
16.6194 	EXP 	window1: blendMode = 'avg'
16.6386 	EXP 	window1: blendMode = 'avg'
16.6398 	EXP 	window1: blendMode = 'avg'
16.6409 	EXP 	window1: blendMode = 'avg'
16.6591 	EXP 	window1: blendMode = 'avg'
16.6597 	EXP 	window1: blendMode = 'avg'
16.6606 	EXP 	window1: blendMode = 'avg'
16.6791 	EXP 	window1: blendMode = 'avg'
16.6803 	EXP 	window1: blendMode = 'avg'
16.6814 	EXP 	window1: blendMode = 'avg'
16.6971 	EXP 	window1: blendMode = 'avg'
16.6978 	EXP 	window1: blendMode = 'avg'
16.6984 	EXP 	window1: blendMode = 'avg'
16.7186 	EXP 	window1: blendMode = 'avg'
16.7198 	EXP 	window1: blendMode = 'avg'
16.7209 	EXP 	window1: blendMode = 'avg'
16.7388 	EXP 	window1: blendMode = 'avg'
16.7399 	EXP 	window1: blendMode = 'avg'
16.7409 	EXP 	window1: blendMode = 'avg'
16.7601 	EXP 	window1: blendMode = 'avg'
16.7608 	EXP 	window1: blendMode = 'avg'
16.7614 	EXP 	window1: blendMode = 'avg'
16.7791 	EXP 	window1: blendMode = 'avg'
16.7799 	EXP 	window1: blendMode = 'avg'
16.7805 	EXP 	window1: blendMode = 'avg'
16.7995 	EXP 	window1: blendMode = 'avg'
16.8006 	EXP 	window1: blendMode = 'avg'
16.8013 	EXP 	window1: blendMode = 'avg'
16.8191 	EXP 	window1: blendMode = 'avg'
16.8199 	EXP 	window1: blendMode = 'avg'
16.8205 	EXP 	window1: blendMode = 'avg'
16.8389 	EXP 	window1: blendMode = 'avg'
16.8396 	EXP 	window1: blendMode = 'avg'
16.8405 	EXP 	window1: blendMode = 'avg'
16.8599 	EXP 	window1: blendMode = 'avg'
16.8608 	EXP 	window1: blendMode = 'avg'
16.8615 	EXP 	window1: blendMode = 'avg'
16.8796 	EXP 	window1: blendMode = 'avg'
16.8807 	EXP 	window1: blendMode = 'avg'
16.8818 	EXP 	window1: blendMode = 'avg'
16.8994 	EXP 	window1: blendMode = 'avg'
16.9000 	EXP 	window1: blendMode = 'avg'
16.9006 	EXP 	window1: blendMode = 'avg'
16.9184 	EXP 	window1: blendMode = 'avg'
16.9194 	EXP 	window1: blendMode = 'avg'
16.9204 	EXP 	window1: blendMode = 'avg'
16.9392 	EXP 	window1: blendMode = 'avg'
16.9400 	EXP 	window1: blendMode = 'avg'
16.9406 	EXP 	window1: blendMode = 'avg'
16.9605 	EXP 	window1: blendMode = 'avg'
16.9612 	EXP 	window1: blendMode = 'avg'
16.9619 	EXP 	window1: blendMode = 'avg'
16.9786 	EXP 	window1: blendMode = 'avg'
16.9797 	EXP 	window1: blendMode = 'avg'
16.9807 	EXP 	window1: blendMode = 'avg'
16.9989 	EXP 	window1: blendMode = 'avg'
16.9997 	EXP 	window1: blendMode = 'avg'
17.0003 	EXP 	window1: blendMode = 'avg'
17.0193 	EXP 	window1: blendMode = 'avg'
17.0204 	EXP 	window1: blendMode = 'avg'
17.0212 	EXP 	window1: blendMode = 'avg'
17.0395 	EXP 	window1: blendMode = 'avg'
17.0402 	EXP 	window1: blendMode = 'avg'
17.0409 	EXP 	window1: blendMode = 'avg'
17.0594 	EXP 	window1: blendMode = 'avg'
17.0601 	EXP 	window1: blendMode = 'avg'
17.0608 	EXP 	window1: blendMode = 'avg'
17.0792 	EXP 	window1: blendMode = 'avg'
17.0802 	EXP 	window1: blendMode = 'avg'
17.0812 	EXP 	window1: blendMode = 'avg'
17.0995 	EXP 	window1: blendMode = 'avg'
17.1002 	EXP 	window1: blendMode = 'avg'
17.1008 	EXP 	window1: blendMode = 'avg'
17.1191 	EXP 	window1: blendMode = 'avg'
17.1199 	EXP 	window1: blendMode = 'avg'
17.1206 	EXP 	window1: blendMode = 'avg'
17.1393 	EXP 	window1: blendMode = 'avg'
17.1401 	EXP 	window1: blendMode = 'avg'
17.1407 	EXP 	window1: blendMode = 'avg'
17.1595 	EXP 	window1: blendMode = 'avg'
17.1601 	EXP 	window1: blendMode = 'avg'
17.1607 	EXP 	window1: blendMode = 'avg'
17.1806 	EXP 	window1: blendMode = 'avg'
17.1817 	EXP 	window1: blendMode = 'avg'
17.1827 	EXP 	window1: blendMode = 'avg'
17.1996 	EXP 	window1: blendMode = 'avg'
17.2008 	EXP 	window1: blendMode = 'avg'
17.2018 	EXP 	window1: blendMode = 'avg'
17.2190 	EXP 	window1: blendMode = 'avg'
17.2195 	EXP 	window1: blendMode = 'avg'
17.2201 	EXP 	window1: blendMode = 'avg'
17.2382 	EXP 	window1: blendMode = 'avg'
17.2390 	EXP 	window1: blendMode = 'avg'
17.2396 	EXP 	window1: blendMode = 'avg'
17.2553 	EXP 	window1: blendMode = 'avg'
17.2555 	EXP 	window1: blendMode = 'avg'
17.2557 	EXP 	window1: blendMode = 'avg'
17.2752 	EXP 	window1: blendMode = 'avg'
17.2754 	EXP 	window1: blendMode = 'avg'
17.2757 	EXP 	window1: blendMode = 'avg'
17.2954 	EXP 	window1: blendMode = 'avg'
17.2956 	EXP 	window1: blendMode = 'avg'
17.2958 	EXP 	window1: blendMode = 'avg'
17.3167 	EXP 	window1: blendMode = 'avg'
17.3172 	EXP 	window1: blendMode = 'avg'
17.3177 	EXP 	window1: blendMode = 'avg'
17.3372 	EXP 	window1: blendMode = 'avg'
17.3379 	EXP 	window1: blendMode = 'avg'
17.3383 	EXP 	window1: blendMode = 'avg'
17.3576 	EXP 	window1: blendMode = 'avg'
17.3583 	EXP 	window1: blendMode = 'avg'
17.3590 	EXP 	window1: blendMode = 'avg'
17.3775 	EXP 	window1: blendMode = 'avg'
17.3780 	EXP 	window1: blendMode = 'avg'
17.3784 	EXP 	window1: blendMode = 'avg'
17.3983 	EXP 	window1: blendMode = 'avg'
17.3989 	EXP 	window1: blendMode = 'avg'
17.3995 	EXP 	window1: blendMode = 'avg'
17.4171 	EXP 	window1: blendMode = 'avg'
17.4177 	EXP 	window1: blendMode = 'avg'
17.4182 	EXP 	window1: blendMode = 'avg'
17.4382 	EXP 	window1: blendMode = 'avg'
17.4387 	EXP 	window1: blendMode = 'avg'
17.4391 	EXP 	window1: blendMode = 'avg'
17.4580 	EXP 	window1: blendMode = 'avg'
17.4587 	EXP 	window1: blendMode = 'avg'
17.4593 	EXP 	window1: blendMode = 'avg'
17.4776 	EXP 	window1: blendMode = 'avg'
17.4780 	EXP 	window1: blendMode = 'avg'
17.4784 	EXP 	window1: blendMode = 'avg'
17.4970 	EXP 	window1: blendMode = 'avg'
17.4974 	EXP 	window1: blendMode = 'avg'
17.4978 	EXP 	window1: blendMode = 'avg'
17.5167 	EXP 	window1: blendMode = 'avg'
17.5171 	EXP 	window1: blendMode = 'avg'
17.5175 	EXP 	window1: blendMode = 'avg'
17.5367 	EXP 	window1: blendMode = 'avg'
17.5373 	EXP 	window1: blendMode = 'avg'
17.5378 	EXP 	window1: blendMode = 'avg'
17.5576 	EXP 	window1: blendMode = 'avg'
17.5581 	EXP 	window1: blendMode = 'avg'
17.5585 	EXP 	window1: blendMode = 'avg'
17.5775 	EXP 	window1: blendMode = 'avg'
17.5780 	EXP 	window1: blendMode = 'avg'
17.5784 	EXP 	window1: blendMode = 'avg'
17.5974 	EXP 	window1: blendMode = 'avg'
17.5980 	EXP 	window1: blendMode = 'avg'
17.5985 	EXP 	window1: blendMode = 'avg'
17.6180 	EXP 	window1: blendMode = 'avg'
17.6185 	EXP 	window1: blendMode = 'avg'
17.6363 	EXP 	Orientation_Cue: autoDraw = False
17.6377 	EXP 	window1: blendMode = 'avg'
17.6383 	EXP 	window1: blendMode = 'avg'
17.6398 	EXP 	window1: blendMode = 'avg'
17.6563 	EXP 	Ready_Cue: autoDraw = True
17.6574 	EXP 	window1: blendMode = 'avg'
17.6579 	EXP 	window1: blendMode = 'avg'
17.6584 	EXP 	window1: blendMode = 'avg'
17.6777 	EXP 	window1: blendMode = 'avg'
17.6782 	EXP 	window1: blendMode = 'avg'
17.6786 	EXP 	window1: blendMode = 'avg'
17.6978 	EXP 	window1: blendMode = 'avg'
17.6986 	EXP 	window1: blendMode = 'avg'
17.6992 	EXP 	window1: blendMode = 'avg'
17.7173 	EXP 	window1: blendMode = 'avg'
17.7179 	EXP 	window1: blendMode = 'avg'
17.7184 	EXP 	window1: blendMode = 'avg'
17.7375 	EXP 	window1: blendMode = 'avg'
17.7384 	EXP 	window1: blendMode = 'avg'
17.7392 	EXP 	window1: blendMode = 'avg'
17.7582 	EXP 	window1: blendMode = 'avg'
17.7587 	EXP 	window1: blendMode = 'avg'
17.7592 	EXP 	window1: blendMode = 'avg'
17.7768 	EXP 	window1: blendMode = 'avg'
17.7774 	EXP 	window1: blendMode = 'avg'
17.7779 	EXP 	window1: blendMode = 'avg'
17.7975 	EXP 	window1: blendMode = 'avg'
17.7984 	EXP 	window1: blendMode = 'avg'
17.7992 	EXP 	window1: blendMode = 'avg'
17.8177 	EXP 	window1: blendMode = 'avg'
17.8181 	EXP 	window1: blendMode = 'avg'
17.8187 	EXP 	window1: blendMode = 'avg'
17.8373 	EXP 	window1: blendMode = 'avg'
17.8379 	EXP 	window1: blendMode = 'avg'
17.8384 	EXP 	window1: blendMode = 'avg'
17.8572 	EXP 	window1: blendMode = 'avg'
17.8579 	EXP 	window1: blendMode = 'avg'
17.8584 	EXP 	window1: blendMode = 'avg'
17.8769 	EXP 	window1: blendMode = 'avg'
17.8775 	EXP 	window1: blendMode = 'avg'
17.8779 	EXP 	window1: blendMode = 'avg'
17.8980 	EXP 	window1: blendMode = 'avg'
17.8989 	EXP 	window1: blendMode = 'avg'
17.8997 	EXP 	window1: blendMode = 'avg'
17.9166 	EXP 	window1: blendMode = 'avg'
17.9171 	EXP 	window1: blendMode = 'avg'
17.9176 	EXP 	window1: blendMode = 'avg'
17.9372 	EXP 	window1: blendMode = 'avg'
17.9377 	EXP 	window1: blendMode = 'avg'
17.9382 	EXP 	window1: blendMode = 'avg'
17.9579 	EXP 	window1: blendMode = 'avg'
17.9587 	EXP 	window1: blendMode = 'avg'
17.9594 	EXP 	window1: blendMode = 'avg'
17.9764 	EXP 	window1: blendMode = 'avg'
17.9769 	EXP 	window1: blendMode = 'avg'
17.9774 	EXP 	window1: blendMode = 'avg'
17.9976 	EXP 	window1: blendMode = 'avg'
17.9983 	EXP 	window1: blendMode = 'avg'
17.9988 	EXP 	window1: blendMode = 'avg'
18.0171 	EXP 	window1: blendMode = 'avg'
18.0176 	EXP 	window1: blendMode = 'avg'
18.0182 	EXP 	window1: blendMode = 'avg'
18.0377 	EXP 	window1: blendMode = 'avg'
18.0383 	EXP 	window1: blendMode = 'avg'
18.0388 	EXP 	window1: blendMode = 'avg'
18.0571 	EXP 	window1: blendMode = 'avg'
18.0576 	EXP 	window1: blendMode = 'avg'
18.0581 	EXP 	window1: blendMode = 'avg'
18.0768 	EXP 	window1: blendMode = 'avg'
18.0773 	EXP 	window1: blendMode = 'avg'
18.0777 	EXP 	window1: blendMode = 'avg'
18.0977 	EXP 	window1: blendMode = 'avg'
18.0985 	EXP 	window1: blendMode = 'avg'
18.0993 	EXP 	window1: blendMode = 'avg'
18.1170 	EXP 	window1: blendMode = 'avg'
18.1176 	EXP 	window1: blendMode = 'avg'
18.1358 	EXP 	Ready_Cue: autoDraw = False
18.1372 	EXP 	window1: blendMode = 'avg'
18.1378 	EXP 	window1: blendMode = 'avg'
18.1562 	EXP 	Zoid_Left: autoDraw = True
18.1562 	EXP 	Zoid_Right: autoDraw = True
18.1575 	EXP 	window1: blendMode = 'avg'
18.1580 	EXP 	window1: blendMode = 'avg'
18.1779 	EXP 	window1: blendMode = 'avg'
18.1784 	EXP 	window1: blendMode = 'avg'
18.1976 	EXP 	window1: blendMode = 'avg'
18.1981 	EXP 	window1: blendMode = 'avg'
18.2172 	EXP 	window1: blendMode = 'avg'
18.2177 	EXP 	window1: blendMode = 'avg'
18.2374 	EXP 	window1: blendMode = 'avg'
18.2379 	EXP 	window1: blendMode = 'avg'
18.2581 	EXP 	window1: blendMode = 'avg'
18.2588 	EXP 	window1: blendMode = 'avg'
18.2780 	EXP 	window1: blendMode = 'avg'
18.2787 	EXP 	window1: blendMode = 'avg'
18.2982 	EXP 	window1: blendMode = 'avg'
18.2989 	EXP 	window1: blendMode = 'avg'
18.3188 	EXP 	window1: blendMode = 'avg'
18.3197 	EXP 	window1: blendMode = 'avg'
18.3383 	EXP 	window1: blendMode = 'avg'
18.3392 	EXP 	window1: blendMode = 'avg'
18.3581 	EXP 	window1: blendMode = 'avg'
18.3588 	EXP 	window1: blendMode = 'avg'
18.3770 	EXP 	window1: blendMode = 'avg'
18.3777 	EXP 	window1: blendMode = 'avg'
18.3967 	EXP 	window1: blendMode = 'avg'
18.3972 	EXP 	window1: blendMode = 'avg'
18.4177 	EXP 	window1: blendMode = 'avg'
18.4190 	EXP 	window1: blendMode = 'avg'
18.4362 	EXP 	window1: blendMode = 'avg'
18.4370 	EXP 	window1: blendMode = 'avg'
18.4589 	EXP 	window1: blendMode = 'avg'
18.4597 	EXP 	window1: blendMode = 'avg'
18.4771 	EXP 	window1: blendMode = 'avg'
18.4775 	EXP 	window1: blendMode = 'avg'
18.4965 	EXP 	window1: blendMode = 'avg'
18.4969 	EXP 	window1: blendMode = 'avg'
18.5160 	EXP 	window1: blendMode = 'avg'
18.5168 	EXP 	window1: blendMode = 'avg'
18.5358 	DATA 	Keypress: z
18.5518 	EXP 	New trial (rep=1, index=0): None
18.5538 	EXP 	window1: blendMode = 'avg'
18.5541 	EXP 	window1: blendMode = 'avg'
18.5544 	EXP 	window1: blendMode = 'avg'
18.5620 	EXP 	Orientation_Cue: autoDraw = False
18.5620 	EXP 	Ready_Cue: autoDraw = False
18.5620 	EXP 	Zoid_Left: autoDraw = False
18.5620 	EXP 	Zoid_Right: autoDraw = False
18.5620 	EXP 	Zoid_Left: vertices = ((0.5, 0), (1.5, 0), (1.5, 1), (-1.5, 1), (-1.5, 0), (-0.5, 0), (-0.5, -1), (0.5, -1))
18.5620 	EXP 	Zoid_Left: ori = 180
18.5620 	EXP 	Zoid_Right: vertices = ((0, -0.5), (1, -0.5), (1, -1.5), (-1, -1.5), (-1, 1.5), (0, 1.5))
18.5620 	EXP 	Zoid_Right: ori = 90
18.5620 	EXP 	Orientation_Cue: autoDraw = True
18.5628 	EXP 	window1: blendMode = 'avg'
18.5632 	EXP 	window1: blendMode = 'avg'
18.5635 	EXP 	window1: blendMode = 'avg'
18.5755 	EXP 	window1: blendMode = 'avg'
18.5759 	EXP 	window1: blendMode = 'avg'
18.5763 	EXP 	window1: blendMode = 'avg'
18.5952 	EXP 	window1: blendMode = 'avg'
18.5955 	EXP 	window1: blendMode = 'avg'
18.5958 	EXP 	window1: blendMode = 'avg'
18.6153 	EXP 	window1: blendMode = 'avg'
18.6156 	EXP 	window1: blendMode = 'avg'
18.6159 	EXP 	window1: blendMode = 'avg'
18.6365 	EXP 	window1: blendMode = 'avg'
18.6372 	EXP 	window1: blendMode = 'avg'
18.6377 	EXP 	window1: blendMode = 'avg'
18.6565 	EXP 	window1: blendMode = 'avg'
18.6570 	EXP 	window1: blendMode = 'avg'
18.6574 	EXP 	window1: blendMode = 'avg'
18.6773 	EXP 	window1: blendMode = 'avg'
18.6779 	EXP 	window1: blendMode = 'avg'
18.6784 	EXP 	window1: blendMode = 'avg'
18.6956 	EXP 	window1: blendMode = 'avg'
18.6961 	EXP 	window1: blendMode = 'avg'
18.6965 	EXP 	window1: blendMode = 'avg'
18.7157 	EXP 	window1: blendMode = 'avg'
18.7162 	EXP 	window1: blendMode = 'avg'
18.7169 	EXP 	window1: blendMode = 'avg'
18.7363 	EXP 	window1: blendMode = 'avg'
18.7371 	EXP 	window1: blendMode = 'avg'
18.7378 	EXP 	window1: blendMode = 'avg'
18.7573 	EXP 	window1: blendMode = 'avg'
18.7579 	EXP 	window1: blendMode = 'avg'
18.7583 	EXP 	window1: blendMode = 'avg'
18.7767 	EXP 	window1: blendMode = 'avg'
18.7772 	EXP 	window1: blendMode = 'avg'
18.7777 	EXP 	window1: blendMode = 'avg'
18.7970 	EXP 	window1: blendMode = 'avg'
18.7974 	EXP 	window1: blendMode = 'avg'
18.7979 	EXP 	window1: blendMode = 'avg'
18.8174 	EXP 	window1: blendMode = 'avg'
18.8182 	EXP 	window1: blendMode = 'avg'
18.8190 	EXP 	window1: blendMode = 'avg'
18.8381 	EXP 	window1: blendMode = 'avg'
18.8387 	EXP 	window1: blendMode = 'avg'
18.8392 	EXP 	window1: blendMode = 'avg'
18.8565 	EXP 	window1: blendMode = 'avg'
18.8571 	EXP 	window1: blendMode = 'avg'
18.8576 	EXP 	window1: blendMode = 'avg'
18.8769 	EXP 	window1: blendMode = 'avg'
18.8774 	EXP 	window1: blendMode = 'avg'
18.8780 	EXP 	window1: blendMode = 'avg'
18.8975 	EXP 	window1: blendMode = 'avg'
18.8981 	EXP 	window1: blendMode = 'avg'
18.8985 	EXP 	window1: blendMode = 'avg'
18.9174 	EXP 	window1: blendMode = 'avg'
18.9180 	EXP 	window1: blendMode = 'avg'
18.9187 	EXP 	window1: blendMode = 'avg'
18.9379 	EXP 	window1: blendMode = 'avg'
18.9387 	EXP 	window1: blendMode = 'avg'
18.9394 	EXP 	window1: blendMode = 'avg'
18.9569 	EXP 	window1: blendMode = 'avg'
18.9577 	EXP 	window1: blendMode = 'avg'
18.9583 	EXP 	window1: blendMode = 'avg'
18.9767 	EXP 	window1: blendMode = 'avg'
18.9773 	EXP 	window1: blendMode = 'avg'
18.9778 	EXP 	window1: blendMode = 'avg'
18.9967 	EXP 	window1: blendMode = 'avg'
18.9973 	EXP 	window1: blendMode = 'avg'
18.9978 	EXP 	window1: blendMode = 'avg'
19.0170 	EXP 	window1: blendMode = 'avg'
19.0175 	EXP 	window1: blendMode = 'avg'
19.0179 	EXP 	window1: blendMode = 'avg'
19.0374 	EXP 	window1: blendMode = 'avg'
19.0383 	EXP 	window1: blendMode = 'avg'
19.0388 	EXP 	window1: blendMode = 'avg'
19.0573 	EXP 	window1: blendMode = 'avg'
19.0578 	EXP 	window1: blendMode = 'avg'
19.0583 	EXP 	window1: blendMode = 'avg'
19.0770 	EXP 	window1: blendMode = 'avg'
19.0775 	EXP 	window1: blendMode = 'avg'
19.0780 	EXP 	window1: blendMode = 'avg'
19.0974 	EXP 	window1: blendMode = 'avg'
19.0979 	EXP 	window1: blendMode = 'avg'
19.0984 	EXP 	window1: blendMode = 'avg'
19.1183 	EXP 	window1: blendMode = 'avg'
19.1190 	EXP 	window1: blendMode = 'avg'
19.1199 	EXP 	window1: blendMode = 'avg'
19.1384 	EXP 	window1: blendMode = 'avg'
19.1395 	EXP 	window1: blendMode = 'avg'
19.1401 	EXP 	window1: blendMode = 'avg'
19.1578 	EXP 	window1: blendMode = 'avg'
19.1585 	EXP 	window1: blendMode = 'avg'
19.1591 	EXP 	window1: blendMode = 'avg'
19.1782 	EXP 	window1: blendMode = 'avg'
19.1788 	EXP 	window1: blendMode = 'avg'
19.1794 	EXP 	window1: blendMode = 'avg'
19.1971 	EXP 	window1: blendMode = 'avg'
19.1977 	EXP 	window1: blendMode = 'avg'
19.1982 	EXP 	window1: blendMode = 'avg'
19.2179 	EXP 	window1: blendMode = 'avg'
19.2189 	EXP 	window1: blendMode = 'avg'
19.2199 	EXP 	window1: blendMode = 'avg'
19.2382 	EXP 	window1: blendMode = 'avg'
19.2392 	EXP 	window1: blendMode = 'avg'
19.2398 	EXP 	window1: blendMode = 'avg'
19.2580 	EXP 	window1: blendMode = 'avg'
19.2587 	EXP 	window1: blendMode = 'avg'
19.2593 	EXP 	window1: blendMode = 'avg'
19.2777 	EXP 	window1: blendMode = 'avg'
19.2783 	EXP 	window1: blendMode = 'avg'
19.2788 	EXP 	window1: blendMode = 'avg'
19.2985 	EXP 	window1: blendMode = 'avg'
19.2995 	EXP 	window1: blendMode = 'avg'
19.3004 	EXP 	window1: blendMode = 'avg'
19.3200 	EXP 	window1: blendMode = 'avg'
19.3210 	EXP 	window1: blendMode = 'avg'
19.3220 	EXP 	window1: blendMode = 'avg'
19.3372 	EXP 	window1: blendMode = 'avg'
19.3380 	EXP 	window1: blendMode = 'avg'
19.3386 	EXP 	window1: blendMode = 'avg'
19.3556 	EXP 	window1: blendMode = 'avg'
19.3558 	EXP 	window1: blendMode = 'avg'
19.3561 	EXP 	window1: blendMode = 'avg'
19.3755 	EXP 	window1: blendMode = 'avg'
19.3759 	EXP 	window1: blendMode = 'avg'
19.3763 	EXP 	window1: blendMode = 'avg'
19.3956 	EXP 	window1: blendMode = 'avg'
19.3960 	EXP 	window1: blendMode = 'avg'
19.3965 	EXP 	window1: blendMode = 'avg'
19.4190 	EXP 	window1: blendMode = 'avg'
19.4200 	EXP 	window1: blendMode = 'avg'
19.4210 	EXP 	window1: blendMode = 'avg'
19.4385 	EXP 	window1: blendMode = 'avg'
19.4392 	EXP 	window1: blendMode = 'avg'
19.4398 	EXP 	window1: blendMode = 'avg'
19.4585 	EXP 	window1: blendMode = 'avg'
19.4596 	EXP 	window1: blendMode = 'avg'
19.4611 	EXP 	window1: blendMode = 'avg'
19.4774 	EXP 	window1: blendMode = 'avg'
19.4780 	EXP 	window1: blendMode = 'avg'
19.4786 	EXP 	window1: blendMode = 'avg'
19.4975 	EXP 	window1: blendMode = 'avg'
19.4985 	EXP 	window1: blendMode = 'avg'
19.4991 	EXP 	window1: blendMode = 'avg'
19.5181 	EXP 	window1: blendMode = 'avg'
19.5190 	EXP 	window1: blendMode = 'avg'
19.5200 	EXP 	window1: blendMode = 'avg'
19.5381 	EXP 	window1: blendMode = 'avg'
19.5388 	EXP 	window1: blendMode = 'avg'
19.5393 	EXP 	window1: blendMode = 'avg'
19.5577 	EXP 	window1: blendMode = 'avg'
19.5583 	EXP 	window1: blendMode = 'avg'
19.5588 	EXP 	window1: blendMode = 'avg'
19.5777 	EXP 	window1: blendMode = 'avg'
19.5783 	EXP 	window1: blendMode = 'avg'
19.5789 	EXP 	window1: blendMode = 'avg'
19.5994 	EXP 	window1: blendMode = 'avg'
19.6001 	EXP 	window1: blendMode = 'avg'
19.6009 	EXP 	window1: blendMode = 'avg'
19.6191 	EXP 	window1: blendMode = 'avg'
19.6200 	EXP 	window1: blendMode = 'avg'
19.6209 	EXP 	window1: blendMode = 'avg'
19.6387 	EXP 	window1: blendMode = 'avg'
19.6397 	EXP 	window1: blendMode = 'avg'
19.6405 	EXP 	window1: blendMode = 'avg'
19.6593 	EXP 	window1: blendMode = 'avg'
19.6603 	EXP 	window1: blendMode = 'avg'
19.6610 	EXP 	window1: blendMode = 'avg'
19.6798 	EXP 	window1: blendMode = 'avg'
19.6807 	EXP 	window1: blendMode = 'avg'
19.6815 	EXP 	window1: blendMode = 'avg'
19.6984 	EXP 	window1: blendMode = 'avg'
19.6990 	EXP 	window1: blendMode = 'avg'
19.6997 	EXP 	window1: blendMode = 'avg'
19.7192 	EXP 	window1: blendMode = 'avg'
19.7201 	EXP 	window1: blendMode = 'avg'
19.7211 	EXP 	window1: blendMode = 'avg'
19.7390 	EXP 	window1: blendMode = 'avg'
19.7399 	EXP 	window1: blendMode = 'avg'
19.7406 	EXP 	window1: blendMode = 'avg'
19.7553 	EXP 	window1: blendMode = 'avg'
19.7557 	EXP 	window1: blendMode = 'avg'
19.7560 	EXP 	window1: blendMode = 'avg'
19.7749 	EXP 	window1: blendMode = 'avg'
19.7751 	EXP 	window1: blendMode = 'avg'
19.7754 	EXP 	window1: blendMode = 'avg'
19.7947 	EXP 	window1: blendMode = 'avg'
19.7950 	EXP 	window1: blendMode = 'avg'
19.7952 	EXP 	window1: blendMode = 'avg'
19.8151 	EXP 	window1: blendMode = 'avg'
19.8153 	EXP 	window1: blendMode = 'avg'
19.8156 	EXP 	window1: blendMode = 'avg'
19.8349 	EXP 	window1: blendMode = 'avg'
19.8352 	EXP 	window1: blendMode = 'avg'
19.8354 	EXP 	window1: blendMode = 'avg'
19.8550 	EXP 	window1: blendMode = 'avg'
19.8553 	EXP 	window1: blendMode = 'avg'
19.8556 	EXP 	window1: blendMode = 'avg'
19.8751 	EXP 	window1: blendMode = 'avg'
19.8754 	EXP 	window1: blendMode = 'avg'
19.8756 	EXP 	window1: blendMode = 'avg'
19.8973 	EXP 	window1: blendMode = 'avg'
19.8978 	EXP 	window1: blendMode = 'avg'
19.8984 	EXP 	window1: blendMode = 'avg'
19.9168 	EXP 	window1: blendMode = 'avg'
19.9177 	EXP 	window1: blendMode = 'avg'
19.9190 	EXP 	window1: blendMode = 'avg'
19.9380 	EXP 	window1: blendMode = 'avg'
19.9386 	EXP 	window1: blendMode = 'avg'
19.9392 	EXP 	window1: blendMode = 'avg'
19.9579 	EXP 	window1: blendMode = 'avg'
19.9585 	EXP 	window1: blendMode = 'avg'
19.9591 	EXP 	window1: blendMode = 'avg'
19.9775 	EXP 	window1: blendMode = 'avg'
19.9781 	EXP 	window1: blendMode = 'avg'
19.9787 	EXP 	window1: blendMode = 'avg'
19.9970 	EXP 	window1: blendMode = 'avg'
19.9979 	EXP 	window1: blendMode = 'avg'
19.9985 	EXP 	window1: blendMode = 'avg'
20.0176 	EXP 	window1: blendMode = 'avg'
20.0186 	EXP 	window1: blendMode = 'avg'
20.0196 	EXP 	window1: blendMode = 'avg'
20.0379 	EXP 	window1: blendMode = 'avg'
20.0386 	EXP 	window1: blendMode = 'avg'
20.0393 	EXP 	window1: blendMode = 'avg'
20.0576 	EXP 	window1: blendMode = 'avg'
20.0582 	EXP 	window1: blendMode = 'avg'
20.0588 	EXP 	window1: blendMode = 'avg'
20.0774 	EXP 	window1: blendMode = 'avg'
20.0780 	EXP 	window1: blendMode = 'avg'
20.0786 	EXP 	window1: blendMode = 'avg'
20.0983 	EXP 	window1: blendMode = 'avg'
20.0988 	EXP 	window1: blendMode = 'avg'
20.0994 	EXP 	window1: blendMode = 'avg'
20.1183 	EXP 	window1: blendMode = 'avg'
20.1193 	EXP 	window1: blendMode = 'avg'
20.1202 	EXP 	window1: blendMode = 'avg'
20.1382 	EXP 	window1: blendMode = 'avg'
20.1392 	EXP 	window1: blendMode = 'avg'
20.1401 	EXP 	window1: blendMode = 'avg'
20.1574 	EXP 	window1: blendMode = 'avg'
20.1582 	EXP 	window1: blendMode = 'avg'
20.1587 	EXP 	window1: blendMode = 'avg'
20.1789 	EXP 	window1: blendMode = 'avg'
20.1795 	EXP 	window1: blendMode = 'avg'
20.1801 	EXP 	window1: blendMode = 'avg'
20.1973 	EXP 	window1: blendMode = 'avg'
20.1980 	EXP 	window1: blendMode = 'avg'
20.1986 	EXP 	window1: blendMode = 'avg'
20.2175 	EXP 	window1: blendMode = 'avg'
20.2185 	EXP 	window1: blendMode = 'avg'
20.2196 	EXP 	window1: blendMode = 'avg'
20.2381 	EXP 	window1: blendMode = 'avg'
20.2389 	EXP 	window1: blendMode = 'avg'
20.2395 	EXP 	window1: blendMode = 'avg'
20.2578 	EXP 	window1: blendMode = 'avg'
20.2587 	EXP 	window1: blendMode = 'avg'
20.2594 	EXP 	window1: blendMode = 'avg'
20.2767 	EXP 	window1: blendMode = 'avg'
20.2773 	EXP 	window1: blendMode = 'avg'
20.2778 	EXP 	window1: blendMode = 'avg'
20.2975 	EXP 	window1: blendMode = 'avg'
20.2982 	EXP 	window1: blendMode = 'avg'
20.2988 	EXP 	window1: blendMode = 'avg'
20.3176 	EXP 	window1: blendMode = 'avg'
20.3183 	EXP 	window1: blendMode = 'avg'
20.3194 	EXP 	window1: blendMode = 'avg'
20.3382 	EXP 	window1: blendMode = 'avg'
20.3390 	EXP 	window1: blendMode = 'avg'
20.3396 	EXP 	window1: blendMode = 'avg'
20.3577 	EXP 	window1: blendMode = 'avg'
20.3585 	EXP 	window1: blendMode = 'avg'
20.3593 	EXP 	window1: blendMode = 'avg'
20.3785 	EXP 	window1: blendMode = 'avg'
20.3793 	EXP 	window1: blendMode = 'avg'
20.3801 	EXP 	window1: blendMode = 'avg'
20.3971 	EXP 	window1: blendMode = 'avg'
20.3979 	EXP 	window1: blendMode = 'avg'
20.3986 	EXP 	window1: blendMode = 'avg'
20.4172 	EXP 	window1: blendMode = 'avg'
20.4182 	EXP 	window1: blendMode = 'avg'
20.4192 	EXP 	window1: blendMode = 'avg'
20.4377 	EXP 	window1: blendMode = 'avg'
20.4387 	EXP 	window1: blendMode = 'avg'
20.4395 	EXP 	window1: blendMode = 'avg'
20.4587 	EXP 	window1: blendMode = 'avg'
20.4596 	EXP 	window1: blendMode = 'avg'
20.4605 	EXP 	window1: blendMode = 'avg'
20.4790 	EXP 	window1: blendMode = 'avg'
20.4799 	EXP 	window1: blendMode = 'avg'
20.4806 	EXP 	window1: blendMode = 'avg'
20.4952 	EXP 	window1: blendMode = 'avg'
20.4955 	EXP 	window1: blendMode = 'avg'
20.4959 	EXP 	window1: blendMode = 'avg'
20.5154 	EXP 	window1: blendMode = 'avg'
20.5160 	EXP 	window1: blendMode = 'avg'
20.5165 	EXP 	window1: blendMode = 'avg'
20.5357 	EXP 	window1: blendMode = 'avg'
20.5361 	EXP 	window1: blendMode = 'avg'
20.5364 	EXP 	window1: blendMode = 'avg'
20.5555 	EXP 	window1: blendMode = 'avg'
20.5559 	EXP 	window1: blendMode = 'avg'
20.5563 	EXP 	window1: blendMode = 'avg'
20.5743 	EXP 	Orientation_Cue: autoDraw = False
20.5743 	EXP 	Ready_Cue: autoDraw = True
20.5756 	EXP 	window1: blendMode = 'avg'
20.5760 	EXP 	window1: blendMode = 'avg'
20.5766 	EXP 	window1: blendMode = 'avg'
20.5952 	EXP 	window1: blendMode = 'avg'
20.5956 	EXP 	window1: blendMode = 'avg'
20.5960 	EXP 	window1: blendMode = 'avg'
20.6172 	EXP 	window1: blendMode = 'avg'
20.6179 	EXP 	window1: blendMode = 'avg'
20.6186 	EXP 	window1: blendMode = 'avg'
20.6382 	EXP 	window1: blendMode = 'avg'
20.6393 	EXP 	window1: blendMode = 'avg'
20.6400 	EXP 	window1: blendMode = 'avg'
20.6570 	EXP 	window1: blendMode = 'avg'
20.6579 	EXP 	window1: blendMode = 'avg'
20.6586 	EXP 	window1: blendMode = 'avg'
20.6783 	EXP 	window1: blendMode = 'avg'
20.6790 	EXP 	window1: blendMode = 'avg'
20.6797 	EXP 	window1: blendMode = 'avg'
20.6965 	EXP 	window1: blendMode = 'avg'
20.6971 	EXP 	window1: blendMode = 'avg'
20.6978 	EXP 	window1: blendMode = 'avg'
20.7178 	EXP 	window1: blendMode = 'avg'
20.7187 	EXP 	window1: blendMode = 'avg'
20.7198 	EXP 	window1: blendMode = 'avg'
20.7378 	EXP 	window1: blendMode = 'avg'
20.7388 	EXP 	window1: blendMode = 'avg'
20.7399 	EXP 	window1: blendMode = 'avg'
20.7587 	EXP 	window1: blendMode = 'avg'
20.7597 	EXP 	window1: blendMode = 'avg'
20.7604 	EXP 	window1: blendMode = 'avg'
20.7790 	EXP 	window1: blendMode = 'avg'
20.7798 	EXP 	window1: blendMode = 'avg'
20.7804 	EXP 	window1: blendMode = 'avg'
20.7984 	EXP 	window1: blendMode = 'avg'
20.7989 	EXP 	window1: blendMode = 'avg'
20.7994 	EXP 	window1: blendMode = 'avg'
20.8170 	EXP 	window1: blendMode = 'avg'
20.8175 	EXP 	window1: blendMode = 'avg'
20.8180 	EXP 	window1: blendMode = 'avg'
20.8374 	EXP 	window1: blendMode = 'avg'
20.8381 	EXP 	window1: blendMode = 'avg'
20.8386 	EXP 	window1: blendMode = 'avg'
20.8568 	EXP 	window1: blendMode = 'avg'
20.8575 	EXP 	window1: blendMode = 'avg'
20.8582 	EXP 	window1: blendMode = 'avg'
20.8776 	EXP 	window1: blendMode = 'avg'
20.8782 	EXP 	window1: blendMode = 'avg'
20.8787 	EXP 	window1: blendMode = 'avg'
20.8984 	EXP 	window1: blendMode = 'avg'
20.8997 	EXP 	window1: blendMode = 'avg'
20.9009 	EXP 	window1: blendMode = 'avg'
20.9169 	EXP 	window1: blendMode = 'avg'
20.9176 	EXP 	window1: blendMode = 'avg'
20.9183 	EXP 	window1: blendMode = 'avg'
20.9368 	EXP 	window1: blendMode = 'avg'
20.9376 	EXP 	window1: blendMode = 'avg'
20.9384 	EXP 	window1: blendMode = 'avg'
20.9570 	EXP 	window1: blendMode = 'avg'
20.9575 	EXP 	window1: blendMode = 'avg'
20.9580 	EXP 	window1: blendMode = 'avg'
20.9762 	EXP 	window1: blendMode = 'avg'
20.9767 	EXP 	window1: blendMode = 'avg'
20.9771 	EXP 	window1: blendMode = 'avg'
20.9957 	EXP 	window1: blendMode = 'avg'
20.9962 	EXP 	window1: blendMode = 'avg'
20.9966 	EXP 	window1: blendMode = 'avg'
21.0167 	EXP 	window1: blendMode = 'avg'
21.0172 	EXP 	window1: blendMode = 'avg'
21.0176 	EXP 	window1: blendMode = 'avg'
21.0367 	EXP 	window1: blendMode = 'avg'
21.0374 	EXP 	window1: blendMode = 'avg'
21.0379 	EXP 	window1: blendMode = 'avg'
21.0565 	EXP 	window1: blendMode = 'avg'
21.0570 	EXP 	window1: blendMode = 'avg'
21.0748 	EXP 	Ready_Cue: autoDraw = False
21.0748 	EXP 	Zoid_Left: autoDraw = True
21.0748 	EXP 	Zoid_Right: autoDraw = True
21.0762 	EXP 	window1: blendMode = 'avg'
21.0768 	EXP 	window1: blendMode = 'avg'
21.0961 	EXP 	window1: blendMode = 'avg'
21.0966 	EXP 	window1: blendMode = 'avg'
21.1160 	EXP 	window1: blendMode = 'avg'
21.1166 	EXP 	window1: blendMode = 'avg'
21.1360 	EXP 	window1: blendMode = 'avg'
21.1368 	EXP 	window1: blendMode = 'avg'
21.1562 	EXP 	window1: blendMode = 'avg'
21.1566 	EXP 	window1: blendMode = 'avg'
21.1765 	EXP 	window1: blendMode = 'avg'
21.1770 	EXP 	window1: blendMode = 'avg'
21.1966 	EXP 	window1: blendMode = 'avg'
21.1974 	EXP 	window1: blendMode = 'avg'
21.2173 	EXP 	window1: blendMode = 'avg'
21.2179 	EXP 	window1: blendMode = 'avg'
21.2368 	EXP 	window1: blendMode = 'avg'
21.2376 	EXP 	window1: blendMode = 'avg'
21.2560 	EXP 	window1: blendMode = 'avg'
21.2565 	EXP 	window1: blendMode = 'avg'
21.2758 	EXP 	window1: blendMode = 'avg'
21.2763 	EXP 	window1: blendMode = 'avg'
21.2965 	EXP 	window1: blendMode = 'avg'
21.2972 	EXP 	window1: blendMode = 'avg'
21.3160 	EXP 	window1: blendMode = 'avg'
21.3164 	EXP 	window1: blendMode = 'avg'
21.3389 	DATA 	Keypress: m
21.3685 	EXP 	New trial (rep=2, index=0): None
21.3721 	EXP 	window1: blendMode = 'avg'
21.3728 	EXP 	window1: blendMode = 'avg'
21.3734 	EXP 	window1: blendMode = 'avg'
21.3826 	EXP 	Orientation_Cue: autoDraw = False
21.3826 	EXP 	Ready_Cue: autoDraw = False
21.3826 	EXP 	Zoid_Left: autoDraw = False
21.3826 	EXP 	Zoid_Right: autoDraw = False
21.3826 	EXP 	Zoid_Left: vertices = ((0, -0.5), (1, -0.5), (1, -1.5), (-1, -1.5), (-1, 1.5), (0, 1.5))
21.3826 	EXP 	Zoid_Left: ori = 270
21.3826 	EXP 	Zoid_Right: vertices = ((1, 1), (-1, 1), (-1, -1), (1, -1))
21.3826 	EXP 	Zoid_Right: ori = 0
21.3826 	EXP 	Orientation_Cue: autoDraw = True
21.3841 	EXP 	window1: blendMode = 'avg'
21.3847 	EXP 	window1: blendMode = 'avg'
21.3855 	EXP 	window1: blendMode = 'avg'
21.3994 	EXP 	window1: blendMode = 'avg'
21.4002 	EXP 	window1: blendMode = 'avg'
21.4009 	EXP 	window1: blendMode = 'avg'
21.4175 	EXP 	window1: blendMode = 'avg'
21.4184 	EXP 	window1: blendMode = 'avg'
21.4194 	EXP 	window1: blendMode = 'avg'
21.4386 	EXP 	window1: blendMode = 'avg'
21.4398 	EXP 	window1: blendMode = 'avg'
21.4409 	EXP 	window1: blendMode = 'avg'
21.4597 	EXP 	window1: blendMode = 'avg'
21.4606 	EXP 	window1: blendMode = 'avg'
21.4615 	EXP 	window1: blendMode = 'avg'
21.4788 	EXP 	window1: blendMode = 'avg'
21.4797 	EXP 	window1: blendMode = 'avg'
21.4804 	EXP 	window1: blendMode = 'avg'
21.4967 	EXP 	window1: blendMode = 'avg'
21.4971 	EXP 	window1: blendMode = 'avg'
21.4975 	EXP 	window1: blendMode = 'avg'
21.5175 	EXP 	window1: blendMode = 'avg'
21.5181 	EXP 	window1: blendMode = 'avg'
21.5187 	EXP 	window1: blendMode = 'avg'
21.5372 	EXP 	window1: blendMode = 'avg'
21.5379 	EXP 	window1: blendMode = 'avg'
21.5385 	EXP 	window1: blendMode = 'avg'
21.5549 	EXP 	window1: blendMode = 'avg'
21.5552 	EXP 	window1: blendMode = 'avg'
21.5555 	EXP 	window1: blendMode = 'avg'
21.5741 	EXP 	window1: blendMode = 'avg'
21.5744 	EXP 	window1: blendMode = 'avg'
21.5747 	EXP 	window1: blendMode = 'avg'
21.5956 	EXP 	window1: blendMode = 'avg'
21.5962 	EXP 	window1: blendMode = 'avg'
21.5968 	EXP 	window1: blendMode = 'avg'
21.6174 	EXP 	window1: blendMode = 'avg'
21.6180 	EXP 	window1: blendMode = 'avg'
21.6186 	EXP 	window1: blendMode = 'avg'
21.6374 	EXP 	window1: blendMode = 'avg'
21.6382 	EXP 	window1: blendMode = 'avg'
21.6391 	EXP 	window1: blendMode = 'avg'
21.6568 	EXP 	window1: blendMode = 'avg'
21.6575 	EXP 	window1: blendMode = 'avg'
21.6580 	EXP 	window1: blendMode = 'avg'
21.6780 	EXP 	window1: blendMode = 'avg'
21.6789 	EXP 	window1: blendMode = 'avg'
21.6797 	EXP 	window1: blendMode = 'avg'
21.6964 	EXP 	window1: blendMode = 'avg'
21.6969 	EXP 	window1: blendMode = 'avg'
21.6974 	EXP 	window1: blendMode = 'avg'
21.7169 	EXP 	window1: blendMode = 'avg'
21.7176 	EXP 	window1: blendMode = 'avg'
21.7182 	EXP 	window1: blendMode = 'avg'
21.7365 	EXP 	window1: blendMode = 'avg'
21.7374 	EXP 	window1: blendMode = 'avg'
21.7380 	EXP 	window1: blendMode = 'avg'
21.7575 	EXP 	window1: blendMode = 'avg'
21.7581 	EXP 	window1: blendMode = 'avg'
21.7586 	EXP 	window1: blendMode = 'avg'
21.7761 	EXP 	window1: blendMode = 'avg'
21.7767 	EXP 	window1: blendMode = 'avg'
21.7772 	EXP 	window1: blendMode = 'avg'
21.7966 	EXP 	window1: blendMode = 'avg'
21.7973 	EXP 	window1: blendMode = 'avg'
21.7978 	EXP 	window1: blendMode = 'avg'
21.8163 	EXP 	window1: blendMode = 'avg'
21.8169 	EXP 	window1: blendMode = 'avg'
21.8174 	EXP 	window1: blendMode = 'avg'
21.8360 	EXP 	window1: blendMode = 'avg'
21.8367 	EXP 	window1: blendMode = 'avg'
21.8372 	EXP 	window1: blendMode = 'avg'
21.8575 	EXP 	window1: blendMode = 'avg'
21.8582 	EXP 	window1: blendMode = 'avg'
21.8590 	EXP 	window1: blendMode = 'avg'
21.8765 	EXP 	window1: blendMode = 'avg'
21.8773 	EXP 	window1: blendMode = 'avg'
21.8779 	EXP 	window1: blendMode = 'avg'
21.8976 	EXP 	window1: blendMode = 'avg'
21.8982 	EXP 	window1: blendMode = 'avg'
21.8987 	EXP 	window1: blendMode = 'avg'
21.9163 	EXP 	window1: blendMode = 'avg'
21.9169 	EXP 	window1: blendMode = 'avg'
21.9216 	EXP 	window1: blendMode = 'avg'
21.9376 	EXP 	window1: blendMode = 'avg'
21.9384 	EXP 	window1: blendMode = 'avg'
21.9391 	EXP 	window1: blendMode = 'avg'
21.9586 	EXP 	window1: blendMode = 'avg'
21.9595 	EXP 	window1: blendMode = 'avg'
21.9602 	EXP 	window1: blendMode = 'avg'
21.9773 	EXP 	window1: blendMode = 'avg'
21.9779 	EXP 	window1: blendMode = 'avg'
21.9784 	EXP 	window1: blendMode = 'avg'
21.9979 	EXP 	window1: blendMode = 'avg'
21.9989 	EXP 	window1: blendMode = 'avg'
21.9997 	EXP 	window1: blendMode = 'avg'
22.0172 	EXP 	window1: blendMode = 'avg'
22.0181 	EXP 	window1: blendMode = 'avg'
22.0189 	EXP 	window1: blendMode = 'avg'
22.0383 	EXP 	window1: blendMode = 'avg'
22.0392 	EXP 	window1: blendMode = 'avg'
22.0402 	EXP 	window1: blendMode = 'avg'
22.0573 	EXP 	window1: blendMode = 'avg'
22.0580 	EXP 	window1: blendMode = 'avg'
22.0587 	EXP 	window1: blendMode = 'avg'
22.0776 	EXP 	window1: blendMode = 'avg'
22.0784 	EXP 	window1: blendMode = 'avg'
22.0793 	EXP 	window1: blendMode = 'avg'
22.0964 	EXP 	window1: blendMode = 'avg'
22.0970 	EXP 	window1: blendMode = 'avg'
22.0975 	EXP 	window1: blendMode = 'avg'
22.1151 	EXP 	window1: blendMode = 'avg'
22.1155 	EXP 	window1: blendMode = 'avg'
22.1159 	EXP 	window1: blendMode = 'avg'
22.1344 	EXP 	window1: blendMode = 'avg'
22.1347 	EXP 	window1: blendMode = 'avg'
22.1349 	EXP 	window1: blendMode = 'avg'
22.1549 	EXP 	window1: blendMode = 'avg'
22.1554 	EXP 	window1: blendMode = 'avg'
22.1559 	EXP 	window1: blendMode = 'avg'
22.1751 	EXP 	window1: blendMode = 'avg'
22.1754 	EXP 	window1: blendMode = 'avg'
22.1757 	EXP 	window1: blendMode = 'avg'
22.1942 	EXP 	window1: blendMode = 'avg'
22.1944 	EXP 	window1: blendMode = 'avg'
22.1947 	EXP 	window1: blendMode = 'avg'
22.2141 	EXP 	window1: blendMode = 'avg'
22.2144 	EXP 	window1: blendMode = 'avg'
22.2146 	EXP 	window1: blendMode = 'avg'
22.2367 	EXP 	window1: blendMode = 'avg'
22.2375 	EXP 	window1: blendMode = 'avg'
22.2381 	EXP 	window1: blendMode = 'avg'
22.2577 	EXP 	window1: blendMode = 'avg'
22.2583 	EXP 	window1: blendMode = 'avg'
22.2589 	EXP 	window1: blendMode = 'avg'
22.2766 	EXP 	window1: blendMode = 'avg'
22.2773 	EXP 	window1: blendMode = 'avg'
22.2779 	EXP 	window1: blendMode = 'avg'
22.2971 	EXP 	window1: blendMode = 'avg'
22.2981 	EXP 	window1: blendMode = 'avg'
22.2987 	EXP 	window1: blendMode = 'avg'
22.3164 	EXP 	window1: blendMode = 'avg'
22.3170 	EXP 	window1: blendMode = 'avg'
22.3176 	EXP 	window1: blendMode = 'avg'
22.3378 	EXP 	window1: blendMode = 'avg'
22.3385 	EXP 	window1: blendMode = 'avg'
22.3391 	EXP 	window1: blendMode = 'avg'
22.3584 	EXP 	window1: blendMode = 'avg'
22.3594 	EXP 	window1: blendMode = 'avg'
22.3601 	EXP 	window1: blendMode = 'avg'
22.3780 	EXP 	window1: blendMode = 'avg'
22.3784 	EXP 	window1: blendMode = 'avg'
22.3788 	EXP 	window1: blendMode = 'avg'
22.3949 	EXP 	window1: blendMode = 'avg'
22.3953 	EXP 	window1: blendMode = 'avg'
22.3956 	EXP 	window1: blendMode = 'avg'
22.4145 	EXP 	window1: blendMode = 'avg'
22.4148 	EXP 	window1: blendMode = 'avg'
22.4152 	EXP 	window1: blendMode = 'avg'
22.4343 	EXP 	window1: blendMode = 'avg'
22.4347 	EXP 	window1: blendMode = 'avg'
22.4352 	EXP 	window1: blendMode = 'avg'
22.4553 	EXP 	window1: blendMode = 'avg'
22.4559 	EXP 	window1: blendMode = 'avg'
22.4565 	EXP 	window1: blendMode = 'avg'
22.4750 	EXP 	window1: blendMode = 'avg'
22.4754 	EXP 	window1: blendMode = 'avg'
22.4758 	EXP 	window1: blendMode = 'avg'
22.4942 	EXP 	window1: blendMode = 'avg'
22.4946 	EXP 	window1: blendMode = 'avg'
22.4950 	EXP 	window1: blendMode = 'avg'
22.5154 	EXP 	window1: blendMode = 'avg'
22.5158 	EXP 	window1: blendMode = 'avg'
22.5162 	EXP 	window1: blendMode = 'avg'
22.5359 	EXP 	window1: blendMode = 'avg'
22.5367 	EXP 	window1: blendMode = 'avg'
22.5373 	EXP 	window1: blendMode = 'avg'
22.5550 	EXP 	window1: blendMode = 'avg'
22.5554 	EXP 	window1: blendMode = 'avg'
22.5558 	EXP 	window1: blendMode = 'avg'
22.5757 	EXP 	window1: blendMode = 'avg'
22.5763 	EXP 	window1: blendMode = 'avg'
22.5767 	EXP 	window1: blendMode = 'avg'
22.5953 	EXP 	window1: blendMode = 'avg'
22.5959 	EXP 	window1: blendMode = 'avg'
22.5964 	EXP 	window1: blendMode = 'avg'
22.6149 	EXP 	window1: blendMode = 'avg'
22.6153 	EXP 	window1: blendMode = 'avg'
22.6157 	EXP 	window1: blendMode = 'avg'
22.6346 	EXP 	window1: blendMode = 'avg'
22.6350 	EXP 	window1: blendMode = 'avg'
22.6353 	EXP 	window1: blendMode = 'avg'
22.6573 	EXP 	window1: blendMode = 'avg'
22.6584 	EXP 	window1: blendMode = 'avg'
22.6592 	EXP 	window1: blendMode = 'avg'
22.6777 	EXP 	window1: blendMode = 'avg'
22.6784 	EXP 	window1: blendMode = 'avg'
22.6790 	EXP 	window1: blendMode = 'avg'
22.6970 	EXP 	window1: blendMode = 'avg'
22.6978 	EXP 	window1: blendMode = 'avg'
22.6984 	EXP 	window1: blendMode = 'avg'
22.7164 	EXP 	window1: blendMode = 'avg'
22.7174 	EXP 	window1: blendMode = 'avg'
22.7184 	EXP 	window1: blendMode = 'avg'
22.7377 	EXP 	window1: blendMode = 'avg'
22.7389 	EXP 	window1: blendMode = 'avg'
22.7398 	EXP 	window1: blendMode = 'avg'
22.7587 	EXP 	window1: blendMode = 'avg'
22.7599 	EXP 	window1: blendMode = 'avg'
22.7611 	EXP 	window1: blendMode = 'avg'
22.7778 	EXP 	window1: blendMode = 'avg'
22.7787 	EXP 	window1: blendMode = 'avg'
22.7794 	EXP 	window1: blendMode = 'avg'
22.7983 	EXP 	window1: blendMode = 'avg'
22.7995 	EXP 	window1: blendMode = 'avg'
22.8003 	EXP 	window1: blendMode = 'avg'
22.8171 	EXP 	window1: blendMode = 'avg'
22.8179 	EXP 	window1: blendMode = 'avg'
22.8185 	EXP 	window1: blendMode = 'avg'
22.8379 	EXP 	window1: blendMode = 'avg'
22.8390 	EXP 	window1: blendMode = 'avg'
22.8398 	EXP 	window1: blendMode = 'avg'
22.8577 	EXP 	window1: blendMode = 'avg'
22.8588 	EXP 	window1: blendMode = 'avg'
22.8595 	EXP 	window1: blendMode = 'avg'
22.8775 	EXP 	window1: blendMode = 'avg'
22.8786 	EXP 	window1: blendMode = 'avg'
22.8794 	EXP 	window1: blendMode = 'avg'
22.8982 	EXP 	window1: blendMode = 'avg'
22.8989 	EXP 	window1: blendMode = 'avg'
22.8996 	EXP 	window1: blendMode = 'avg'
22.9179 	EXP 	window1: blendMode = 'avg'
22.9190 	EXP 	window1: blendMode = 'avg'
22.9200 	EXP 	window1: blendMode = 'avg'
22.9372 	EXP 	window1: blendMode = 'avg'
22.9380 	EXP 	window1: blendMode = 'avg'
22.9386 	EXP 	window1: blendMode = 'avg'
22.9587 	EXP 	window1: blendMode = 'avg'
22.9596 	EXP 	window1: blendMode = 'avg'
22.9603 	EXP 	window1: blendMode = 'avg'
22.9782 	EXP 	window1: blendMode = 'avg'
22.9789 	EXP 	window1: blendMode = 'avg'
22.9796 	EXP 	window1: blendMode = 'avg'
22.9983 	EXP 	window1: blendMode = 'avg'
22.9990 	EXP 	window1: blendMode = 'avg'
22.9996 	EXP 	window1: blendMode = 'avg'
23.0166 	EXP 	window1: blendMode = 'avg'
23.0173 	EXP 	window1: blendMode = 'avg'
23.0179 	EXP 	window1: blendMode = 'avg'
23.0377 	EXP 	window1: blendMode = 'avg'
23.0387 	EXP 	window1: blendMode = 'avg'
23.0394 	EXP 	window1: blendMode = 'avg'
23.0581 	EXP 	window1: blendMode = 'avg'
23.0587 	EXP 	window1: blendMode = 'avg'
23.0595 	EXP 	window1: blendMode = 'avg'
23.0774 	EXP 	window1: blendMode = 'avg'
23.0783 	EXP 	window1: blendMode = 'avg'
23.0789 	EXP 	window1: blendMode = 'avg'
23.0978 	EXP 	window1: blendMode = 'avg'
23.0985 	EXP 	window1: blendMode = 'avg'
23.0991 	EXP 	window1: blendMode = 'avg'
23.1191 	EXP 	window1: blendMode = 'avg'
23.1201 	EXP 	window1: blendMode = 'avg'
23.1209 	EXP 	window1: blendMode = 'avg'
23.1389 	EXP 	window1: blendMode = 'avg'
23.1400 	EXP 	window1: blendMode = 'avg'
23.1410 	EXP 	window1: blendMode = 'avg'
23.1583 	EXP 	window1: blendMode = 'avg'
23.1592 	EXP 	window1: blendMode = 'avg'
23.1600 	EXP 	window1: blendMode = 'avg'
23.1788 	EXP 	window1: blendMode = 'avg'
23.1798 	EXP 	window1: blendMode = 'avg'
23.1807 	EXP 	window1: blendMode = 'avg'
23.1965 	EXP 	window1: blendMode = 'avg'
23.1971 	EXP 	window1: blendMode = 'avg'
23.1976 	EXP 	window1: blendMode = 'avg'
23.2165 	EXP 	window1: blendMode = 'avg'
23.2170 	EXP 	window1: blendMode = 'avg'
23.2175 	EXP 	window1: blendMode = 'avg'
23.2359 	EXP 	window1: blendMode = 'avg'
23.2365 	EXP 	window1: blendMode = 'avg'
23.2371 	EXP 	window1: blendMode = 'avg'
23.2571 	EXP 	window1: blendMode = 'avg'
23.2582 	EXP 	window1: blendMode = 'avg'
23.2592 	EXP 	window1: blendMode = 'avg'
23.2759 	EXP 	window1: blendMode = 'avg'
23.2763 	EXP 	window1: blendMode = 'avg'
23.2767 	EXP 	window1: blendMode = 'avg'
23.2957 	EXP 	window1: blendMode = 'avg'
23.2965 	EXP 	window1: blendMode = 'avg'
23.2972 	EXP 	window1: blendMode = 'avg'
23.3158 	EXP 	window1: blendMode = 'avg'
23.3163 	EXP 	window1: blendMode = 'avg'
23.3167 	EXP 	window1: blendMode = 'avg'
23.3353 	EXP 	window1: blendMode = 'avg'
23.3360 	EXP 	window1: blendMode = 'avg'
23.3367 	EXP 	window1: blendMode = 'avg'
23.3561 	EXP 	window1: blendMode = 'avg'
23.3568 	EXP 	window1: blendMode = 'avg'
23.3574 	EXP 	window1: blendMode = 'avg'
23.3757 	EXP 	window1: blendMode = 'avg'
23.3762 	EXP 	window1: blendMode = 'avg'
23.3766 	EXP 	window1: blendMode = 'avg'
23.3947 	EXP 	Orientation_Cue: autoDraw = False
23.3947 	EXP 	Ready_Cue: autoDraw = True
23.3956 	EXP 	window1: blendMode = 'avg'
23.3960 	EXP 	window1: blendMode = 'avg'
23.3964 	EXP 	window1: blendMode = 'avg'
23.4152 	EXP 	window1: blendMode = 'avg'
23.4156 	EXP 	window1: blendMode = 'avg'
23.4161 	EXP 	window1: blendMode = 'avg'
23.4374 	EXP 	window1: blendMode = 'avg'
23.4384 	EXP 	window1: blendMode = 'avg'
23.4391 	EXP 	window1: blendMode = 'avg'
23.4585 	EXP 	window1: blendMode = 'avg'
23.4597 	EXP 	window1: blendMode = 'avg'
23.4608 	EXP 	window1: blendMode = 'avg'
23.4793 	EXP 	window1: blendMode = 'avg'
23.4802 	EXP 	window1: blendMode = 'avg'
23.4808 	EXP 	window1: blendMode = 'avg'
23.4962 	EXP 	window1: blendMode = 'avg'
23.4966 	EXP 	window1: blendMode = 'avg'
23.4970 	EXP 	window1: blendMode = 'avg'
23.5154 	EXP 	window1: blendMode = 'avg'
23.5160 	EXP 	window1: blendMode = 'avg'
23.5164 	EXP 	window1: blendMode = 'avg'
23.5357 	EXP 	window1: blendMode = 'avg'
23.5362 	EXP 	window1: blendMode = 'avg'
23.5366 	EXP 	window1: blendMode = 'avg'
23.5562 	EXP 	window1: blendMode = 'avg'
23.5568 	EXP 	window1: blendMode = 'avg'
23.5574 	EXP 	window1: blendMode = 'avg'
23.5768 	EXP 	window1: blendMode = 'avg'
23.5775 	EXP 	window1: blendMode = 'avg'
23.5782 	EXP 	window1: blendMode = 'avg'
23.5965 	EXP 	window1: blendMode = 'avg'
23.5970 	EXP 	window1: blendMode = 'avg'
23.5974 	EXP 	window1: blendMode = 'avg'
23.6164 	EXP 	window1: blendMode = 'avg'
23.6171 	EXP 	window1: blendMode = 'avg'
23.6177 	EXP 	window1: blendMode = 'avg'
23.6365 	EXP 	window1: blendMode = 'avg'
23.6372 	EXP 	window1: blendMode = 'avg'
23.6380 	EXP 	window1: blendMode = 'avg'
23.6566 	EXP 	window1: blendMode = 'avg'
23.6573 	EXP 	window1: blendMode = 'avg'
23.6581 	EXP 	window1: blendMode = 'avg'
23.6754 	EXP 	window1: blendMode = 'avg'
23.6758 	EXP 	window1: blendMode = 'avg'
23.6761 	EXP 	window1: blendMode = 'avg'
23.6939 	EXP 	window1: blendMode = 'avg'
23.6942 	EXP 	window1: blendMode = 'avg'
23.6945 	EXP 	window1: blendMode = 'avg'
23.7140 	EXP 	window1: blendMode = 'avg'
23.7143 	EXP 	window1: blendMode = 'avg'
23.7146 	EXP 	window1: blendMode = 'avg'
23.7377 	EXP 	window1: blendMode = 'avg'
23.7384 	EXP 	window1: blendMode = 'avg'
23.7391 	EXP 	window1: blendMode = 'avg'
23.7581 	EXP 	window1: blendMode = 'avg'
23.7592 	EXP 	window1: blendMode = 'avg'
23.7603 	EXP 	window1: blendMode = 'avg'
23.7791 	EXP 	window1: blendMode = 'avg'
23.7799 	EXP 	window1: blendMode = 'avg'
23.7806 	EXP 	window1: blendMode = 'avg'
23.7989 	EXP 	window1: blendMode = 'avg'
23.8001 	EXP 	window1: blendMode = 'avg'
23.8012 	EXP 	window1: blendMode = 'avg'
23.8169 	EXP 	window1: blendMode = 'avg'
23.8176 	EXP 	window1: blendMode = 'avg'
23.8184 	EXP 	window1: blendMode = 'avg'
23.8389 	EXP 	window1: blendMode = 'avg'
23.8397 	EXP 	window1: blendMode = 'avg'
23.8403 	EXP 	window1: blendMode = 'avg'
23.8578 	EXP 	window1: blendMode = 'avg'
23.8589 	EXP 	window1: blendMode = 'avg'
23.8759 	EXP 	Ready_Cue: autoDraw = False
23.8782 	EXP 	window1: blendMode = 'avg'
23.8791 	EXP 	window1: blendMode = 'avg'
23.8956 	EXP 	Zoid_Left: autoDraw = True
23.8956 	EXP 	Zoid_Right: autoDraw = True
23.8970 	EXP 	window1: blendMode = 'avg'
23.8977 	EXP 	window1: blendMode = 'avg'
23.9174 	EXP 	window1: blendMode = 'avg'
23.9182 	EXP 	window1: blendMode = 'avg'
23.9373 	EXP 	window1: blendMode = 'avg'
23.9381 	EXP 	window1: blendMode = 'avg'
23.9593 	EXP 	window1: blendMode = 'avg'
23.9603 	EXP 	window1: blendMode = 'avg'
23.9763 	EXP 	window1: blendMode = 'avg'
23.9771 	EXP 	window1: blendMode = 'avg'
23.9952 	EXP 	window1: blendMode = 'avg'
23.9956 	EXP 	window1: blendMode = 'avg'
24.0161 	EXP 	window1: blendMode = 'avg'
24.0168 	EXP 	window1: blendMode = 'avg'
24.0356 	EXP 	window1: blendMode = 'avg'
24.0360 	EXP 	window1: blendMode = 'avg'
24.0560 	EXP 	window1: blendMode = 'avg'
24.0565 	EXP 	window1: blendMode = 'avg'
24.0759 	EXP 	window1: blendMode = 'avg'
24.0767 	EXP 	window1: blendMode = 'avg'
24.0947 	EXP 	window1: blendMode = 'avg'
24.0953 	EXP 	window1: blendMode = 'avg'
24.1145 	EXP 	window1: blendMode = 'avg'
24.1148 	EXP 	window1: blendMode = 'avg'
24.1339 	EXP 	window1: blendMode = 'avg'
24.1342 	EXP 	window1: blendMode = 'avg'
24.1544 	EXP 	window1: blendMode = 'avg'
24.1547 	EXP 	window1: blendMode = 'avg'
24.1745 	EXP 	window1: blendMode = 'avg'
24.1748 	EXP 	window1: blendMode = 'avg'
24.1937 	EXP 	window1: blendMode = 'avg'
24.1940 	EXP 	window1: blendMode = 'avg'
24.2167 	EXP 	window1: blendMode = 'avg'
24.2176 	EXP 	window1: blendMode = 'avg'
24.2370 	EXP 	window1: blendMode = 'avg'
24.2379 	EXP 	window1: blendMode = 'avg'
24.2568 	EXP 	window1: blendMode = 'avg'
24.2575 	EXP 	window1: blendMode = 'avg'
24.2769 	EXP 	window1: blendMode = 'avg'
24.2776 	EXP 	window1: blendMode = 'avg'
24.2984 	EXP 	window1: blendMode = 'avg'
24.2993 	EXP 	window1: blendMode = 'avg'
24.3176 	EXP 	window1: blendMode = 'avg'
24.3183 	EXP 	window1: blendMode = 'avg'
24.3378 	EXP 	window1: blendMode = 'avg'
24.3386 	EXP 	window1: blendMode = 'avg'
24.3584 	EXP 	window1: blendMode = 'avg'
24.3593 	EXP 	window1: blendMode = 'avg'
24.3780 	EXP 	window1: blendMode = 'avg'
24.3791 	EXP 	window1: blendMode = 'avg'
24.3965 	EXP 	window1: blendMode = 'avg'
24.3969 	EXP 	window1: blendMode = 'avg'
24.4147 	EXP 	window1: blendMode = 'avg'
24.4150 	EXP 	window1: blendMode = 'avg'
24.4348 	EXP 	window1: blendMode = 'avg'
24.4354 	EXP 	window1: blendMode = 'avg'
24.4545 	EXP 	window1: blendMode = 'avg'
24.4556 	EXP 	window1: blendMode = 'avg'
24.4740 	EXP 	window1: blendMode = 'avg'
24.4744 	EXP 	window1: blendMode = 'avg'
24.4937 	EXP 	window1: blendMode = 'avg'
24.4941 	EXP 	window1: blendMode = 'avg'
24.5165 	EXP 	window1: blendMode = 'avg'
24.5179 	EXP 	window1: blendMode = 'avg'
24.5211 	DATA 	Keypress: m
24.5623 	EXP 	New trial (rep=3, index=0): None
24.5662 	EXP 	window1: blendMode = 'avg'
24.5670 	EXP 	window1: blendMode = 'avg'
24.5677 	EXP 	window1: blendMode = 'avg'
24.5771 	EXP 	Orientation_Cue: autoDraw = False
24.5771 	EXP 	Ready_Cue: autoDraw = False
24.5771 	EXP 	Zoid_Left: autoDraw = False
24.5771 	EXP 	Zoid_Right: autoDraw = False
24.5771 	EXP 	Zoid_Left: vertices = ((0, -0.5), (1, -0.5), (1, -1.5), (-1, -1.5), (-1, 1.5), (0, 1.5))
24.5771 	EXP 	Zoid_Left: ori = 90
24.5771 	EXP 	Zoid_Right: vertices = ((0, -0.5), (1, -0.5), (1, -1.5), (-1, -1.5), (-1, 1.5), (0, 1.5))
24.5771 	EXP 	Zoid_Right: ori = 0
24.5771 	EXP 	Orientation_Cue: autoDraw = True
24.5785 	EXP 	window1: blendMode = 'avg'
24.5792 	EXP 	window1: blendMode = 'avg'
24.5798 	EXP 	window1: blendMode = 'avg'
24.5964 	EXP 	window1: blendMode = 'avg'
24.5971 	EXP 	window1: blendMode = 'avg'
24.5975 	EXP 	window1: blendMode = 'avg'
24.6142 	EXP 	window1: blendMode = 'avg'
24.6145 	EXP 	window1: blendMode = 'avg'
24.6148 	EXP 	window1: blendMode = 'avg'
24.6333 	EXP 	window1: blendMode = 'avg'
24.6337 	EXP 	window1: blendMode = 'avg'
24.6340 	EXP 	window1: blendMode = 'avg'
24.6537 	EXP 	window1: blendMode = 'avg'
24.6541 	EXP 	window1: blendMode = 'avg'
24.6545 	EXP 	window1: blendMode = 'avg'
24.6737 	EXP 	window1: blendMode = 'avg'
24.6742 	EXP 	window1: blendMode = 'avg'
24.6746 	EXP 	window1: blendMode = 'avg'
24.6951 	EXP 	window1: blendMode = 'avg'
24.6956 	EXP 	window1: blendMode = 'avg'
24.6961 	EXP 	window1: blendMode = 'avg'
24.7146 	EXP 	window1: blendMode = 'avg'
24.7151 	EXP 	window1: blendMode = 'avg'
24.7158 	EXP 	window1: blendMode = 'avg'
24.7353 	EXP 	window1: blendMode = 'avg'
24.7362 	EXP 	window1: blendMode = 'avg'
24.7371 	EXP 	window1: blendMode = 'avg'
24.7558 	EXP 	window1: blendMode = 'avg'
24.7564 	EXP 	window1: blendMode = 'avg'
24.7569 	EXP 	window1: blendMode = 'avg'
24.7756 	EXP 	window1: blendMode = 'avg'
24.7761 	EXP 	window1: blendMode = 'avg'
24.7769 	EXP 	window1: blendMode = 'avg'
24.7961 	EXP 	window1: blendMode = 'avg'
24.7968 	EXP 	window1: blendMode = 'avg'
24.7973 	EXP 	window1: blendMode = 'avg'
24.8157 	EXP 	window1: blendMode = 'avg'
24.8163 	EXP 	window1: blendMode = 'avg'
24.8168 	EXP 	window1: blendMode = 'avg'
24.8369 	EXP 	window1: blendMode = 'avg'
24.8379 	EXP 	window1: blendMode = 'avg'
24.8389 	EXP 	window1: blendMode = 'avg'
24.8573 	EXP 	window1: blendMode = 'avg'
24.8583 	EXP 	window1: blendMode = 'avg'
24.8592 	EXP 	window1: blendMode = 'avg'
24.8773 	EXP 	window1: blendMode = 'avg'
24.8782 	EXP 	window1: blendMode = 'avg'
24.8791 	EXP 	window1: blendMode = 'avg'
24.8960 	EXP 	window1: blendMode = 'avg'
24.8969 	EXP 	window1: blendMode = 'avg'
24.8975 	EXP 	window1: blendMode = 'avg'
24.9168 	EXP 	window1: blendMode = 'avg'
24.9174 	EXP 	window1: blendMode = 'avg'
24.9181 	EXP 	window1: blendMode = 'avg'
24.9364 	EXP 	window1: blendMode = 'avg'
24.9374 	EXP 	window1: blendMode = 'avg'
24.9382 	EXP 	window1: blendMode = 'avg'
24.9575 	EXP 	window1: blendMode = 'avg'
24.9583 	EXP 	window1: blendMode = 'avg'
24.9589 	EXP 	window1: blendMode = 'avg'
24.9769 	EXP 	window1: blendMode = 'avg'
24.9777 	EXP 	window1: blendMode = 'avg'
24.9783 	EXP 	window1: blendMode = 'avg'
24.9971 	EXP 	window1: blendMode = 'avg'
24.9981 	EXP 	window1: blendMode = 'avg'
24.9990 	EXP 	window1: blendMode = 'avg'
25.0176 	EXP 	window1: blendMode = 'avg'
25.0186 	EXP 	window1: blendMode = 'avg'
25.0196 	EXP 	window1: blendMode = 'avg'
25.0370 	EXP 	window1: blendMode = 'avg'
25.0379 	EXP 	window1: blendMode = 'avg'
25.0388 	EXP 	window1: blendMode = 'avg'
25.0562 	EXP 	window1: blendMode = 'avg'
25.0568 	EXP 	window1: blendMode = 'avg'
25.0573 	EXP 	window1: blendMode = 'avg'
25.0763 	EXP 	window1: blendMode = 'avg'
25.0771 	EXP 	window1: blendMode = 'avg'
25.0779 	EXP 	window1: blendMode = 'avg'
25.0963 	EXP 	window1: blendMode = 'avg'
25.0969 	EXP 	window1: blendMode = 'avg'
25.0975 	EXP 	window1: blendMode = 'avg'
25.1158 	EXP 	window1: blendMode = 'avg'
25.1163 	EXP 	window1: blendMode = 'avg'
25.1168 	EXP 	window1: blendMode = 'avg'
25.1366 	EXP 	window1: blendMode = 'avg'
25.1373 	EXP 	window1: blendMode = 'avg'
25.1378 	EXP 	window1: blendMode = 'avg'
25.1560 	EXP 	window1: blendMode = 'avg'
25.1566 	EXP 	window1: blendMode = 'avg'
25.1574 	EXP 	window1: blendMode = 'avg'
25.1769 	EXP 	window1: blendMode = 'avg'
25.1774 	EXP 	window1: blendMode = 'avg'
25.1777 	EXP 	window1: blendMode = 'avg'
25.1934 	EXP 	window1: blendMode = 'avg'
25.1937 	EXP 	window1: blendMode = 'avg'
25.1939 	EXP 	window1: blendMode = 'avg'
25.2136 	EXP 	window1: blendMode = 'avg'
25.2139 	EXP 	window1: blendMode = 'avg'
25.2141 	EXP 	window1: blendMode = 'avg'
25.2363 	EXP 	window1: blendMode = 'avg'
25.2372 	EXP 	window1: blendMode = 'avg'
25.2381 	EXP 	window1: blendMode = 'avg'
25.2564 	EXP 	window1: blendMode = 'avg'
25.2572 	EXP 	window1: blendMode = 'avg'
25.2581 	EXP 	window1: blendMode = 'avg'
25.2759 	EXP 	window1: blendMode = 'avg'
25.2765 	EXP 	window1: blendMode = 'avg'
25.2770 	EXP 	window1: blendMode = 'avg'
25.2965 	EXP 	window1: blendMode = 'avg'
25.2972 	EXP 	window1: blendMode = 'avg'
25.2977 	EXP 	window1: blendMode = 'avg'
25.3154 	EXP 	window1: blendMode = 'avg'
25.3160 	EXP 	window1: blendMode = 'avg'
25.3165 	EXP 	window1: blendMode = 'avg'
25.3360 	EXP 	window1: blendMode = 'avg'
25.3366 	EXP 	window1: blendMode = 'avg'
25.3372 	EXP 	window1: blendMode = 'avg'
25.3561 	EXP 	window1: blendMode = 'avg'
25.3570 	EXP 	window1: blendMode = 'avg'
25.3577 	EXP 	window1: blendMode = 'avg'
25.3759 	EXP 	window1: blendMode = 'avg'
25.3764 	EXP 	window1: blendMode = 'avg'
25.3770 	EXP 	window1: blendMode = 'avg'
25.3969 	EXP 	window1: blendMode = 'avg'
25.3975 	EXP 	window1: blendMode = 'avg'
25.3980 	EXP 	window1: blendMode = 'avg'
25.4163 	EXP 	window1: blendMode = 'avg'
25.4171 	EXP 	window1: blendMode = 'avg'
25.4176 	EXP 	window1: blendMode = 'avg'
25.4353 	EXP 	window1: blendMode = 'avg'
25.4362 	EXP 	window1: blendMode = 'avg'
25.4371 	EXP 	window1: blendMode = 'avg'
25.4570 	EXP 	window1: blendMode = 'avg'
25.4580 	EXP 	window1: blendMode = 'avg'
25.4589 	EXP 	window1: blendMode = 'avg'
25.4771 	EXP 	window1: blendMode = 'avg'
25.4781 	EXP 	window1: blendMode = 'avg'
25.4789 	EXP 	window1: blendMode = 'avg'
25.4967 	EXP 	window1: blendMode = 'avg'
25.4971 	EXP 	window1: blendMode = 'avg'
25.4975 	EXP 	window1: blendMode = 'avg'
25.5148 	EXP 	window1: blendMode = 'avg'
25.5157 	EXP 	window1: blendMode = 'avg'
25.5162 	EXP 	window1: blendMode = 'avg'
25.5348 	EXP 	window1: blendMode = 'avg'
25.5352 	EXP 	window1: blendMode = 'avg'
25.5356 	EXP 	window1: blendMode = 'avg'
25.5547 	EXP 	window1: blendMode = 'avg'
25.5552 	EXP 	window1: blendMode = 'avg'
25.5556 	EXP 	window1: blendMode = 'avg'
25.5749 	EXP 	window1: blendMode = 'avg'
25.5755 	EXP 	window1: blendMode = 'avg'
25.5759 	EXP 	window1: blendMode = 'avg'
25.5939 	EXP 	window1: blendMode = 'avg'
25.5942 	EXP 	window1: blendMode = 'avg'
25.5945 	EXP 	window1: blendMode = 'avg'
25.6140 	EXP 	window1: blendMode = 'avg'
25.6144 	EXP 	window1: blendMode = 'avg'
25.6147 	EXP 	window1: blendMode = 'avg'
25.6339 	EXP 	window1: blendMode = 'avg'
25.6342 	EXP 	window1: blendMode = 'avg'
25.6346 	EXP 	window1: blendMode = 'avg'
25.6547 	EXP 	window1: blendMode = 'avg'
25.6551 	EXP 	window1: blendMode = 'avg'
25.6556 	EXP 	window1: blendMode = 'avg'
25.6754 	EXP 	window1: blendMode = 'avg'
25.6758 	EXP 	window1: blendMode = 'avg'
25.6763 	EXP 	window1: blendMode = 'avg'
25.6937 	EXP 	window1: blendMode = 'avg'
25.6940 	EXP 	window1: blendMode = 'avg'
25.6943 	EXP 	window1: blendMode = 'avg'
25.7137 	EXP 	window1: blendMode = 'avg'
25.7140 	EXP 	window1: blendMode = 'avg'
25.7143 	EXP 	window1: blendMode = 'avg'
25.7357 	EXP 	window1: blendMode = 'avg'
25.7366 	EXP 	window1: blendMode = 'avg'
25.7375 	EXP 	window1: blendMode = 'avg'
25.7561 	EXP 	window1: blendMode = 'avg'
25.7567 	EXP 	window1: blendMode = 'avg'
25.7572 	EXP 	window1: blendMode = 'avg'
25.7753 	EXP 	window1: blendMode = 'avg'
25.7759 	EXP 	window1: blendMode = 'avg'
25.7764 	EXP 	window1: blendMode = 'avg'
25.7962 	EXP 	window1: blendMode = 'avg'
25.7970 	EXP 	window1: blendMode = 'avg'
25.7976 	EXP 	window1: blendMode = 'avg'
25.8155 	EXP 	window1: blendMode = 'avg'
25.8160 	EXP 	window1: blendMode = 'avg'
25.8166 	EXP 	window1: blendMode = 'avg'
25.8384 	EXP 	window1: blendMode = 'avg'
25.8395 	EXP 	window1: blendMode = 'avg'
25.8402 	EXP 	window1: blendMode = 'avg'
25.8570 	EXP 	window1: blendMode = 'avg'
25.8582 	EXP 	window1: blendMode = 'avg'
25.8590 	EXP 	window1: blendMode = 'avg'
25.8766 	EXP 	window1: blendMode = 'avg'
25.8774 	EXP 	window1: blendMode = 'avg'
25.8781 	EXP 	window1: blendMode = 'avg'
25.8987 	EXP 	window1: blendMode = 'avg'
25.8994 	EXP 	window1: blendMode = 'avg'
25.9001 	EXP 	window1: blendMode = 'avg'
25.9162 	EXP 	window1: blendMode = 'avg'
25.9169 	EXP 	window1: blendMode = 'avg'
25.9176 	EXP 	window1: blendMode = 'avg'
25.9366 	EXP 	window1: blendMode = 'avg'
25.9376 	EXP 	window1: blendMode = 'avg'
25.9386 	EXP 	window1: blendMode = 'avg'
25.9576 	EXP 	window1: blendMode = 'avg'
25.9584 	EXP 	window1: blendMode = 'avg'
25.9591 	EXP 	window1: blendMode = 'avg'
25.9784 	EXP 	window1: blendMode = 'avg'
25.9795 	EXP 	window1: blendMode = 'avg'
25.9803 	EXP 	window1: blendMode = 'avg'
25.9978 	EXP 	window1: blendMode = 'avg'
25.9989 	EXP 	window1: blendMode = 'avg'
26.0001 	EXP 	window1: blendMode = 'avg'
26.0169 	EXP 	window1: blendMode = 'avg'
26.0177 	EXP 	window1: blendMode = 'avg'
26.0185 	EXP 	window1: blendMode = 'avg'
26.0369 	EXP 	window1: blendMode = 'avg'
26.0380 	EXP 	window1: blendMode = 'avg'
26.0389 	EXP 	window1: blendMode = 'avg'
26.0572 	EXP 	window1: blendMode = 'avg'
26.0579 	EXP 	window1: blendMode = 'avg'
26.0586 	EXP 	window1: blendMode = 'avg'
26.0771 	EXP 	window1: blendMode = 'avg'
26.0780 	EXP 	window1: blendMode = 'avg'
26.0787 	EXP 	window1: blendMode = 'avg'
26.0985 	EXP 	window1: blendMode = 'avg'
26.0996 	EXP 	window1: blendMode = 'avg'
26.1006 	EXP 	window1: blendMode = 'avg'
26.1172 	EXP 	window1: blendMode = 'avg'
26.1183 	EXP 	window1: blendMode = 'avg'
26.1192 	EXP 	window1: blendMode = 'avg'
26.1364 	EXP 	window1: blendMode = 'avg'
26.1371 	EXP 	window1: blendMode = 'avg'
26.1381 	EXP 	window1: blendMode = 'avg'
26.1567 	EXP 	window1: blendMode = 'avg'
26.1576 	EXP 	window1: blendMode = 'avg'
26.1582 	EXP 	window1: blendMode = 'avg'
26.1780 	EXP 	window1: blendMode = 'avg'
26.1787 	EXP 	window1: blendMode = 'avg'
26.1794 	EXP 	window1: blendMode = 'avg'
26.1974 	EXP 	window1: blendMode = 'avg'
26.1986 	EXP 	window1: blendMode = 'avg'
26.1996 	EXP 	window1: blendMode = 'avg'
26.2176 	EXP 	window1: blendMode = 'avg'
26.2184 	EXP 	window1: blendMode = 'avg'
26.2193 	EXP 	window1: blendMode = 'avg'
26.2368 	EXP 	window1: blendMode = 'avg'
26.2378 	EXP 	window1: blendMode = 'avg'
26.2385 	EXP 	window1: blendMode = 'avg'
26.2570 	EXP 	window1: blendMode = 'avg'
26.2577 	EXP 	window1: blendMode = 'avg'
26.2584 	EXP 	window1: blendMode = 'avg'
26.2763 	EXP 	window1: blendMode = 'avg'
26.2770 	EXP 	window1: blendMode = 'avg'
26.2776 	EXP 	window1: blendMode = 'avg'
26.2965 	EXP 	window1: blendMode = 'avg'
26.2976 	EXP 	window1: blendMode = 'avg'
26.2987 	EXP 	window1: blendMode = 'avg'
26.3161 	EXP 	window1: blendMode = 'avg'
26.3169 	EXP 	window1: blendMode = 'avg'
26.3175 	EXP 	window1: blendMode = 'avg'
26.3360 	EXP 	window1: blendMode = 'avg'
26.3367 	EXP 	window1: blendMode = 'avg'
26.3373 	EXP 	window1: blendMode = 'avg'
26.3569 	EXP 	window1: blendMode = 'avg'
26.3580 	EXP 	window1: blendMode = 'avg'
26.3591 	EXP 	window1: blendMode = 'avg'
26.3770 	EXP 	window1: blendMode = 'avg'
26.3778 	EXP 	window1: blendMode = 'avg'
26.3784 	EXP 	window1: blendMode = 'avg'
26.3972 	EXP 	window1: blendMode = 'avg'
26.3980 	EXP 	window1: blendMode = 'avg'
26.3987 	EXP 	window1: blendMode = 'avg'
26.4154 	EXP 	window1: blendMode = 'avg'
26.4161 	EXP 	window1: blendMode = 'avg'
26.4168 	EXP 	window1: blendMode = 'avg'
26.4354 	EXP 	window1: blendMode = 'avg'
26.4363 	EXP 	window1: blendMode = 'avg'
26.4372 	EXP 	window1: blendMode = 'avg'
26.4564 	EXP 	window1: blendMode = 'avg'
26.4575 	EXP 	window1: blendMode = 'avg'
26.4585 	EXP 	window1: blendMode = 'avg'
26.4768 	EXP 	window1: blendMode = 'avg'
26.4775 	EXP 	window1: blendMode = 'avg'
26.4781 	EXP 	window1: blendMode = 'avg'
26.4960 	EXP 	window1: blendMode = 'avg'
26.4968 	EXP 	window1: blendMode = 'avg'
26.4978 	EXP 	window1: blendMode = 'avg'
26.5166 	EXP 	window1: blendMode = 'avg'
26.5177 	EXP 	window1: blendMode = 'avg'
26.5187 	EXP 	window1: blendMode = 'avg'
26.5357 	EXP 	window1: blendMode = 'avg'
26.5365 	EXP 	window1: blendMode = 'avg'
26.5372 	EXP 	window1: blendMode = 'avg'
26.5561 	EXP 	window1: blendMode = 'avg'
26.5569 	EXP 	window1: blendMode = 'avg'
26.5742 	EXP 	Orientation_Cue: autoDraw = False
26.5759 	EXP 	window1: blendMode = 'avg'
26.5770 	EXP 	window1: blendMode = 'avg'
26.5779 	EXP 	window1: blendMode = 'avg'
26.5950 	EXP 	Ready_Cue: autoDraw = True
26.5966 	EXP 	window1: blendMode = 'avg'
26.5977 	EXP 	window1: blendMode = 'avg'
26.5987 	EXP 	window1: blendMode = 'avg'
26.6166 	EXP 	window1: blendMode = 'avg'
26.6173 	EXP 	window1: blendMode = 'avg'
26.6180 	EXP 	window1: blendMode = 'avg'
26.6351 	EXP 	window1: blendMode = 'avg'
26.6363 	EXP 	window1: blendMode = 'avg'
26.6372 	EXP 	window1: blendMode = 'avg'
26.6532 	EXP 	window1: blendMode = 'avg'
26.6536 	EXP 	window1: blendMode = 'avg'
26.6539 	EXP 	window1: blendMode = 'avg'
26.6736 	EXP 	window1: blendMode = 'avg'
26.6741 	EXP 	window1: blendMode = 'avg'
26.6745 	EXP 	window1: blendMode = 'avg'
26.6930 	EXP 	window1: blendMode = 'avg'
26.6933 	EXP 	window1: blendMode = 'avg'
26.6935 	EXP 	window1: blendMode = 'avg'
26.7131 	EXP 	window1: blendMode = 'avg'
26.7133 	EXP 	window1: blendMode = 'avg'
26.7136 	EXP 	window1: blendMode = 'avg'
26.7329 	EXP 	window1: blendMode = 'avg'
26.7332 	EXP 	window1: blendMode = 'avg'
26.7335 	EXP 	window1: blendMode = 'avg'
26.7542 	EXP 	window1: blendMode = 'avg'
26.7547 	EXP 	window1: blendMode = 'avg'
26.7551 	EXP 	window1: blendMode = 'avg'
26.7740 	EXP 	window1: blendMode = 'avg'
26.7744 	EXP 	window1: blendMode = 'avg'
26.7748 	EXP 	window1: blendMode = 'avg'
26.7948 	EXP 	window1: blendMode = 'avg'
26.7954 	EXP 	window1: blendMode = 'avg'
26.7960 	EXP 	window1: blendMode = 'avg'
26.8141 	EXP 	window1: blendMode = 'avg'
26.8148 	EXP 	window1: blendMode = 'avg'
26.8152 	EXP 	window1: blendMode = 'avg'
26.8345 	EXP 	window1: blendMode = 'avg'
26.8349 	EXP 	window1: blendMode = 'avg'
26.8353 	EXP 	window1: blendMode = 'avg'
26.8563 	EXP 	window1: blendMode = 'avg'
26.8573 	EXP 	window1: blendMode = 'avg'
26.8581 	EXP 	window1: blendMode = 'avg'
26.8767 	EXP 	window1: blendMode = 'avg'
26.8777 	EXP 	window1: blendMode = 'avg'
26.8784 	EXP 	window1: blendMode = 'avg'
26.8987 	EXP 	window1: blendMode = 'avg'
26.8999 	EXP 	window1: blendMode = 'avg'
26.9010 	EXP 	window1: blendMode = 'avg'
26.9172 	EXP 	window1: blendMode = 'avg'
26.9190 	EXP 	window1: blendMode = 'avg'
26.9207 	EXP 	window1: blendMode = 'avg'
26.9363 	EXP 	window1: blendMode = 'avg'
26.9372 	EXP 	window1: blendMode = 'avg'
26.9379 	EXP 	window1: blendMode = 'avg'
26.9568 	EXP 	window1: blendMode = 'avg'
26.9577 	EXP 	window1: blendMode = 'avg'
26.9584 	EXP 	window1: blendMode = 'avg'
26.9769 	EXP 	window1: blendMode = 'avg'
26.9777 	EXP 	window1: blendMode = 'avg'
26.9784 	EXP 	window1: blendMode = 'avg'
26.9961 	EXP 	window1: blendMode = 'avg'
26.9971 	EXP 	window1: blendMode = 'avg'
26.9981 	EXP 	window1: blendMode = 'avg'
27.0162 	EXP 	window1: blendMode = 'avg'
27.0169 	EXP 	window1: blendMode = 'avg'
27.0175 	EXP 	window1: blendMode = 'avg'
27.0370 	EXP 	window1: blendMode = 'avg'
27.0381 	EXP 	window1: blendMode = 'avg'
27.0391 	EXP 	window1: blendMode = 'avg'
27.0565 	EXP 	window1: blendMode = 'avg'
27.0573 	EXP 	window1: blendMode = 'avg'
27.0749 	EXP 	Ready_Cue: autoDraw = False
27.0770 	EXP 	window1: blendMode = 'avg'
27.0777 	EXP 	window1: blendMode = 'avg'
27.0956 	EXP 	Zoid_Left: autoDraw = True
27.0956 	EXP 	Zoid_Right: autoDraw = True
27.0969 	EXP 	window1: blendMode = 'avg'
27.0976 	EXP 	window1: blendMode = 'avg'
27.1167 	EXP 	window1: blendMode = 'avg'
27.1174 	EXP 	window1: blendMode = 'avg'
27.1370 	EXP 	window1: blendMode = 'avg'
27.1381 	EXP 	window1: blendMode = 'avg'
27.1562 	EXP 	window1: blendMode = 'avg'
27.1570 	EXP 	window1: blendMode = 'avg'
27.1776 	EXP 	window1: blendMode = 'avg'
27.1783 	EXP 	window1: blendMode = 'avg'
27.1958 	EXP 	window1: blendMode = 'avg'
27.1965 	EXP 	window1: blendMode = 'avg'
27.2167 	EXP 	window1: blendMode = 'avg'
27.2176 	EXP 	window1: blendMode = 'avg'
27.2362 	EXP 	window1: blendMode = 'avg'
27.2373 	EXP 	window1: blendMode = 'avg'
27.2567 	EXP 	window1: blendMode = 'avg'
27.2574 	EXP 	window1: blendMode = 'avg'
27.2767 	EXP 	window1: blendMode = 'avg'
27.2774 	EXP 	window1: blendMode = 'avg'
27.2973 	EXP 	window1: blendMode = 'avg'
27.2980 	EXP 	window1: blendMode = 'avg'
27.3175 	EXP 	window1: blendMode = 'avg'
27.3182 	EXP 	window1: blendMode = 'avg'
27.3373 	EXP 	window1: blendMode = 'avg'
27.3383 	EXP 	window1: blendMode = 'avg'
27.3571 	EXP 	window1: blendMode = 'avg'
27.3582 	EXP 	window1: blendMode = 'avg'
27.3773 	EXP 	window1: blendMode = 'avg'
27.3783 	EXP 	window1: blendMode = 'avg'
27.3978 	EXP 	window1: blendMode = 'avg'
27.3988 	EXP 	window1: blendMode = 'avg'
27.4169 	EXP 	window1: blendMode = 'avg'
27.4180 	EXP 	window1: blendMode = 'avg'
27.4344 	EXP 	window1: blendMode = 'avg'
27.4350 	EXP 	window1: blendMode = 'avg'
27.4546 	EXP 	window1: blendMode = 'avg'
27.4552 	EXP 	window1: blendMode = 'avg'
27.4752 	EXP 	window1: blendMode = 'avg'
27.4756 	EXP 	window1: blendMode = 'avg'
27.4945 	EXP 	window1: blendMode = 'avg'
27.4951 	EXP 	window1: blendMode = 'avg'
27.5144 	EXP 	window1: blendMode = 'avg'
27.5151 	EXP 	window1: blendMode = 'avg'
27.5345 	EXP 	window1: blendMode = 'avg'
27.5350 	EXP 	window1: blendMode = 'avg'
27.5544 	EXP 	window1: blendMode = 'avg'
27.5548 	EXP 	window1: blendMode = 'avg'
27.5746 	EXP 	window1: blendMode = 'avg'
27.5753 	EXP 	window1: blendMode = 'avg'
27.5950 	EXP 	window1: blendMode = 'avg'
27.5955 	EXP 	window1: blendMode = 'avg'
27.6151 	EXP 	window1: blendMode = 'avg'
27.6157 	EXP 	window1: blendMode = 'avg'
27.6355 	EXP 	window1: blendMode = 'avg'
27.6362 	EXP 	window1: blendMode = 'avg'
27.6553 	EXP 	window1: blendMode = 'avg'
27.6559 	EXP 	window1: blendMode = 'avg'
27.6748 	EXP 	window1: blendMode = 'avg'
27.6754 	EXP 	window1: blendMode = 'avg'
27.6942 	EXP 	window1: blendMode = 'avg'
27.6947 	EXP 	window1: blendMode = 'avg'
27.7153 	EXP 	window1: blendMode = 'avg'
27.7161 	EXP 	window1: blendMode = 'avg'
27.7358 	EXP 	window1: blendMode = 'avg'
27.7366 	EXP 	window1: blendMode = 'avg'
27.7563 	DATA 	Keypress: escape
