3.1072 	ERROR 	avbin.dll failed to load. Try importing psychopy.visual
  as the first library (before anything that uses scipy)
  and make sure that avbin is installed.
9.2836 	EXP 	Created window1 = Window(allowGUI=False, allowStencil=False, autoLog=True, bitsMode=UNKNOWN, blendMode='avg', color=array([ 0.95,  0.95,  0.95]), colorSpace='rgb', fullscr=UNKNOWN, gamma=None, lms=UNKNOWN, monitor=<psychopy.monitors.calibTools.Monitor object at 0x1A80D710>, multiSample=False, name='window1', numSamples=2, pos=[0, 0], screen=0, size=array([1600,  900]), stereo=False, units=u'norm', useFBO=True, useRetina=False, viewOri=0.0, viewPos=None, viewScale=None, waitBlanking=True, winType='pyglet')
9.2837 	EXP 	window1: recordFrameIntervals = False
9.4795 	EXP 	window1: recordFrameIntervals = True
9.6994 	EXP 	window1: recordFrameIntervals = False
11.0988 	EXP 	Created Orientation_Cue = TextStim(alignHoriz='center', alignVert='center', antialias=True, autoLog=True, bold=False, color=u'black', colorSpace='named', contrast=1.0, depth=0.0, flipHoriz=False, flipVert=False, font=u'Arial', fontFiles=[], height=0.1, italic=False, name='Orientation_Cue', opacity=1.0, ori=0, pos=array([ 0.,  0.]), rgb=array([ 0.,  0.,  0.]), text=u'\u25cb', units=u'norm', win=Window(...), wrapWidth=1)
11.1288 	EXP 	Created Ready_Cue = TextStim(alignHoriz='center', alignVert='center', antialias=True, autoLog=True, bold=False, color=u'black', colorSpace='named', contrast=1.0, depth=-1.0, flipHoriz=False, flipVert=False, font=u'Arial', fontFiles=[], height=0.1, italic=False, name='Ready_Cue', opacity=1.0, ori=0, pos=array([ 0.,  0.]), rgb=array([ 0.,  0.,  0.]), text=u'\u23fa', units=u'norm', win=Window(...), wrapWidth=1)
11.1376 	EXP 	Created Zoid_Left = ShapeStim(autoDraw=False, autoLog=True, closeShape=True, contrast=1.0, depth=-3.0, fillColor=array([ 0.05,  0.05,  0.05]), fillColorSpace='rgb', interpolate=True, lineColor=array([ 1.,  1.,  1.]), lineColorSpace='rgb', lineWidth=1, name='Zoid_Left', opacity=1.0, ori=array(0.0), pos=array([-5.,  0.]), size=array([ 1.,  1.]), units='cm', vertices=ndarray(...), win=Window(...), windingRule=None)
11.1390 	EXP 	Created Zoid_Right = ShapeStim(autoDraw=False, autoLog=True, closeShape=True, contrast=1.0, depth=-4.0, fillColor=array([ 0.05,  0.05,  0.05]), fillColorSpace='rgb', interpolate=True, lineColor=array([ 1.,  1.,  1.]), lineColorSpace='rgb', lineWidth=1, name='Zoid_Right', opacity=1.0, ori=array(0.0), pos=array([ 5.,  0.]), size=array([ 1.,  1.]), units='cm', vertices=ndarray(...), win=Window(...), windingRule=None)
11.2371 	EXP 	Created Button_Instructions = TextStim(alignHoriz='center', alignVert='center', antialias=True, autoLog=True, bold=False, color=u'black', colorSpace='named', contrast=1.0, depth=0.0, flipHoriz=False, flipVert=False, font=u'Arial', fontFiles=[], height=0.07, italic=False, name='Button_Instructions', opacity=1.0, ori=0, pos=array([ 0. ,  0.5]), rgb=array([ 0.,  0.,  0.]), text=unicode(...), units=u'norm', win=Window(...), wrapWidth=1)
11.2582 	EXP 	Created x_instruction = TextStim(alignHoriz='center', alignVert='center', antialias=True, autoLog=True, bold=False, color=u'tomato', colorSpace='named', contrast=1.0, depth=0.0, flipHoriz=False, flipVert=False, font=u'Yu Gothic UI', fontFiles=[], height=0.1, italic=False, name='x_instruction', opacity=1.0, ori=0, pos=array([-0.7, -0.8]), rgb=array([ 255.,   99.,   71.]), text=u'SAME\n\U0001f149', units=u'norm', win=Window(...), wrapWidth=1)
11.2776 	EXP 	Created m_instruction = TextStim(alignHoriz='right', alignVert='center', antialias=True, autoLog=True, bold=False, color=u'lightseagreen', colorSpace='named', contrast=1.0, depth=0.0, flipHoriz=False, flipVert=False, font=u'Yu Gothic UI', fontFiles=[], height=0.1, italic=False, name='m_instruction', opacity=1.0, ori=0, pos=array([ 0.7, -0.8]), rgb=array([  32.,  178.,  170.]), text=u'DIFFERENT\n\U0001f13c', units=u'norm', win=Window(...), wrapWidth=1)
11.2973 	EXP 	Created Feedback_Screen = TextStim(alignHoriz='center', alignVert='center', antialias=True, autoLog=True, bold=False, color=u'black', colorSpace='named', contrast=1.0, depth=0.0, flipHoriz=False, flipVert=False, font=u'Arial', fontFiles=[], height=0.1, italic=False, name='Feedback_Screen', opacity=1.0, ori=0, pos=array([ 0.,  0.]), rgb=array([ 0.,  0.,  0.]), text=u'Placeholder_text', units=u'norm', win=Window(...), wrapWidth=1)
11.2988 	EXP 	window1: blendMode = 'avg'
11.2993 	EXP 	window1: blendMode = 'avg'
11.2996 	EXP 	window1: blendMode = 'avg'
11.3075 	EXP 	x_instruction: autoDraw = True
11.3075 	EXP 	m_instruction: autoDraw = True
11.3075 	EXP 	Button_Instructions: autoDraw = True
16.3095 	EXP 	Created sequence: random, trialTypes=1, nReps=121, seed=None
16.6946 	EXP 	New trial (rep=0, index=0): None
16.6954 	EXP 	window1: blendMode = 'avg'
16.6957 	EXP 	window1: blendMode = 'avg'
16.6961 	EXP 	window1: blendMode = 'avg'
16.7033 	EXP 	Button_Instructions: autoDraw = False
16.7033 	EXP 	Zoid_Left: vertices = ((0, -0.5), (1, -0.5), (1, -1.5), (-1, -1.5), (-1, 1.5), (0, 1.5))
16.7033 	EXP 	Zoid_Left: ori = 180
16.7033 	EXP 	Zoid_Right: vertices = ((0, -0.5), (1, -0.5), (1, -1.5), (-1, -1.5), (-1, 1.5), (0, 1.5))
16.7033 	EXP 	Zoid_Right: ori = 0
16.7033 	EXP 	Orientation_Cue: autoDraw = True
16.7039 	EXP 	window1: blendMode = 'avg'
16.7042 	EXP 	window1: blendMode = 'avg'
16.7045 	EXP 	window1: blendMode = 'avg'
16.7176 	EXP 	window1: blendMode = 'avg'
16.7178 	EXP 	window1: blendMode = 'avg'
16.7180 	EXP 	window1: blendMode = 'avg'
16.7382 	EXP 	window1: blendMode = 'avg'
16.7385 	EXP 	window1: blendMode = 'avg'
16.7387 	EXP 	window1: blendMode = 'avg'
16.7580 	EXP 	window1: blendMode = 'avg'
16.7583 	EXP 	window1: blendMode = 'avg'
16.7586 	EXP 	window1: blendMode = 'avg'
16.7779 	EXP 	window1: blendMode = 'avg'
16.7781 	EXP 	window1: blendMode = 'avg'
16.7783 	EXP 	window1: blendMode = 'avg'
16.7981 	EXP 	window1: blendMode = 'avg'
16.7986 	EXP 	window1: blendMode = 'avg'
16.7991 	EXP 	window1: blendMode = 'avg'
16.8194 	EXP 	window1: blendMode = 'avg'
16.8199 	EXP 	window1: blendMode = 'avg'
16.8203 	EXP 	window1: blendMode = 'avg'
16.8419 	EXP 	window1: blendMode = 'avg'
16.8429 	EXP 	window1: blendMode = 'avg'
16.8439 	EXP 	window1: blendMode = 'avg'
16.8613 	EXP 	window1: blendMode = 'avg'
16.8620 	EXP 	window1: blendMode = 'avg'
16.8626 	EXP 	window1: blendMode = 'avg'
16.8815 	EXP 	window1: blendMode = 'avg'
16.8822 	EXP 	window1: blendMode = 'avg'
16.8828 	EXP 	window1: blendMode = 'avg'
16.9010 	EXP 	window1: blendMode = 'avg'
16.9017 	EXP 	window1: blendMode = 'avg'
16.9023 	EXP 	window1: blendMode = 'avg'
16.9216 	EXP 	window1: blendMode = 'avg'
16.9224 	EXP 	window1: blendMode = 'avg'
16.9231 	EXP 	window1: blendMode = 'avg'
16.9415 	EXP 	window1: blendMode = 'avg'
16.9423 	EXP 	window1: blendMode = 'avg'
16.9429 	EXP 	window1: blendMode = 'avg'
16.9613 	EXP 	window1: blendMode = 'avg'
16.9620 	EXP 	window1: blendMode = 'avg'
16.9626 	EXP 	window1: blendMode = 'avg'
16.9815 	EXP 	window1: blendMode = 'avg'
16.9826 	EXP 	window1: blendMode = 'avg'
16.9835 	EXP 	window1: blendMode = 'avg'
17.0009 	EXP 	window1: blendMode = 'avg'
17.0016 	EXP 	window1: blendMode = 'avg'
17.0023 	EXP 	window1: blendMode = 'avg'
17.0225 	EXP 	window1: blendMode = 'avg'
17.0234 	EXP 	window1: blendMode = 'avg'
17.0241 	EXP 	window1: blendMode = 'avg'
17.0421 	EXP 	window1: blendMode = 'avg'
17.0428 	EXP 	window1: blendMode = 'avg'
17.0435 	EXP 	window1: blendMode = 'avg'
17.0608 	EXP 	window1: blendMode = 'avg'
17.0615 	EXP 	window1: blendMode = 'avg'
17.0622 	EXP 	window1: blendMode = 'avg'
17.0821 	EXP 	window1: blendMode = 'avg'
17.0828 	EXP 	window1: blendMode = 'avg'
17.0834 	EXP 	window1: blendMode = 'avg'
17.1012 	EXP 	window1: blendMode = 'avg'
17.1018 	EXP 	window1: blendMode = 'avg'
17.1025 	EXP 	window1: blendMode = 'avg'
17.1202 	EXP 	window1: blendMode = 'avg'
17.1209 	EXP 	window1: blendMode = 'avg'
17.1215 	EXP 	window1: blendMode = 'avg'
17.1410 	EXP 	window1: blendMode = 'avg'
17.1417 	EXP 	window1: blendMode = 'avg'
17.1423 	EXP 	window1: blendMode = 'avg'
17.1609 	EXP 	window1: blendMode = 'avg'
17.1616 	EXP 	window1: blendMode = 'avg'
17.1622 	EXP 	window1: blendMode = 'avg'
17.1808 	EXP 	window1: blendMode = 'avg'
17.1815 	EXP 	window1: blendMode = 'avg'
17.1822 	EXP 	window1: blendMode = 'avg'
17.2016 	EXP 	window1: blendMode = 'avg'
17.2023 	EXP 	window1: blendMode = 'avg'
17.2029 	EXP 	window1: blendMode = 'avg'
17.2207 	EXP 	window1: blendMode = 'avg'
17.2214 	EXP 	window1: blendMode = 'avg'
17.2220 	EXP 	window1: blendMode = 'avg'
17.2415 	EXP 	window1: blendMode = 'avg'
17.2421 	EXP 	window1: blendMode = 'avg'
17.2428 	EXP 	window1: blendMode = 'avg'
17.2608 	EXP 	window1: blendMode = 'avg'
17.2615 	EXP 	window1: blendMode = 'avg'
17.2621 	EXP 	window1: blendMode = 'avg'
17.2815 	EXP 	window1: blendMode = 'avg'
17.2823 	EXP 	window1: blendMode = 'avg'
17.2831 	EXP 	window1: blendMode = 'avg'
17.3018 	EXP 	window1: blendMode = 'avg'
17.3028 	EXP 	window1: blendMode = 'avg'
17.3037 	EXP 	window1: blendMode = 'avg'
17.3212 	EXP 	window1: blendMode = 'avg'
17.3219 	EXP 	window1: blendMode = 'avg'
17.3227 	EXP 	window1: blendMode = 'avg'
17.3421 	EXP 	window1: blendMode = 'avg'
17.3432 	EXP 	window1: blendMode = 'avg'
17.3442 	EXP 	window1: blendMode = 'avg'
17.3616 	EXP 	window1: blendMode = 'avg'
17.3626 	EXP 	window1: blendMode = 'avg'
17.3637 	EXP 	window1: blendMode = 'avg'
17.3815 	EXP 	window1: blendMode = 'avg'
17.3826 	EXP 	window1: blendMode = 'avg'
17.3836 	EXP 	window1: blendMode = 'avg'
17.4020 	EXP 	window1: blendMode = 'avg'
17.4030 	EXP 	window1: blendMode = 'avg'
17.4041 	EXP 	window1: blendMode = 'avg'
17.4215 	EXP 	window1: blendMode = 'avg'
17.4227 	EXP 	window1: blendMode = 'avg'
17.4236 	EXP 	window1: blendMode = 'avg'
17.4399 	EXP 	window1: blendMode = 'avg'
17.4405 	EXP 	window1: blendMode = 'avg'
17.4409 	EXP 	window1: blendMode = 'avg'
17.4592 	EXP 	window1: blendMode = 'avg'
17.4594 	EXP 	window1: blendMode = 'avg'
17.4596 	EXP 	window1: blendMode = 'avg'
17.4771 	EXP 	window1: blendMode = 'avg'
17.4773 	EXP 	window1: blendMode = 'avg'
17.4775 	EXP 	window1: blendMode = 'avg'
17.4975 	EXP 	window1: blendMode = 'avg'
17.4979 	EXP 	window1: blendMode = 'avg'
17.4980 	EXP 	window1: blendMode = 'avg'
17.5190 	EXP 	window1: blendMode = 'avg'
17.5196 	EXP 	window1: blendMode = 'avg'
17.5201 	EXP 	window1: blendMode = 'avg'
17.5386 	EXP 	window1: blendMode = 'avg'
17.5391 	EXP 	window1: blendMode = 'avg'
17.5397 	EXP 	window1: blendMode = 'avg'
17.5588 	EXP 	window1: blendMode = 'avg'
17.5593 	EXP 	window1: blendMode = 'avg'
17.5600 	EXP 	window1: blendMode = 'avg'
17.5792 	EXP 	window1: blendMode = 'avg'
17.5798 	EXP 	window1: blendMode = 'avg'
17.5803 	EXP 	window1: blendMode = 'avg'
17.5996 	EXP 	window1: blendMode = 'avg'
17.6001 	EXP 	window1: blendMode = 'avg'
17.6006 	EXP 	window1: blendMode = 'avg'
17.6186 	EXP 	window1: blendMode = 'avg'
17.6192 	EXP 	window1: blendMode = 'avg'
17.6197 	EXP 	window1: blendMode = 'avg'
17.6402 	EXP 	window1: blendMode = 'avg'
17.6411 	EXP 	window1: blendMode = 'avg'
17.6417 	EXP 	window1: blendMode = 'avg'
17.6597 	EXP 	window1: blendMode = 'avg'
17.6603 	EXP 	window1: blendMode = 'avg'
17.6608 	EXP 	window1: blendMode = 'avg'
17.6791 	EXP 	window1: blendMode = 'avg'
17.6797 	EXP 	window1: blendMode = 'avg'
17.6802 	EXP 	window1: blendMode = 'avg'
17.6992 	EXP 	window1: blendMode = 'avg'
17.6997 	EXP 	window1: blendMode = 'avg'
17.7002 	EXP 	window1: blendMode = 'avg'
17.7191 	EXP 	window1: blendMode = 'avg'
17.7198 	EXP 	window1: blendMode = 'avg'
17.7206 	EXP 	window1: blendMode = 'avg'
17.7394 	EXP 	window1: blendMode = 'avg'
17.7403 	EXP 	window1: blendMode = 'avg'
17.7410 	EXP 	window1: blendMode = 'avg'
17.7595 	EXP 	window1: blendMode = 'avg'
17.7604 	EXP 	window1: blendMode = 'avg'
17.7611 	EXP 	window1: blendMode = 'avg'
17.7801 	EXP 	window1: blendMode = 'avg'
17.7810 	EXP 	window1: blendMode = 'avg'
17.7818 	EXP 	window1: blendMode = 'avg'
17.8006 	EXP 	window1: blendMode = 'avg'
17.8015 	EXP 	window1: blendMode = 'avg'
17.8024 	EXP 	window1: blendMode = 'avg'
17.8191 	EXP 	window1: blendMode = 'avg'
17.8197 	EXP 	window1: blendMode = 'avg'
17.8202 	EXP 	window1: blendMode = 'avg'
17.8396 	EXP 	window1: blendMode = 'avg'
17.8403 	EXP 	window1: blendMode = 'avg'
17.8408 	EXP 	window1: blendMode = 'avg'
17.8597 	EXP 	window1: blendMode = 'avg'
17.8603 	EXP 	window1: blendMode = 'avg'
17.8608 	EXP 	window1: blendMode = 'avg'
17.8801 	EXP 	window1: blendMode = 'avg'
17.8807 	EXP 	window1: blendMode = 'avg'
17.8812 	EXP 	window1: blendMode = 'avg'
17.8994 	EXP 	window1: blendMode = 'avg'
17.9000 	EXP 	window1: blendMode = 'avg'
17.9005 	EXP 	window1: blendMode = 'avg'
17.9201 	EXP 	window1: blendMode = 'avg'
17.9207 	EXP 	window1: blendMode = 'avg'
17.9212 	EXP 	window1: blendMode = 'avg'
17.9398 	EXP 	window1: blendMode = 'avg'
17.9404 	EXP 	window1: blendMode = 'avg'
17.9409 	EXP 	window1: blendMode = 'avg'
17.9597 	EXP 	window1: blendMode = 'avg'
17.9602 	EXP 	window1: blendMode = 'avg'
17.9607 	EXP 	window1: blendMode = 'avg'
17.9802 	EXP 	window1: blendMode = 'avg'
17.9807 	EXP 	window1: blendMode = 'avg'
17.9813 	EXP 	window1: blendMode = 'avg'
17.9999 	EXP 	window1: blendMode = 'avg'
18.0005 	EXP 	window1: blendMode = 'avg'
18.0010 	EXP 	window1: blendMode = 'avg'
18.0181 	EXP 	window1: blendMode = 'avg'
18.0184 	EXP 	window1: blendMode = 'avg'
18.0187 	EXP 	window1: blendMode = 'avg'
18.0382 	EXP 	window1: blendMode = 'avg'
18.0386 	EXP 	window1: blendMode = 'avg'
18.0389 	EXP 	window1: blendMode = 'avg'
18.0584 	EXP 	window1: blendMode = 'avg'
18.0587 	EXP 	window1: blendMode = 'avg'
18.0591 	EXP 	window1: blendMode = 'avg'
18.0783 	EXP 	window1: blendMode = 'avg'
18.0786 	EXP 	window1: blendMode = 'avg'
18.0789 	EXP 	window1: blendMode = 'avg'
18.0984 	EXP 	window1: blendMode = 'avg'
18.0987 	EXP 	window1: blendMode = 'avg'
18.0991 	EXP 	window1: blendMode = 'avg'
18.1182 	EXP 	window1: blendMode = 'avg'
18.1186 	EXP 	window1: blendMode = 'avg'
18.1189 	EXP 	window1: blendMode = 'avg'
18.1381 	EXP 	window1: blendMode = 'avg'
18.1385 	EXP 	window1: blendMode = 'avg'
18.1388 	EXP 	window1: blendMode = 'avg'
18.1584 	EXP 	window1: blendMode = 'avg'
18.1588 	EXP 	window1: blendMode = 'avg'
18.1591 	EXP 	window1: blendMode = 'avg'
18.1781 	EXP 	window1: blendMode = 'avg'
18.1785 	EXP 	window1: blendMode = 'avg'
18.1788 	EXP 	window1: blendMode = 'avg'
18.1980 	EXP 	window1: blendMode = 'avg'
18.1983 	EXP 	window1: blendMode = 'avg'
18.1986 	EXP 	window1: blendMode = 'avg'
18.2183 	EXP 	window1: blendMode = 'avg'
18.2187 	EXP 	window1: blendMode = 'avg'
18.2190 	EXP 	window1: blendMode = 'avg'
18.2380 	EXP 	window1: blendMode = 'avg'
18.2384 	EXP 	window1: blendMode = 'avg'
18.2387 	EXP 	window1: blendMode = 'avg'
18.2581 	EXP 	window1: blendMode = 'avg'
18.2585 	EXP 	window1: blendMode = 'avg'
18.2588 	EXP 	window1: blendMode = 'avg'
18.2781 	EXP 	window1: blendMode = 'avg'
18.2784 	EXP 	window1: blendMode = 'avg'
18.2788 	EXP 	window1: blendMode = 'avg'
18.2981 	EXP 	window1: blendMode = 'avg'
18.2984 	EXP 	window1: blendMode = 'avg'
18.2987 	EXP 	window1: blendMode = 'avg'
18.3180 	EXP 	window1: blendMode = 'avg'
18.3184 	EXP 	window1: blendMode = 'avg'
18.3187 	EXP 	window1: blendMode = 'avg'
18.3380 	EXP 	window1: blendMode = 'avg'
18.3384 	EXP 	window1: blendMode = 'avg'
18.3388 	EXP 	window1: blendMode = 'avg'
18.3582 	EXP 	window1: blendMode = 'avg'
18.3585 	EXP 	window1: blendMode = 'avg'
18.3589 	EXP 	window1: blendMode = 'avg'
18.3782 	EXP 	window1: blendMode = 'avg'
18.3785 	EXP 	window1: blendMode = 'avg'
18.3788 	EXP 	window1: blendMode = 'avg'
18.4002 	EXP 	window1: blendMode = 'avg'
18.4009 	EXP 	window1: blendMode = 'avg'
18.4016 	EXP 	window1: blendMode = 'avg'
18.4206 	EXP 	window1: blendMode = 'avg'
18.4215 	EXP 	window1: blendMode = 'avg'
18.4223 	EXP 	window1: blendMode = 'avg'
18.4410 	EXP 	window1: blendMode = 'avg'
18.4420 	EXP 	window1: blendMode = 'avg'
18.4427 	EXP 	window1: blendMode = 'avg'
18.4608 	EXP 	window1: blendMode = 'avg'
18.4616 	EXP 	window1: blendMode = 'avg'
18.4623 	EXP 	window1: blendMode = 'avg'
18.4799 	EXP 	window1: blendMode = 'avg'
18.4806 	EXP 	window1: blendMode = 'avg'
18.4813 	EXP 	window1: blendMode = 'avg'
18.5012 	EXP 	window1: blendMode = 'avg'
18.5023 	EXP 	window1: blendMode = 'avg'
18.5034 	EXP 	window1: blendMode = 'avg'
18.5201 	EXP 	window1: blendMode = 'avg'
18.5206 	EXP 	window1: blendMode = 'avg'
18.5211 	EXP 	window1: blendMode = 'avg'
18.5406 	EXP 	window1: blendMode = 'avg'
18.5414 	EXP 	window1: blendMode = 'avg'
18.5421 	EXP 	window1: blendMode = 'avg'
18.5600 	EXP 	window1: blendMode = 'avg'
18.5606 	EXP 	window1: blendMode = 'avg'
18.5612 	EXP 	window1: blendMode = 'avg'
18.5803 	EXP 	window1: blendMode = 'avg'
18.5810 	EXP 	window1: blendMode = 'avg'
18.5816 	EXP 	window1: blendMode = 'avg'
18.6000 	EXP 	window1: blendMode = 'avg'
18.6006 	EXP 	window1: blendMode = 'avg'
18.6011 	EXP 	window1: blendMode = 'avg'
18.6194 	EXP 	window1: blendMode = 'avg'
18.6199 	EXP 	window1: blendMode = 'avg'
18.6203 	EXP 	window1: blendMode = 'avg'
18.6388 	EXP 	window1: blendMode = 'avg'
18.6394 	EXP 	window1: blendMode = 'avg'
18.6399 	EXP 	window1: blendMode = 'avg'
18.6593 	EXP 	window1: blendMode = 'avg'
18.6600 	EXP 	window1: blendMode = 'avg'
18.6606 	EXP 	window1: blendMode = 'avg'
18.6793 	EXP 	window1: blendMode = 'avg'
18.6798 	EXP 	window1: blendMode = 'avg'
18.6802 	EXP 	window1: blendMode = 'avg'
18.6986 	EXP 	window1: blendMode = 'avg'
18.6990 	EXP 	window1: blendMode = 'avg'
18.7008 	EXP 	window1: blendMode = 'avg'
18.7178 	EXP 	Orientation_Cue: autoDraw = False
18.7178 	EXP 	Ready_Cue: autoDraw = True
18.7187 	EXP 	window1: blendMode = 'avg'
18.7192 	EXP 	window1: blendMode = 'avg'
18.7196 	EXP 	window1: blendMode = 'avg'
18.7387 	EXP 	window1: blendMode = 'avg'
18.7392 	EXP 	window1: blendMode = 'avg'
18.7398 	EXP 	window1: blendMode = 'avg'
18.7615 	EXP 	window1: blendMode = 'avg'
18.7622 	EXP 	window1: blendMode = 'avg'
18.7629 	EXP 	window1: blendMode = 'avg'
18.7814 	EXP 	window1: blendMode = 'avg'
18.7822 	EXP 	window1: blendMode = 'avg'
18.7828 	EXP 	window1: blendMode = 'avg'
18.8018 	EXP 	window1: blendMode = 'avg'
18.8026 	EXP 	window1: blendMode = 'avg'
18.8034 	EXP 	window1: blendMode = 'avg'
18.8227 	EXP 	window1: blendMode = 'avg'
18.8239 	EXP 	window1: blendMode = 'avg'
18.8249 	EXP 	window1: blendMode = 'avg'
18.8416 	EXP 	window1: blendMode = 'avg'
18.8424 	EXP 	window1: blendMode = 'avg'
18.8430 	EXP 	window1: blendMode = 'avg'
18.8600 	EXP 	window1: blendMode = 'avg'
18.8607 	EXP 	window1: blendMode = 'avg'
18.8613 	EXP 	window1: blendMode = 'avg'
18.8798 	EXP 	window1: blendMode = 'avg'
18.8802 	EXP 	window1: blendMode = 'avg'
18.8806 	EXP 	window1: blendMode = 'avg'
18.8989 	EXP 	window1: blendMode = 'avg'
18.8994 	EXP 	window1: blendMode = 'avg'
18.8998 	EXP 	window1: blendMode = 'avg'
18.9195 	EXP 	window1: blendMode = 'avg'
18.9200 	EXP 	window1: blendMode = 'avg'
18.9205 	EXP 	window1: blendMode = 'avg'
18.9394 	EXP 	window1: blendMode = 'avg'
18.9401 	EXP 	window1: blendMode = 'avg'
18.9407 	EXP 	window1: blendMode = 'avg'
18.9598 	EXP 	window1: blendMode = 'avg'
18.9602 	EXP 	window1: blendMode = 'avg'
18.9606 	EXP 	window1: blendMode = 'avg'
18.9776 	EXP 	window1: blendMode = 'avg'
18.9779 	EXP 	window1: blendMode = 'avg'
18.9781 	EXP 	window1: blendMode = 'avg'
18.9979 	EXP 	window1: blendMode = 'avg'
18.9984 	EXP 	window1: blendMode = 'avg'
18.9988 	EXP 	window1: blendMode = 'avg'
19.0186 	EXP 	window1: blendMode = 'avg'
19.0190 	EXP 	window1: blendMode = 'avg'
19.0194 	EXP 	window1: blendMode = 'avg'
19.0397 	EXP 	window1: blendMode = 'avg'
19.0403 	EXP 	window1: blendMode = 'avg'
19.0409 	EXP 	window1: blendMode = 'avg'
19.0598 	EXP 	window1: blendMode = 'avg'
19.0604 	EXP 	window1: blendMode = 'avg'
19.0610 	EXP 	window1: blendMode = 'avg'
19.0790 	EXP 	window1: blendMode = 'avg'
19.0793 	EXP 	window1: blendMode = 'avg'
19.0796 	EXP 	window1: blendMode = 'avg'
19.0977 	EXP 	window1: blendMode = 'avg'
19.0980 	EXP 	window1: blendMode = 'avg'
19.0983 	EXP 	window1: blendMode = 'avg'
19.1174 	EXP 	window1: blendMode = 'avg'
19.1176 	EXP 	window1: blendMode = 'avg'
19.1179 	EXP 	window1: blendMode = 'avg'
19.1373 	EXP 	window1: blendMode = 'avg'
19.1376 	EXP 	window1: blendMode = 'avg'
19.1379 	EXP 	window1: blendMode = 'avg'
19.1574 	EXP 	window1: blendMode = 'avg'
19.1577 	EXP 	window1: blendMode = 'avg'
19.1579 	EXP 	window1: blendMode = 'avg'
19.1801 	EXP 	window1: blendMode = 'avg'
19.1807 	EXP 	window1: blendMode = 'avg'
19.1814 	EXP 	window1: blendMode = 'avg'
19.1998 	EXP 	window1: blendMode = 'avg'
19.2004 	EXP 	window1: blendMode = 'avg'
19.2191 	EXP 	Ready_Cue: autoDraw = False
19.2191 	EXP 	Zoid_Left: autoDraw = True
19.2191 	EXP 	Zoid_Right: autoDraw = True
19.2204 	EXP 	window1: blendMode = 'avg'
19.2210 	EXP 	window1: blendMode = 'avg'
19.2406 	EXP 	window1: blendMode = 'avg'
19.2414 	EXP 	window1: blendMode = 'avg'
19.2604 	EXP 	window1: blendMode = 'avg'
19.2610 	EXP 	window1: blendMode = 'avg'
19.2805 	EXP 	window1: blendMode = 'avg'
19.2814 	EXP 	window1: blendMode = 'avg'
19.2998 	EXP 	window1: blendMode = 'avg'
19.3004 	EXP 	window1: blendMode = 'avg'
19.3199 	EXP 	window1: blendMode = 'avg'
19.3205 	EXP 	window1: blendMode = 'avg'
19.3395 	EXP 	window1: blendMode = 'avg'
19.3401 	EXP 	window1: blendMode = 'avg'
19.3599 	EXP 	window1: blendMode = 'avg'
19.3605 	EXP 	window1: blendMode = 'avg'
19.3802 	EXP 	window1: blendMode = 'avg'
19.3808 	EXP 	window1: blendMode = 'avg'
19.3994 	EXP 	window1: blendMode = 'avg'
19.4000 	EXP 	window1: blendMode = 'avg'
19.4208 	EXP 	window1: blendMode = 'avg'
19.4217 	EXP 	window1: blendMode = 'avg'
19.4400 	EXP 	window1: blendMode = 'avg'
19.4406 	EXP 	window1: blendMode = 'avg'
19.4602 	EXP 	window1: blendMode = 'avg'
19.4608 	EXP 	window1: blendMode = 'avg'
19.4792 	EXP 	window1: blendMode = 'avg'
19.4798 	EXP 	window1: blendMode = 'avg'
19.4990 	EXP 	window1: blendMode = 'avg'
19.4999 	EXP 	window1: blendMode = 'avg'
19.5192 	EXP 	window1: blendMode = 'avg'
19.5201 	EXP 	window1: blendMode = 'avg'
19.5404 	EXP 	window1: blendMode = 'avg'
19.5410 	EXP 	window1: blendMode = 'avg'
19.5588 	EXP 	window1: blendMode = 'avg'
19.5594 	EXP 	window1: blendMode = 'avg'
19.5793 	EXP 	window1: blendMode = 'avg'
19.5799 	EXP 	window1: blendMode = 'avg'
19.5999 	EXP 	window1: blendMode = 'avg'
19.6006 	EXP 	window1: blendMode = 'avg'
19.6186 	EXP 	window1: blendMode = 'avg'
19.6193 	EXP 	window1: blendMode = 'avg'
19.6395 	EXP 	window1: blendMode = 'avg'
19.6405 	EXP 	window1: blendMode = 'avg'
19.6605 	EXP 	window1: blendMode = 'avg'
19.6613 	EXP 	window1: blendMode = 'avg'
19.6799 	EXP 	window1: blendMode = 'avg'
19.6805 	EXP 	window1: blendMode = 'avg'
19.6982 	EXP 	window1: blendMode = 'avg'
19.6986 	EXP 	window1: blendMode = 'avg'
19.7192 	EXP 	window1: blendMode = 'avg'
19.7200 	EXP 	window1: blendMode = 'avg'
19.7392 	EXP 	window1: blendMode = 'avg'
19.7404 	EXP 	window1: blendMode = 'avg'
19.7586 	EXP 	window1: blendMode = 'avg'
19.7592 	EXP 	window1: blendMode = 'avg'
19.7767 	EXP 	window1: blendMode = 'avg'
19.7770 	EXP 	window1: blendMode = 'avg'
19.7970 	EXP 	window1: blendMode = 'avg'
19.7973 	EXP 	window1: blendMode = 'avg'
19.8172 	EXP 	window1: blendMode = 'avg'
19.8174 	EXP 	window1: blendMode = 'avg'
19.8388 	EXP 	window1: blendMode = 'avg'
19.8391 	EXP 	window1: blendMode = 'avg'
19.8587 	EXP 	window1: blendMode = 'avg'
19.8591 	EXP 	window1: blendMode = 'avg'
19.8793 	EXP 	window1: blendMode = 'avg'
19.8798 	EXP 	window1: blendMode = 'avg'
19.8993 	EXP 	window1: blendMode = 'avg'
19.8998 	EXP 	window1: blendMode = 'avg'
19.9177 	EXP 	window1: blendMode = 'avg'
19.9180 	EXP 	window1: blendMode = 'avg'
19.9377 	EXP 	window1: blendMode = 'avg'
19.9380 	EXP 	window1: blendMode = 'avg'
19.9582 	EXP 	window1: blendMode = 'avg'
19.9587 	EXP 	window1: blendMode = 'avg'
19.9779 	EXP 	window1: blendMode = 'avg'
19.9783 	EXP 	window1: blendMode = 'avg'
19.9978 	EXP 	window1: blendMode = 'avg'
19.9982 	EXP 	window1: blendMode = 'avg'
20.0198 	EXP 	window1: blendMode = 'avg'
20.0205 	EXP 	window1: blendMode = 'avg'
20.0408 	EXP 	window1: blendMode = 'avg'
20.0415 	EXP 	window1: blendMode = 'avg'
20.0612 	EXP 	window1: blendMode = 'avg'
20.0619 	EXP 	window1: blendMode = 'avg'
20.0806 	EXP 	window1: blendMode = 'avg'
20.0813 	EXP 	window1: blendMode = 'avg'
20.1010 	EXP 	window1: blendMode = 'avg'
20.1018 	EXP 	window1: blendMode = 'avg'
20.1208 	EXP 	window1: blendMode = 'avg'
20.1215 	EXP 	window1: blendMode = 'avg'
20.1416 	EXP 	window1: blendMode = 'avg'
20.1424 	EXP 	window1: blendMode = 'avg'
20.1629 	EXP 	window1: blendMode = 'avg'
20.1642 	EXP 	window1: blendMode = 'avg'
20.1823 	EXP 	window1: blendMode = 'avg'
20.1834 	EXP 	window1: blendMode = 'avg'
20.2019 	EXP 	window1: blendMode = 'avg'
20.2030 	EXP 	window1: blendMode = 'avg'
20.2184 	EXP 	window1: blendMode = 'avg'
20.2189 	EXP 	window1: blendMode = 'avg'
20.2382 	EXP 	window1: blendMode = 'avg'
20.2386 	EXP 	window1: blendMode = 'avg'
20.2582 	EXP 	window1: blendMode = 'avg'
20.2586 	EXP 	window1: blendMode = 'avg'
20.2783 	EXP 	window1: blendMode = 'avg'
20.2787 	EXP 	window1: blendMode = 'avg'
20.2982 	EXP 	window1: blendMode = 'avg'
20.2986 	EXP 	window1: blendMode = 'avg'
20.3183 	EXP 	window1: blendMode = 'avg'
20.3187 	EXP 	window1: blendMode = 'avg'
20.3379 	EXP 	window1: blendMode = 'avg'
20.3383 	EXP 	window1: blendMode = 'avg'
20.3586 	EXP 	window1: blendMode = 'avg'
20.3591 	EXP 	window1: blendMode = 'avg'
20.3787 	EXP 	window1: blendMode = 'avg'
20.3791 	EXP 	window1: blendMode = 'avg'
20.3981 	EXP 	window1: blendMode = 'avg'
20.3985 	EXP 	window1: blendMode = 'avg'
20.4180 	EXP 	window1: blendMode = 'avg'
20.4184 	EXP 	window1: blendMode = 'avg'
20.4380 	EXP 	window1: blendMode = 'avg'
20.4384 	EXP 	window1: blendMode = 'avg'
20.4582 	EXP 	window1: blendMode = 'avg'
20.4586 	EXP 	window1: blendMode = 'avg'
20.4783 	EXP 	window1: blendMode = 'avg'
20.4788 	EXP 	window1: blendMode = 'avg'
20.4986 	EXP 	window1: blendMode = 'avg'
20.4992 	EXP 	window1: blendMode = 'avg'
20.5183 	EXP 	window1: blendMode = 'avg'
20.5187 	EXP 	window1: blendMode = 'avg'
20.5381 	EXP 	window1: blendMode = 'avg'
20.5385 	EXP 	window1: blendMode = 'avg'
20.5581 	EXP 	window1: blendMode = 'avg'
20.5585 	EXP 	window1: blendMode = 'avg'
20.5783 	EXP 	window1: blendMode = 'avg'
20.5787 	EXP 	window1: blendMode = 'avg'
20.5984 	EXP 	window1: blendMode = 'avg'
20.5988 	EXP 	window1: blendMode = 'avg'
20.6180 	EXP 	window1: blendMode = 'avg'
20.6185 	EXP 	window1: blendMode = 'avg'
20.6379 	EXP 	window1: blendMode = 'avg'
20.6383 	EXP 	window1: blendMode = 'avg'
20.6586 	EXP 	window1: blendMode = 'avg'
20.6591 	EXP 	window1: blendMode = 'avg'
20.6780 	EXP 	window1: blendMode = 'avg'
20.6784 	EXP 	window1: blendMode = 'avg'
20.6980 	EXP 	window1: blendMode = 'avg'
20.6984 	EXP 	window1: blendMode = 'avg'
20.7182 	EXP 	window1: blendMode = 'avg'
20.7186 	EXP 	window1: blendMode = 'avg'
20.7387 	EXP 	window1: blendMode = 'avg'
20.7393 	EXP 	window1: blendMode = 'avg'
20.7583 	EXP 	window1: blendMode = 'avg'
20.7587 	EXP 	window1: blendMode = 'avg'
20.7791 	EXP 	window1: blendMode = 'avg'
20.7797 	EXP 	window1: blendMode = 'avg'
20.7989 	EXP 	window1: blendMode = 'avg'
20.7993 	EXP 	window1: blendMode = 'avg'
20.8189 	EXP 	window1: blendMode = 'avg'
20.8192 	EXP 	window1: blendMode = 'avg'
20.8368 	EXP 	window1: blendMode = 'avg'
20.8370 	EXP 	window1: blendMode = 'avg'
20.8571 	EXP 	window1: blendMode = 'avg'
20.8574 	EXP 	window1: blendMode = 'avg'
20.8797 	EXP 	window1: blendMode = 'avg'
20.8803 	EXP 	window1: blendMode = 'avg'
20.8991 	EXP 	window1: blendMode = 'avg'
20.8996 	EXP 	window1: blendMode = 'avg'
20.9198 	EXP 	window1: blendMode = 'avg'
20.9206 	EXP 	window1: blendMode = 'avg'
20.9397 	EXP 	window1: blendMode = 'avg'
20.9404 	EXP 	window1: blendMode = 'avg'
20.9608 	EXP 	window1: blendMode = 'avg'
20.9615 	EXP 	window1: blendMode = 'avg'
20.9790 	EXP 	window1: blendMode = 'avg'
20.9796 	EXP 	window1: blendMode = 'avg'
20.9999 	EXP 	window1: blendMode = 'avg'
21.0004 	EXP 	window1: blendMode = 'avg'
21.0185 	EXP 	window1: blendMode = 'avg'
21.0190 	EXP 	window1: blendMode = 'avg'
21.0398 	EXP 	window1: blendMode = 'avg'
21.0404 	EXP 	window1: blendMode = 'avg'
21.0589 	EXP 	window1: blendMode = 'avg'
21.0595 	EXP 	window1: blendMode = 'avg'
21.0799 	EXP 	window1: blendMode = 'avg'
21.0806 	EXP 	window1: blendMode = 'avg'
21.0998 	EXP 	window1: blendMode = 'avg'
21.1003 	EXP 	window1: blendMode = 'avg'
21.1192 	EXP 	window1: blendMode = 'avg'
21.1197 	EXP 	window1: blendMode = 'avg'
21.1389 	EXP 	window1: blendMode = 'avg'
21.1400 	EXP 	window1: blendMode = 'avg'
21.1603 	EXP 	window1: blendMode = 'avg'
21.1608 	EXP 	window1: blendMode = 'avg'
21.1794 	EXP 	window1: blendMode = 'avg'
21.1800 	EXP 	window1: blendMode = 'avg'
21.1987 	EXP 	window1: blendMode = 'avg'
21.1993 	EXP 	window1: blendMode = 'avg'
21.2198 	EXP 	window1: blendMode = 'avg'
21.2206 	EXP 	window1: blendMode = 'avg'
21.2395 	EXP 	window1: blendMode = 'avg'
21.2403 	EXP 	window1: blendMode = 'avg'
21.2601 	EXP 	window1: blendMode = 'avg'
21.2608 	EXP 	window1: blendMode = 'avg'
21.2792 	EXP 	window1: blendMode = 'avg'
21.2800 	EXP 	window1: blendMode = 'avg'
21.2990 	EXP 	window1: blendMode = 'avg'
21.2996 	EXP 	window1: blendMode = 'avg'
21.3194 	EXP 	window1: blendMode = 'avg'
21.3200 	EXP 	window1: blendMode = 'avg'
21.3379 	EXP 	window1: blendMode = 'avg'
21.3383 	EXP 	window1: blendMode = 'avg'
21.3584 	EXP 	window1: blendMode = 'avg'
21.3590 	EXP 	window1: blendMode = 'avg'
21.3786 	EXP 	window1: blendMode = 'avg'
21.3790 	EXP 	window1: blendMode = 'avg'
21.3979 	EXP 	window1: blendMode = 'avg'
21.3983 	EXP 	window1: blendMode = 'avg'
21.4178 	EXP 	window1: blendMode = 'avg'
21.4182 	EXP 	window1: blendMode = 'avg'
21.4379 	EXP 	window1: blendMode = 'avg'
21.4383 	EXP 	window1: blendMode = 'avg'
21.4575 	EXP 	window1: blendMode = 'avg'
21.4580 	EXP 	window1: blendMode = 'avg'
21.4773 	EXP 	window1: blendMode = 'avg'
21.4778 	EXP 	window1: blendMode = 'avg'
21.4975 	EXP 	window1: blendMode = 'avg'
21.4980 	EXP 	window1: blendMode = 'avg'
21.5174 	EXP 	window1: blendMode = 'avg'
21.5181 	EXP 	window1: blendMode = 'avg'
21.5378 	EXP 	window1: blendMode = 'avg'
21.5383 	EXP 	window1: blendMode = 'avg'
21.5574 	EXP 	window1: blendMode = 'avg'
21.5578 	EXP 	window1: blendMode = 'avg'
21.5796 	EXP 	window1: blendMode = 'avg'
21.5803 	EXP 	window1: blendMode = 'avg'
21.6001 	EXP 	window1: blendMode = 'avg'
21.6008 	EXP 	window1: blendMode = 'avg'
21.6192 	EXP 	window1: blendMode = 'avg'
21.6199 	EXP 	window1: blendMode = 'avg'
21.6393 	EXP 	window1: blendMode = 'avg'
21.6404 	EXP 	window1: blendMode = 'avg'
21.6597 	EXP 	window1: blendMode = 'avg'
21.6604 	EXP 	window1: blendMode = 'avg'
21.6800 	EXP 	window1: blendMode = 'avg'
21.6806 	EXP 	window1: blendMode = 'avg'
21.6986 	EXP 	window1: blendMode = 'avg'
21.6993 	EXP 	window1: blendMode = 'avg'
21.7193 	EXP 	window1: blendMode = 'avg'
21.7204 	EXP 	window1: blendMode = 'avg'
21.7393 	EXP 	window1: blendMode = 'avg'
21.7405 	EXP 	window1: blendMode = 'avg'
21.7594 	EXP 	window1: blendMode = 'avg'
21.7601 	EXP 	window1: blendMode = 'avg'
21.7797 	EXP 	window1: blendMode = 'avg'
21.7807 	EXP 	window1: blendMode = 'avg'
21.7992 	EXP 	window1: blendMode = 'avg'
21.7999 	EXP 	window1: blendMode = 'avg'
21.8203 	EXP 	window1: blendMode = 'avg'
21.8210 	EXP 	window1: blendMode = 'avg'
21.8414 	EXP 	window1: blendMode = 'avg'
21.8425 	EXP 	window1: blendMode = 'avg'
21.8601 	EXP 	window1: blendMode = 'avg'
21.8608 	EXP 	window1: blendMode = 'avg'
21.8809 	EXP 	window1: blendMode = 'avg'
21.8819 	EXP 	window1: blendMode = 'avg'
21.9015 	EXP 	window1: blendMode = 'avg'
21.9024 	EXP 	window1: blendMode = 'avg'
21.9211 	EXP 	window1: blendMode = 'avg'
21.9218 	EXP 	window1: blendMode = 'avg'
21.9413 	EXP 	window1: blendMode = 'avg'
21.9431 	EXP 	window1: blendMode = 'avg'
21.9604 	EXP 	window1: blendMode = 'avg'
21.9610 	EXP 	window1: blendMode = 'avg'
21.9796 	EXP 	window1: blendMode = 'avg'
21.9802 	EXP 	window1: blendMode = 'avg'
21.9971 	EXP 	window1: blendMode = 'avg'
21.9975 	EXP 	window1: blendMode = 'avg'
22.0170 	EXP 	window1: blendMode = 'avg'
22.0174 	EXP 	window1: blendMode = 'avg'
22.0365 	EXP 	window1: blendMode = 'avg'
22.0367 	EXP 	window1: blendMode = 'avg'
22.0573 	EXP 	window1: blendMode = 'avg'
22.0577 	EXP 	window1: blendMode = 'avg'
22.0774 	EXP 	window1: blendMode = 'avg'
22.0777 	EXP 	window1: blendMode = 'avg'
22.0976 	EXP 	window1: blendMode = 'avg'
22.0979 	EXP 	window1: blendMode = 'avg'
22.1196 	EXP 	window1: blendMode = 'avg'
22.1203 	EXP 	window1: blendMode = 'avg'
22.1394 	EXP 	window1: blendMode = 'avg'
22.1401 	EXP 	window1: blendMode = 'avg'
22.1602 	EXP 	window1: blendMode = 'avg'
22.1613 	EXP 	window1: blendMode = 'avg'
22.1799 	EXP 	window1: blendMode = 'avg'
22.1806 	EXP 	window1: blendMode = 'avg'
22.1995 	EXP 	window1: blendMode = 'avg'
22.2003 	EXP 	window1: blendMode = 'avg'
22.2201 	EXP 	window1: blendMode = 'avg'
22.2210 	EXP 	window1: blendMode = 'avg'
22.2397 	EXP 	window1: blendMode = 'avg'
22.2404 	EXP 	window1: blendMode = 'avg'
22.2609 	EXP 	window1: blendMode = 'avg'
22.2616 	EXP 	window1: blendMode = 'avg'
22.2813 	EXP 	window1: blendMode = 'avg'
22.2823 	EXP 	window1: blendMode = 'avg'
22.3002 	EXP 	window1: blendMode = 'avg'
22.3010 	EXP 	window1: blendMode = 'avg'
22.3207 	EXP 	window1: blendMode = 'avg'
22.3216 	EXP 	window1: blendMode = 'avg'
22.3402 	EXP 	window1: blendMode = 'avg'
22.3409 	EXP 	window1: blendMode = 'avg'
22.3604 	EXP 	window1: blendMode = 'avg'
22.3611 	EXP 	window1: blendMode = 'avg'
22.3805 	EXP 	window1: blendMode = 'avg'
22.3815 	EXP 	window1: blendMode = 'avg'
22.3999 	EXP 	window1: blendMode = 'avg'
22.4006 	EXP 	window1: blendMode = 'avg'
22.4192 	EXP 	window1: blendMode = 'avg'
22.4199 	EXP 	window1: blendMode = 'avg'
22.4400 	EXP 	window1: blendMode = 'avg'
22.4411 	EXP 	window1: blendMode = 'avg'
22.4606 	EXP 	window1: blendMode = 'avg'
22.4613 	EXP 	window1: blendMode = 'avg'
22.4801 	EXP 	window1: blendMode = 'avg'
22.4808 	EXP 	window1: blendMode = 'avg'
22.5003 	EXP 	window1: blendMode = 'avg'
22.5015 	EXP 	window1: blendMode = 'avg'
22.5198 	EXP 	window1: blendMode = 'avg'
22.5205 	EXP 	window1: blendMode = 'avg'
22.5403 	EXP 	window1: blendMode = 'avg'
22.5410 	EXP 	window1: blendMode = 'avg'
22.5596 	EXP 	window1: blendMode = 'avg'
22.5605 	EXP 	window1: blendMode = 'avg'
22.5798 	EXP 	window1: blendMode = 'avg'
22.5805 	EXP 	window1: blendMode = 'avg'
22.6007 	EXP 	window1: blendMode = 'avg'
22.6014 	EXP 	window1: blendMode = 'avg'
22.6195 	EXP 	window1: blendMode = 'avg'
22.6202 	EXP 	window1: blendMode = 'avg'
22.6399 	EXP 	window1: blendMode = 'avg'
22.6406 	EXP 	window1: blendMode = 'avg'
22.6601 	EXP 	window1: blendMode = 'avg'
22.6609 	EXP 	window1: blendMode = 'avg'
22.6797 	EXP 	window1: blendMode = 'avg'
22.6804 	EXP 	window1: blendMode = 'avg'
22.6999 	EXP 	window1: blendMode = 'avg'
22.7006 	EXP 	window1: blendMode = 'avg'
22.7199 	EXP 	window1: blendMode = 'avg'
22.7206 	EXP 	window1: blendMode = 'avg'
22.7402 	EXP 	window1: blendMode = 'avg'
22.7413 	EXP 	window1: blendMode = 'avg'
22.7604 	EXP 	window1: blendMode = 'avg'
22.7610 	EXP 	window1: blendMode = 'avg'
22.7809 	EXP 	window1: blendMode = 'avg'
22.7816 	EXP 	window1: blendMode = 'avg'
22.8001 	EXP 	window1: blendMode = 'avg'
22.8007 	EXP 	window1: blendMode = 'avg'
22.8206 	EXP 	window1: blendMode = 'avg'
22.8213 	EXP 	window1: blendMode = 'avg'
22.8397 	EXP 	window1: blendMode = 'avg'
22.8406 	EXP 	window1: blendMode = 'avg'
22.8598 	EXP 	window1: blendMode = 'avg'
22.8605 	EXP 	window1: blendMode = 'avg'
22.8807 	EXP 	window1: blendMode = 'avg'
22.8814 	EXP 	window1: blendMode = 'avg'
22.9000 	EXP 	window1: blendMode = 'avg'
22.9006 	EXP 	window1: blendMode = 'avg'
22.9198 	EXP 	window1: blendMode = 'avg'
22.9205 	EXP 	window1: blendMode = 'avg'
22.9398 	EXP 	window1: blendMode = 'avg'
22.9404 	EXP 	window1: blendMode = 'avg'
22.9596 	EXP 	window1: blendMode = 'avg'
22.9604 	EXP 	window1: blendMode = 'avg'
22.9796 	EXP 	window1: blendMode = 'avg'
22.9803 	EXP 	window1: blendMode = 'avg'
23.0001 	EXP 	window1: blendMode = 'avg'
23.0008 	EXP 	window1: blendMode = 'avg'
23.0199 	EXP 	window1: blendMode = 'avg'
23.0207 	EXP 	window1: blendMode = 'avg'
23.0410 	EXP 	window1: blendMode = 'avg'
23.0421 	EXP 	window1: blendMode = 'avg'
23.0617 	EXP 	window1: blendMode = 'avg'
23.0628 	EXP 	window1: blendMode = 'avg'
23.0796 	EXP 	window1: blendMode = 'avg'
23.0802 	EXP 	window1: blendMode = 'avg'
23.0986 	EXP 	window1: blendMode = 'avg'
23.0991 	EXP 	window1: blendMode = 'avg'
23.1185 	EXP 	window1: blendMode = 'avg'
23.1190 	EXP 	window1: blendMode = 'avg'
23.1396 	EXP 	window1: blendMode = 'avg'
23.1404 	EXP 	window1: blendMode = 'avg'
23.1594 	EXP 	window1: blendMode = 'avg'
23.1599 	EXP 	window1: blendMode = 'avg'
23.1787 	EXP 	window1: blendMode = 'avg'
23.1792 	EXP 	window1: blendMode = 'avg'
23.1976 	EXP 	window1: blendMode = 'avg'
23.1981 	EXP 	window1: blendMode = 'avg'
23.2183 	EXP 	window1: blendMode = 'avg'
23.2188 	EXP 	window1: blendMode = 'avg'
23.2375 	EXP 	window1: blendMode = 'avg'
23.2379 	EXP 	window1: blendMode = 'avg'
23.2574 	EXP 	window1: blendMode = 'avg'
23.2579 	EXP 	window1: blendMode = 'avg'
23.2778 	EXP 	window1: blendMode = 'avg'
23.2783 	EXP 	window1: blendMode = 'avg'
23.2986 	EXP 	window1: blendMode = 'avg'
23.2990 	EXP 	window1: blendMode = 'avg'
23.3179 	EXP 	window1: blendMode = 'avg'
23.3184 	EXP 	window1: blendMode = 'avg'
23.3385 	EXP 	window1: blendMode = 'avg'
23.3390 	EXP 	window1: blendMode = 'avg'
23.3590 	EXP 	window1: blendMode = 'avg'
23.3595 	EXP 	window1: blendMode = 'avg'
23.3780 	EXP 	window1: blendMode = 'avg'
23.3784 	EXP 	window1: blendMode = 'avg'
23.3981 	EXP 	window1: blendMode = 'avg'
23.3985 	EXP 	window1: blendMode = 'avg'
23.4176 	EXP 	window1: blendMode = 'avg'
23.4180 	EXP 	window1: blendMode = 'avg'
23.4395 	EXP 	window1: blendMode = 'avg'
23.4403 	EXP 	window1: blendMode = 'avg'
23.4599 	EXP 	window1: blendMode = 'avg'
23.4605 	EXP 	window1: blendMode = 'avg'
23.4787 	EXP 	window1: blendMode = 'avg'
23.4794 	EXP 	window1: blendMode = 'avg'
23.4991 	EXP 	window1: blendMode = 'avg'
23.5001 	EXP 	window1: blendMode = 'avg'
23.5189 	EXP 	window1: blendMode = 'avg'
23.5196 	EXP 	window1: blendMode = 'avg'
23.5394 	EXP 	window1: blendMode = 'avg'
23.5401 	EXP 	window1: blendMode = 'avg'
23.5583 	EXP 	window1: blendMode = 'avg'
23.5590 	EXP 	window1: blendMode = 'avg'
23.5787 	EXP 	window1: blendMode = 'avg'
23.5795 	EXP 	window1: blendMode = 'avg'
23.5998 	EXP 	window1: blendMode = 'avg'
23.6005 	EXP 	window1: blendMode = 'avg'
23.6187 	EXP 	window1: blendMode = 'avg'
23.6194 	EXP 	window1: blendMode = 'avg'
23.6386 	EXP 	window1: blendMode = 'avg'
23.6395 	EXP 	window1: blendMode = 'avg'
23.6593 	EXP 	window1: blendMode = 'avg'
23.6600 	EXP 	window1: blendMode = 'avg'
23.6788 	EXP 	window1: blendMode = 'avg'
23.6795 	EXP 	window1: blendMode = 'avg'
23.6982 	EXP 	window1: blendMode = 'avg'
23.6989 	EXP 	window1: blendMode = 'avg'
23.7192 	EXP 	window1: blendMode = 'avg'
23.7202 	EXP 	window1: blendMode = 'avg'
23.7392 	EXP 	window1: blendMode = 'avg'
23.7402 	EXP 	window1: blendMode = 'avg'
23.7598 	EXP 	window1: blendMode = 'avg'
23.7605 	EXP 	window1: blendMode = 'avg'
23.7784 	EXP 	window1: blendMode = 'avg'
23.7790 	EXP 	window1: blendMode = 'avg'
23.7995 	EXP 	window1: blendMode = 'avg'
23.8002 	EXP 	window1: blendMode = 'avg'
23.8194 	EXP 	window1: blendMode = 'avg'
23.8201 	EXP 	window1: blendMode = 'avg'
23.8393 	EXP 	window1: blendMode = 'avg'
23.8401 	EXP 	window1: blendMode = 'avg'
23.8597 	EXP 	window1: blendMode = 'avg'
23.8607 	EXP 	window1: blendMode = 'avg'
23.8801 	EXP 	window1: blendMode = 'avg'
23.8808 	EXP 	window1: blendMode = 'avg'
23.8996 	EXP 	window1: blendMode = 'avg'
23.9003 	EXP 	window1: blendMode = 'avg'
23.9194 	EXP 	window1: blendMode = 'avg'
23.9203 	EXP 	window1: blendMode = 'avg'
23.9398 	EXP 	window1: blendMode = 'avg'
23.9406 	EXP 	window1: blendMode = 'avg'
23.9603 	EXP 	window1: blendMode = 'avg'
23.9610 	EXP 	window1: blendMode = 'avg'
23.9794 	EXP 	window1: blendMode = 'avg'
23.9801 	EXP 	window1: blendMode = 'avg'
24.0002 	EXP 	window1: blendMode = 'avg'
24.0012 	EXP 	window1: blendMode = 'avg'
24.0198 	EXP 	window1: blendMode = 'avg'
24.0205 	EXP 	window1: blendMode = 'avg'
24.0403 	EXP 	window1: blendMode = 'avg'
24.0413 	EXP 	window1: blendMode = 'avg'
24.0592 	EXP 	window1: blendMode = 'avg'
24.0599 	EXP 	window1: blendMode = 'avg'
24.0794 	EXP 	window1: blendMode = 'avg'
24.0801 	EXP 	window1: blendMode = 'avg'
24.1006 	EXP 	window1: blendMode = 'avg'
24.1013 	EXP 	window1: blendMode = 'avg'
24.1203 	EXP 	window1: blendMode = 'avg'
24.1210 	EXP 	window1: blendMode = 'avg'
24.1407 	EXP 	window1: blendMode = 'avg'
24.1417 	EXP 	window1: blendMode = 'avg'
24.1606 	EXP 	window1: blendMode = 'avg'
24.1613 	EXP 	window1: blendMode = 'avg'
24.1797 	EXP 	window1: blendMode = 'avg'
24.1804 	EXP 	window1: blendMode = 'avg'
24.1999 	EXP 	window1: blendMode = 'avg'
24.2008 	EXP 	window1: blendMode = 'avg'
24.2209 	EXP 	window1: blendMode = 'avg'
24.2217 	EXP 	window1: blendMode = 'avg'
24.2411 	EXP 	window1: blendMode = 'avg'
24.2416 	EXP 	window1: blendMode = 'avg'
24.2582 	EXP 	window1: blendMode = 'avg'
24.2587 	EXP 	window1: blendMode = 'avg'
24.2777 	EXP 	window1: blendMode = 'avg'
24.2781 	EXP 	window1: blendMode = 'avg'
24.2979 	EXP 	window1: blendMode = 'avg'
24.2984 	EXP 	window1: blendMode = 'avg'
24.3187 	EXP 	window1: blendMode = 'avg'
24.3191 	EXP 	window1: blendMode = 'avg'
24.3371 	EXP 	window1: blendMode = 'avg'
24.3376 	EXP 	window1: blendMode = 'avg'
24.3577 	EXP 	window1: blendMode = 'avg'
24.3584 	EXP 	window1: blendMode = 'avg'
24.3781 	EXP 	window1: blendMode = 'avg'
24.3785 	EXP 	window1: blendMode = 'avg'
24.3976 	EXP 	window1: blendMode = 'avg'
24.3981 	EXP 	window1: blendMode = 'avg'
24.4177 	EXP 	window1: blendMode = 'avg'
24.4182 	EXP 	window1: blendMode = 'avg'
24.4371 	EXP 	window1: blendMode = 'avg'
24.4376 	EXP 	window1: blendMode = 'avg'
24.4607 	EXP 	window1: blendMode = 'avg'
24.4614 	EXP 	window1: blendMode = 'avg'
24.4791 	EXP 	window1: blendMode = 'avg'
24.4798 	EXP 	window1: blendMode = 'avg'
24.5004 	EXP 	window1: blendMode = 'avg'
24.5015 	EXP 	window1: blendMode = 'avg'
24.5193 	EXP 	window1: blendMode = 'avg'
24.5200 	EXP 	window1: blendMode = 'avg'
24.5393 	EXP 	window1: blendMode = 'avg'
24.5402 	EXP 	window1: blendMode = 'avg'
24.5596 	EXP 	window1: blendMode = 'avg'
24.5602 	EXP 	window1: blendMode = 'avg'
24.5795 	EXP 	window1: blendMode = 'avg'
24.5802 	EXP 	window1: blendMode = 'avg'
24.6003 	EXP 	window1: blendMode = 'avg'
24.6010 	EXP 	window1: blendMode = 'avg'
24.6193 	EXP 	window1: blendMode = 'avg'
24.6199 	EXP 	window1: blendMode = 'avg'
24.6396 	EXP 	window1: blendMode = 'avg'
24.6407 	EXP 	window1: blendMode = 'avg'
24.6598 	EXP 	window1: blendMode = 'avg'
24.6605 	EXP 	window1: blendMode = 'avg'
24.6792 	EXP 	window1: blendMode = 'avg'
24.6798 	EXP 	window1: blendMode = 'avg'
24.6988 	EXP 	window1: blendMode = 'avg'
24.6994 	EXP 	window1: blendMode = 'avg'
24.7197 	EXP 	window1: blendMode = 'avg'
24.7204 	EXP 	window1: blendMode = 'avg'
24.7391 	EXP 	window1: blendMode = 'avg'
24.7398 	EXP 	window1: blendMode = 'avg'
24.7588 	EXP 	window1: blendMode = 'avg'
24.7595 	EXP 	window1: blendMode = 'avg'
24.7789 	EXP 	window1: blendMode = 'avg'
24.7798 	EXP 	window1: blendMode = 'avg'
24.7990 	EXP 	window1: blendMode = 'avg'
24.7997 	EXP 	window1: blendMode = 'avg'
24.8187 	EXP 	window1: blendMode = 'avg'
24.8194 	EXP 	window1: blendMode = 'avg'
24.8389 	EXP 	window1: blendMode = 'avg'
24.8396 	EXP 	window1: blendMode = 'avg'
24.8594 	EXP 	window1: blendMode = 'avg'
24.8601 	EXP 	window1: blendMode = 'avg'
24.8794 	EXP 	window1: blendMode = 'avg'
24.8804 	EXP 	window1: blendMode = 'avg'
24.8990 	EXP 	window1: blendMode = 'avg'
24.8997 	EXP 	window1: blendMode = 'avg'
24.9185 	EXP 	window1: blendMode = 'avg'
24.9192 	EXP 	window1: blendMode = 'avg'
24.9389 	EXP 	window1: blendMode = 'avg'
24.9397 	EXP 	window1: blendMode = 'avg'
24.9595 	EXP 	window1: blendMode = 'avg'
24.9602 	EXP 	window1: blendMode = 'avg'
24.9790 	EXP 	window1: blendMode = 'avg'
24.9797 	EXP 	window1: blendMode = 'avg'
25.0001 	EXP 	window1: blendMode = 'avg'
25.0008 	EXP 	window1: blendMode = 'avg'
25.0187 	EXP 	window1: blendMode = 'avg'
25.0194 	EXP 	window1: blendMode = 'avg'
25.0410 	EXP 	window1: blendMode = 'avg'
25.0420 	EXP 	window1: blendMode = 'avg'
25.0602 	EXP 	window1: blendMode = 'avg'
25.0609 	EXP 	window1: blendMode = 'avg'
25.0800 	EXP 	window1: blendMode = 'avg'
25.0804 	EXP 	window1: blendMode = 'avg'
25.0978 	EXP 	window1: blendMode = 'avg'
25.0982 	EXP 	window1: blendMode = 'avg'
25.1172 	EXP 	window1: blendMode = 'avg'
25.1176 	EXP 	window1: blendMode = 'avg'
25.1369 	EXP 	window1: blendMode = 'avg'
25.1373 	EXP 	window1: blendMode = 'avg'
25.1580 	EXP 	window1: blendMode = 'avg'
25.1586 	EXP 	window1: blendMode = 'avg'
25.1774 	EXP 	window1: blendMode = 'avg'
25.1778 	EXP 	window1: blendMode = 'avg'
25.1974 	EXP 	window1: blendMode = 'avg'
25.1978 	EXP 	window1: blendMode = 'avg'
25.2174 	EXP 	window1: blendMode = 'avg'
25.2179 	EXP 	window1: blendMode = 'avg'
25.2385 	EXP 	window1: blendMode = 'avg'
25.2393 	EXP 	window1: blendMode = 'avg'
25.2589 	EXP 	window1: blendMode = 'avg'
25.2596 	EXP 	window1: blendMode = 'avg'
25.2795 	EXP 	window1: blendMode = 'avg'
25.2803 	EXP 	window1: blendMode = 'avg'
25.2987 	EXP 	window1: blendMode = 'avg'
25.2994 	EXP 	window1: blendMode = 'avg'
25.3189 	EXP 	window1: blendMode = 'avg'
25.3196 	EXP 	window1: blendMode = 'avg'
25.3399 	EXP 	window1: blendMode = 'avg'
25.3406 	EXP 	window1: blendMode = 'avg'
25.3612 	EXP 	window1: blendMode = 'avg'
25.3623 	EXP 	window1: blendMode = 'avg'
25.3802 	EXP 	window1: blendMode = 'avg'
25.3811 	EXP 	window1: blendMode = 'avg'
25.3982 	EXP 	window1: blendMode = 'avg'
25.3990 	EXP 	window1: blendMode = 'avg'
25.4181 	EXP 	window1: blendMode = 'avg'
25.4187 	EXP 	window1: blendMode = 'avg'
25.4383 	EXP 	window1: blendMode = 'avg'
25.4390 	EXP 	window1: blendMode = 'avg'
25.4569 	EXP 	window1: blendMode = 'avg'
25.4573 	EXP 	window1: blendMode = 'avg'
25.4755 	EXP 	window1: blendMode = 'avg'
25.4757 	EXP 	window1: blendMode = 'avg'
25.4971 	EXP 	window1: blendMode = 'avg'
25.4976 	EXP 	window1: blendMode = 'avg'
25.5179 	EXP 	window1: blendMode = 'avg'
25.5188 	EXP 	window1: blendMode = 'avg'
25.5383 	EXP 	window1: blendMode = 'avg'
25.5392 	EXP 	window1: blendMode = 'avg'
25.5586 	EXP 	window1: blendMode = 'avg'
25.5593 	EXP 	window1: blendMode = 'avg'
25.5783 	EXP 	window1: blendMode = 'avg'
25.5794 	EXP 	window1: blendMode = 'avg'
25.5986 	EXP 	window1: blendMode = 'avg'
25.5994 	EXP 	window1: blendMode = 'avg'
25.6176 	EXP 	window1: blendMode = 'avg'
25.6182 	EXP 	window1: blendMode = 'avg'
25.6380 	EXP 	window1: blendMode = 'avg'
25.6391 	EXP 	window1: blendMode = 'avg'
25.6584 	EXP 	window1: blendMode = 'avg'
25.6595 	EXP 	window1: blendMode = 'avg'
25.6789 	EXP 	window1: blendMode = 'avg'
25.6796 	EXP 	window1: blendMode = 'avg'
25.6982 	EXP 	window1: blendMode = 'avg'
25.6989 	EXP 	window1: blendMode = 'avg'
25.7189 	EXP 	window1: blendMode = 'avg'
25.7197 	EXP 	window1: blendMode = 'avg'
25.7380 	EXP 	window1: blendMode = 'avg'
25.7391 	EXP 	window1: blendMode = 'avg'
25.7590 	EXP 	window1: blendMode = 'avg'
25.7597 	EXP 	window1: blendMode = 'avg'
25.7789 	EXP 	window1: blendMode = 'avg'
25.7796 	EXP 	window1: blendMode = 'avg'
25.7986 	EXP 	window1: blendMode = 'avg'
25.7993 	EXP 	window1: blendMode = 'avg'
25.8190 	EXP 	window1: blendMode = 'avg'
25.8197 	EXP 	window1: blendMode = 'avg'
25.8388 	EXP 	window1: blendMode = 'avg'
25.8396 	EXP 	window1: blendMode = 'avg'
25.8587 	EXP 	window1: blendMode = 'avg'
25.8594 	EXP 	window1: blendMode = 'avg'
25.8800 	EXP 	window1: blendMode = 'avg'
25.8809 	EXP 	window1: blendMode = 'avg'
25.8996 	EXP 	window1: blendMode = 'avg'
25.9003 	EXP 	window1: blendMode = 'avg'
25.9188 	EXP 	window1: blendMode = 'avg'
25.9198 	EXP 	window1: blendMode = 'avg'
25.9386 	EXP 	window1: blendMode = 'avg'
25.9394 	EXP 	window1: blendMode = 'avg'
25.9594 	EXP 	window1: blendMode = 'avg'
25.9601 	EXP 	window1: blendMode = 'avg'
25.9790 	EXP 	window1: blendMode = 'avg'
25.9797 	EXP 	window1: blendMode = 'avg'
25.9998 	EXP 	window1: blendMode = 'avg'
26.0006 	EXP 	window1: blendMode = 'avg'
26.0183 	EXP 	window1: blendMode = 'avg'
26.0190 	EXP 	window1: blendMode = 'avg'
26.0402 	EXP 	window1: blendMode = 'avg'
26.0409 	EXP 	window1: blendMode = 'avg'
26.0594 	EXP 	window1: blendMode = 'avg'
26.0601 	EXP 	window1: blendMode = 'avg'
26.0791 	EXP 	window1: blendMode = 'avg'
26.0798 	EXP 	window1: blendMode = 'avg'
26.1007 	EXP 	window1: blendMode = 'avg'
26.1013 	EXP 	window1: blendMode = 'avg'
26.1188 	EXP 	window1: blendMode = 'avg'
26.1195 	EXP 	window1: blendMode = 'avg'
26.1396 	EXP 	window1: blendMode = 'avg'
26.1404 	EXP 	window1: blendMode = 'avg'
26.1589 	EXP 	window1: blendMode = 'avg'
26.1596 	EXP 	window1: blendMode = 'avg'
26.1790 	EXP 	window1: blendMode = 'avg'
26.1797 	EXP 	window1: blendMode = 'avg'
26.1991 	EXP 	window1: blendMode = 'avg'
26.1998 	EXP 	window1: blendMode = 'avg'
26.2195 	EXP 	window1: blendMode = 'avg'
26.2204 	EXP 	window1: blendMode = 'avg'
26.2394 	EXP 	window1: blendMode = 'avg'
26.2405 	EXP 	window1: blendMode = 'avg'
26.2589 	EXP 	window1: blendMode = 'avg'
26.2596 	EXP 	window1: blendMode = 'avg'
26.2800 	EXP 	window1: blendMode = 'avg'
26.2811 	EXP 	window1: blendMode = 'avg'
26.2985 	EXP 	window1: blendMode = 'avg'
26.2992 	EXP 	window1: blendMode = 'avg'
26.3188 	EXP 	window1: blendMode = 'avg'
26.3195 	EXP 	window1: blendMode = 'avg'
26.3387 	EXP 	window1: blendMode = 'avg'
26.3394 	EXP 	window1: blendMode = 'avg'
26.3584 	EXP 	window1: blendMode = 'avg'
26.3595 	EXP 	window1: blendMode = 'avg'
26.3790 	EXP 	window1: blendMode = 'avg'
26.3797 	EXP 	window1: blendMode = 'avg'
26.3998 	EXP 	window1: blendMode = 'avg'
26.4005 	EXP 	window1: blendMode = 'avg'
26.4181 	EXP 	window1: blendMode = 'avg'
26.4188 	EXP 	window1: blendMode = 'avg'
26.4387 	EXP 	window1: blendMode = 'avg'
26.4394 	EXP 	window1: blendMode = 'avg'
26.4593 	EXP 	window1: blendMode = 'avg'
26.4600 	EXP 	window1: blendMode = 'avg'
26.4792 	EXP 	window1: blendMode = 'avg'
26.4801 	EXP 	window1: blendMode = 'avg'
26.4998 	EXP 	window1: blendMode = 'avg'
26.5009 	EXP 	window1: blendMode = 'avg'
26.5203 	EXP 	window1: blendMode = 'avg'
26.5211 	EXP 	window1: blendMode = 'avg'
26.5376 	EXP 	window1: blendMode = 'avg'
26.5380 	EXP 	window1: blendMode = 'avg'
26.5579 	EXP 	window1: blendMode = 'avg'
26.5584 	EXP 	window1: blendMode = 'avg'
26.5781 	EXP 	window1: blendMode = 'avg'
26.5787 	EXP 	window1: blendMode = 'avg'
26.5978 	EXP 	window1: blendMode = 'avg'
26.5983 	EXP 	window1: blendMode = 'avg'
26.6154 	EXP 	window1: blendMode = 'avg'
26.6156 	EXP 	window1: blendMode = 'avg'
26.6352 	EXP 	window1: blendMode = 'avg'
26.6354 	EXP 	window1: blendMode = 'avg'
26.6573 	EXP 	window1: blendMode = 'avg'
26.6578 	EXP 	window1: blendMode = 'avg'
26.6769 	EXP 	window1: blendMode = 'avg'
26.6773 	EXP 	window1: blendMode = 'avg'
26.6965 	EXP 	window1: blendMode = 'avg'
26.6969 	EXP 	window1: blendMode = 'avg'
26.7170 	EXP 	window1: blendMode = 'avg'
26.7175 	EXP 	window1: blendMode = 'avg'
26.7384 	EXP 	window1: blendMode = 'avg'
26.7391 	EXP 	window1: blendMode = 'avg'
26.7594 	EXP 	window1: blendMode = 'avg'
26.7601 	EXP 	window1: blendMode = 'avg'
26.7790 	EXP 	window1: blendMode = 'avg'
26.7798 	EXP 	window1: blendMode = 'avg'
26.7995 	EXP 	window1: blendMode = 'avg'
26.8002 	EXP 	window1: blendMode = 'avg'
26.8191 	EXP 	window1: blendMode = 'avg'
26.8199 	EXP 	window1: blendMode = 'avg'
26.8397 	EXP 	window1: blendMode = 'avg'
26.8405 	EXP 	window1: blendMode = 'avg'
26.8590 	EXP 	window1: blendMode = 'avg'
26.8597 	EXP 	window1: blendMode = 'avg'
26.8788 	EXP 	window1: blendMode = 'avg'
26.8795 	EXP 	window1: blendMode = 'avg'
26.8988 	EXP 	window1: blendMode = 'avg'
26.8995 	EXP 	window1: blendMode = 'avg'
26.9194 	EXP 	window1: blendMode = 'avg'
26.9205 	EXP 	window1: blendMode = 'avg'
26.9382 	EXP 	window1: blendMode = 'avg'
26.9390 	EXP 	window1: blendMode = 'avg'
26.9588 	EXP 	window1: blendMode = 'avg'
26.9595 	EXP 	window1: blendMode = 'avg'
26.9795 	EXP 	window1: blendMode = 'avg'
26.9802 	EXP 	window1: blendMode = 'avg'
26.9993 	EXP 	window1: blendMode = 'avg'
27.0001 	EXP 	window1: blendMode = 'avg'
27.0182 	EXP 	window1: blendMode = 'avg'
27.0189 	EXP 	window1: blendMode = 'avg'
27.0394 	EXP 	window1: blendMode = 'avg'
27.0402 	EXP 	window1: blendMode = 'avg'
27.0587 	EXP 	window1: blendMode = 'avg'
27.0594 	EXP 	window1: blendMode = 'avg'
27.0787 	EXP 	window1: blendMode = 'avg'
27.0794 	EXP 	window1: blendMode = 'avg'
27.1001 	EXP 	window1: blendMode = 'avg'
27.1012 	EXP 	window1: blendMode = 'avg'
27.1189 	EXP 	window1: blendMode = 'avg'
27.1196 	EXP 	window1: blendMode = 'avg'
27.1381 	EXP 	window1: blendMode = 'avg'
27.1387 	EXP 	window1: blendMode = 'avg'
27.1592 	EXP 	window1: blendMode = 'avg'
27.1603 	EXP 	window1: blendMode = 'avg'
27.1789 	EXP 	window1: blendMode = 'avg'
27.1796 	EXP 	window1: blendMode = 'avg'
27.1983 	EXP 	window1: blendMode = 'avg'
27.1990 	EXP 	window1: blendMode = 'avg'
27.2188 	EXP 	window1: blendMode = 'avg'
27.2195 	EXP 	window1: blendMode = 'avg'
27.2393 	EXP 	window1: blendMode = 'avg'
27.2400 	EXP 	window1: blendMode = 'avg'
27.2595 	EXP 	window1: blendMode = 'avg'
27.2605 	EXP 	window1: blendMode = 'avg'
27.2799 	EXP 	window1: blendMode = 'avg'
27.2806 	EXP 	window1: blendMode = 'avg'
27.2998 	EXP 	window1: blendMode = 'avg'
27.3005 	EXP 	window1: blendMode = 'avg'
27.3168 	EXP 	window1: blendMode = 'avg'
27.3172 	EXP 	window1: blendMode = 'avg'
27.3379 	EXP 	window1: blendMode = 'avg'
27.3387 	EXP 	window1: blendMode = 'avg'
27.3577 	EXP 	window1: blendMode = 'avg'
27.3586 	EXP 	window1: blendMode = 'avg'
27.3762 	EXP 	window1: blendMode = 'avg'
27.3766 	EXP 	window1: blendMode = 'avg'
27.3954 	EXP 	window1: blendMode = 'avg'
27.3957 	EXP 	window1: blendMode = 'avg'
27.4152 	EXP 	window1: blendMode = 'avg'
27.4155 	EXP 	window1: blendMode = 'avg'
27.4355 	EXP 	window1: blendMode = 'avg'
27.4358 	EXP 	window1: blendMode = 'avg'
27.4598 	EXP 	window1: blendMode = 'avg'
27.4605 	EXP 	window1: blendMode = 'avg'
27.4780 	EXP 	window1: blendMode = 'avg'
27.4787 	EXP 	window1: blendMode = 'avg'
27.4980 	EXP 	window1: blendMode = 'avg'
27.4990 	EXP 	window1: blendMode = 'avg'
27.5179 	EXP 	window1: blendMode = 'avg'
27.5188 	EXP 	window1: blendMode = 'avg'
27.5394 	EXP 	window1: blendMode = 'avg'
27.5401 	EXP 	window1: blendMode = 'avg'
27.5576 	EXP 	window1: blendMode = 'avg'
27.5584 	EXP 	window1: blendMode = 'avg'
27.5787 	EXP 	window1: blendMode = 'avg'
27.5798 	EXP 	window1: blendMode = 'avg'
27.5992 	EXP 	window1: blendMode = 'avg'
27.5999 	EXP 	window1: blendMode = 'avg'
27.6192 	EXP 	window1: blendMode = 'avg'
27.6202 	EXP 	window1: blendMode = 'avg'
27.6386 	EXP 	window1: blendMode = 'avg'
27.6396 	EXP 	window1: blendMode = 'avg'
27.6600 	EXP 	window1: blendMode = 'avg'
27.6610 	EXP 	window1: blendMode = 'avg'
27.6791 	EXP 	window1: blendMode = 'avg'
27.6798 	EXP 	window1: blendMode = 'avg'
27.6972 	EXP 	window1: blendMode = 'avg'
27.6977 	EXP 	window1: blendMode = 'avg'
27.7166 	EXP 	window1: blendMode = 'avg'
27.7173 	EXP 	window1: blendMode = 'avg'
27.7374 	DATA 	Keypress: escape
