1.5287 	ERROR 	avbin.dll failed to load. Try importing psychopy.visual
  as the first library (before anything that uses scipy)
  and make sure that avbin is installed.
6.9936 	EXP 	Created window1 = Window(allowGUI=False, allowStencil=False, autoLog=True, bitsMode=UNKNOWN, blendMode='avg', color=array([ 0.95,  0.95,  0.95]), colorSpace='rgb', fullscr=UNKNOWN, gamma=None, lms=UNKNOWN, monitor=<psychopy.monitors.calibTools.Monitor object at 0x1BAC1690>, multiSample=False, name='window1', numSamples=2, pos=[0, 0], screen=0, size=array([1600,  900]), stereo=False, units=u'norm', useFBO=True, useRetina=False, viewOri=0.0, viewPos=None, viewScale=None, waitBlanking=True, winType='pyglet')
6.9937 	EXP 	window1: recordFrameIntervals = False
7.1915 	EXP 	window1: recordFrameIntervals = True
7.4119 	EXP 	window1: recordFrameIntervals = False
7.5882 	EXP 	Created Orientation_Cue = TextStim(alignHoriz='center', alignVert='center', antialias=True, autoLog=True, bold=False, color=u'black', colorSpace='named', contrast=1.0, depth=0.0, flipHoriz=False, flipVert=False, font=u'Arial', fontFiles=[], height=0.1, italic=False, name='Orientation_Cue', opacity=1.0, ori=0, pos=array([ 0.,  0.]), rgb=array([ 0.,  0.,  0.]), text=u'\u25cb', units=u'norm', win=Window(...), wrapWidth=1)
7.6059 	EXP 	Created Ready_Cue = TextStim(alignHoriz='center', alignVert='center', antialias=True, autoLog=True, bold=False, color=u'black', colorSpace='named', contrast=1.0, depth=-1.0, flipHoriz=False, flipVert=False, font=u'Arial', fontFiles=[], height=0.1, italic=False, name='Ready_Cue', opacity=1.0, ori=0, pos=array([ 0.,  0.]), rgb=array([ 0.,  0.,  0.]), text=u'\u23fa', units=u'norm', win=Window(...), wrapWidth=1)
7.6308 	EXP 	Created Zoid_Left = ShapeStim(autoDraw=False, autoLog=True, closeShape=True, contrast=1.0, depth=-3.0, fillColor=array([ 0.05,  0.05,  0.05]), fillColorSpace='rgb', interpolate=True, lineColor=array([ 1.,  1.,  1.]), lineColorSpace='rgb', lineWidth=1, name='Zoid_Left', opacity=1.0, ori=array(0.0), pos=array([-5.,  0.]), size=array([ 1.,  1.]), units='cm', vertices=ndarray(...), win=Window(...), windingRule=None)
7.6341 	EXP 	Created Zoid_Right = ShapeStim(autoDraw=False, autoLog=True, closeShape=True, contrast=1.0, depth=-4.0, fillColor=array([ 0.05,  0.05,  0.05]), fillColorSpace='rgb', interpolate=True, lineColor=array([ 1.,  1.,  1.]), lineColorSpace='rgb', lineWidth=1, name='Zoid_Right', opacity=1.0, ori=array(0.0), pos=array([ 5.,  0.]), size=array([ 1.,  1.]), units='cm', vertices=ndarray(...), win=Window(...), windingRule=None)
7.7396 	EXP 	Created Button_Instructions = TextStim(alignHoriz='center', alignVert='center', antialias=True, autoLog=True, bold=False, color=u'white', colorSpace='named', contrast=1.0, depth=0.0, flipHoriz=False, flipVert=False, font=u'Arial', fontFiles=[], height=0.07, italic=False, name='Button_Instructions', opacity=1.0, ori=0, pos=array([ 0. ,  0.5]), rgb=array([ 255.,  255.,  255.]), text=unicode(...), units=u'norm', win=Window(...), wrapWidth=1)
7.7500 	EXP 	Created x_instruction = TextStim(alignHoriz='center', alignVert='center', antialias=True, autoLog=True, bold=False, color=u'lightseagreen', colorSpace='named', contrast=1.0, depth=0.0, flipHoriz=False, flipVert=False, font=u'Arial', fontFiles=[], height=0.1, italic=False, name='x_instruction', opacity=1.0, ori=0, pos=array([-0.5, -0.8]), rgb=array([  32.,  178.,  170.]), text=u'SAME\nx', units=u'norm', win=Window(...), wrapWidth=1)
7.7628 	EXP 	Created m_instruction = TextStim(alignHoriz='right', alignVert='center', antialias=True, autoLog=True, bold=False, color=u'tomato', colorSpace='named', contrast=1.0, depth=0.0, flipHoriz=False, flipVert=False, font=u'Arial', fontFiles=[], height=0.1, italic=False, name='m_instruction', opacity=1.0, ori=0, pos=array([ 0.5, -0.8]), rgb=array([ 255.,   99.,   71.]), text=u'DIFFERENT\nm', units=u'norm', win=Window(...), wrapWidth=1)
7.7804 	EXP 	Created Feedback_Screen = TextStim(alignHoriz='center', alignVert='center', antialias=True, autoLog=True, bold=False, color=u'black', colorSpace='named', contrast=1.0, depth=0.0, flipHoriz=False, flipVert=False, font=u'Arial', fontFiles=[], height=0.1, italic=False, name='Feedback_Screen', opacity=1.0, ori=0, pos=array([ 0.,  0.]), rgb=array([ 0.,  0.,  0.]), text=u'Placeholder_text', units=u'norm', win=Window(...), wrapWidth=1)
7.7820 	EXP 	window1: blendMode = 'avg'
7.7825 	EXP 	window1: blendMode = 'avg'
7.7829 	EXP 	window1: blendMode = 'avg'
7.7914 	EXP 	x_instruction: autoDraw = True
7.7914 	EXP 	m_instruction: autoDraw = True
7.7914 	EXP 	Button_Instructions: autoDraw = True
12.7933 	EXP 	Created sequence: random, trialTypes=1, nReps=121, seed=None
12.9265 	EXP 	New trial (rep=0, index=0): None
12.9275 	EXP 	window1: blendMode = 'avg'
12.9277 	EXP 	window1: blendMode = 'avg'
12.9281 	EXP 	window1: blendMode = 'avg'
12.9350 	EXP 	Button_Instructions: autoDraw = False
12.9350 	EXP 	Zoid_Left: vertices = ((0.5, 0), (1.5, 0), (1.5, 1), (-1.5, 1), (-1.5, 0), (-0.5, 0), (-0.5, -1), (0.5, -1))
12.9350 	EXP 	Zoid_Left: ori = 90
12.9350 	EXP 	Zoid_Right: vertices = ((0.5, 0), (1.5, 0), (1.5, 1), (-1.5, 1), (-1.5, 0), (-0.5, 0), (-0.5, -1), (0.5, -1))
12.9350 	EXP 	Zoid_Right: ori = 0
12.9350 	EXP 	Orientation_Cue: autoDraw = True
12.9357 	EXP 	window1: blendMode = 'avg'
12.9360 	EXP 	window1: blendMode = 'avg'
12.9362 	EXP 	window1: blendMode = 'avg'
12.9488 	EXP 	window1: blendMode = 'avg'
12.9490 	EXP 	window1: blendMode = 'avg'
12.9493 	EXP 	window1: blendMode = 'avg'
12.9698 	EXP 	window1: blendMode = 'avg'
12.9702 	EXP 	window1: blendMode = 'avg'
12.9705 	EXP 	window1: blendMode = 'avg'
12.9891 	EXP 	window1: blendMode = 'avg'
12.9895 	EXP 	window1: blendMode = 'avg'
12.9898 	EXP 	window1: blendMode = 'avg'
13.0093 	EXP 	window1: blendMode = 'avg'
13.0096 	EXP 	window1: blendMode = 'avg'
13.0104 	EXP 	window1: blendMode = 'avg'
13.0311 	EXP 	window1: blendMode = 'avg'
13.0318 	EXP 	window1: blendMode = 'avg'
13.0324 	EXP 	window1: blendMode = 'avg'
13.0512 	EXP 	window1: blendMode = 'avg'
13.0519 	EXP 	window1: blendMode = 'avg'
13.0526 	EXP 	window1: blendMode = 'avg'
13.0709 	EXP 	window1: blendMode = 'avg'
13.0715 	EXP 	window1: blendMode = 'avg'
13.0722 	EXP 	window1: blendMode = 'avg'
13.0922 	EXP 	window1: blendMode = 'avg'
13.0928 	EXP 	window1: blendMode = 'avg'
13.0935 	EXP 	window1: blendMode = 'avg'
13.1110 	EXP 	window1: blendMode = 'avg'
13.1118 	EXP 	window1: blendMode = 'avg'
13.1125 	EXP 	window1: blendMode = 'avg'
13.1313 	EXP 	window1: blendMode = 'avg'
13.1320 	EXP 	window1: blendMode = 'avg'
13.1326 	EXP 	window1: blendMode = 'avg'
13.1512 	EXP 	window1: blendMode = 'avg'
13.1518 	EXP 	window1: blendMode = 'avg'
13.1525 	EXP 	window1: blendMode = 'avg'
13.1710 	EXP 	window1: blendMode = 'avg'
13.1716 	EXP 	window1: blendMode = 'avg'
13.1723 	EXP 	window1: blendMode = 'avg'
13.1912 	EXP 	window1: blendMode = 'avg'
13.1919 	EXP 	window1: blendMode = 'avg'
13.1925 	EXP 	window1: blendMode = 'avg'
13.2113 	EXP 	window1: blendMode = 'avg'
13.2120 	EXP 	window1: blendMode = 'avg'
13.2127 	EXP 	window1: blendMode = 'avg'
13.2313 	EXP 	window1: blendMode = 'avg'
13.2321 	EXP 	window1: blendMode = 'avg'
13.2327 	EXP 	window1: blendMode = 'avg'
13.2514 	EXP 	window1: blendMode = 'avg'
13.2521 	EXP 	window1: blendMode = 'avg'
13.2528 	EXP 	window1: blendMode = 'avg'
13.2742 	EXP 	window1: blendMode = 'avg'
13.2749 	EXP 	window1: blendMode = 'avg'
13.2755 	EXP 	window1: blendMode = 'avg'
13.2917 	EXP 	window1: blendMode = 'avg'
13.2925 	EXP 	window1: blendMode = 'avg'
13.2931 	EXP 	window1: blendMode = 'avg'
13.3110 	EXP 	window1: blendMode = 'avg'
13.3116 	EXP 	window1: blendMode = 'avg'
13.3123 	EXP 	window1: blendMode = 'avg'
13.3323 	EXP 	window1: blendMode = 'avg'
13.3330 	EXP 	window1: blendMode = 'avg'
13.3336 	EXP 	window1: blendMode = 'avg'
13.3511 	EXP 	window1: blendMode = 'avg'
13.3518 	EXP 	window1: blendMode = 'avg'
13.3525 	EXP 	window1: blendMode = 'avg'
13.3715 	EXP 	window1: blendMode = 'avg'
13.3725 	EXP 	window1: blendMode = 'avg'
13.3731 	EXP 	window1: blendMode = 'avg'
13.3909 	EXP 	window1: blendMode = 'avg'
13.3916 	EXP 	window1: blendMode = 'avg'
13.3922 	EXP 	window1: blendMode = 'avg'
13.4109 	EXP 	window1: blendMode = 'avg'
13.4115 	EXP 	window1: blendMode = 'avg'
13.4122 	EXP 	window1: blendMode = 'avg'
13.4313 	EXP 	window1: blendMode = 'avg'
13.4320 	EXP 	window1: blendMode = 'avg'
13.4326 	EXP 	window1: blendMode = 'avg'
13.4517 	EXP 	window1: blendMode = 'avg'
13.4524 	EXP 	window1: blendMode = 'avg'
13.4531 	EXP 	window1: blendMode = 'avg'
13.4710 	EXP 	window1: blendMode = 'avg'
13.4717 	EXP 	window1: blendMode = 'avg'
13.4723 	EXP 	window1: blendMode = 'avg'
13.4909 	EXP 	window1: blendMode = 'avg'
13.4916 	EXP 	window1: blendMode = 'avg'
13.4923 	EXP 	window1: blendMode = 'avg'
13.5113 	EXP 	window1: blendMode = 'avg'
13.5120 	EXP 	window1: blendMode = 'avg'
13.5127 	EXP 	window1: blendMode = 'avg'
13.5316 	EXP 	window1: blendMode = 'avg'
13.5323 	EXP 	window1: blendMode = 'avg'
13.5329 	EXP 	window1: blendMode = 'avg'
13.5519 	EXP 	window1: blendMode = 'avg'
13.5525 	EXP 	window1: blendMode = 'avg'
13.5532 	EXP 	window1: blendMode = 'avg'
13.5707 	EXP 	window1: blendMode = 'avg'
13.5714 	EXP 	window1: blendMode = 'avg'
13.5721 	EXP 	window1: blendMode = 'avg'
13.5920 	EXP 	window1: blendMode = 'avg'
13.5927 	EXP 	window1: blendMode = 'avg'
13.5934 	EXP 	window1: blendMode = 'avg'
13.6110 	EXP 	window1: blendMode = 'avg'
13.6117 	EXP 	window1: blendMode = 'avg'
13.6123 	EXP 	window1: blendMode = 'avg'
13.6308 	EXP 	window1: blendMode = 'avg'
13.6315 	EXP 	window1: blendMode = 'avg'
13.6322 	EXP 	window1: blendMode = 'avg'
13.6512 	EXP 	window1: blendMode = 'avg'
13.6520 	EXP 	window1: blendMode = 'avg'
13.6526 	EXP 	window1: blendMode = 'avg'
13.6711 	EXP 	window1: blendMode = 'avg'
13.6718 	EXP 	window1: blendMode = 'avg'
13.6724 	EXP 	window1: blendMode = 'avg'
13.6912 	EXP 	window1: blendMode = 'avg'
13.6919 	EXP 	window1: blendMode = 'avg'
13.6925 	EXP 	window1: blendMode = 'avg'
13.7107 	EXP 	window1: blendMode = 'avg'
13.7114 	EXP 	window1: blendMode = 'avg'
13.7124 	EXP 	window1: blendMode = 'avg'
13.7315 	EXP 	window1: blendMode = 'avg'
13.7322 	EXP 	window1: blendMode = 'avg'
13.7328 	EXP 	window1: blendMode = 'avg'
13.7514 	EXP 	window1: blendMode = 'avg'
13.7521 	EXP 	window1: blendMode = 'avg'
13.7527 	EXP 	window1: blendMode = 'avg'
13.7707 	EXP 	window1: blendMode = 'avg'
13.7714 	EXP 	window1: blendMode = 'avg'
13.7720 	EXP 	window1: blendMode = 'avg'
13.7928 	EXP 	window1: blendMode = 'avg'
13.7938 	EXP 	window1: blendMode = 'avg'
13.7947 	EXP 	window1: blendMode = 'avg'
13.8133 	EXP 	window1: blendMode = 'avg'
13.8144 	EXP 	window1: blendMode = 'avg'
13.8153 	EXP 	window1: blendMode = 'avg'
13.8316 	EXP 	window1: blendMode = 'avg'
13.8321 	EXP 	window1: blendMode = 'avg'
13.8325 	EXP 	window1: blendMode = 'avg'
13.8502 	EXP 	window1: blendMode = 'avg'
13.8509 	EXP 	window1: blendMode = 'avg'
13.8516 	EXP 	window1: blendMode = 'avg'
13.8697 	EXP 	window1: blendMode = 'avg'
13.8701 	EXP 	window1: blendMode = 'avg'
13.8705 	EXP 	window1: blendMode = 'avg'
13.8895 	EXP 	window1: blendMode = 'avg'
13.8901 	EXP 	window1: blendMode = 'avg'
13.8907 	EXP 	window1: blendMode = 'avg'
13.9095 	EXP 	window1: blendMode = 'avg'
13.9099 	EXP 	window1: blendMode = 'avg'
13.9103 	EXP 	window1: blendMode = 'avg'
13.9308 	EXP 	window1: blendMode = 'avg'
13.9315 	EXP 	window1: blendMode = 'avg'
13.9322 	EXP 	window1: blendMode = 'avg'
13.9507 	EXP 	window1: blendMode = 'avg'
13.9517 	EXP 	window1: blendMode = 'avg'
13.9524 	EXP 	window1: blendMode = 'avg'
13.9708 	EXP 	window1: blendMode = 'avg'
13.9715 	EXP 	window1: blendMode = 'avg'
13.9723 	EXP 	window1: blendMode = 'avg'
13.9915 	EXP 	window1: blendMode = 'avg'
13.9922 	EXP 	window1: blendMode = 'avg'
13.9928 	EXP 	window1: blendMode = 'avg'
14.0122 	EXP 	window1: blendMode = 'avg'
14.0132 	EXP 	window1: blendMode = 'avg'
14.0142 	EXP 	window1: blendMode = 'avg'
14.0315 	EXP 	window1: blendMode = 'avg'
14.0322 	EXP 	window1: blendMode = 'avg'
14.0328 	EXP 	window1: blendMode = 'avg'
14.0504 	EXP 	window1: blendMode = 'avg'
14.0511 	EXP 	window1: blendMode = 'avg'
14.0518 	EXP 	window1: blendMode = 'avg'
14.0708 	EXP 	window1: blendMode = 'avg'
14.0714 	EXP 	window1: blendMode = 'avg'
14.0721 	EXP 	window1: blendMode = 'avg'
14.0907 	EXP 	window1: blendMode = 'avg'
14.0914 	EXP 	window1: blendMode = 'avg'
14.0920 	EXP 	window1: blendMode = 'avg'
14.1118 	EXP 	window1: blendMode = 'avg'
14.1125 	EXP 	window1: blendMode = 'avg'
14.1132 	EXP 	window1: blendMode = 'avg'
14.1314 	EXP 	window1: blendMode = 'avg'
14.1321 	EXP 	window1: blendMode = 'avg'
14.1327 	EXP 	window1: blendMode = 'avg'
14.1509 	EXP 	window1: blendMode = 'avg'
14.1519 	EXP 	window1: blendMode = 'avg'
14.1526 	EXP 	window1: blendMode = 'avg'
14.1705 	EXP 	window1: blendMode = 'avg'
14.1712 	EXP 	window1: blendMode = 'avg'
14.1719 	EXP 	window1: blendMode = 'avg'
14.1906 	EXP 	window1: blendMode = 'avg'
14.1913 	EXP 	window1: blendMode = 'avg'
14.1919 	EXP 	window1: blendMode = 'avg'
14.2111 	EXP 	window1: blendMode = 'avg'
14.2118 	EXP 	window1: blendMode = 'avg'
14.2124 	EXP 	window1: blendMode = 'avg'
14.2311 	EXP 	window1: blendMode = 'avg'
14.2318 	EXP 	window1: blendMode = 'avg'
14.2324 	EXP 	window1: blendMode = 'avg'
14.2517 	EXP 	window1: blendMode = 'avg'
14.2524 	EXP 	window1: blendMode = 'avg'
14.2530 	EXP 	window1: blendMode = 'avg'
14.2707 	EXP 	window1: blendMode = 'avg'
14.2714 	EXP 	window1: blendMode = 'avg'
14.2721 	EXP 	window1: blendMode = 'avg'
14.2915 	EXP 	window1: blendMode = 'avg'
14.2922 	EXP 	window1: blendMode = 'avg'
14.2928 	EXP 	window1: blendMode = 'avg'
14.3104 	EXP 	window1: blendMode = 'avg'
14.3112 	EXP 	window1: blendMode = 'avg'
14.3119 	EXP 	window1: blendMode = 'avg'
14.3308 	EXP 	window1: blendMode = 'avg'
14.3315 	EXP 	window1: blendMode = 'avg'
14.3322 	EXP 	window1: blendMode = 'avg'
14.3509 	EXP 	window1: blendMode = 'avg'
14.3516 	EXP 	window1: blendMode = 'avg'
14.3524 	EXP 	window1: blendMode = 'avg'
14.3713 	EXP 	window1: blendMode = 'avg'
14.3720 	EXP 	window1: blendMode = 'avg'
14.3726 	EXP 	window1: blendMode = 'avg'
14.3905 	EXP 	window1: blendMode = 'avg'
14.3912 	EXP 	window1: blendMode = 'avg'
14.3918 	EXP 	window1: blendMode = 'avg'
14.4111 	EXP 	window1: blendMode = 'avg'
14.4118 	EXP 	window1: blendMode = 'avg'
14.4124 	EXP 	window1: blendMode = 'avg'
14.4305 	EXP 	window1: blendMode = 'avg'
14.4312 	EXP 	window1: blendMode = 'avg'
14.4318 	EXP 	window1: blendMode = 'avg'
14.4508 	EXP 	window1: blendMode = 'avg'
14.4515 	EXP 	window1: blendMode = 'avg'
14.4521 	EXP 	window1: blendMode = 'avg'
14.4713 	EXP 	window1: blendMode = 'avg'
14.4720 	EXP 	window1: blendMode = 'avg'
14.4726 	EXP 	window1: blendMode = 'avg'
14.4906 	EXP 	window1: blendMode = 'avg'
14.4912 	EXP 	window1: blendMode = 'avg'
14.4919 	EXP 	window1: blendMode = 'avg'
14.5107 	EXP 	window1: blendMode = 'avg'
14.5114 	EXP 	window1: blendMode = 'avg'
14.5120 	EXP 	window1: blendMode = 'avg'
14.5312 	EXP 	window1: blendMode = 'avg'
14.5319 	EXP 	window1: blendMode = 'avg'
14.5325 	EXP 	window1: blendMode = 'avg'
14.5506 	EXP 	window1: blendMode = 'avg'
14.5513 	EXP 	window1: blendMode = 'avg'
14.5519 	EXP 	window1: blendMode = 'avg'
14.5710 	EXP 	window1: blendMode = 'avg'
14.5717 	EXP 	window1: blendMode = 'avg'
14.5723 	EXP 	window1: blendMode = 'avg'
14.5907 	EXP 	window1: blendMode = 'avg'
14.5918 	EXP 	window1: blendMode = 'avg'
14.5925 	EXP 	window1: blendMode = 'avg'
14.6107 	EXP 	window1: blendMode = 'avg'
14.6114 	EXP 	window1: blendMode = 'avg'
14.6121 	EXP 	window1: blendMode = 'avg'
14.6309 	EXP 	window1: blendMode = 'avg'
14.6316 	EXP 	window1: blendMode = 'avg'
14.6322 	EXP 	window1: blendMode = 'avg'
14.6507 	EXP 	window1: blendMode = 'avg'
14.6516 	EXP 	window1: blendMode = 'avg'
14.6523 	EXP 	window1: blendMode = 'avg'
14.6708 	EXP 	window1: blendMode = 'avg'
14.6715 	EXP 	window1: blendMode = 'avg'
14.6721 	EXP 	window1: blendMode = 'avg'
14.6903 	EXP 	window1: blendMode = 'avg'
14.6910 	EXP 	window1: blendMode = 'avg'
14.6916 	EXP 	window1: blendMode = 'avg'
14.7108 	EXP 	window1: blendMode = 'avg'
14.7115 	EXP 	window1: blendMode = 'avg'
14.7121 	EXP 	window1: blendMode = 'avg'
14.7308 	EXP 	window1: blendMode = 'avg'
14.7315 	EXP 	window1: blendMode = 'avg'
14.7321 	EXP 	window1: blendMode = 'avg'
14.7506 	EXP 	window1: blendMode = 'avg'
14.7513 	EXP 	window1: blendMode = 'avg'
14.7520 	EXP 	window1: blendMode = 'avg'
14.7706 	EXP 	window1: blendMode = 'avg'
14.7713 	EXP 	window1: blendMode = 'avg'
14.7720 	EXP 	window1: blendMode = 'avg'
14.7907 	EXP 	window1: blendMode = 'avg'
14.7915 	EXP 	window1: blendMode = 'avg'
14.7921 	EXP 	window1: blendMode = 'avg'
14.8105 	EXP 	window1: blendMode = 'avg'
14.8112 	EXP 	window1: blendMode = 'avg'
14.8118 	EXP 	window1: blendMode = 'avg'
14.8313 	EXP 	window1: blendMode = 'avg'
14.8320 	EXP 	window1: blendMode = 'avg'
14.8326 	EXP 	window1: blendMode = 'avg'
14.8510 	EXP 	window1: blendMode = 'avg'
14.8518 	EXP 	window1: blendMode = 'avg'
14.8528 	EXP 	window1: blendMode = 'avg'
14.8716 	EXP 	window1: blendMode = 'avg'
14.8723 	EXP 	window1: blendMode = 'avg'
14.8732 	EXP 	window1: blendMode = 'avg'
14.9060 	EXP 	window1: blendMode = 'avg'
14.9072 	EXP 	window1: blendMode = 'avg'
14.9081 	EXP 	window1: blendMode = 'avg'
14.9201 	EXP 	window1: blendMode = 'avg'
14.9212 	EXP 	window1: blendMode = 'avg'
14.9495 	EXP 	Orientation_Cue: autoDraw = False
14.9512 	EXP 	window1: blendMode = 'avg'
14.9519 	EXP 	window1: blendMode = 'avg'
14.9531 	EXP 	window1: blendMode = 'avg'
14.9691 	EXP 	Ready_Cue: autoDraw = True
14.9703 	EXP 	window1: blendMode = 'avg'
14.9711 	EXP 	window1: blendMode = 'avg'
14.9719 	EXP 	window1: blendMode = 'avg'
14.9888 	EXP 	window1: blendMode = 'avg'
14.9893 	EXP 	window1: blendMode = 'avg'
14.9897 	EXP 	window1: blendMode = 'avg'
15.0082 	EXP 	window1: blendMode = 'avg'
15.0086 	EXP 	window1: blendMode = 'avg'
15.0088 	EXP 	window1: blendMode = 'avg'
15.0281 	EXP 	window1: blendMode = 'avg'
15.0285 	EXP 	window1: blendMode = 'avg'
15.0287 	EXP 	window1: blendMode = 'avg'
15.0485 	EXP 	window1: blendMode = 'avg'
15.0491 	EXP 	window1: blendMode = 'avg'
15.0496 	EXP 	window1: blendMode = 'avg'
15.0692 	EXP 	window1: blendMode = 'avg'
15.0697 	EXP 	window1: blendMode = 'avg'
15.0702 	EXP 	window1: blendMode = 'avg'
15.0912 	EXP 	window1: blendMode = 'avg'
15.0923 	EXP 	window1: blendMode = 'avg'
15.0934 	EXP 	window1: blendMode = 'avg'
15.1125 	EXP 	window1: blendMode = 'avg'
15.1136 	EXP 	window1: blendMode = 'avg'
15.1147 	EXP 	window1: blendMode = 'avg'
15.1322 	EXP 	window1: blendMode = 'avg'
15.1333 	EXP 	window1: blendMode = 'avg'
15.1344 	EXP 	window1: blendMode = 'avg'
15.1504 	EXP 	window1: blendMode = 'avg'
15.1508 	EXP 	window1: blendMode = 'avg'
15.1512 	EXP 	window1: blendMode = 'avg'
15.1689 	EXP 	window1: blendMode = 'avg'
15.1692 	EXP 	window1: blendMode = 'avg'
15.1695 	EXP 	window1: blendMode = 'avg'
15.1888 	EXP 	window1: blendMode = 'avg'
15.1891 	EXP 	window1: blendMode = 'avg'
15.1894 	EXP 	window1: blendMode = 'avg'
15.2096 	EXP 	window1: blendMode = 'avg'
15.2101 	EXP 	window1: blendMode = 'avg'
15.2104 	EXP 	window1: blendMode = 'avg'
15.2284 	EXP 	window1: blendMode = 'avg'
15.2287 	EXP 	window1: blendMode = 'avg'
15.2290 	EXP 	window1: blendMode = 'avg'
15.2482 	EXP 	window1: blendMode = 'avg'
15.2485 	EXP 	window1: blendMode = 'avg'
15.2488 	EXP 	window1: blendMode = 'avg'
15.2687 	EXP 	window1: blendMode = 'avg'
15.2690 	EXP 	window1: blendMode = 'avg'
15.2693 	EXP 	window1: blendMode = 'avg'
15.2884 	EXP 	window1: blendMode = 'avg'
15.2887 	EXP 	window1: blendMode = 'avg'
15.2891 	EXP 	window1: blendMode = 'avg'
15.3084 	EXP 	window1: blendMode = 'avg'
15.3087 	EXP 	window1: blendMode = 'avg'
15.3090 	EXP 	window1: blendMode = 'avg'
15.3288 	EXP 	window1: blendMode = 'avg'
15.3295 	EXP 	window1: blendMode = 'avg'
15.3300 	EXP 	window1: blendMode = 'avg'
15.3499 	EXP 	window1: blendMode = 'avg'
15.3505 	EXP 	window1: blendMode = 'avg'
15.3511 	EXP 	window1: blendMode = 'avg'
15.3698 	EXP 	window1: blendMode = 'avg'
15.3704 	EXP 	window1: blendMode = 'avg'
15.3709 	EXP 	window1: blendMode = 'avg'
15.3899 	EXP 	window1: blendMode = 'avg'
15.3905 	EXP 	window1: blendMode = 'avg'
15.3911 	EXP 	window1: blendMode = 'avg'
15.4101 	EXP 	window1: blendMode = 'avg'
15.4107 	EXP 	window1: blendMode = 'avg'
15.4113 	EXP 	window1: blendMode = 'avg'
15.4301 	EXP 	window1: blendMode = 'avg'
15.4307 	EXP 	window1: blendMode = 'avg'
15.4494 	EXP 	Ready_Cue: autoDraw = False
15.4494 	EXP 	Zoid_Left: autoDraw = True
15.4494 	EXP 	Zoid_Right: autoDraw = True
15.4507 	EXP 	window1: blendMode = 'avg'
15.4513 	EXP 	window1: blendMode = 'avg'
15.4712 	EXP 	window1: blendMode = 'avg'
15.4718 	EXP 	window1: blendMode = 'avg'
15.4900 	EXP 	window1: blendMode = 'avg'
15.4906 	EXP 	window1: blendMode = 'avg'
15.5099 	EXP 	window1: blendMode = 'avg'
15.5105 	EXP 	window1: blendMode = 'avg'
15.5306 	EXP 	window1: blendMode = 'avg'
15.5312 	EXP 	window1: blendMode = 'avg'
15.5505 	EXP 	window1: blendMode = 'avg'
15.5512 	EXP 	window1: blendMode = 'avg'
15.5717 	EXP 	window1: blendMode = 'avg'
15.5724 	EXP 	window1: blendMode = 'avg'
15.5912 	EXP 	window1: blendMode = 'avg'
15.5921 	EXP 	window1: blendMode = 'avg'
15.6105 	EXP 	window1: blendMode = 'avg'
15.6112 	EXP 	window1: blendMode = 'avg'
15.6303 	EXP 	window1: blendMode = 'avg'
15.6310 	EXP 	window1: blendMode = 'avg'
15.6509 	EXP 	window1: blendMode = 'avg'
15.6517 	EXP 	window1: blendMode = 'avg'
15.6711 	EXP 	window1: blendMode = 'avg'
15.6719 	EXP 	window1: blendMode = 'avg'
15.6902 	EXP 	window1: blendMode = 'avg'
15.6910 	EXP 	window1: blendMode = 'avg'
15.7105 	EXP 	window1: blendMode = 'avg'
15.7112 	EXP 	window1: blendMode = 'avg'
15.7303 	EXP 	window1: blendMode = 'avg'
15.7310 	EXP 	window1: blendMode = 'avg'
15.7506 	EXP 	window1: blendMode = 'avg'
15.7513 	EXP 	window1: blendMode = 'avg'
15.7710 	EXP 	window1: blendMode = 'avg'
15.7717 	EXP 	window1: blendMode = 'avg'
15.7904 	EXP 	window1: blendMode = 'avg'
15.7911 	EXP 	window1: blendMode = 'avg'
15.8105 	EXP 	window1: blendMode = 'avg'
15.8112 	EXP 	window1: blendMode = 'avg'
15.8311 	EXP 	window1: blendMode = 'avg'
15.8318 	EXP 	window1: blendMode = 'avg'
15.8507 	EXP 	window1: blendMode = 'avg'
15.8514 	EXP 	window1: blendMode = 'avg'
15.8708 	EXP 	window1: blendMode = 'avg'
15.8720 	EXP 	window1: blendMode = 'avg'
15.8922 	EXP 	window1: blendMode = 'avg'
15.8929 	EXP 	window1: blendMode = 'avg'
15.9111 	EXP 	window1: blendMode = 'avg'
15.9118 	EXP 	window1: blendMode = 'avg'
15.9310 	EXP 	window1: blendMode = 'avg'
15.9316 	EXP 	window1: blendMode = 'avg'
15.9502 	EXP 	window1: blendMode = 'avg'
15.9509 	EXP 	window1: blendMode = 'avg'
15.9707 	EXP 	window1: blendMode = 'avg'
15.9714 	EXP 	window1: blendMode = 'avg'
15.9907 	EXP 	window1: blendMode = 'avg'
15.9914 	EXP 	window1: blendMode = 'avg'
16.0107 	EXP 	window1: blendMode = 'avg'
16.0114 	EXP 	window1: blendMode = 'avg'
16.0311 	EXP 	window1: blendMode = 'avg'
16.0317 	EXP 	window1: blendMode = 'avg'
16.0524 	EXP 	window1: blendMode = 'avg'
16.0533 	EXP 	window1: blendMode = 'avg'
16.0715 	EXP 	window1: blendMode = 'avg'
16.0725 	EXP 	window1: blendMode = 'avg'
16.0910 	EXP 	window1: blendMode = 'avg'
16.0916 	EXP 	window1: blendMode = 'avg'
16.1098 	EXP 	window1: blendMode = 'avg'
16.1102 	EXP 	window1: blendMode = 'avg'
16.1284 	EXP 	window1: blendMode = 'avg'
16.1287 	EXP 	window1: blendMode = 'avg'
16.1479 	EXP 	window1: blendMode = 'avg'
16.1482 	EXP 	window1: blendMode = 'avg'
16.1684 	EXP 	window1: blendMode = 'avg'
16.1691 	EXP 	window1: blendMode = 'avg'
16.1906 	EXP 	window1: blendMode = 'avg'
16.1914 	EXP 	window1: blendMode = 'avg'
16.2103 	EXP 	window1: blendMode = 'avg'
16.2109 	EXP 	window1: blendMode = 'avg'
16.2306 	EXP 	window1: blendMode = 'avg'
16.2313 	EXP 	window1: blendMode = 'avg'
16.2500 	EXP 	window1: blendMode = 'avg'
16.2507 	EXP 	window1: blendMode = 'avg'
16.2709 	EXP 	window1: blendMode = 'avg'
16.2721 	EXP 	window1: blendMode = 'avg'
16.2903 	EXP 	window1: blendMode = 'avg'
16.2914 	EXP 	window1: blendMode = 'avg'
16.3103 	EXP 	window1: blendMode = 'avg'
16.3110 	EXP 	window1: blendMode = 'avg'
16.3305 	EXP 	window1: blendMode = 'avg'
16.3313 	EXP 	window1: blendMode = 'avg'
16.3506 	EXP 	window1: blendMode = 'avg'
16.3513 	EXP 	window1: blendMode = 'avg'
16.3700 	EXP 	window1: blendMode = 'avg'
16.3707 	EXP 	window1: blendMode = 'avg'
16.3904 	EXP 	window1: blendMode = 'avg'
16.3912 	EXP 	window1: blendMode = 'avg'
16.4111 	EXP 	window1: blendMode = 'avg'
16.4118 	EXP 	window1: blendMode = 'avg'
16.4306 	EXP 	window1: blendMode = 'avg'
16.4313 	EXP 	window1: blendMode = 'avg'
16.4500 	EXP 	window1: blendMode = 'avg'
16.4507 	EXP 	window1: blendMode = 'avg'
16.4703 	EXP 	window1: blendMode = 'avg'
16.4710 	EXP 	window1: blendMode = 'avg'
16.4902 	EXP 	window1: blendMode = 'avg'
16.4909 	EXP 	window1: blendMode = 'avg'
16.5103 	EXP 	window1: blendMode = 'avg'
16.5110 	EXP 	window1: blendMode = 'avg'
16.5309 	EXP 	window1: blendMode = 'avg'
16.5315 	EXP 	window1: blendMode = 'avg'
16.5499 	EXP 	window1: blendMode = 'avg'
16.5506 	EXP 	window1: blendMode = 'avg'
16.5700 	EXP 	window1: blendMode = 'avg'
16.5706 	EXP 	window1: blendMode = 'avg'
16.5913 	EXP 	window1: blendMode = 'avg'
16.5922 	EXP 	window1: blendMode = 'avg'
16.6104 	EXP 	window1: blendMode = 'avg'
16.6115 	EXP 	window1: blendMode = 'avg'
16.6301 	EXP 	window1: blendMode = 'avg'
16.6308 	EXP 	window1: blendMode = 'avg'
16.6502 	EXP 	window1: blendMode = 'avg'
16.6509 	EXP 	window1: blendMode = 'avg'
16.6707 	EXP 	window1: blendMode = 'avg'
16.6714 	EXP 	window1: blendMode = 'avg'
16.6910 	EXP 	window1: blendMode = 'avg'
16.6922 	EXP 	window1: blendMode = 'avg'
16.7100 	EXP 	window1: blendMode = 'avg'
16.7107 	EXP 	window1: blendMode = 'avg'
16.7302 	EXP 	window1: blendMode = 'avg'
16.7309 	EXP 	window1: blendMode = 'avg'
16.7501 	EXP 	window1: blendMode = 'avg'
16.7508 	EXP 	window1: blendMode = 'avg'
16.7702 	EXP 	window1: blendMode = 'avg'
16.7709 	EXP 	window1: blendMode = 'avg'
16.7901 	EXP 	window1: blendMode = 'avg'
16.7908 	EXP 	window1: blendMode = 'avg'
16.8107 	EXP 	window1: blendMode = 'avg'
16.8114 	EXP 	window1: blendMode = 'avg'
16.8311 	EXP 	window1: blendMode = 'avg'
16.8318 	EXP 	window1: blendMode = 'avg'
16.8499 	EXP 	window1: blendMode = 'avg'
16.8506 	EXP 	window1: blendMode = 'avg'
16.8699 	EXP 	window1: blendMode = 'avg'
16.8706 	EXP 	window1: blendMode = 'avg'
16.8919 	EXP 	window1: blendMode = 'avg'
16.8926 	EXP 	window1: blendMode = 'avg'
16.9100 	EXP 	window1: blendMode = 'avg'
16.9106 	EXP 	window1: blendMode = 'avg'
16.9321 	EXP 	window1: blendMode = 'avg'
16.9329 	EXP 	window1: blendMode = 'avg'
16.9506 	EXP 	window1: blendMode = 'avg'
16.9517 	EXP 	window1: blendMode = 'avg'
16.9708 	EXP 	window1: blendMode = 'avg'
16.9716 	EXP 	window1: blendMode = 'avg'
16.9903 	EXP 	window1: blendMode = 'avg'
16.9914 	EXP 	window1: blendMode = 'avg'
17.0100 	EXP 	window1: blendMode = 'avg'
17.0107 	EXP 	window1: blendMode = 'avg'
17.0311 	EXP 	window1: blendMode = 'avg'
17.0318 	EXP 	window1: blendMode = 'avg'
17.0498 	EXP 	window1: blendMode = 'avg'
17.0505 	EXP 	window1: blendMode = 'avg'
17.0702 	EXP 	window1: blendMode = 'avg'
17.0709 	EXP 	window1: blendMode = 'avg'
17.0912 	EXP 	window1: blendMode = 'avg'
17.0922 	EXP 	window1: blendMode = 'avg'
17.1115 	EXP 	window1: blendMode = 'avg'
17.1122 	EXP 	window1: blendMode = 'avg'
17.1305 	EXP 	window1: blendMode = 'avg'
17.1312 	EXP 	window1: blendMode = 'avg'
17.1512 	EXP 	window1: blendMode = 'avg'
17.1521 	EXP 	window1: blendMode = 'avg'
17.1711 	EXP 	window1: blendMode = 'avg'
17.1718 	EXP 	window1: blendMode = 'avg'
17.1917 	EXP 	window1: blendMode = 'avg'
17.1925 	EXP 	window1: blendMode = 'avg'
17.2109 	EXP 	window1: blendMode = 'avg'
17.2119 	EXP 	window1: blendMode = 'avg'
17.2320 	EXP 	window1: blendMode = 'avg'
17.2327 	EXP 	window1: blendMode = 'avg'
17.2502 	EXP 	window1: blendMode = 'avg'
17.2508 	EXP 	window1: blendMode = 'avg'
17.2707 	EXP 	window1: blendMode = 'avg'
17.2714 	EXP 	window1: blendMode = 'avg'
17.2900 	EXP 	window1: blendMode = 'avg'
17.2911 	EXP 	window1: blendMode = 'avg'
17.3101 	EXP 	window1: blendMode = 'avg'
17.3112 	EXP 	window1: blendMode = 'avg'
17.3299 	EXP 	window1: blendMode = 'avg'
17.3306 	EXP 	window1: blendMode = 'avg'
17.3501 	EXP 	window1: blendMode = 'avg'
17.3508 	EXP 	window1: blendMode = 'avg'
17.3703 	EXP 	window1: blendMode = 'avg'
17.3710 	EXP 	window1: blendMode = 'avg'
17.3910 	EXP 	window1: blendMode = 'avg'
17.3921 	EXP 	window1: blendMode = 'avg'
17.4106 	EXP 	window1: blendMode = 'avg'
17.4112 	EXP 	window1: blendMode = 'avg'
17.4301 	EXP 	window1: blendMode = 'avg'
17.4308 	EXP 	window1: blendMode = 'avg'
17.4504 	EXP 	window1: blendMode = 'avg'
17.4514 	EXP 	window1: blendMode = 'avg'
17.4715 	EXP 	window1: blendMode = 'avg'
17.4722 	EXP 	window1: blendMode = 'avg'
17.4902 	EXP 	window1: blendMode = 'avg'
17.4909 	EXP 	window1: blendMode = 'avg'
17.5105 	EXP 	window1: blendMode = 'avg'
17.5112 	EXP 	window1: blendMode = 'avg'
17.5304 	EXP 	window1: blendMode = 'avg'
17.5310 	EXP 	window1: blendMode = 'avg'
17.5501 	EXP 	window1: blendMode = 'avg'
17.5512 	EXP 	window1: blendMode = 'avg'
17.5698 	EXP 	window1: blendMode = 'avg'
17.5704 	EXP 	window1: blendMode = 'avg'
17.5906 	EXP 	window1: blendMode = 'avg'
17.5917 	EXP 	window1: blendMode = 'avg'
17.6102 	EXP 	window1: blendMode = 'avg'
17.6109 	EXP 	window1: blendMode = 'avg'
17.6296 	EXP 	window1: blendMode = 'avg'
17.6303 	EXP 	window1: blendMode = 'avg'
17.6507 	EXP 	window1: blendMode = 'avg'
17.6514 	EXP 	window1: blendMode = 'avg'
17.6699 	EXP 	window1: blendMode = 'avg'
17.6706 	EXP 	window1: blendMode = 'avg'
17.6910 	EXP 	window1: blendMode = 'avg'
17.6921 	EXP 	window1: blendMode = 'avg'
17.7106 	EXP 	window1: blendMode = 'avg'
17.7113 	EXP 	window1: blendMode = 'avg'
17.7305 	EXP 	window1: blendMode = 'avg'
17.7312 	EXP 	window1: blendMode = 'avg'
17.7500 	EXP 	window1: blendMode = 'avg'
17.7507 	EXP 	window1: blendMode = 'avg'
17.7699 	EXP 	window1: blendMode = 'avg'
17.7706 	EXP 	window1: blendMode = 'avg'
17.7899 	EXP 	window1: blendMode = 'avg'
17.7906 	EXP 	window1: blendMode = 'avg'
17.8106 	EXP 	window1: blendMode = 'avg'
17.8115 	EXP 	window1: blendMode = 'avg'
17.8300 	EXP 	window1: blendMode = 'avg'
17.8307 	EXP 	window1: blendMode = 'avg'
17.8497 	EXP 	window1: blendMode = 'avg'
17.8504 	EXP 	window1: blendMode = 'avg'
17.8704 	EXP 	window1: blendMode = 'avg'
17.8712 	EXP 	window1: blendMode = 'avg'
17.8896 	EXP 	window1: blendMode = 'avg'
17.8906 	EXP 	window1: blendMode = 'avg'
17.9100 	EXP 	window1: blendMode = 'avg'
17.9107 	EXP 	window1: blendMode = 'avg'
17.9296 	EXP 	window1: blendMode = 'avg'
17.9303 	EXP 	window1: blendMode = 'avg'
17.9502 	EXP 	window1: blendMode = 'avg'
17.9509 	EXP 	window1: blendMode = 'avg'
17.9701 	EXP 	window1: blendMode = 'avg'
17.9711 	EXP 	window1: blendMode = 'avg'
17.9904 	EXP 	window1: blendMode = 'avg'
17.9912 	EXP 	window1: blendMode = 'avg'
18.0091 	EXP 	window1: blendMode = 'avg'
18.0096 	EXP 	window1: blendMode = 'avg'
18.0288 	EXP 	window1: blendMode = 'avg'
18.0292 	EXP 	window1: blendMode = 'avg'
18.0481 	EXP 	window1: blendMode = 'avg'
18.0485 	EXP 	window1: blendMode = 'avg'
18.0701 	EXP 	window1: blendMode = 'avg'
18.0709 	EXP 	window1: blendMode = 'avg'
18.0918 	EXP 	window1: blendMode = 'avg'
18.0929 	EXP 	window1: blendMode = 'avg'
18.1189 	EXP 	window1: blendMode = 'avg'
18.1200 	EXP 	window1: blendMode = 'avg'
18.1331 	EXP 	window1: blendMode = 'avg'
18.1338 	EXP 	window1: blendMode = 'avg'
18.1488 	EXP 	window1: blendMode = 'avg'
18.1493 	EXP 	window1: blendMode = 'avg'
18.1679 	EXP 	window1: blendMode = 'avg'
18.1684 	EXP 	window1: blendMode = 'avg'
18.1877 	EXP 	window1: blendMode = 'avg'
18.1880 	EXP 	window1: blendMode = 'avg'
18.2083 	EXP 	window1: blendMode = 'avg'
18.2090 	EXP 	window1: blendMode = 'avg'
18.2282 	EXP 	window1: blendMode = 'avg'
18.2286 	EXP 	window1: blendMode = 'avg'
18.2483 	EXP 	window1: blendMode = 'avg'
18.2487 	EXP 	window1: blendMode = 'avg'
18.2685 	EXP 	window1: blendMode = 'avg'
18.2692 	EXP 	window1: blendMode = 'avg'
18.2913 	EXP 	window1: blendMode = 'avg'
18.2924 	EXP 	window1: blendMode = 'avg'
18.3115 	EXP 	window1: blendMode = 'avg'
18.3124 	EXP 	window1: blendMode = 'avg'
18.3302 	EXP 	window1: blendMode = 'avg'
18.3308 	EXP 	window1: blendMode = 'avg'
18.3483 	EXP 	window1: blendMode = 'avg'
18.3488 	EXP 	window1: blendMode = 'avg'
18.3690 	EXP 	window1: blendMode = 'avg'
18.3694 	EXP 	window1: blendMode = 'avg'
18.3885 	EXP 	window1: blendMode = 'avg'
18.3890 	EXP 	window1: blendMode = 'avg'
18.4083 	EXP 	window1: blendMode = 'avg'
18.4087 	EXP 	window1: blendMode = 'avg'
18.4292 	EXP 	window1: blendMode = 'avg'
18.4296 	EXP 	window1: blendMode = 'avg'
18.4480 	EXP 	window1: blendMode = 'avg'
18.4484 	EXP 	window1: blendMode = 'avg'
18.4690 	EXP 	window1: blendMode = 'avg'
18.4694 	EXP 	window1: blendMode = 'avg'
18.4883 	EXP 	window1: blendMode = 'avg'
18.4887 	EXP 	window1: blendMode = 'avg'
18.5090 	EXP 	window1: blendMode = 'avg'
18.5101 	EXP 	window1: blendMode = 'avg'
18.5302 	EXP 	window1: blendMode = 'avg'
18.5309 	EXP 	window1: blendMode = 'avg'
18.5496 	EXP 	window1: blendMode = 'avg'
18.5503 	EXP 	window1: blendMode = 'avg'
18.5698 	EXP 	window1: blendMode = 'avg'
18.5704 	EXP 	window1: blendMode = 'avg'
18.5897 	EXP 	window1: blendMode = 'avg'
18.5904 	EXP 	window1: blendMode = 'avg'
18.6106 	EXP 	window1: blendMode = 'avg'
18.6114 	EXP 	window1: blendMode = 'avg'
18.6297 	EXP 	window1: blendMode = 'avg'
18.6304 	EXP 	window1: blendMode = 'avg'
18.6504 	EXP 	window1: blendMode = 'avg'
18.6510 	EXP 	window1: blendMode = 'avg'
18.6696 	EXP 	window1: blendMode = 'avg'
18.6703 	EXP 	window1: blendMode = 'avg'
18.6897 	EXP 	window1: blendMode = 'avg'
18.6903 	EXP 	window1: blendMode = 'avg'
18.7102 	EXP 	window1: blendMode = 'avg'
18.7108 	EXP 	window1: blendMode = 'avg'
18.7300 	EXP 	window1: blendMode = 'avg'
18.7306 	EXP 	window1: blendMode = 'avg'
18.7500 	EXP 	window1: blendMode = 'avg'
18.7507 	EXP 	window1: blendMode = 'avg'
18.7694 	EXP 	window1: blendMode = 'avg'
18.7701 	EXP 	window1: blendMode = 'avg'
18.7897 	EXP 	window1: blendMode = 'avg'
18.7907 	EXP 	window1: blendMode = 'avg'
18.8104 	EXP 	window1: blendMode = 'avg'
18.8111 	EXP 	window1: blendMode = 'avg'
18.8303 	EXP 	window1: blendMode = 'avg'
18.8310 	EXP 	window1: blendMode = 'avg'
18.8494 	EXP 	window1: blendMode = 'avg'
18.8501 	EXP 	window1: blendMode = 'avg'
18.8708 	EXP 	window1: blendMode = 'avg'
18.8715 	EXP 	window1: blendMode = 'avg'
18.8898 	EXP 	window1: blendMode = 'avg'
18.8908 	EXP 	window1: blendMode = 'avg'
18.9105 	EXP 	window1: blendMode = 'avg'
18.9111 	EXP 	window1: blendMode = 'avg'
18.9296 	EXP 	window1: blendMode = 'avg'
18.9303 	EXP 	window1: blendMode = 'avg'
18.9497 	EXP 	window1: blendMode = 'avg'
18.9504 	EXP 	window1: blendMode = 'avg'
18.9704 	EXP 	window1: blendMode = 'avg'
18.9710 	EXP 	window1: blendMode = 'avg'
18.9894 	EXP 	window1: blendMode = 'avg'
18.9902 	EXP 	window1: blendMode = 'avg'
19.0107 	EXP 	window1: blendMode = 'avg'
19.0114 	EXP 	window1: blendMode = 'avg'
19.0317 	EXP 	window1: blendMode = 'avg'
19.0324 	EXP 	window1: blendMode = 'avg'
19.0495 	EXP 	window1: blendMode = 'avg'
19.0500 	EXP 	window1: blendMode = 'avg'
19.0680 	EXP 	window1: blendMode = 'avg'
19.0684 	EXP 	window1: blendMode = 'avg'
19.0879 	EXP 	window1: blendMode = 'avg'
19.0883 	EXP 	window1: blendMode = 'avg'
19.1085 	EXP 	window1: blendMode = 'avg'
19.1092 	EXP 	window1: blendMode = 'avg'
19.1302 	EXP 	window1: blendMode = 'avg'
19.1308 	EXP 	window1: blendMode = 'avg'
19.1501 	EXP 	window1: blendMode = 'avg'
19.1511 	EXP 	window1: blendMode = 'avg'
19.1693 	EXP 	window1: blendMode = 'avg'
19.1700 	EXP 	window1: blendMode = 'avg'
19.1908 	EXP 	window1: blendMode = 'avg'
19.1917 	EXP 	window1: blendMode = 'avg'
19.2104 	EXP 	window1: blendMode = 'avg'
19.2115 	EXP 	window1: blendMode = 'avg'
19.2304 	EXP 	window1: blendMode = 'avg'
19.2310 	EXP 	window1: blendMode = 'avg'
19.2498 	EXP 	window1: blendMode = 'avg'
19.2504 	EXP 	window1: blendMode = 'avg'
19.2698 	EXP 	window1: blendMode = 'avg'
19.2705 	EXP 	window1: blendMode = 'avg'
19.2894 	EXP 	window1: blendMode = 'avg'
19.2902 	EXP 	window1: blendMode = 'avg'
19.3098 	EXP 	window1: blendMode = 'avg'
19.3109 	EXP 	window1: blendMode = 'avg'
19.3300 	EXP 	window1: blendMode = 'avg'
19.3307 	EXP 	window1: blendMode = 'avg'
19.3497 	EXP 	window1: blendMode = 'avg'
19.3504 	EXP 	window1: blendMode = 'avg'
19.3694 	EXP 	window1: blendMode = 'avg'
19.3701 	EXP 	window1: blendMode = 'avg'
19.3896 	EXP 	window1: blendMode = 'avg'
19.3907 	EXP 	window1: blendMode = 'avg'
19.4101 	EXP 	window1: blendMode = 'avg'
19.4108 	EXP 	window1: blendMode = 'avg'
19.4306 	EXP 	window1: blendMode = 'avg'
19.4319 	EXP 	window1: blendMode = 'avg'
19.4350 	DATA 	Keypress: escape
