3.2758 	ERROR 	avbin.dll failed to load. Try importing psychopy.visual
  as the first library (before anything that uses scipy)
  and make sure that avbin is installed.
11.2564 	EXP 	Created window1 = Window(allowGUI=False, allowStencil=False, autoLog=True, bitsMode=UNKNOWN, blendMode='avg', color=array([ 0.95,  0.95,  0.95]), colorSpace='rgb', fullscr=UNKNOWN, gamma=None, lms=UNKNOWN, monitor=<psychopy.monitors.calibTools.Monitor object at 0x1A4066D0>, multiSample=False, name='window1', numSamples=2, pos=[0, 0], screen=0, size=array([1600,  900]), stereo=False, units=u'norm', useFBO=True, useRetina=False, viewOri=0.0, viewPos=None, viewScale=None, waitBlanking=True, winType='pyglet')
11.2564 	EXP 	window1: recordFrameIntervals = False
11.4562 	EXP 	window1: recordFrameIntervals = True
11.6770 	EXP 	window1: recordFrameIntervals = False
12.1297 	EXP 	Created Orientation_Cue = TextStim(alignHoriz='center', alignVert='center', antialias=True, autoLog=True, bold=False, color=u'black', colorSpace='named', contrast=1.0, depth=0.0, flipHoriz=False, flipVert=False, font=u'Arial', fontFiles=[], height=0.1, italic=False, name='Orientation_Cue', opacity=1.0, ori=0, pos=array([ 0.,  0.]), rgb=array([ 0.,  0.,  0.]), text=u'\u25cb', units=u'norm', win=Window(...), wrapWidth=1)
12.1476 	EXP 	Created Ready_Cue = TextStim(alignHoriz='center', alignVert='center', antialias=True, autoLog=True, bold=False, color=u'black', colorSpace='named', contrast=1.0, depth=-1.0, flipHoriz=False, flipVert=False, font=u'Arial', fontFiles=[], height=0.1, italic=False, name='Ready_Cue', opacity=1.0, ori=0, pos=array([ 0.,  0.]), rgb=array([ 0.,  0.,  0.]), text=u'\u23fa', units=u'norm', win=Window(...), wrapWidth=1)
12.1665 	EXP 	Created Zoid_Left = ShapeStim(autoDraw=False, autoLog=True, closeShape=True, contrast=1.0, depth=-3.0, fillColor=array([ 0.05,  0.05,  0.05]), fillColorSpace='rgb', interpolate=True, lineColor=array([ 1.,  1.,  1.]), lineColorSpace='rgb', lineWidth=1, name='Zoid_Left', opacity=1.0, ori=array(0.0), pos=array([-5.,  0.]), size=array([ 1.,  1.]), units='cm', vertices=ndarray(...), win=Window(...), windingRule=None)
12.1683 	EXP 	Created Zoid_Right = ShapeStim(autoDraw=False, autoLog=True, closeShape=True, contrast=1.0, depth=-4.0, fillColor=array([ 0.05,  0.05,  0.05]), fillColorSpace='rgb', interpolate=True, lineColor=array([ 1.,  1.,  1.]), lineColorSpace='rgb', lineWidth=1, name='Zoid_Right', opacity=1.0, ori=array(0.0), pos=array([ 5.,  0.]), size=array([ 1.,  1.]), units='cm', vertices=ndarray(...), win=Window(...), windingRule=None)
12.2686 	EXP 	Created Button_Instructions = TextStim(alignHoriz='center', alignVert='center', antialias=True, autoLog=True, bold=False, color=u'black', colorSpace='named', contrast=1.0, depth=0.0, flipHoriz=False, flipVert=False, font=u'Arial', fontFiles=[], height=0.07, italic=False, name='Button_Instructions', opacity=1.0, ori=0, pos=array([ 0. ,  0.5]), rgb=array([ 0.,  0.,  0.]), text=unicode(...), units=u'norm', win=Window(...), wrapWidth=1)
12.2841 	EXP 	Created x_instruction = TextStim(alignHoriz='center', alignVert='center', antialias=True, autoLog=True, bold=False, color=u'tomato', colorSpace='named', contrast=1.0, depth=0.0, flipHoriz=False, flipVert=False, font=u'Arial', fontFiles=[], height=0.1, italic=False, name='x_instruction', opacity=1.0, ori=0, pos=array([-0.7, -0.8]), rgb=array([ 255.,   99.,   71.]), text=u'SAME\nX', units=u'norm', win=Window(...), wrapWidth=1)
12.3021 	EXP 	Created m_instruction = TextStim(alignHoriz='right', alignVert='center', antialias=True, autoLog=True, bold=False, color=u'lightseagreen', colorSpace='named', contrast=1.0, depth=0.0, flipHoriz=False, flipVert=False, font=u'Arial', fontFiles=[], height=0.1, italic=False, name='m_instruction', opacity=1.0, ori=0, pos=array([ 0.7, -0.8]), rgb=array([  32.,  178.,  170.]), text=u'DIFFERENT\nM', units=u'norm', win=Window(...), wrapWidth=1)
12.3252 	EXP 	Created Feedback_Screen = TextStim(alignHoriz='center', alignVert='center', antialias=True, autoLog=True, bold=False, color=u'black', colorSpace='named', contrast=1.0, depth=0.0, flipHoriz=False, flipVert=False, font=u'Arial', fontFiles=[], height=0.1, italic=False, name='Feedback_Screen', opacity=1.0, ori=0, pos=array([ 0.,  0.]), rgb=array([ 0.,  0.,  0.]), text=u'Placeholder_text', units=u'norm', win=Window(...), wrapWidth=1)
12.3272 	EXP 	window1: blendMode = 'avg'
12.3278 	EXP 	window1: blendMode = 'avg'
12.3283 	EXP 	window1: blendMode = 'avg'
12.3370 	EXP 	x_instruction: autoDraw = True
12.3370 	EXP 	m_instruction: autoDraw = True
12.3370 	EXP 	Button_Instructions: autoDraw = True
17.3411 	EXP 	Created sequence: random, trialTypes=1, nReps=121, seed=None
17.6232 	EXP 	New trial (rep=0, index=0): None
17.6241 	EXP 	window1: blendMode = 'avg'
17.6243 	EXP 	window1: blendMode = 'avg'
17.6247 	EXP 	window1: blendMode = 'avg'
17.6319 	EXP 	Button_Instructions: autoDraw = False
17.6319 	EXP 	Zoid_Left: vertices = ((0, -0.5), (1, -0.5), (1, -1.5), (-1, -1.5), (-1, 1.5), (0, 1.5))
17.6319 	EXP 	Zoid_Left: ori = 90
17.6319 	EXP 	Zoid_Right: vertices = ((0, -0.5), (1, -0.5), (1, -1.5), (-1, -1.5), (-1, 1.5), (0, 1.5))
17.6319 	EXP 	Zoid_Right: ori = 270
17.6319 	EXP 	Orientation_Cue: autoDraw = True
17.6325 	EXP 	window1: blendMode = 'avg'
17.6328 	EXP 	window1: blendMode = 'avg'
17.6330 	EXP 	window1: blendMode = 'avg'
17.6537 	EXP 	window1: blendMode = 'avg'
17.6539 	EXP 	window1: blendMode = 'avg'
17.6542 	EXP 	window1: blendMode = 'avg'
17.6755 	EXP 	window1: blendMode = 'avg'
17.6763 	EXP 	window1: blendMode = 'avg'
17.6770 	EXP 	window1: blendMode = 'avg'
17.6977 	EXP 	window1: blendMode = 'avg'
17.6983 	EXP 	window1: blendMode = 'avg'
17.6990 	EXP 	window1: blendMode = 'avg'
17.7163 	EXP 	window1: blendMode = 'avg'
17.7170 	EXP 	window1: blendMode = 'avg'
17.7176 	EXP 	window1: blendMode = 'avg'
17.7369 	EXP 	window1: blendMode = 'avg'
17.7377 	EXP 	window1: blendMode = 'avg'
17.7383 	EXP 	window1: blendMode = 'avg'
17.7570 	EXP 	window1: blendMode = 'avg'
17.7577 	EXP 	window1: blendMode = 'avg'
17.7584 	EXP 	window1: blendMode = 'avg'
17.7777 	EXP 	window1: blendMode = 'avg'
17.7784 	EXP 	window1: blendMode = 'avg'
17.7790 	EXP 	window1: blendMode = 'avg'
17.7960 	EXP 	window1: blendMode = 'avg'
17.7968 	EXP 	window1: blendMode = 'avg'
17.7975 	EXP 	window1: blendMode = 'avg'
17.8187 	EXP 	window1: blendMode = 'avg'
17.8203 	EXP 	window1: blendMode = 'avg'
17.8215 	EXP 	window1: blendMode = 'avg'
17.8370 	EXP 	window1: blendMode = 'avg'
17.8379 	EXP 	window1: blendMode = 'avg'
17.8388 	EXP 	window1: blendMode = 'avg'
17.8574 	EXP 	window1: blendMode = 'avg'
17.8585 	EXP 	window1: blendMode = 'avg'
17.8596 	EXP 	window1: blendMode = 'avg'
17.8765 	EXP 	window1: blendMode = 'avg'
17.8772 	EXP 	window1: blendMode = 'avg'
17.8778 	EXP 	window1: blendMode = 'avg'
17.8961 	EXP 	window1: blendMode = 'avg'
17.8966 	EXP 	window1: blendMode = 'avg'
17.8971 	EXP 	window1: blendMode = 'avg'
17.9150 	EXP 	window1: blendMode = 'avg'
17.9155 	EXP 	window1: blendMode = 'avg'
17.9159 	EXP 	window1: blendMode = 'avg'
17.9343 	EXP 	window1: blendMode = 'avg'
17.9347 	EXP 	window1: blendMode = 'avg'
17.9351 	EXP 	window1: blendMode = 'avg'
17.9545 	EXP 	window1: blendMode = 'avg'
17.9550 	EXP 	window1: blendMode = 'avg'
17.9556 	EXP 	window1: blendMode = 'avg'
17.9747 	EXP 	window1: blendMode = 'avg'
17.9751 	EXP 	window1: blendMode = 'avg'
17.9756 	EXP 	window1: blendMode = 'avg'
17.9966 	EXP 	window1: blendMode = 'avg'
17.9973 	EXP 	window1: blendMode = 'avg'
17.9980 	EXP 	window1: blendMode = 'avg'
18.0166 	EXP 	window1: blendMode = 'avg'
18.0173 	EXP 	window1: blendMode = 'avg'
18.0179 	EXP 	window1: blendMode = 'avg'
18.0363 	EXP 	window1: blendMode = 'avg'
18.0370 	EXP 	window1: blendMode = 'avg'
18.0377 	EXP 	window1: blendMode = 'avg'
18.0568 	EXP 	window1: blendMode = 'avg'
18.0575 	EXP 	window1: blendMode = 'avg'
18.0581 	EXP 	window1: blendMode = 'avg'
18.0762 	EXP 	window1: blendMode = 'avg'
18.0769 	EXP 	window1: blendMode = 'avg'
18.0775 	EXP 	window1: blendMode = 'avg'
18.0965 	EXP 	window1: blendMode = 'avg'
18.0973 	EXP 	window1: blendMode = 'avg'
18.0979 	EXP 	window1: blendMode = 'avg'
18.1169 	EXP 	window1: blendMode = 'avg'
18.1178 	EXP 	window1: blendMode = 'avg'
18.1184 	EXP 	window1: blendMode = 'avg'
18.1362 	EXP 	window1: blendMode = 'avg'
18.1369 	EXP 	window1: blendMode = 'avg'
18.1376 	EXP 	window1: blendMode = 'avg'
18.1556 	EXP 	window1: blendMode = 'avg'
18.1564 	EXP 	window1: blendMode = 'avg'
18.1571 	EXP 	window1: blendMode = 'avg'
18.1775 	EXP 	window1: blendMode = 'avg'
18.1782 	EXP 	window1: blendMode = 'avg'
18.1788 	EXP 	window1: blendMode = 'avg'
18.1979 	EXP 	window1: blendMode = 'avg'
18.1985 	EXP 	window1: blendMode = 'avg'
18.1992 	EXP 	window1: blendMode = 'avg'
18.2155 	EXP 	window1: blendMode = 'avg'
18.2164 	EXP 	window1: blendMode = 'avg'
18.2170 	EXP 	window1: blendMode = 'avg'
18.2363 	EXP 	window1: blendMode = 'avg'
18.2371 	EXP 	window1: blendMode = 'avg'
18.2380 	EXP 	window1: blendMode = 'avg'
18.2561 	EXP 	window1: blendMode = 'avg'
18.2568 	EXP 	window1: blendMode = 'avg'
18.2575 	EXP 	window1: blendMode = 'avg'
18.2763 	EXP 	window1: blendMode = 'avg'
18.2770 	EXP 	window1: blendMode = 'avg'
18.2777 	EXP 	window1: blendMode = 'avg'
18.2961 	EXP 	window1: blendMode = 'avg'
18.2968 	EXP 	window1: blendMode = 'avg'
18.2975 	EXP 	window1: blendMode = 'avg'
18.3165 	EXP 	window1: blendMode = 'avg'
18.3175 	EXP 	window1: blendMode = 'avg'
18.3185 	EXP 	window1: blendMode = 'avg'
18.3360 	EXP 	window1: blendMode = 'avg'
18.3368 	EXP 	window1: blendMode = 'avg'
18.3376 	EXP 	window1: blendMode = 'avg'
18.3558 	EXP 	window1: blendMode = 'avg'
18.3565 	EXP 	window1: blendMode = 'avg'
18.3571 	EXP 	window1: blendMode = 'avg'
18.3772 	EXP 	window1: blendMode = 'avg'
18.3783 	EXP 	window1: blendMode = 'avg'
18.3792 	EXP 	window1: blendMode = 'avg'
18.3974 	EXP 	window1: blendMode = 'avg'
18.3983 	EXP 	window1: blendMode = 'avg'
18.3992 	EXP 	window1: blendMode = 'avg'
18.4167 	EXP 	window1: blendMode = 'avg'
18.4173 	EXP 	window1: blendMode = 'avg'
18.4180 	EXP 	window1: blendMode = 'avg'
18.4372 	EXP 	window1: blendMode = 'avg'
18.4381 	EXP 	window1: blendMode = 'avg'
18.4390 	EXP 	window1: blendMode = 'avg'
18.4574 	EXP 	window1: blendMode = 'avg'
18.4585 	EXP 	window1: blendMode = 'avg'
18.4592 	EXP 	window1: blendMode = 'avg'
18.4768 	EXP 	window1: blendMode = 'avg'
18.4779 	EXP 	window1: blendMode = 'avg'
18.4789 	EXP 	window1: blendMode = 'avg'
18.4969 	EXP 	window1: blendMode = 'avg'
18.4976 	EXP 	window1: blendMode = 'avg'
18.4982 	EXP 	window1: blendMode = 'avg'
18.5178 	EXP 	window1: blendMode = 'avg'
18.5188 	EXP 	window1: blendMode = 'avg'
18.5195 	EXP 	window1: blendMode = 'avg'
18.5358 	EXP 	window1: blendMode = 'avg'
18.5365 	EXP 	window1: blendMode = 'avg'
18.5372 	EXP 	window1: blendMode = 'avg'
18.5566 	EXP 	window1: blendMode = 'avg'
18.5573 	EXP 	window1: blendMode = 'avg'
18.5579 	EXP 	window1: blendMode = 'avg'
18.5764 	EXP 	window1: blendMode = 'avg'
18.5770 	EXP 	window1: blendMode = 'avg'
18.5777 	EXP 	window1: blendMode = 'avg'
18.5956 	EXP 	window1: blendMode = 'avg'
18.5964 	EXP 	window1: blendMode = 'avg'
18.5970 	EXP 	window1: blendMode = 'avg'
18.6158 	EXP 	window1: blendMode = 'avg'
18.6165 	EXP 	window1: blendMode = 'avg'
18.6171 	EXP 	window1: blendMode = 'avg'
18.6370 	EXP 	window1: blendMode = 'avg'
18.6377 	EXP 	window1: blendMode = 'avg'
18.6383 	EXP 	window1: blendMode = 'avg'
18.6557 	EXP 	window1: blendMode = 'avg'
18.6564 	EXP 	window1: blendMode = 'avg'
18.6575 	EXP 	window1: blendMode = 'avg'
18.6760 	EXP 	window1: blendMode = 'avg'
18.6767 	EXP 	window1: blendMode = 'avg'
18.6774 	EXP 	window1: blendMode = 'avg'
18.6985 	EXP 	window1: blendMode = 'avg'
18.6994 	EXP 	window1: blendMode = 'avg'
18.7001 	EXP 	window1: blendMode = 'avg'
18.7163 	EXP 	window1: blendMode = 'avg'
18.7170 	EXP 	window1: blendMode = 'avg'
18.7176 	EXP 	window1: blendMode = 'avg'
18.7365 	EXP 	window1: blendMode = 'avg'
18.7375 	EXP 	window1: blendMode = 'avg'
18.7385 	EXP 	window1: blendMode = 'avg'
18.7566 	EXP 	window1: blendMode = 'avg'
18.7573 	EXP 	window1: blendMode = 'avg'
18.7579 	EXP 	window1: blendMode = 'avg'
18.7767 	EXP 	window1: blendMode = 'avg'
18.7774 	EXP 	window1: blendMode = 'avg'
18.7780 	EXP 	window1: blendMode = 'avg'
18.7957 	EXP 	window1: blendMode = 'avg'
18.7965 	EXP 	window1: blendMode = 'avg'
18.7971 	EXP 	window1: blendMode = 'avg'
18.8163 	EXP 	window1: blendMode = 'avg'
18.8172 	EXP 	window1: blendMode = 'avg'
18.8181 	EXP 	window1: blendMode = 'avg'
18.8363 	EXP 	window1: blendMode = 'avg'
18.8370 	EXP 	window1: blendMode = 'avg'
18.8376 	EXP 	window1: blendMode = 'avg'
18.8555 	EXP 	window1: blendMode = 'avg'
18.8563 	EXP 	window1: blendMode = 'avg'
18.8569 	EXP 	window1: blendMode = 'avg'
18.8768 	EXP 	window1: blendMode = 'avg'
18.8777 	EXP 	window1: blendMode = 'avg'
18.8786 	EXP 	window1: blendMode = 'avg'
18.8959 	EXP 	window1: blendMode = 'avg'
18.8966 	EXP 	window1: blendMode = 'avg'
18.8973 	EXP 	window1: blendMode = 'avg'
18.9167 	EXP 	window1: blendMode = 'avg'
18.9174 	EXP 	window1: blendMode = 'avg'
18.9181 	EXP 	window1: blendMode = 'avg'
18.9376 	EXP 	window1: blendMode = 'avg'
18.9384 	EXP 	window1: blendMode = 'avg'
18.9394 	EXP 	window1: blendMode = 'avg'
18.9572 	EXP 	window1: blendMode = 'avg'
18.9582 	EXP 	window1: blendMode = 'avg'
18.9590 	EXP 	window1: blendMode = 'avg'
18.9768 	EXP 	window1: blendMode = 'avg'
18.9774 	EXP 	window1: blendMode = 'avg'
18.9781 	EXP 	window1: blendMode = 'avg'
18.9979 	EXP 	window1: blendMode = 'avg'
18.9986 	EXP 	window1: blendMode = 'avg'
18.9993 	EXP 	window1: blendMode = 'avg'
19.0153 	EXP 	window1: blendMode = 'avg'
19.0158 	EXP 	window1: blendMode = 'avg'
19.0163 	EXP 	window1: blendMode = 'avg'
19.0347 	EXP 	window1: blendMode = 'avg'
19.0351 	EXP 	window1: blendMode = 'avg'
19.0355 	EXP 	window1: blendMode = 'avg'
19.0548 	EXP 	window1: blendMode = 'avg'
19.0553 	EXP 	window1: blendMode = 'avg'
19.0558 	EXP 	window1: blendMode = 'avg'
19.0742 	EXP 	window1: blendMode = 'avg'
19.0746 	EXP 	window1: blendMode = 'avg'
19.0750 	EXP 	window1: blendMode = 'avg'
19.0942 	EXP 	window1: blendMode = 'avg'
19.0946 	EXP 	window1: blendMode = 'avg'
19.0956 	EXP 	window1: blendMode = 'avg'
19.1160 	EXP 	window1: blendMode = 'avg'
19.1168 	EXP 	window1: blendMode = 'avg'
19.1174 	EXP 	window1: blendMode = 'avg'
19.1364 	EXP 	window1: blendMode = 'avg'
19.1371 	EXP 	window1: blendMode = 'avg'
19.1378 	EXP 	window1: blendMode = 'avg'
19.1557 	EXP 	window1: blendMode = 'avg'
19.1564 	EXP 	window1: blendMode = 'avg'
19.1571 	EXP 	window1: blendMode = 'avg'
19.1764 	EXP 	window1: blendMode = 'avg'
19.1771 	EXP 	window1: blendMode = 'avg'
19.1778 	EXP 	window1: blendMode = 'avg'
19.1970 	EXP 	window1: blendMode = 'avg'
19.1979 	EXP 	window1: blendMode = 'avg'
19.1986 	EXP 	window1: blendMode = 'avg'
19.2161 	EXP 	window1: blendMode = 'avg'
19.2168 	EXP 	window1: blendMode = 'avg'
19.2174 	EXP 	window1: blendMode = 'avg'
19.2355 	EXP 	window1: blendMode = 'avg'
19.2362 	EXP 	window1: blendMode = 'avg'
19.2369 	EXP 	window1: blendMode = 'avg'
19.2569 	EXP 	window1: blendMode = 'avg'
19.2576 	EXP 	window1: blendMode = 'avg'
19.2583 	EXP 	window1: blendMode = 'avg'
19.2768 	EXP 	window1: blendMode = 'avg'
19.2775 	EXP 	window1: blendMode = 'avg'
19.2781 	EXP 	window1: blendMode = 'avg'
19.2960 	EXP 	window1: blendMode = 'avg'
19.2967 	EXP 	window1: blendMode = 'avg'
19.2973 	EXP 	window1: blendMode = 'avg'
19.3161 	EXP 	window1: blendMode = 'avg'
19.3170 	EXP 	window1: blendMode = 'avg'
19.3179 	EXP 	window1: blendMode = 'avg'
19.3360 	EXP 	window1: blendMode = 'avg'
19.3370 	EXP 	window1: blendMode = 'avg'
19.3377 	EXP 	window1: blendMode = 'avg'
19.3553 	EXP 	window1: blendMode = 'avg'
19.3560 	EXP 	window1: blendMode = 'avg'
19.3567 	EXP 	window1: blendMode = 'avg'
19.3756 	EXP 	window1: blendMode = 'avg'
19.3762 	EXP 	window1: blendMode = 'avg'
19.3771 	EXP 	window1: blendMode = 'avg'
19.3959 	EXP 	window1: blendMode = 'avg'
19.3967 	EXP 	window1: blendMode = 'avg'
19.3973 	EXP 	window1: blendMode = 'avg'
19.4172 	EXP 	window1: blendMode = 'avg'
19.4178 	EXP 	window1: blendMode = 'avg'
19.4185 	EXP 	window1: blendMode = 'avg'
19.4354 	EXP 	window1: blendMode = 'avg'
19.4361 	EXP 	window1: blendMode = 'avg'
19.4368 	EXP 	window1: blendMode = 'avg'
19.4568 	EXP 	window1: blendMode = 'avg'
19.4577 	EXP 	window1: blendMode = 'avg'
19.4587 	EXP 	window1: blendMode = 'avg'
19.4768 	EXP 	window1: blendMode = 'avg'
19.4775 	EXP 	window1: blendMode = 'avg'
19.4782 	EXP 	window1: blendMode = 'avg'
19.4961 	EXP 	window1: blendMode = 'avg'
19.4969 	EXP 	window1: blendMode = 'avg'
19.4975 	EXP 	window1: blendMode = 'avg'
19.5163 	EXP 	window1: blendMode = 'avg'
19.5170 	EXP 	window1: blendMode = 'avg'
19.5177 	EXP 	window1: blendMode = 'avg'
19.5362 	EXP 	window1: blendMode = 'avg'
19.5374 	EXP 	window1: blendMode = 'avg'
19.5385 	EXP 	window1: blendMode = 'avg'
19.5578 	EXP 	window1: blendMode = 'avg'
19.5588 	EXP 	window1: blendMode = 'avg'
19.5598 	EXP 	window1: blendMode = 'avg'
19.5779 	EXP 	window1: blendMode = 'avg'
19.5790 	EXP 	window1: blendMode = 'avg'
19.5801 	EXP 	window1: blendMode = 'avg'
19.5974 	EXP 	window1: blendMode = 'avg'
19.5985 	EXP 	window1: blendMode = 'avg'
19.5996 	EXP 	window1: blendMode = 'avg'
19.6173 	EXP 	window1: blendMode = 'avg'
19.6179 	EXP 	window1: blendMode = 'avg'
19.6333 	EXP 	Orientation_Cue: autoDraw = False
19.6342 	EXP 	window1: blendMode = 'avg'
19.6346 	EXP 	window1: blendMode = 'avg'
19.6360 	EXP 	window1: blendMode = 'avg'
19.6536 	EXP 	Ready_Cue: autoDraw = True
19.6543 	EXP 	window1: blendMode = 'avg'
19.6547 	EXP 	window1: blendMode = 'avg'
19.6552 	EXP 	window1: blendMode = 'avg'
19.6762 	EXP 	window1: blendMode = 'avg'
19.6770 	EXP 	window1: blendMode = 'avg'
19.6777 	EXP 	window1: blendMode = 'avg'
19.6982 	EXP 	window1: blendMode = 'avg'
19.6989 	EXP 	window1: blendMode = 'avg'
19.6995 	EXP 	window1: blendMode = 'avg'
19.7165 	EXP 	window1: blendMode = 'avg'
19.7171 	EXP 	window1: blendMode = 'avg'
19.7178 	EXP 	window1: blendMode = 'avg'
19.7355 	EXP 	window1: blendMode = 'avg'
19.7364 	EXP 	window1: blendMode = 'avg'
19.7372 	EXP 	window1: blendMode = 'avg'
19.7564 	EXP 	window1: blendMode = 'avg'
19.7572 	EXP 	window1: blendMode = 'avg'
19.7580 	EXP 	window1: blendMode = 'avg'
19.7762 	EXP 	window1: blendMode = 'avg'
19.7769 	EXP 	window1: blendMode = 'avg'
19.7775 	EXP 	window1: blendMode = 'avg'
19.7957 	EXP 	window1: blendMode = 'avg'
19.7963 	EXP 	window1: blendMode = 'avg'
19.7970 	EXP 	window1: blendMode = 'avg'
19.8156 	EXP 	window1: blendMode = 'avg'
19.8165 	EXP 	window1: blendMode = 'avg'
19.8172 	EXP 	window1: blendMode = 'avg'
19.8366 	EXP 	window1: blendMode = 'avg'
19.8376 	EXP 	window1: blendMode = 'avg'
19.8384 	EXP 	window1: blendMode = 'avg'
19.8553 	EXP 	window1: blendMode = 'avg'
19.8561 	EXP 	window1: blendMode = 'avg'
19.8567 	EXP 	window1: blendMode = 'avg'
19.8759 	EXP 	window1: blendMode = 'avg'
19.8769 	EXP 	window1: blendMode = 'avg'
19.8778 	EXP 	window1: blendMode = 'avg'
19.8961 	EXP 	window1: blendMode = 'avg'
19.8968 	EXP 	window1: blendMode = 'avg'
19.8975 	EXP 	window1: blendMode = 'avg'
19.9160 	EXP 	window1: blendMode = 'avg'
19.9168 	EXP 	window1: blendMode = 'avg'
19.9175 	EXP 	window1: blendMode = 'avg'
19.9352 	EXP 	window1: blendMode = 'avg'
19.9358 	EXP 	window1: blendMode = 'avg'
19.9365 	EXP 	window1: blendMode = 'avg'
19.9560 	EXP 	window1: blendMode = 'avg'
19.9570 	EXP 	window1: blendMode = 'avg'
19.9579 	EXP 	window1: blendMode = 'avg'
19.9765 	EXP 	window1: blendMode = 'avg'
19.9772 	EXP 	window1: blendMode = 'avg'
19.9778 	EXP 	window1: blendMode = 'avg'
19.9961 	EXP 	window1: blendMode = 'avg'
19.9968 	EXP 	window1: blendMode = 'avg'
19.9975 	EXP 	window1: blendMode = 'avg'
20.0165 	EXP 	window1: blendMode = 'avg'
20.0174 	EXP 	window1: blendMode = 'avg'
20.0183 	EXP 	window1: blendMode = 'avg'
20.0357 	EXP 	window1: blendMode = 'avg'
20.0367 	EXP 	window1: blendMode = 'avg'
20.0377 	EXP 	window1: blendMode = 'avg'
20.0568 	EXP 	window1: blendMode = 'avg'
20.0579 	EXP 	window1: blendMode = 'avg'
20.0589 	EXP 	window1: blendMode = 'avg'
20.0766 	EXP 	window1: blendMode = 'avg'
20.0773 	EXP 	window1: blendMode = 'avg'
20.0780 	EXP 	window1: blendMode = 'avg'
20.0962 	EXP 	window1: blendMode = 'avg'
20.0970 	EXP 	window1: blendMode = 'avg'
20.0976 	EXP 	window1: blendMode = 'avg'
20.1166 	EXP 	window1: blendMode = 'avg'
20.1176 	EXP 	window1: blendMode = 'avg'
20.1349 	EXP 	Ready_Cue: autoDraw = False
20.1364 	EXP 	window1: blendMode = 'avg'
20.1371 	EXP 	window1: blendMode = 'avg'
20.1591 	EXP 	Zoid_Left: autoDraw = True
20.1591 	EXP 	Zoid_Right: autoDraw = True
20.1609 	EXP 	window1: blendMode = 'avg'
20.1616 	EXP 	window1: blendMode = 'avg'
20.1768 	EXP 	window1: blendMode = 'avg'
20.1775 	EXP 	window1: blendMode = 'avg'
20.1982 	EXP 	window1: blendMode = 'avg'
20.1990 	EXP 	window1: blendMode = 'avg'
20.2157 	EXP 	window1: blendMode = 'avg'
20.2164 	EXP 	window1: blendMode = 'avg'
20.2356 	EXP 	window1: blendMode = 'avg'
20.2364 	EXP 	window1: blendMode = 'avg'
20.2559 	EXP 	window1: blendMode = 'avg'
20.2569 	EXP 	window1: blendMode = 'avg'
20.2761 	EXP 	window1: blendMode = 'avg'
20.2768 	EXP 	window1: blendMode = 'avg'
20.2956 	EXP 	window1: blendMode = 'avg'
20.2963 	EXP 	window1: blendMode = 'avg'
20.3163 	EXP 	window1: blendMode = 'avg'
20.3171 	EXP 	window1: blendMode = 'avg'
20.3356 	EXP 	window1: blendMode = 'avg'
20.3363 	EXP 	window1: blendMode = 'avg'
20.3558 	EXP 	window1: blendMode = 'avg'
20.3566 	EXP 	window1: blendMode = 'avg'
20.3761 	EXP 	window1: blendMode = 'avg'
20.3770 	EXP 	window1: blendMode = 'avg'
20.3962 	EXP 	window1: blendMode = 'avg'
20.3969 	EXP 	window1: blendMode = 'avg'
20.4162 	EXP 	window1: blendMode = 'avg'
20.4169 	EXP 	window1: blendMode = 'avg'
20.4353 	EXP 	window1: blendMode = 'avg'
20.4360 	EXP 	window1: blendMode = 'avg'
20.4559 	EXP 	window1: blendMode = 'avg'
20.4570 	EXP 	window1: blendMode = 'avg'
20.4756 	EXP 	window1: blendMode = 'avg'
20.4765 	EXP 	window1: blendMode = 'avg'
20.4966 	EXP 	window1: blendMode = 'avg'
20.4973 	EXP 	window1: blendMode = 'avg'
20.5156 	EXP 	window1: blendMode = 'avg'
20.5163 	EXP 	window1: blendMode = 'avg'
20.5363 	EXP 	window1: blendMode = 'avg'
20.5372 	EXP 	window1: blendMode = 'avg'
20.5559 	EXP 	window1: blendMode = 'avg'
20.5566 	EXP 	window1: blendMode = 'avg'
20.5753 	EXP 	window1: blendMode = 'avg'
20.5759 	EXP 	window1: blendMode = 'avg'
20.5959 	EXP 	window1: blendMode = 'avg'
20.5967 	EXP 	window1: blendMode = 'avg'
20.6164 	EXP 	window1: blendMode = 'avg'
20.6176 	EXP 	window1: blendMode = 'avg'
20.6363 	EXP 	window1: blendMode = 'avg'
20.6370 	EXP 	window1: blendMode = 'avg'
20.6561 	EXP 	window1: blendMode = 'avg'
20.6572 	EXP 	window1: blendMode = 'avg'
20.6759 	EXP 	window1: blendMode = 'avg'
20.6769 	EXP 	window1: blendMode = 'avg'
20.6960 	EXP 	window1: blendMode = 'avg'
20.6967 	EXP 	window1: blendMode = 'avg'
20.7165 	EXP 	window1: blendMode = 'avg'
20.7172 	EXP 	window1: blendMode = 'avg'
20.7355 	EXP 	window1: blendMode = 'avg'
20.7364 	EXP 	window1: blendMode = 'avg'
20.7560 	EXP 	window1: blendMode = 'avg'
20.7568 	EXP 	window1: blendMode = 'avg'
20.7758 	EXP 	window1: blendMode = 'avg'
20.7764 	EXP 	window1: blendMode = 'avg'
20.7956 	EXP 	window1: blendMode = 'avg'
20.7963 	EXP 	window1: blendMode = 'avg'
20.8157 	EXP 	window1: blendMode = 'avg'
20.8167 	EXP 	window1: blendMode = 'avg'
20.8353 	EXP 	window1: blendMode = 'avg'
20.8363 	EXP 	window1: blendMode = 'avg'
20.8567 	EXP 	window1: blendMode = 'avg'
20.8574 	EXP 	window1: blendMode = 'avg'
20.8758 	EXP 	window1: blendMode = 'avg'
20.8768 	EXP 	window1: blendMode = 'avg'
20.8966 	EXP 	window1: blendMode = 'avg'
20.8976 	EXP 	window1: blendMode = 'avg'
20.9179 	EXP 	window1: blendMode = 'avg'
20.9187 	EXP 	window1: blendMode = 'avg'
20.9352 	EXP 	window1: blendMode = 'avg'
20.9359 	EXP 	window1: blendMode = 'avg'
20.9606 	DATA 	Keypress: escape
