1.4992 	ERROR 	avbin.dll failed to load. Try importing psychopy.visual
  as the first library (before anything that uses scipy)
  and make sure that avbin is installed.
6.1111 	EXP 	Created window1 = Window(allowGUI=False, allowStencil=False, autoLog=True, bitsMode=UNKNOWN, blendMode='avg', color=array([ 0.95,  0.95,  0.95]), colorSpace='rgb', fullscr=UNKNOWN, gamma=None, lms=UNKNOWN, monitor=<psychopy.monitors.calibTools.Monitor object at 0x1B22D6B0>, multiSample=False, name='window1', numSamples=2, pos=[0, 0], screen=0, size=array([1600,  900]), stereo=False, units=u'norm', useFBO=True, useRetina=False, viewOri=0.0, viewPos=None, viewScale=None, waitBlanking=True, winType='pyglet')
6.1113 	EXP 	window1: recordFrameIntervals = False
6.3089 	EXP 	window1: recordFrameIntervals = True
6.5289 	EXP 	window1: recordFrameIntervals = False
6.7097 	EXP 	Created Orientation_Cue = TextStim(alignHoriz='center', alignVert='center', antialias=True, autoLog=True, bold=False, color=u'black', colorSpace='named', contrast=1.0, depth=0.0, flipHoriz=False, flipVert=False, font=u'Arial', fontFiles=[], height=0.1, italic=False, name='Orientation_Cue', opacity=1.0, ori=0, pos=array([ 0.,  0.]), rgb=array([ 0.,  0.,  0.]), text=u'\u25cb', units=u'norm', win=Window(...), wrapWidth=1)
6.7181 	EXP 	Created Ready_Cue = TextStim(alignHoriz='center', alignVert='center', antialias=True, autoLog=True, bold=False, color=u'black', colorSpace='named', contrast=1.0, depth=-1.0, flipHoriz=False, flipVert=False, font=u'Arial', fontFiles=[], height=0.1, italic=False, name='Ready_Cue', opacity=1.0, ori=0, pos=array([ 0.,  0.]), rgb=array([ 0.,  0.,  0.]), text=u'\u23fa', units=u'norm', win=Window(...), wrapWidth=1)
6.7280 	EXP 	Created Zoid_Left = ShapeStim(autoDraw=False, autoLog=True, closeShape=True, contrast=1.0, depth=-3.0, fillColor=array([ 0.05,  0.05,  0.05]), fillColorSpace='rgb', interpolate=True, lineColor=array([ 1.,  1.,  1.]), lineColorSpace='rgb', lineWidth=1, name='Zoid_Left', opacity=1.0, ori=array(0.0), pos=array([-5.,  0.]), size=array([ 1.,  1.]), units='cm', vertices=ndarray(...), win=Window(...), windingRule=None)
6.7295 	EXP 	Created Zoid_Right = ShapeStim(autoDraw=False, autoLog=True, closeShape=True, contrast=1.0, depth=-4.0, fillColor=array([ 0.05,  0.05,  0.05]), fillColorSpace='rgb', interpolate=True, lineColor=array([ 1.,  1.,  1.]), lineColorSpace='rgb', lineWidth=1, name='Zoid_Right', opacity=1.0, ori=array(0.0), pos=array([ 5.,  0.]), size=array([ 1.,  1.]), units='cm', vertices=ndarray(...), win=Window(...), windingRule=None)
6.8304 	EXP 	Created Button_Instructions = TextStim(alignHoriz='center', alignVert='center', antialias=True, autoLog=True, bold=False, color=u'black', colorSpace='named', contrast=1.0, depth=0.0, flipHoriz=False, flipVert=False, font=u'Arial', fontFiles=[], height=0.07, italic=False, name='Button_Instructions', opacity=1.0, ori=0, pos=array([ 0. ,  0.5]), rgb=array([ 0.,  0.,  0.]), text=unicode(...), units=u'norm', win=Window(...), wrapWidth=1)
6.8415 	EXP 	Created x_instruction = TextStim(alignHoriz='center', alignVert='center', antialias=True, autoLog=True, bold=False, color=u'lightseagreen', colorSpace='named', contrast=1.0, depth=0.0, flipHoriz=False, flipVert=False, font=u'Arial', fontFiles=[], height=0.1, italic=False, name='x_instruction', opacity=1.0, ori=0, pos=array([-0.7, -0.8]), rgb=array([  32.,  178.,  170.]), text=u'SAME\nx', units=u'norm', win=Window(...), wrapWidth=1)
6.8559 	EXP 	Created m_instruction = TextStim(alignHoriz='right', alignVert='center', antialias=True, autoLog=True, bold=False, color=u'tomato', colorSpace='named', contrast=1.0, depth=0.0, flipHoriz=False, flipVert=False, font=u'Arial', fontFiles=[], height=0.1, italic=False, name='m_instruction', opacity=1.0, ori=0, pos=array([ 0.7, -0.8]), rgb=array([ 255.,   99.,   71.]), text=u'DIFFERENT\nm', units=u'norm', win=Window(...), wrapWidth=1)
6.8739 	EXP 	Created Feedback_Screen = TextStim(alignHoriz='center', alignVert='center', antialias=True, autoLog=True, bold=False, color=u'black', colorSpace='named', contrast=1.0, depth=0.0, flipHoriz=False, flipVert=False, font=u'Arial', fontFiles=[], height=0.1, italic=False, name='Feedback_Screen', opacity=1.0, ori=0, pos=array([ 0.,  0.]), rgb=array([ 0.,  0.,  0.]), text=u'Placeholder_text', units=u'norm', win=Window(...), wrapWidth=1)
6.8753 	EXP 	window1: blendMode = 'avg'
6.8758 	EXP 	window1: blendMode = 'avg'
6.8762 	EXP 	window1: blendMode = 'avg'
6.8847 	EXP 	x_instruction: autoDraw = True
6.8847 	EXP 	m_instruction: autoDraw = True
6.8847 	EXP 	Button_Instructions: autoDraw = True
11.8870 	EXP 	Created sequence: random, trialTypes=1, nReps=121, seed=None
12.0175 	EXP 	New trial (rep=0, index=0): None
12.0184 	EXP 	window1: blendMode = 'avg'
12.0187 	EXP 	window1: blendMode = 'avg'
12.0191 	EXP 	window1: blendMode = 'avg'
12.0256 	EXP 	Button_Instructions: autoDraw = False
12.0256 	EXP 	Zoid_Left: vertices = ((-0.5, 0), (-1.5, 0), (-1.5, 1), (0.5, 1), (0.5, 0), (1.5, 0), (1.5, -1), (-0.5, -1))
12.0256 	EXP 	Zoid_Left: ori = 0
12.0256 	EXP 	Zoid_Right: vertices = ((0.5, 0), (1.5, 0), (1.5, 1), (-1.5, 1), (-1.5, 0), (-0.5, 0), (-0.5, -1), (0.5, -1))
12.0256 	EXP 	Zoid_Right: ori = 180
12.0256 	EXP 	Orientation_Cue: autoDraw = True
12.0264 	EXP 	window1: blendMode = 'avg'
12.0267 	EXP 	window1: blendMode = 'avg'
12.0270 	EXP 	window1: blendMode = 'avg'
12.0463 	EXP 	window1: blendMode = 'avg'
12.0467 	EXP 	window1: blendMode = 'avg'
12.0471 	EXP 	window1: blendMode = 'avg'
12.0664 	EXP 	window1: blendMode = 'avg'
12.0669 	EXP 	window1: blendMode = 'avg'
12.0672 	EXP 	window1: blendMode = 'avg'
12.0885 	EXP 	window1: blendMode = 'avg'
12.0896 	EXP 	window1: blendMode = 'avg'
12.0903 	EXP 	window1: blendMode = 'avg'
12.1085 	EXP 	window1: blendMode = 'avg'
12.1092 	EXP 	window1: blendMode = 'avg'
12.1106 	EXP 	window1: blendMode = 'avg'
12.1294 	EXP 	window1: blendMode = 'avg'
12.1301 	EXP 	window1: blendMode = 'avg'
12.1307 	EXP 	window1: blendMode = 'avg'
12.1479 	EXP 	window1: blendMode = 'avg'
12.1485 	EXP 	window1: blendMode = 'avg'
12.1492 	EXP 	window1: blendMode = 'avg'
12.1685 	EXP 	window1: blendMode = 'avg'
12.1693 	EXP 	window1: blendMode = 'avg'
12.1702 	EXP 	window1: blendMode = 'avg'
12.1908 	EXP 	window1: blendMode = 'avg'
12.1916 	EXP 	window1: blendMode = 'avg'
12.1923 	EXP 	window1: blendMode = 'avg'
12.2101 	EXP 	window1: blendMode = 'avg'
12.2110 	EXP 	window1: blendMode = 'avg'
12.2117 	EXP 	window1: blendMode = 'avg'
12.2294 	EXP 	window1: blendMode = 'avg'
12.2302 	EXP 	window1: blendMode = 'avg'
12.2308 	EXP 	window1: blendMode = 'avg'
12.2505 	EXP 	window1: blendMode = 'avg'
12.2513 	EXP 	window1: blendMode = 'avg'
12.2523 	EXP 	window1: blendMode = 'avg'
12.2695 	EXP 	window1: blendMode = 'avg'
12.2706 	EXP 	window1: blendMode = 'avg'
12.2716 	EXP 	window1: blendMode = 'avg'
12.2891 	EXP 	window1: blendMode = 'avg'
12.2898 	EXP 	window1: blendMode = 'avg'
12.2905 	EXP 	window1: blendMode = 'avg'
12.3099 	EXP 	window1: blendMode = 'avg'
12.3107 	EXP 	window1: blendMode = 'avg'
12.3113 	EXP 	window1: blendMode = 'avg'
12.3292 	EXP 	window1: blendMode = 'avg'
12.3299 	EXP 	window1: blendMode = 'avg'
12.3305 	EXP 	window1: blendMode = 'avg'
12.3485 	EXP 	window1: blendMode = 'avg'
12.3492 	EXP 	window1: blendMode = 'avg'
12.3499 	EXP 	window1: blendMode = 'avg'
12.3704 	EXP 	window1: blendMode = 'avg'
12.3715 	EXP 	window1: blendMode = 'avg'
12.3722 	EXP 	window1: blendMode = 'avg'
12.3888 	EXP 	window1: blendMode = 'avg'
12.3896 	EXP 	window1: blendMode = 'avg'
12.3902 	EXP 	window1: blendMode = 'avg'
12.4091 	EXP 	window1: blendMode = 'avg'
12.4098 	EXP 	window1: blendMode = 'avg'
12.4105 	EXP 	window1: blendMode = 'avg'
12.4296 	EXP 	window1: blendMode = 'avg'
12.4303 	EXP 	window1: blendMode = 'avg'
12.4310 	EXP 	window1: blendMode = 'avg'
12.4497 	EXP 	window1: blendMode = 'avg'
12.4504 	EXP 	window1: blendMode = 'avg'
12.4510 	EXP 	window1: blendMode = 'avg'
12.4688 	EXP 	window1: blendMode = 'avg'
12.4700 	EXP 	window1: blendMode = 'avg'
12.4711 	EXP 	window1: blendMode = 'avg'
12.4894 	EXP 	window1: blendMode = 'avg'
12.4901 	EXP 	window1: blendMode = 'avg'
12.4908 	EXP 	window1: blendMode = 'avg'
12.5065 	EXP 	window1: blendMode = 'avg'
12.5070 	EXP 	window1: blendMode = 'avg'
12.5073 	EXP 	window1: blendMode = 'avg'
12.5267 	EXP 	window1: blendMode = 'avg'
12.5272 	EXP 	window1: blendMode = 'avg'
12.5276 	EXP 	window1: blendMode = 'avg'
12.5466 	EXP 	window1: blendMode = 'avg'
12.5471 	EXP 	window1: blendMode = 'avg'
12.5475 	EXP 	window1: blendMode = 'avg'
12.5681 	EXP 	window1: blendMode = 'avg'
12.5689 	EXP 	window1: blendMode = 'avg'
12.5696 	EXP 	window1: blendMode = 'avg'
12.5884 	EXP 	window1: blendMode = 'avg'
12.5893 	EXP 	window1: blendMode = 'avg'
12.5899 	EXP 	window1: blendMode = 'avg'
12.6081 	EXP 	window1: blendMode = 'avg'
12.6087 	EXP 	window1: blendMode = 'avg'
12.6094 	EXP 	window1: blendMode = 'avg'
12.6285 	EXP 	window1: blendMode = 'avg'
12.6291 	EXP 	window1: blendMode = 'avg'
12.6298 	EXP 	window1: blendMode = 'avg'
12.6497 	EXP 	window1: blendMode = 'avg'
12.6504 	EXP 	window1: blendMode = 'avg'
12.6511 	EXP 	window1: blendMode = 'avg'
12.6679 	EXP 	window1: blendMode = 'avg'
12.6686 	EXP 	window1: blendMode = 'avg'
12.6692 	EXP 	window1: blendMode = 'avg'
12.6896 	EXP 	window1: blendMode = 'avg'
12.6903 	EXP 	window1: blendMode = 'avg'
12.6910 	EXP 	window1: blendMode = 'avg'
12.7082 	EXP 	window1: blendMode = 'avg'
12.7089 	EXP 	window1: blendMode = 'avg'
12.7095 	EXP 	window1: blendMode = 'avg'
12.7283 	EXP 	window1: blendMode = 'avg'
12.7290 	EXP 	window1: blendMode = 'avg'
12.7296 	EXP 	window1: blendMode = 'avg'
12.7486 	EXP 	window1: blendMode = 'avg'
12.7493 	EXP 	window1: blendMode = 'avg'
12.7500 	EXP 	window1: blendMode = 'avg'
12.7681 	EXP 	window1: blendMode = 'avg'
12.7688 	EXP 	window1: blendMode = 'avg'
12.7695 	EXP 	window1: blendMode = 'avg'
12.7883 	EXP 	window1: blendMode = 'avg'
12.7890 	EXP 	window1: blendMode = 'avg'
12.7896 	EXP 	window1: blendMode = 'avg'
12.8102 	EXP 	window1: blendMode = 'avg'
12.8111 	EXP 	window1: blendMode = 'avg'
12.8118 	EXP 	window1: blendMode = 'avg'
12.8284 	EXP 	window1: blendMode = 'avg'
12.8292 	EXP 	window1: blendMode = 'avg'
12.8298 	EXP 	window1: blendMode = 'avg'
12.8477 	EXP 	window1: blendMode = 'avg'
12.8484 	EXP 	window1: blendMode = 'avg'
12.8490 	EXP 	window1: blendMode = 'avg'
12.8687 	EXP 	window1: blendMode = 'avg'
12.8698 	EXP 	window1: blendMode = 'avg'
12.8709 	EXP 	window1: blendMode = 'avg'
12.8880 	EXP 	window1: blendMode = 'avg'
12.8887 	EXP 	window1: blendMode = 'avg'
12.8893 	EXP 	window1: blendMode = 'avg'
12.9082 	EXP 	window1: blendMode = 'avg'
12.9089 	EXP 	window1: blendMode = 'avg'
12.9095 	EXP 	window1: blendMode = 'avg'
12.9279 	EXP 	window1: blendMode = 'avg'
12.9286 	EXP 	window1: blendMode = 'avg'
12.9293 	EXP 	window1: blendMode = 'avg'
12.9482 	EXP 	window1: blendMode = 'avg'
12.9490 	EXP 	window1: blendMode = 'avg'
12.9496 	EXP 	window1: blendMode = 'avg'
12.9682 	EXP 	window1: blendMode = 'avg'
12.9691 	EXP 	window1: blendMode = 'avg'
12.9702 	EXP 	window1: blendMode = 'avg'
12.9879 	EXP 	window1: blendMode = 'avg'
12.9886 	EXP 	window1: blendMode = 'avg'
12.9893 	EXP 	window1: blendMode = 'avg'
13.0084 	EXP 	window1: blendMode = 'avg'
13.0091 	EXP 	window1: blendMode = 'avg'
13.0099 	EXP 	window1: blendMode = 'avg'
13.0285 	EXP 	window1: blendMode = 'avg'
13.0291 	EXP 	window1: blendMode = 'avg'
13.0298 	EXP 	window1: blendMode = 'avg'
13.0480 	EXP 	window1: blendMode = 'avg'
13.0487 	EXP 	window1: blendMode = 'avg'
13.0496 	EXP 	window1: blendMode = 'avg'
13.0677 	EXP 	window1: blendMode = 'avg'
13.0683 	EXP 	window1: blendMode = 'avg'
13.0691 	EXP 	window1: blendMode = 'avg'
13.0889 	EXP 	window1: blendMode = 'avg'
13.0896 	EXP 	window1: blendMode = 'avg'
13.0902 	EXP 	window1: blendMode = 'avg'
13.1084 	EXP 	window1: blendMode = 'avg'
13.1091 	EXP 	window1: blendMode = 'avg'
13.1097 	EXP 	window1: blendMode = 'avg'
13.1288 	EXP 	window1: blendMode = 'avg'
13.1295 	EXP 	window1: blendMode = 'avg'
13.1301 	EXP 	window1: blendMode = 'avg'
13.1479 	EXP 	window1: blendMode = 'avg'
13.1485 	EXP 	window1: blendMode = 'avg'
13.1492 	EXP 	window1: blendMode = 'avg'
13.1678 	EXP 	window1: blendMode = 'avg'
13.1686 	EXP 	window1: blendMode = 'avg'
13.1693 	EXP 	window1: blendMode = 'avg'
13.1890 	EXP 	window1: blendMode = 'avg'
13.1897 	EXP 	window1: blendMode = 'avg'
13.1904 	EXP 	window1: blendMode = 'avg'
13.2087 	EXP 	window1: blendMode = 'avg'
13.2094 	EXP 	window1: blendMode = 'avg'
13.2100 	EXP 	window1: blendMode = 'avg'
13.2276 	EXP 	window1: blendMode = 'avg'
13.2283 	EXP 	window1: blendMode = 'avg'
13.2290 	EXP 	window1: blendMode = 'avg'
13.2481 	EXP 	window1: blendMode = 'avg'
13.2488 	EXP 	window1: blendMode = 'avg'
13.2494 	EXP 	window1: blendMode = 'avg'
13.2679 	EXP 	window1: blendMode = 'avg'
13.2686 	EXP 	window1: blendMode = 'avg'
13.2693 	EXP 	window1: blendMode = 'avg'
13.2879 	EXP 	window1: blendMode = 'avg'
13.2886 	EXP 	window1: blendMode = 'avg'
13.2892 	EXP 	window1: blendMode = 'avg'
13.3096 	EXP 	window1: blendMode = 'avg'
13.3103 	EXP 	window1: blendMode = 'avg'
13.3110 	EXP 	window1: blendMode = 'avg'
13.3290 	EXP 	window1: blendMode = 'avg'
13.3297 	EXP 	window1: blendMode = 'avg'
13.3303 	EXP 	window1: blendMode = 'avg'
13.3494 	EXP 	window1: blendMode = 'avg'
13.3503 	EXP 	window1: blendMode = 'avg'
13.3510 	EXP 	window1: blendMode = 'avg'
13.3695 	EXP 	window1: blendMode = 'avg'
13.3702 	EXP 	window1: blendMode = 'avg'
13.3708 	EXP 	window1: blendMode = 'avg'
13.3877 	EXP 	window1: blendMode = 'avg'
13.3881 	EXP 	window1: blendMode = 'avg'
13.3886 	EXP 	window1: blendMode = 'avg'
13.4079 	EXP 	window1: blendMode = 'avg'
13.4087 	EXP 	window1: blendMode = 'avg'
13.4095 	EXP 	window1: blendMode = 'avg'
13.4277 	EXP 	window1: blendMode = 'avg'
13.4281 	EXP 	window1: blendMode = 'avg'
13.4285 	EXP 	window1: blendMode = 'avg'
13.4469 	EXP 	window1: blendMode = 'avg'
13.4474 	EXP 	window1: blendMode = 'avg'
13.4478 	EXP 	window1: blendMode = 'avg'
13.4669 	EXP 	window1: blendMode = 'avg'
13.4673 	EXP 	window1: blendMode = 'avg'
13.4678 	EXP 	window1: blendMode = 'avg'
13.4867 	EXP 	window1: blendMode = 'avg'
13.4872 	EXP 	window1: blendMode = 'avg'
13.4876 	EXP 	window1: blendMode = 'avg'
13.5083 	EXP 	window1: blendMode = 'avg'
13.5090 	EXP 	window1: blendMode = 'avg'
13.5096 	EXP 	window1: blendMode = 'avg'
13.5271 	EXP 	window1: blendMode = 'avg'
13.5278 	EXP 	window1: blendMode = 'avg'
13.5282 	EXP 	window1: blendMode = 'avg'
13.5462 	EXP 	window1: blendMode = 'avg'
13.5467 	EXP 	window1: blendMode = 'avg'
13.5471 	EXP 	window1: blendMode = 'avg'
13.5663 	EXP 	window1: blendMode = 'avg'
13.5667 	EXP 	window1: blendMode = 'avg'
13.5671 	EXP 	window1: blendMode = 'avg'
13.5884 	EXP 	window1: blendMode = 'avg'
13.5893 	EXP 	window1: blendMode = 'avg'
13.5900 	EXP 	window1: blendMode = 'avg'
13.6095 	EXP 	window1: blendMode = 'avg'
13.6105 	EXP 	window1: blendMode = 'avg'
13.6115 	EXP 	window1: blendMode = 'avg'
13.6286 	EXP 	window1: blendMode = 'avg'
13.6292 	EXP 	window1: blendMode = 'avg'
13.6300 	EXP 	window1: blendMode = 'avg'
13.6490 	EXP 	window1: blendMode = 'avg'
13.6497 	EXP 	window1: blendMode = 'avg'
13.6503 	EXP 	window1: blendMode = 'avg'
13.6681 	EXP 	window1: blendMode = 'avg'
13.6688 	EXP 	window1: blendMode = 'avg'
13.6696 	EXP 	window1: blendMode = 'avg'
13.6889 	EXP 	window1: blendMode = 'avg'
13.6896 	EXP 	window1: blendMode = 'avg'
13.6902 	EXP 	window1: blendMode = 'avg'
13.7081 	EXP 	window1: blendMode = 'avg'
13.7088 	EXP 	window1: blendMode = 'avg'
13.7094 	EXP 	window1: blendMode = 'avg'
13.7276 	EXP 	window1: blendMode = 'avg'
13.7282 	EXP 	window1: blendMode = 'avg'
13.7288 	EXP 	window1: blendMode = 'avg'
13.7483 	EXP 	window1: blendMode = 'avg'
13.7490 	EXP 	window1: blendMode = 'avg'
13.7496 	EXP 	window1: blendMode = 'avg'
13.7678 	EXP 	window1: blendMode = 'avg'
13.7685 	EXP 	window1: blendMode = 'avg'
13.7692 	EXP 	window1: blendMode = 'avg'
13.7879 	EXP 	window1: blendMode = 'avg'
13.7886 	EXP 	window1: blendMode = 'avg'
13.7892 	EXP 	window1: blendMode = 'avg'
13.8084 	EXP 	window1: blendMode = 'avg'
13.8094 	EXP 	window1: blendMode = 'avg'
13.8105 	EXP 	window1: blendMode = 'avg'
13.8281 	EXP 	window1: blendMode = 'avg'
13.8287 	EXP 	window1: blendMode = 'avg'
13.8294 	EXP 	window1: blendMode = 'avg'
13.8474 	EXP 	window1: blendMode = 'avg'
13.8481 	EXP 	window1: blendMode = 'avg'
13.8487 	EXP 	window1: blendMode = 'avg'
13.8675 	EXP 	window1: blendMode = 'avg'
13.8684 	EXP 	window1: blendMode = 'avg'
13.8693 	EXP 	window1: blendMode = 'avg'
13.8884 	EXP 	window1: blendMode = 'avg'
13.8892 	EXP 	window1: blendMode = 'avg'
13.8898 	EXP 	window1: blendMode = 'avg'
13.9083 	EXP 	window1: blendMode = 'avg'
13.9090 	EXP 	window1: blendMode = 'avg'
13.9096 	EXP 	window1: blendMode = 'avg'
13.9277 	EXP 	window1: blendMode = 'avg'
13.9284 	EXP 	window1: blendMode = 'avg'
13.9290 	EXP 	window1: blendMode = 'avg'
13.9483 	EXP 	window1: blendMode = 'avg'
13.9492 	EXP 	window1: blendMode = 'avg'
13.9501 	EXP 	window1: blendMode = 'avg'
13.9675 	EXP 	window1: blendMode = 'avg'
13.9682 	EXP 	window1: blendMode = 'avg'
13.9688 	EXP 	window1: blendMode = 'avg'
13.9879 	EXP 	window1: blendMode = 'avg'
13.9886 	EXP 	window1: blendMode = 'avg'
13.9892 	EXP 	window1: blendMode = 'avg'
14.0082 	EXP 	window1: blendMode = 'avg'
14.0089 	EXP 	window1: blendMode = 'avg'
14.0265 	EXP 	Orientation_Cue: autoDraw = False
14.0278 	EXP 	window1: blendMode = 'avg'
14.0284 	EXP 	window1: blendMode = 'avg'
14.0297 	EXP 	window1: blendMode = 'avg'
14.0462 	EXP 	Ready_Cue: autoDraw = True
14.0474 	EXP 	window1: blendMode = 'avg'
14.0481 	EXP 	window1: blendMode = 'avg'
14.0487 	EXP 	window1: blendMode = 'avg'
14.0678 	EXP 	window1: blendMode = 'avg'
14.0685 	EXP 	window1: blendMode = 'avg'
14.0691 	EXP 	window1: blendMode = 'avg'
14.0880 	EXP 	window1: blendMode = 'avg'
14.0890 	EXP 	window1: blendMode = 'avg'
14.0898 	EXP 	window1: blendMode = 'avg'
14.1081 	EXP 	window1: blendMode = 'avg'
14.1087 	EXP 	window1: blendMode = 'avg'
14.1094 	EXP 	window1: blendMode = 'avg'
14.1282 	EXP 	window1: blendMode = 'avg'
14.1289 	EXP 	window1: blendMode = 'avg'
14.1295 	EXP 	window1: blendMode = 'avg'
14.1475 	EXP 	window1: blendMode = 'avg'
14.1481 	EXP 	window1: blendMode = 'avg'
14.1488 	EXP 	window1: blendMode = 'avg'
14.1677 	EXP 	window1: blendMode = 'avg'
14.1684 	EXP 	window1: blendMode = 'avg'
14.1691 	EXP 	window1: blendMode = 'avg'
14.1898 	EXP 	window1: blendMode = 'avg'
14.1905 	EXP 	window1: blendMode = 'avg'
14.1911 	EXP 	window1: blendMode = 'avg'
14.2076 	EXP 	window1: blendMode = 'avg'
14.2082 	EXP 	window1: blendMode = 'avg'
14.2089 	EXP 	window1: blendMode = 'avg'
14.2280 	EXP 	window1: blendMode = 'avg'
14.2288 	EXP 	window1: blendMode = 'avg'
14.2294 	EXP 	window1: blendMode = 'avg'
14.2481 	EXP 	window1: blendMode = 'avg'
14.2488 	EXP 	window1: blendMode = 'avg'
14.2494 	EXP 	window1: blendMode = 'avg'
14.2677 	EXP 	window1: blendMode = 'avg'
14.2683 	EXP 	window1: blendMode = 'avg'
14.2691 	EXP 	window1: blendMode = 'avg'
14.2878 	EXP 	window1: blendMode = 'avg'
14.2885 	EXP 	window1: blendMode = 'avg'
14.2891 	EXP 	window1: blendMode = 'avg'
14.3084 	EXP 	window1: blendMode = 'avg'
14.3095 	EXP 	window1: blendMode = 'avg'
14.3106 	EXP 	window1: blendMode = 'avg'
14.3278 	EXP 	window1: blendMode = 'avg'
14.3285 	EXP 	window1: blendMode = 'avg'
14.3291 	EXP 	window1: blendMode = 'avg'
14.3477 	EXP 	window1: blendMode = 'avg'
14.3483 	EXP 	window1: blendMode = 'avg'
14.3490 	EXP 	window1: blendMode = 'avg'
14.3676 	EXP 	window1: blendMode = 'avg'
14.3683 	EXP 	window1: blendMode = 'avg'
14.3693 	EXP 	window1: blendMode = 'avg'
14.3883 	EXP 	window1: blendMode = 'avg'
14.3890 	EXP 	window1: blendMode = 'avg'
14.3897 	EXP 	window1: blendMode = 'avg'
14.4078 	EXP 	window1: blendMode = 'avg'
14.4085 	EXP 	window1: blendMode = 'avg'
14.4091 	EXP 	window1: blendMode = 'avg'
14.4277 	EXP 	window1: blendMode = 'avg'
14.4283 	EXP 	window1: blendMode = 'avg'
14.4289 	EXP 	window1: blendMode = 'avg'
14.4482 	EXP 	window1: blendMode = 'avg'
14.4489 	EXP 	window1: blendMode = 'avg'
14.4495 	EXP 	window1: blendMode = 'avg'
14.4687 	EXP 	window1: blendMode = 'avg'
14.4695 	EXP 	window1: blendMode = 'avg'
14.4703 	EXP 	window1: blendMode = 'avg'
14.4897 	EXP 	window1: blendMode = 'avg'
14.4904 	EXP 	window1: blendMode = 'avg'
14.4912 	EXP 	window1: blendMode = 'avg'
14.5107 	EXP 	window1: blendMode = 'avg'
14.5118 	EXP 	window1: blendMode = 'avg'
14.5279 	EXP 	Ready_Cue: autoDraw = False
14.5302 	EXP 	window1: blendMode = 'avg'
14.5313 	EXP 	window1: blendMode = 'avg'
14.5808 	EXP 	Zoid_Left: autoDraw = True
14.5808 	EXP 	Zoid_Right: autoDraw = True
14.5825 	EXP 	window1: blendMode = 'avg'
14.5830 	EXP 	window1: blendMode = 'avg'
14.6054 	EXP 	window1: blendMode = 'avg'
14.6058 	EXP 	window1: blendMode = 'avg'
14.6267 	EXP 	window1: blendMode = 'avg'
14.6274 	EXP 	window1: blendMode = 'avg'
14.6478 	EXP 	window1: blendMode = 'avg'
14.6485 	EXP 	window1: blendMode = 'avg'
14.6677 	EXP 	window1: blendMode = 'avg'
14.6684 	EXP 	window1: blendMode = 'avg'
14.6890 	EXP 	window1: blendMode = 'avg'
14.6897 	EXP 	window1: blendMode = 'avg'
14.7079 	EXP 	window1: blendMode = 'avg'
14.7086 	EXP 	window1: blendMode = 'avg'
14.7286 	EXP 	window1: blendMode = 'avg'
14.7293 	EXP 	window1: blendMode = 'avg'
14.7478 	EXP 	window1: blendMode = 'avg'
14.7485 	EXP 	window1: blendMode = 'avg'
14.7680 	EXP 	window1: blendMode = 'avg'
14.7687 	EXP 	window1: blendMode = 'avg'
14.7877 	EXP 	window1: blendMode = 'avg'
14.7883 	EXP 	window1: blendMode = 'avg'
14.8084 	EXP 	window1: blendMode = 'avg'
14.8092 	EXP 	window1: blendMode = 'avg'
14.8285 	EXP 	window1: blendMode = 'avg'
14.8296 	EXP 	window1: blendMode = 'avg'
14.8473 	EXP 	window1: blendMode = 'avg'
14.8480 	EXP 	window1: blendMode = 'avg'
14.8673 	EXP 	window1: blendMode = 'avg'
14.8680 	EXP 	window1: blendMode = 'avg'
14.8877 	EXP 	window1: blendMode = 'avg'
14.8884 	EXP 	window1: blendMode = 'avg'
14.9082 	EXP 	window1: blendMode = 'avg'
14.9088 	EXP 	window1: blendMode = 'avg'
14.9282 	EXP 	window1: blendMode = 'avg'
14.9289 	EXP 	window1: blendMode = 'avg'
14.9476 	EXP 	window1: blendMode = 'avg'
14.9483 	EXP 	window1: blendMode = 'avg'
14.9677 	EXP 	window1: blendMode = 'avg'
14.9685 	EXP 	window1: blendMode = 'avg'
14.9875 	EXP 	window1: blendMode = 'avg'
14.9882 	EXP 	window1: blendMode = 'avg'
15.0076 	EXP 	window1: blendMode = 'avg'
15.0083 	EXP 	window1: blendMode = 'avg'
15.0278 	EXP 	window1: blendMode = 'avg'
15.0285 	EXP 	window1: blendMode = 'avg'
15.0477 	EXP 	window1: blendMode = 'avg'
15.0484 	EXP 	window1: blendMode = 'avg'
15.0672 	EXP 	window1: blendMode = 'avg'
15.0679 	EXP 	window1: blendMode = 'avg'
15.0882 	EXP 	window1: blendMode = 'avg'
15.0889 	EXP 	window1: blendMode = 'avg'
15.1080 	EXP 	window1: blendMode = 'avg'
15.1087 	EXP 	window1: blendMode = 'avg'
15.1287 	EXP 	window1: blendMode = 'avg'
15.1294 	EXP 	window1: blendMode = 'avg'
15.1472 	EXP 	window1: blendMode = 'avg'
15.1479 	EXP 	window1: blendMode = 'avg'
15.1677 	EXP 	window1: blendMode = 'avg'
15.1686 	EXP 	window1: blendMode = 'avg'
15.1881 	EXP 	window1: blendMode = 'avg'
15.1888 	EXP 	window1: blendMode = 'avg'
15.2076 	EXP 	window1: blendMode = 'avg'
15.2084 	EXP 	window1: blendMode = 'avg'
15.2286 	EXP 	window1: blendMode = 'avg'
15.2297 	EXP 	window1: blendMode = 'avg'
15.2478 	EXP 	window1: blendMode = 'avg'
15.2485 	EXP 	window1: blendMode = 'avg'
15.2677 	EXP 	window1: blendMode = 'avg'
15.2684 	EXP 	window1: blendMode = 'avg'
15.2874 	EXP 	window1: blendMode = 'avg'
15.2881 	EXP 	window1: blendMode = 'avg'
15.3078 	EXP 	window1: blendMode = 'avg'
15.3085 	EXP 	window1: blendMode = 'avg'
15.3301 	EXP 	window1: blendMode = 'avg'
15.3312 	EXP 	window1: blendMode = 'avg'
15.3480 	EXP 	window1: blendMode = 'avg'
15.3484 	EXP 	window1: blendMode = 'avg'
15.3673 	EXP 	window1: blendMode = 'avg'
15.3677 	EXP 	window1: blendMode = 'avg'
15.3876 	EXP 	window1: blendMode = 'avg'
15.3881 	EXP 	window1: blendMode = 'avg'
15.4078 	EXP 	window1: blendMode = 'avg'
15.4083 	EXP 	window1: blendMode = 'avg'
15.4278 	EXP 	window1: blendMode = 'avg'
15.4285 	EXP 	window1: blendMode = 'avg'
15.4457 	EXP 	window1: blendMode = 'avg'
15.4461 	EXP 	window1: blendMode = 'avg'
15.4664 	EXP 	window1: blendMode = 'avg'
15.4671 	EXP 	window1: blendMode = 'avg'
15.4880 	EXP 	window1: blendMode = 'avg'
15.4886 	EXP 	window1: blendMode = 'avg'
15.5074 	EXP 	window1: blendMode = 'avg'
15.5081 	EXP 	window1: blendMode = 'avg'
15.5272 	EXP 	window1: blendMode = 'avg'
15.5279 	EXP 	window1: blendMode = 'avg'
15.5499 	DATA 	Keypress: m
15.5922 	EXP 	New trial (rep=1, index=0): None
15.5974 	EXP 	window1: blendMode = 'avg'
15.5983 	EXP 	window1: blendMode = 'avg'
15.5991 	EXP 	window1: blendMode = 'avg'
15.6081 	EXP 	Orientation_Cue: autoDraw = False
15.6081 	EXP 	Ready_Cue: autoDraw = False
15.6081 	EXP 	Zoid_Left: autoDraw = False
15.6081 	EXP 	Zoid_Right: autoDraw = False
15.6081 	EXP 	Zoid_Left: vertices = ((0, -0.5), (-1, -0.5), (-1, -1.5), (1, -1.5), (1, 1.5), (0, 1.5))
15.6081 	EXP 	Zoid_Left: ori = 90
15.6081 	EXP 	Zoid_Right: vertices = ((0, -0.5), (-1, -0.5), (-1, -1.5), (1, -1.5), (1, 1.5), (0, 1.5))
15.6081 	EXP 	Zoid_Right: ori = 270
15.6081 	EXP 	Orientation_Cue: autoDraw = True
15.6092 	EXP 	window1: blendMode = 'avg'
15.6096 	EXP 	window1: blendMode = 'avg'
15.6100 	EXP 	window1: blendMode = 'avg'
15.6257 	EXP 	window1: blendMode = 'avg'
15.6261 	EXP 	window1: blendMode = 'avg'
15.6265 	EXP 	window1: blendMode = 'avg'
15.6460 	EXP 	window1: blendMode = 'avg'
15.6462 	EXP 	window1: blendMode = 'avg'
15.6465 	EXP 	window1: blendMode = 'avg'
15.6649 	EXP 	window1: blendMode = 'avg'
15.6652 	EXP 	window1: blendMode = 'avg'
15.6655 	EXP 	window1: blendMode = 'avg'
15.6851 	EXP 	window1: blendMode = 'avg'
15.6854 	EXP 	window1: blendMode = 'avg'
15.6856 	EXP 	window1: blendMode = 'avg'
15.7069 	EXP 	window1: blendMode = 'avg'
15.7073 	EXP 	window1: blendMode = 'avg'
15.7077 	EXP 	window1: blendMode = 'avg'
15.7255 	EXP 	window1: blendMode = 'avg'
15.7259 	EXP 	window1: blendMode = 'avg'
15.7263 	EXP 	window1: blendMode = 'avg'
15.7457 	EXP 	window1: blendMode = 'avg'
15.7462 	EXP 	window1: blendMode = 'avg'
15.7465 	EXP 	window1: blendMode = 'avg'
15.7657 	EXP 	window1: blendMode = 'avg'
15.7661 	EXP 	window1: blendMode = 'avg'
15.7665 	EXP 	window1: blendMode = 'avg'
15.7856 	EXP 	window1: blendMode = 'avg'
15.7860 	EXP 	window1: blendMode = 'avg'
15.7865 	EXP 	window1: blendMode = 'avg'
15.8059 	EXP 	window1: blendMode = 'avg'
15.8065 	EXP 	window1: blendMode = 'avg'
15.8070 	EXP 	window1: blendMode = 'avg'
15.8264 	EXP 	window1: blendMode = 'avg'
15.8271 	EXP 	window1: blendMode = 'avg'
15.8277 	EXP 	window1: blendMode = 'avg'
15.8475 	EXP 	window1: blendMode = 'avg'
15.8482 	EXP 	window1: blendMode = 'avg'
15.8488 	EXP 	window1: blendMode = 'avg'
15.8670 	EXP 	window1: blendMode = 'avg'
15.8677 	EXP 	window1: blendMode = 'avg'
15.8683 	EXP 	window1: blendMode = 'avg'
15.8879 	EXP 	window1: blendMode = 'avg'
15.8885 	EXP 	window1: blendMode = 'avg'
15.8892 	EXP 	window1: blendMode = 'avg'
15.9080 	EXP 	window1: blendMode = 'avg'
15.9087 	EXP 	window1: blendMode = 'avg'
15.9093 	EXP 	window1: blendMode = 'avg'
15.9275 	EXP 	window1: blendMode = 'avg'
15.9282 	EXP 	window1: blendMode = 'avg'
15.9288 	EXP 	window1: blendMode = 'avg'
15.9478 	EXP 	window1: blendMode = 'avg'
15.9485 	EXP 	window1: blendMode = 'avg'
15.9491 	EXP 	window1: blendMode = 'avg'
15.9672 	EXP 	window1: blendMode = 'avg'
15.9679 	EXP 	window1: blendMode = 'avg'
15.9685 	EXP 	window1: blendMode = 'avg'
15.9874 	EXP 	window1: blendMode = 'avg'
15.9880 	EXP 	window1: blendMode = 'avg'
15.9887 	EXP 	window1: blendMode = 'avg'
16.0077 	EXP 	window1: blendMode = 'avg'
16.0084 	EXP 	window1: blendMode = 'avg'
16.0090 	EXP 	window1: blendMode = 'avg'
16.0273 	EXP 	window1: blendMode = 'avg'
16.0283 	EXP 	window1: blendMode = 'avg'
16.0290 	EXP 	window1: blendMode = 'avg'
16.0473 	EXP 	window1: blendMode = 'avg'
16.0480 	EXP 	window1: blendMode = 'avg'
16.0486 	EXP 	window1: blendMode = 'avg'
16.0676 	EXP 	window1: blendMode = 'avg'
16.0683 	EXP 	window1: blendMode = 'avg'
16.0691 	EXP 	window1: blendMode = 'avg'
16.0880 	EXP 	window1: blendMode = 'avg'
16.0888 	EXP 	window1: blendMode = 'avg'
16.0894 	EXP 	window1: blendMode = 'avg'
16.1074 	EXP 	window1: blendMode = 'avg'
16.1080 	EXP 	window1: blendMode = 'avg'
16.1087 	EXP 	window1: blendMode = 'avg'
16.1280 	EXP 	window1: blendMode = 'avg'
16.1287 	EXP 	window1: blendMode = 'avg'
16.1293 	EXP 	window1: blendMode = 'avg'
16.1478 	EXP 	window1: blendMode = 'avg'
16.1485 	EXP 	window1: blendMode = 'avg'
16.1491 	EXP 	window1: blendMode = 'avg'
16.1673 	EXP 	window1: blendMode = 'avg'
16.1681 	EXP 	window1: blendMode = 'avg'
16.1688 	EXP 	window1: blendMode = 'avg'
16.1890 	EXP 	window1: blendMode = 'avg'
16.1897 	EXP 	window1: blendMode = 'avg'
16.1904 	EXP 	window1: blendMode = 'avg'
16.2075 	EXP 	window1: blendMode = 'avg'
16.2081 	EXP 	window1: blendMode = 'avg'
16.2088 	EXP 	window1: blendMode = 'avg'
16.2272 	EXP 	window1: blendMode = 'avg'
16.2278 	EXP 	window1: blendMode = 'avg'
16.2285 	EXP 	window1: blendMode = 'avg'
16.2476 	EXP 	window1: blendMode = 'avg'
16.2484 	EXP 	window1: blendMode = 'avg'
16.2494 	EXP 	window1: blendMode = 'avg'
16.2672 	EXP 	window1: blendMode = 'avg'
16.2679 	EXP 	window1: blendMode = 'avg'
16.2685 	EXP 	window1: blendMode = 'avg'
16.2875 	EXP 	window1: blendMode = 'avg'
16.2882 	EXP 	window1: blendMode = 'avg'
16.2888 	EXP 	window1: blendMode = 'avg'
16.3076 	EXP 	window1: blendMode = 'avg'
16.3084 	EXP 	window1: blendMode = 'avg'
16.3090 	EXP 	window1: blendMode = 'avg'
16.3278 	EXP 	window1: blendMode = 'avg'
16.3288 	EXP 	window1: blendMode = 'avg'
16.3297 	EXP 	window1: blendMode = 'avg'
16.3488 	EXP 	window1: blendMode = 'avg'
16.3500 	EXP 	window1: blendMode = 'avg'
16.3511 	EXP 	window1: blendMode = 'avg'
16.3668 	EXP 	window1: blendMode = 'avg'
16.3675 	EXP 	window1: blendMode = 'avg'
16.3681 	EXP 	window1: blendMode = 'avg'
16.3878 	EXP 	window1: blendMode = 'avg'
16.3885 	EXP 	window1: blendMode = 'avg'
16.3891 	EXP 	window1: blendMode = 'avg'
16.4073 	EXP 	window1: blendMode = 'avg'
16.4080 	EXP 	window1: blendMode = 'avg'
16.4086 	EXP 	window1: blendMode = 'avg'
16.4273 	EXP 	window1: blendMode = 'avg'
16.4280 	EXP 	window1: blendMode = 'avg'
16.4286 	EXP 	window1: blendMode = 'avg'
16.4477 	EXP 	window1: blendMode = 'avg'
16.4488 	EXP 	window1: blendMode = 'avg'
16.4495 	EXP 	window1: blendMode = 'avg'
16.4683 	EXP 	window1: blendMode = 'avg'
16.4690 	EXP 	window1: blendMode = 'avg'
16.4697 	EXP 	window1: blendMode = 'avg'
16.4880 	EXP 	window1: blendMode = 'avg'
16.4887 	EXP 	window1: blendMode = 'avg'
16.4893 	EXP 	window1: blendMode = 'avg'
16.5072 	EXP 	window1: blendMode = 'avg'
16.5079 	EXP 	window1: blendMode = 'avg'
16.5085 	EXP 	window1: blendMode = 'avg'
16.5276 	EXP 	window1: blendMode = 'avg'
16.5283 	EXP 	window1: blendMode = 'avg'
16.5289 	EXP 	window1: blendMode = 'avg'
16.5477 	EXP 	window1: blendMode = 'avg'
16.5484 	EXP 	window1: blendMode = 'avg'
16.5490 	EXP 	window1: blendMode = 'avg'
16.5675 	EXP 	window1: blendMode = 'avg'
16.5682 	EXP 	window1: blendMode = 'avg'
16.5689 	EXP 	window1: blendMode = 'avg'
16.5883 	EXP 	window1: blendMode = 'avg'
16.5890 	EXP 	window1: blendMode = 'avg'
16.5896 	EXP 	window1: blendMode = 'avg'
16.6085 	EXP 	window1: blendMode = 'avg'
16.6093 	EXP 	window1: blendMode = 'avg'
16.6099 	EXP 	window1: blendMode = 'avg'
16.6279 	EXP 	window1: blendMode = 'avg'
16.6285 	EXP 	window1: blendMode = 'avg'
16.6293 	EXP 	window1: blendMode = 'avg'
16.6488 	EXP 	window1: blendMode = 'avg'
16.6499 	EXP 	window1: blendMode = 'avg'
16.6510 	EXP 	window1: blendMode = 'avg'
16.6699 	EXP 	window1: blendMode = 'avg'
16.6706 	EXP 	window1: blendMode = 'avg'
16.6714 	EXP 	window1: blendMode = 'avg'
16.6867 	EXP 	window1: blendMode = 'avg'
16.6873 	EXP 	window1: blendMode = 'avg'
16.6879 	EXP 	window1: blendMode = 'avg'
16.7057 	EXP 	window1: blendMode = 'avg'
16.7062 	EXP 	window1: blendMode = 'avg'
16.7065 	EXP 	window1: blendMode = 'avg'
16.7252 	EXP 	window1: blendMode = 'avg'
16.7256 	EXP 	window1: blendMode = 'avg'
16.7260 	EXP 	window1: blendMode = 'avg'
16.7457 	EXP 	window1: blendMode = 'avg'
16.7462 	EXP 	window1: blendMode = 'avg'
16.7466 	EXP 	window1: blendMode = 'avg'
16.7651 	EXP 	window1: blendMode = 'avg'
16.7655 	EXP 	window1: blendMode = 'avg'
16.7657 	EXP 	window1: blendMode = 'avg'
16.7848 	EXP 	window1: blendMode = 'avg'
16.7852 	EXP 	window1: blendMode = 'avg'
16.7854 	EXP 	window1: blendMode = 'avg'
16.8048 	EXP 	window1: blendMode = 'avg'
16.8053 	EXP 	window1: blendMode = 'avg'
16.8056 	EXP 	window1: blendMode = 'avg'
16.8283 	EXP 	window1: blendMode = 'avg'
16.8290 	EXP 	window1: blendMode = 'avg'
16.8296 	EXP 	window1: blendMode = 'avg'
16.8475 	EXP 	window1: blendMode = 'avg'
16.8482 	EXP 	window1: blendMode = 'avg'
16.8488 	EXP 	window1: blendMode = 'avg'
16.8668 	EXP 	window1: blendMode = 'avg'
16.8675 	EXP 	window1: blendMode = 'avg'
16.8683 	EXP 	window1: blendMode = 'avg'
16.8880 	EXP 	window1: blendMode = 'avg'
16.8889 	EXP 	window1: blendMode = 'avg'
16.8895 	EXP 	window1: blendMode = 'avg'
16.9074 	EXP 	window1: blendMode = 'avg'
16.9081 	EXP 	window1: blendMode = 'avg'
16.9087 	EXP 	window1: blendMode = 'avg'
16.9270 	EXP 	window1: blendMode = 'avg'
16.9276 	EXP 	window1: blendMode = 'avg'
16.9282 	EXP 	window1: blendMode = 'avg'
16.9479 	EXP 	window1: blendMode = 'avg'
16.9490 	EXP 	window1: blendMode = 'avg'
16.9501 	EXP 	window1: blendMode = 'avg'
16.9669 	EXP 	window1: blendMode = 'avg'
16.9676 	EXP 	window1: blendMode = 'avg'
16.9683 	EXP 	window1: blendMode = 'avg'
16.9875 	EXP 	window1: blendMode = 'avg'
16.9885 	EXP 	window1: blendMode = 'avg'
16.9895 	EXP 	window1: blendMode = 'avg'
17.0072 	EXP 	window1: blendMode = 'avg'
17.0079 	EXP 	window1: blendMode = 'avg'
17.0085 	EXP 	window1: blendMode = 'avg'
17.0275 	EXP 	window1: blendMode = 'avg'
17.0282 	EXP 	window1: blendMode = 'avg'
17.0288 	EXP 	window1: blendMode = 'avg'
17.0473 	EXP 	window1: blendMode = 'avg'
17.0483 	EXP 	window1: blendMode = 'avg'
17.0490 	EXP 	window1: blendMode = 'avg'
17.0671 	EXP 	window1: blendMode = 'avg'
17.0678 	EXP 	window1: blendMode = 'avg'
17.0685 	EXP 	window1: blendMode = 'avg'
17.0876 	EXP 	window1: blendMode = 'avg'
17.0884 	EXP 	window1: blendMode = 'avg'
17.0890 	EXP 	window1: blendMode = 'avg'
17.1071 	EXP 	window1: blendMode = 'avg'
17.1078 	EXP 	window1: blendMode = 'avg'
17.1085 	EXP 	window1: blendMode = 'avg'
17.1281 	EXP 	window1: blendMode = 'avg'
17.1288 	EXP 	window1: blendMode = 'avg'
17.1294 	EXP 	window1: blendMode = 'avg'
17.1467 	EXP 	window1: blendMode = 'avg'
17.1474 	EXP 	window1: blendMode = 'avg'
17.1480 	EXP 	window1: blendMode = 'avg'
17.1671 	EXP 	window1: blendMode = 'avg'
17.1678 	EXP 	window1: blendMode = 'avg'
17.1684 	EXP 	window1: blendMode = 'avg'
17.1879 	EXP 	window1: blendMode = 'avg'
17.1887 	EXP 	window1: blendMode = 'avg'
17.1893 	EXP 	window1: blendMode = 'avg'
17.2070 	EXP 	window1: blendMode = 'avg'
17.2077 	EXP 	window1: blendMode = 'avg'
17.2083 	EXP 	window1: blendMode = 'avg'
17.2271 	EXP 	window1: blendMode = 'avg'
17.2279 	EXP 	window1: blendMode = 'avg'
17.2286 	EXP 	window1: blendMode = 'avg'
17.2475 	EXP 	window1: blendMode = 'avg'
17.2486 	EXP 	window1: blendMode = 'avg'
17.2497 	EXP 	window1: blendMode = 'avg'
17.2671 	EXP 	window1: blendMode = 'avg'
17.2678 	EXP 	window1: blendMode = 'avg'
17.2686 	EXP 	window1: blendMode = 'avg'
17.2871 	EXP 	window1: blendMode = 'avg'
17.2878 	EXP 	window1: blendMode = 'avg'
17.2885 	EXP 	window1: blendMode = 'avg'
17.3075 	EXP 	window1: blendMode = 'avg'
17.3082 	EXP 	window1: blendMode = 'avg'
17.3089 	EXP 	window1: blendMode = 'avg'
17.3283 	EXP 	window1: blendMode = 'avg'
17.3290 	EXP 	window1: blendMode = 'avg'
17.3296 	EXP 	window1: blendMode = 'avg'
17.3477 	EXP 	window1: blendMode = 'avg'
17.3486 	EXP 	window1: blendMode = 'avg'
17.3496 	EXP 	window1: blendMode = 'avg'
17.3667 	EXP 	window1: blendMode = 'avg'
17.3673 	EXP 	window1: blendMode = 'avg'
17.3682 	EXP 	window1: blendMode = 'avg'
17.3873 	EXP 	window1: blendMode = 'avg'
17.3880 	EXP 	window1: blendMode = 'avg'
17.3886 	EXP 	window1: blendMode = 'avg'
17.4074 	EXP 	window1: blendMode = 'avg'
17.4080 	EXP 	window1: blendMode = 'avg'
17.4087 	EXP 	window1: blendMode = 'avg'
17.4268 	EXP 	window1: blendMode = 'avg'
17.4275 	EXP 	window1: blendMode = 'avg'
17.4281 	EXP 	window1: blendMode = 'avg'
17.4475 	EXP 	window1: blendMode = 'avg'
17.4487 	EXP 	window1: blendMode = 'avg'
17.4497 	EXP 	window1: blendMode = 'avg'
17.4670 	EXP 	window1: blendMode = 'avg'
17.4678 	EXP 	window1: blendMode = 'avg'
17.4688 	EXP 	window1: blendMode = 'avg'
17.4877 	EXP 	window1: blendMode = 'avg'
17.4887 	EXP 	window1: blendMode = 'avg'
17.4894 	EXP 	window1: blendMode = 'avg'
17.5069 	EXP 	window1: blendMode = 'avg'
17.5076 	EXP 	window1: blendMode = 'avg'
17.5082 	EXP 	window1: blendMode = 'avg'
17.5272 	EXP 	window1: blendMode = 'avg'
17.5279 	EXP 	window1: blendMode = 'avg'
17.5285 	EXP 	window1: blendMode = 'avg'
17.5473 	EXP 	window1: blendMode = 'avg'
17.5480 	EXP 	window1: blendMode = 'avg'
17.5486 	EXP 	window1: blendMode = 'avg'
17.5674 	EXP 	window1: blendMode = 'avg'
17.5681 	EXP 	window1: blendMode = 'avg'
17.5687 	EXP 	window1: blendMode = 'avg'
17.5871 	EXP 	window1: blendMode = 'avg'
17.5878 	EXP 	window1: blendMode = 'avg'
17.6064 	EXP 	Orientation_Cue: autoDraw = False
17.6077 	EXP 	window1: blendMode = 'avg'
17.6084 	EXP 	window1: blendMode = 'avg'
17.6090 	EXP 	window1: blendMode = 'avg'
17.6264 	EXP 	Ready_Cue: autoDraw = True
17.6276 	EXP 	window1: blendMode = 'avg'
17.6282 	EXP 	window1: blendMode = 'avg'
17.6289 	EXP 	window1: blendMode = 'avg'
17.6470 	EXP 	window1: blendMode = 'avg'
17.6476 	EXP 	window1: blendMode = 'avg'
17.6483 	EXP 	window1: blendMode = 'avg'
17.6681 	EXP 	window1: blendMode = 'avg'
17.6690 	EXP 	window1: blendMode = 'avg'
17.6699 	EXP 	window1: blendMode = 'avg'
17.6888 	EXP 	window1: blendMode = 'avg'
17.6895 	EXP 	window1: blendMode = 'avg'
17.6902 	EXP 	window1: blendMode = 'avg'
17.7079 	EXP 	window1: blendMode = 'avg'
17.7086 	EXP 	window1: blendMode = 'avg'
17.7092 	EXP 	window1: blendMode = 'avg'
17.7272 	EXP 	window1: blendMode = 'avg'
17.7278 	EXP 	window1: blendMode = 'avg'
17.7286 	EXP 	window1: blendMode = 'avg'
17.7480 	EXP 	window1: blendMode = 'avg'
17.7490 	EXP 	window1: blendMode = 'avg'
17.7500 	EXP 	window1: blendMode = 'avg'
17.7680 	EXP 	window1: blendMode = 'avg'
17.7690 	EXP 	window1: blendMode = 'avg'
17.7699 	EXP 	window1: blendMode = 'avg'
17.7890 	EXP 	window1: blendMode = 'avg'
17.7901 	EXP 	window1: blendMode = 'avg'
17.7912 	EXP 	window1: blendMode = 'avg'
17.8080 	EXP 	window1: blendMode = 'avg'
17.8086 	EXP 	window1: blendMode = 'avg'
17.8092 	EXP 	window1: blendMode = 'avg'
17.8269 	EXP 	window1: blendMode = 'avg'
17.8275 	EXP 	window1: blendMode = 'avg'
17.8282 	EXP 	window1: blendMode = 'avg'
17.8457 	EXP 	window1: blendMode = 'avg'
17.8462 	EXP 	window1: blendMode = 'avg'
17.8467 	EXP 	window1: blendMode = 'avg'
17.8663 	EXP 	window1: blendMode = 'avg'
17.8668 	EXP 	window1: blendMode = 'avg'
17.8673 	EXP 	window1: blendMode = 'avg'
17.8864 	EXP 	window1: blendMode = 'avg'
17.8871 	EXP 	window1: blendMode = 'avg'
17.8879 	EXP 	window1: blendMode = 'avg'
17.9054 	EXP 	window1: blendMode = 'avg'
17.9059 	EXP 	window1: blendMode = 'avg'
17.9063 	EXP 	window1: blendMode = 'avg'
17.9258 	EXP 	window1: blendMode = 'avg'
17.9265 	EXP 	window1: blendMode = 'avg'
17.9272 	EXP 	window1: blendMode = 'avg'
17.9473 	EXP 	window1: blendMode = 'avg'
17.9479 	EXP 	window1: blendMode = 'avg'
17.9486 	EXP 	window1: blendMode = 'avg'
17.9674 	EXP 	window1: blendMode = 'avg'
17.9682 	EXP 	window1: blendMode = 'avg'
17.9689 	EXP 	window1: blendMode = 'avg'
17.9867 	EXP 	window1: blendMode = 'avg'
17.9874 	EXP 	window1: blendMode = 'avg'
17.9880 	EXP 	window1: blendMode = 'avg'
18.0075 	EXP 	window1: blendMode = 'avg'
18.0082 	EXP 	window1: blendMode = 'avg'
18.0088 	EXP 	window1: blendMode = 'avg'
18.0268 	EXP 	window1: blendMode = 'avg'
18.0278 	EXP 	window1: blendMode = 'avg'
18.0286 	EXP 	window1: blendMode = 'avg'
18.0469 	EXP 	window1: blendMode = 'avg'
18.0478 	EXP 	window1: blendMode = 'avg'
18.0484 	EXP 	window1: blendMode = 'avg'
18.0670 	EXP 	window1: blendMode = 'avg'
18.0677 	EXP 	window1: blendMode = 'avg'
18.0683 	EXP 	window1: blendMode = 'avg'
18.0868 	EXP 	window1: blendMode = 'avg'
18.0875 	EXP 	window1: blendMode = 'avg'
18.1059 	EXP 	Ready_Cue: autoDraw = False
18.1077 	EXP 	window1: blendMode = 'avg'
18.1084 	EXP 	window1: blendMode = 'avg'
18.1265 	EXP 	Zoid_Left: autoDraw = True
18.1265 	EXP 	Zoid_Right: autoDraw = True
18.1278 	EXP 	window1: blendMode = 'avg'
18.1285 	EXP 	window1: blendMode = 'avg'
18.1470 	EXP 	window1: blendMode = 'avg'
18.1476 	EXP 	window1: blendMode = 'avg'
18.1672 	EXP 	window1: blendMode = 'avg'
18.1681 	EXP 	window1: blendMode = 'avg'
18.1872 	EXP 	window1: blendMode = 'avg'
18.1879 	EXP 	window1: blendMode = 'avg'
18.2069 	EXP 	window1: blendMode = 'avg'
18.2076 	EXP 	window1: blendMode = 'avg'
18.2273 	EXP 	window1: blendMode = 'avg'
18.2280 	EXP 	window1: blendMode = 'avg'
18.2471 	EXP 	window1: blendMode = 'avg'
18.2482 	EXP 	window1: blendMode = 'avg'
18.2668 	EXP 	window1: blendMode = 'avg'
18.2675 	EXP 	window1: blendMode = 'avg'
18.2867 	EXP 	window1: blendMode = 'avg'
18.2874 	EXP 	window1: blendMode = 'avg'
18.3074 	EXP 	window1: blendMode = 'avg'
18.3083 	EXP 	window1: blendMode = 'avg'
18.3273 	EXP 	window1: blendMode = 'avg'
18.3282 	EXP 	window1: blendMode = 'avg'
18.3473 	EXP 	window1: blendMode = 'avg'
18.3480 	EXP 	window1: blendMode = 'avg'
18.3663 	EXP 	window1: blendMode = 'avg'
18.3670 	EXP 	window1: blendMode = 'avg'
18.3880 	EXP 	window1: blendMode = 'avg'
18.3887 	EXP 	window1: blendMode = 'avg'
18.4071 	EXP 	window1: blendMode = 'avg'
18.4078 	EXP 	window1: blendMode = 'avg'
18.4271 	EXP 	window1: blendMode = 'avg'
18.4277 	EXP 	window1: blendMode = 'avg'
18.4472 	EXP 	window1: blendMode = 'avg'
18.4479 	EXP 	window1: blendMode = 'avg'
18.4673 	EXP 	window1: blendMode = 'avg'
18.4680 	EXP 	window1: blendMode = 'avg'
18.4865 	EXP 	window1: blendMode = 'avg'
18.4875 	EXP 	window1: blendMode = 'avg'
18.5071 	EXP 	window1: blendMode = 'avg'
18.5078 	EXP 	window1: blendMode = 'avg'
18.5270 	EXP 	window1: blendMode = 'avg'
18.5277 	EXP 	window1: blendMode = 'avg'
18.5470 	EXP 	window1: blendMode = 'avg'
18.5477 	EXP 	window1: blendMode = 'avg'
18.5671 	EXP 	window1: blendMode = 'avg'
18.5683 	EXP 	window1: blendMode = 'avg'
18.5865 	EXP 	window1: blendMode = 'avg'
18.5875 	EXP 	window1: blendMode = 'avg'
18.6076 	EXP 	window1: blendMode = 'avg'
18.6083 	EXP 	window1: blendMode = 'avg'
18.6273 	EXP 	window1: blendMode = 'avg'
18.6279 	EXP 	window1: blendMode = 'avg'
18.6470 	EXP 	window1: blendMode = 'avg'
18.6477 	EXP 	window1: blendMode = 'avg'
18.6672 	EXP 	window1: blendMode = 'avg'
18.6679 	EXP 	window1: blendMode = 'avg'
18.6877 	EXP 	window1: blendMode = 'avg'
18.6885 	EXP 	window1: blendMode = 'avg'
18.7073 	EXP 	window1: blendMode = 'avg'
18.7080 	EXP 	window1: blendMode = 'avg'
18.7272 	EXP 	window1: blendMode = 'avg'
18.7279 	EXP 	window1: blendMode = 'avg'
18.7479 	EXP 	window1: blendMode = 'avg'
18.7488 	EXP 	window1: blendMode = 'avg'
18.7680 	EXP 	window1: blendMode = 'avg'
18.7690 	EXP 	window1: blendMode = 'avg'
18.7870 	EXP 	window1: blendMode = 'avg'
18.7879 	EXP 	window1: blendMode = 'avg'
18.8083 	EXP 	window1: blendMode = 'avg'
18.8094 	EXP 	window1: blendMode = 'avg'
18.8271 	EXP 	window1: blendMode = 'avg'
18.8278 	EXP 	window1: blendMode = 'avg'
18.8468 	EXP 	window1: blendMode = 'avg'
18.8475 	EXP 	window1: blendMode = 'avg'
18.8667 	EXP 	window1: blendMode = 'avg'
18.8674 	EXP 	window1: blendMode = 'avg'
18.8872 	EXP 	window1: blendMode = 'avg'
18.8881 	EXP 	window1: blendMode = 'avg'
18.9077 	EXP 	window1: blendMode = 'avg'
18.9084 	EXP 	window1: blendMode = 'avg'
18.9272 	EXP 	window1: blendMode = 'avg'
18.9279 	EXP 	window1: blendMode = 'avg'
18.9475 	EXP 	window1: blendMode = 'avg'
18.9482 	EXP 	window1: blendMode = 'avg'
18.9686 	EXP 	window1: blendMode = 'avg'
18.9699 	EXP 	window1: blendMode = 'avg'
18.9879 	EXP 	window1: blendMode = 'avg'
18.9888 	EXP 	window1: blendMode = 'avg'
19.0083 	EXP 	window1: blendMode = 'avg'
19.0093 	EXP 	window1: blendMode = 'avg'
19.0275 	EXP 	window1: blendMode = 'avg'
19.0283 	EXP 	window1: blendMode = 'avg'
19.0467 	EXP 	window1: blendMode = 'avg'
19.0474 	EXP 	window1: blendMode = 'avg'
19.0679 	EXP 	window1: blendMode = 'avg'
19.0686 	EXP 	window1: blendMode = 'avg'
19.0874 	EXP 	window1: blendMode = 'avg'
19.0885 	EXP 	window1: blendMode = 'avg'
19.1066 	EXP 	window1: blendMode = 'avg'
19.1073 	EXP 	window1: blendMode = 'avg'
19.1271 	EXP 	window1: blendMode = 'avg'
19.1278 	EXP 	window1: blendMode = 'avg'
19.1463 	EXP 	window1: blendMode = 'avg'
19.1470 	EXP 	window1: blendMode = 'avg'
19.1665 	EXP 	window1: blendMode = 'avg'
19.1672 	EXP 	window1: blendMode = 'avg'
19.1870 	EXP 	window1: blendMode = 'avg'
19.1877 	EXP 	window1: blendMode = 'avg'
19.2072 	EXP 	window1: blendMode = 'avg'
19.2079 	EXP 	window1: blendMode = 'avg'
19.2267 	EXP 	window1: blendMode = 'avg'
19.2274 	EXP 	window1: blendMode = 'avg'
19.2472 	EXP 	window1: blendMode = 'avg'
19.2481 	EXP 	window1: blendMode = 'avg'
19.2669 	EXP 	window1: blendMode = 'avg'
19.2676 	EXP 	window1: blendMode = 'avg'
19.2864 	EXP 	window1: blendMode = 'avg'
19.2871 	EXP 	window1: blendMode = 'avg'
19.3087 	EXP 	window1: blendMode = 'avg'
19.3094 	EXP 	window1: blendMode = 'avg'
19.3270 	EXP 	window1: blendMode = 'avg'
19.3277 	EXP 	window1: blendMode = 'avg'
19.3482 	EXP 	window1: blendMode = 'avg'
19.3492 	EXP 	window1: blendMode = 'avg'
19.3677 	EXP 	window1: blendMode = 'avg'
19.3687 	EXP 	window1: blendMode = 'avg'
19.3875 	EXP 	window1: blendMode = 'avg'
19.3885 	EXP 	window1: blendMode = 'avg'
19.4078 	EXP 	window1: blendMode = 'avg'
19.4084 	EXP 	window1: blendMode = 'avg'
19.4275 	EXP 	window1: blendMode = 'avg'
19.4281 	EXP 	window1: blendMode = 'avg'
19.4469 	EXP 	window1: blendMode = 'avg'
19.4476 	EXP 	window1: blendMode = 'avg'
19.4665 	EXP 	window1: blendMode = 'avg'
19.4675 	EXP 	window1: blendMode = 'avg'
19.4862 	EXP 	window1: blendMode = 'avg'
19.4869 	EXP 	window1: blendMode = 'avg'
19.5069 	EXP 	window1: blendMode = 'avg'
19.5075 	EXP 	window1: blendMode = 'avg'
19.5270 	EXP 	window1: blendMode = 'avg'
19.5281 	EXP 	window1: blendMode = 'avg'
19.5483 	EXP 	window1: blendMode = 'avg'
19.5494 	EXP 	window1: blendMode = 'avg'
19.5689 	EXP 	window1: blendMode = 'avg'
19.5701 	EXP 	window1: blendMode = 'avg'
19.6003 	EXP 	window1: blendMode = 'avg'
19.6010 	EXP 	window1: blendMode = 'avg'
19.6099 	EXP 	window1: blendMode = 'avg'
19.6103 	EXP 	window1: blendMode = 'avg'
19.6247 	EXP 	window1: blendMode = 'avg'
19.6250 	EXP 	window1: blendMode = 'avg'
19.6445 	EXP 	window1: blendMode = 'avg'
19.6448 	EXP 	window1: blendMode = 'avg'
19.6646 	EXP 	window1: blendMode = 'avg'
19.6651 	EXP 	window1: blendMode = 'avg'
19.6875 	EXP 	window1: blendMode = 'avg'
19.6883 	EXP 	window1: blendMode = 'avg'
19.7075 	EXP 	window1: blendMode = 'avg'
19.7081 	EXP 	window1: blendMode = 'avg'
19.7274 	EXP 	window1: blendMode = 'avg'
19.7280 	EXP 	window1: blendMode = 'avg'
19.7477 	EXP 	window1: blendMode = 'avg'
19.7485 	EXP 	window1: blendMode = 'avg'
19.7673 	EXP 	window1: blendMode = 'avg'
19.7680 	EXP 	window1: blendMode = 'avg'
19.7884 	EXP 	window1: blendMode = 'avg'
19.7895 	EXP 	window1: blendMode = 'avg'
19.8080 	EXP 	window1: blendMode = 'avg'
19.8092 	EXP 	window1: blendMode = 'avg'
19.8269 	EXP 	window1: blendMode = 'avg'
19.8274 	EXP 	window1: blendMode = 'avg'
19.8456 	EXP 	window1: blendMode = 'avg'
19.8461 	EXP 	window1: blendMode = 'avg'
19.8646 	EXP 	window1: blendMode = 'avg'
19.8650 	EXP 	window1: blendMode = 'avg'
19.8848 	EXP 	window1: blendMode = 'avg'
19.8854 	EXP 	window1: blendMode = 'avg'
19.9050 	EXP 	window1: blendMode = 'avg'
19.9058 	EXP 	window1: blendMode = 'avg'
19.9269 	EXP 	window1: blendMode = 'avg'
19.9275 	EXP 	window1: blendMode = 'avg'
19.9468 	EXP 	window1: blendMode = 'avg'
19.9475 	EXP 	window1: blendMode = 'avg'
19.9669 	EXP 	window1: blendMode = 'avg'
19.9675 	EXP 	window1: blendMode = 'avg'
19.9863 	EXP 	window1: blendMode = 'avg'
19.9870 	EXP 	window1: blendMode = 'avg'
20.0065 	EXP 	window1: blendMode = 'avg'
20.0072 	EXP 	window1: blendMode = 'avg'
20.0272 	EXP 	window1: blendMode = 'avg'
20.0279 	EXP 	window1: blendMode = 'avg'
20.0476 	EXP 	window1: blendMode = 'avg'
20.0486 	EXP 	window1: blendMode = 'avg'
20.0663 	EXP 	window1: blendMode = 'avg'
20.0670 	EXP 	window1: blendMode = 'avg'
20.0870 	EXP 	window1: blendMode = 'avg'
20.0879 	EXP 	window1: blendMode = 'avg'
20.1073 	EXP 	window1: blendMode = 'avg'
20.1080 	EXP 	window1: blendMode = 'avg'
20.1279 	EXP 	window1: blendMode = 'avg'
20.1285 	EXP 	window1: blendMode = 'avg'
20.1470 	EXP 	window1: blendMode = 'avg'
20.1478 	EXP 	window1: blendMode = 'avg'
20.1671 	EXP 	window1: blendMode = 'avg'
20.1680 	EXP 	window1: blendMode = 'avg'
20.1877 	EXP 	window1: blendMode = 'avg'
20.1886 	EXP 	window1: blendMode = 'avg'
20.2067 	EXP 	window1: blendMode = 'avg'
20.2073 	EXP 	window1: blendMode = 'avg'
20.2266 	EXP 	window1: blendMode = 'avg'
20.2273 	EXP 	window1: blendMode = 'avg'
20.2464 	EXP 	window1: blendMode = 'avg'
20.2472 	EXP 	window1: blendMode = 'avg'
20.2665 	EXP 	window1: blendMode = 'avg'
20.2672 	EXP 	window1: blendMode = 'avg'
20.2866 	EXP 	window1: blendMode = 'avg'
20.2873 	EXP 	window1: blendMode = 'avg'
20.3067 	EXP 	window1: blendMode = 'avg'
20.3077 	EXP 	window1: blendMode = 'avg'
20.3268 	EXP 	window1: blendMode = 'avg'
20.3275 	EXP 	window1: blendMode = 'avg'
20.3465 	EXP 	window1: blendMode = 'avg'
20.3471 	EXP 	window1: blendMode = 'avg'
20.3659 	EXP 	window1: blendMode = 'avg'
20.3666 	EXP 	window1: blendMode = 'avg'
20.3871 	EXP 	window1: blendMode = 'avg'
20.3878 	EXP 	window1: blendMode = 'avg'
20.4064 	EXP 	window1: blendMode = 'avg'
20.4071 	EXP 	window1: blendMode = 'avg'
20.4264 	EXP 	window1: blendMode = 'avg'
20.4271 	EXP 	window1: blendMode = 'avg'
20.4467 	EXP 	window1: blendMode = 'avg'
20.4474 	EXP 	window1: blendMode = 'avg'
20.4664 	EXP 	window1: blendMode = 'avg'
20.4671 	EXP 	window1: blendMode = 'avg'
20.4865 	EXP 	window1: blendMode = 'avg'
20.4872 	EXP 	window1: blendMode = 'avg'
20.5077 	EXP 	window1: blendMode = 'avg'
20.5089 	EXP 	window1: blendMode = 'avg'
20.5265 	EXP 	window1: blendMode = 'avg'
20.5272 	EXP 	window1: blendMode = 'avg'
20.5472 	EXP 	window1: blendMode = 'avg'
20.5479 	EXP 	window1: blendMode = 'avg'
20.5663 	EXP 	window1: blendMode = 'avg'
20.5670 	EXP 	window1: blendMode = 'avg'
20.5877 	EXP 	window1: blendMode = 'avg'
20.5886 	EXP 	window1: blendMode = 'avg'
20.6065 	EXP 	window1: blendMode = 'avg'
20.6072 	EXP 	window1: blendMode = 'avg'
20.6280 	EXP 	window1: blendMode = 'avg'
20.6287 	EXP 	window1: blendMode = 'avg'
20.6460 	EXP 	window1: blendMode = 'avg'
20.6467 	EXP 	window1: blendMode = 'avg'
20.6666 	EXP 	window1: blendMode = 'avg'
20.6673 	EXP 	window1: blendMode = 'avg'
20.6864 	EXP 	window1: blendMode = 'avg'
20.6871 	EXP 	window1: blendMode = 'avg'
20.7076 	EXP 	window1: blendMode = 'avg'
20.7088 	EXP 	window1: blendMode = 'avg'
20.7267 	EXP 	window1: blendMode = 'avg'
20.7274 	EXP 	window1: blendMode = 'avg'
20.7462 	EXP 	window1: blendMode = 'avg'
20.7468 	EXP 	window1: blendMode = 'avg'
20.7665 	EXP 	window1: blendMode = 'avg'
20.7672 	EXP 	window1: blendMode = 'avg'
20.7861 	EXP 	window1: blendMode = 'avg'
20.7868 	EXP 	window1: blendMode = 'avg'
20.8071 	EXP 	window1: blendMode = 'avg'
20.8080 	EXP 	window1: blendMode = 'avg'
20.8270 	EXP 	window1: blendMode = 'avg'
20.8281 	EXP 	window1: blendMode = 'avg'
20.8301 	DATA 	Keypress: z
20.8473 	EXP 	window1: blendMode = 'avg'
20.8480 	EXP 	window1: blendMode = 'avg'
20.8670 	EXP 	window1: blendMode = 'avg'
20.8677 	EXP 	window1: blendMode = 'avg'
20.8856 	EXP 	window1: blendMode = 'avg'
20.8863 	EXP 	window1: blendMode = 'avg'
20.9067 	EXP 	window1: blendMode = 'avg'
20.9074 	EXP 	window1: blendMode = 'avg'
20.9245 	EXP 	window1: blendMode = 'avg'
20.9250 	EXP 	window1: blendMode = 'avg'
20.9444 	EXP 	window1: blendMode = 'avg'
20.9448 	EXP 	window1: blendMode = 'avg'
20.9666 	EXP 	window1: blendMode = 'avg'
20.9673 	EXP 	window1: blendMode = 'avg'
20.9863 	EXP 	window1: blendMode = 'avg'
20.9870 	EXP 	window1: blendMode = 'avg'
21.0077 	EXP 	window1: blendMode = 'avg'
21.0088 	EXP 	window1: blendMode = 'avg'
21.0270 	EXP 	window1: blendMode = 'avg'
21.0277 	EXP 	window1: blendMode = 'avg'
21.0462 	EXP 	window1: blendMode = 'avg'
21.0469 	EXP 	window1: blendMode = 'avg'
21.0672 	EXP 	window1: blendMode = 'avg'
21.0679 	EXP 	window1: blendMode = 'avg'
21.0860 	EXP 	window1: blendMode = 'avg'
21.0867 	EXP 	window1: blendMode = 'avg'
21.1070 	EXP 	window1: blendMode = 'avg'
21.1077 	EXP 	window1: blendMode = 'avg'
21.1280 	EXP 	window1: blendMode = 'avg'
21.1287 	EXP 	window1: blendMode = 'avg'
21.1460 	EXP 	window1: blendMode = 'avg'
21.1466 	EXP 	window1: blendMode = 'avg'
21.1664 	EXP 	window1: blendMode = 'avg'
21.1671 	EXP 	window1: blendMode = 'avg'
21.1863 	EXP 	window1: blendMode = 'avg'
21.1872 	EXP 	window1: blendMode = 'avg'
21.2075 	EXP 	window1: blendMode = 'avg'
21.2084 	EXP 	window1: blendMode = 'avg'
21.2267 	EXP 	window1: blendMode = 'avg'
21.2275 	EXP 	window1: blendMode = 'avg'
21.2473 	EXP 	window1: blendMode = 'avg'
21.2481 	EXP 	window1: blendMode = 'avg'
21.2681 	EXP 	window1: blendMode = 'avg'
21.2691 	EXP 	window1: blendMode = 'avg'
21.2868 	EXP 	window1: blendMode = 'avg'
21.2875 	EXP 	window1: blendMode = 'avg'
21.3086 	EXP 	window1: blendMode = 'avg'
21.3094 	EXP 	window1: blendMode = 'avg'
21.3264 	EXP 	window1: blendMode = 'avg'
21.3271 	EXP 	window1: blendMode = 'avg'
21.3464 	EXP 	window1: blendMode = 'avg'
21.3471 	EXP 	window1: blendMode = 'avg'
21.3659 	EXP 	window1: blendMode = 'avg'
21.3666 	EXP 	window1: blendMode = 'avg'
21.3873 	EXP 	window1: blendMode = 'avg'
21.3883 	EXP 	window1: blendMode = 'avg'
21.4066 	EXP 	window1: blendMode = 'avg'
21.4073 	EXP 	window1: blendMode = 'avg'
21.4265 	EXP 	window1: blendMode = 'avg'
21.4272 	EXP 	window1: blendMode = 'avg'
21.4463 	EXP 	window1: blendMode = 'avg'
21.4470 	EXP 	window1: blendMode = 'avg'
21.4660 	EXP 	window1: blendMode = 'avg'
21.4667 	EXP 	window1: blendMode = 'avg'
21.4863 	DATA 	Keypress: x
21.5175 	EXP 	New trial (rep=2, index=0): None
21.5207 	EXP 	window1: blendMode = 'avg'
21.5214 	EXP 	window1: blendMode = 'avg'
21.5220 	EXP 	window1: blendMode = 'avg'
21.5319 	EXP 	Orientation_Cue: autoDraw = False
21.5319 	EXP 	Ready_Cue: autoDraw = False
21.5319 	EXP 	Zoid_Left: autoDraw = False
21.5319 	EXP 	Zoid_Right: autoDraw = False
21.5319 	EXP 	Zoid_Left: vertices = ((0, -0.5), (1, -0.5), (1, -1.5), (-1, -1.5), (-1, 1.5), (0, 1.5))
21.5319 	EXP 	Zoid_Left: ori = 270
21.5319 	EXP 	Zoid_Right: vertices = ((0, -0.5), (1, -0.5), (1, -1.5), (-1, -1.5), (-1, 1.5), (0, 1.5))
21.5319 	EXP 	Zoid_Right: ori = 270
21.5319 	EXP 	Orientation_Cue: autoDraw = True
21.5332 	EXP 	window1: blendMode = 'avg'
21.5339 	EXP 	window1: blendMode = 'avg'
21.5345 	EXP 	window1: blendMode = 'avg'
21.5462 	EXP 	window1: blendMode = 'avg'
21.5471 	EXP 	window1: blendMode = 'avg'
21.5478 	EXP 	window1: blendMode = 'avg'
21.5656 	EXP 	window1: blendMode = 'avg'
21.5663 	EXP 	window1: blendMode = 'avg'
21.5670 	EXP 	window1: blendMode = 'avg'
21.5878 	EXP 	window1: blendMode = 'avg'
21.5889 	EXP 	window1: blendMode = 'avg'
21.5900 	EXP 	window1: blendMode = 'avg'
21.6075 	EXP 	window1: blendMode = 'avg'
21.6086 	EXP 	window1: blendMode = 'avg'
21.6097 	EXP 	window1: blendMode = 'avg'
21.6277 	EXP 	window1: blendMode = 'avg'
21.6284 	EXP 	window1: blendMode = 'avg'
21.6290 	EXP 	window1: blendMode = 'avg'
21.6441 	EXP 	window1: blendMode = 'avg'
21.6446 	EXP 	window1: blendMode = 'avg'
21.6450 	EXP 	window1: blendMode = 'avg'
21.6642 	EXP 	window1: blendMode = 'avg'
21.6646 	EXP 	window1: blendMode = 'avg'
21.6650 	EXP 	window1: blendMode = 'avg'
21.6864 	EXP 	window1: blendMode = 'avg'
21.6874 	EXP 	window1: blendMode = 'avg'
21.6884 	EXP 	window1: blendMode = 'avg'
21.7065 	EXP 	window1: blendMode = 'avg'
21.7071 	EXP 	window1: blendMode = 'avg'
21.7078 	EXP 	window1: blendMode = 'avg'
21.7257 	EXP 	window1: blendMode = 'avg'
21.7264 	EXP 	window1: blendMode = 'avg'
21.7270 	EXP 	window1: blendMode = 'avg'
21.7462 	EXP 	window1: blendMode = 'avg'
21.7470 	EXP 	window1: blendMode = 'avg'
21.7476 	EXP 	window1: blendMode = 'avg'
21.7662 	EXP 	window1: blendMode = 'avg'
21.7669 	EXP 	window1: blendMode = 'avg'
21.7675 	EXP 	window1: blendMode = 'avg'
21.7861 	EXP 	window1: blendMode = 'avg'
21.7868 	EXP 	window1: blendMode = 'avg'
21.7875 	EXP 	window1: blendMode = 'avg'
21.8057 	EXP 	window1: blendMode = 'avg'
21.8063 	EXP 	window1: blendMode = 'avg'
21.8070 	EXP 	window1: blendMode = 'avg'
21.8263 	EXP 	window1: blendMode = 'avg'
21.8272 	EXP 	window1: blendMode = 'avg'
21.8282 	EXP 	window1: blendMode = 'avg'
21.8462 	EXP 	window1: blendMode = 'avg'
21.8470 	EXP 	window1: blendMode = 'avg'
21.8476 	EXP 	window1: blendMode = 'avg'
21.8656 	EXP 	window1: blendMode = 'avg'
21.8663 	EXP 	window1: blendMode = 'avg'
21.8669 	EXP 	window1: blendMode = 'avg'
21.8874 	EXP 	window1: blendMode = 'avg'
21.8885 	EXP 	window1: blendMode = 'avg'
21.8892 	EXP 	window1: blendMode = 'avg'
21.9059 	EXP 	window1: blendMode = 'avg'
21.9066 	EXP 	window1: blendMode = 'avg'
21.9073 	EXP 	window1: blendMode = 'avg'
21.9270 	EXP 	window1: blendMode = 'avg'
21.9278 	EXP 	window1: blendMode = 'avg'
21.9284 	EXP 	window1: blendMode = 'avg'
21.9473 	EXP 	window1: blendMode = 'avg'
21.9480 	EXP 	window1: blendMode = 'avg'
21.9487 	EXP 	window1: blendMode = 'avg'
21.9668 	EXP 	window1: blendMode = 'avg'
21.9675 	EXP 	window1: blendMode = 'avg'
21.9685 	EXP 	window1: blendMode = 'avg'
21.9869 	EXP 	window1: blendMode = 'avg'
21.9877 	EXP 	window1: blendMode = 'avg'
21.9884 	EXP 	window1: blendMode = 'avg'
22.0062 	EXP 	window1: blendMode = 'avg'
22.0069 	EXP 	window1: blendMode = 'avg'
22.0075 	EXP 	window1: blendMode = 'avg'
22.0258 	EXP 	window1: blendMode = 'avg'
22.0265 	EXP 	window1: blendMode = 'avg'
22.0271 	EXP 	window1: blendMode = 'avg'
22.0462 	EXP 	window1: blendMode = 'avg'
22.0472 	EXP 	window1: blendMode = 'avg'
22.0481 	EXP 	window1: blendMode = 'avg'
22.0661 	EXP 	window1: blendMode = 'avg'
22.0669 	EXP 	window1: blendMode = 'avg'
22.0675 	EXP 	window1: blendMode = 'avg'
22.0866 	EXP 	window1: blendMode = 'avg'
22.0876 	EXP 	window1: blendMode = 'avg'
22.0884 	EXP 	window1: blendMode = 'avg'
22.1059 	EXP 	window1: blendMode = 'avg'
22.1066 	EXP 	window1: blendMode = 'avg'
22.1072 	EXP 	window1: blendMode = 'avg'
22.1266 	EXP 	window1: blendMode = 'avg'
22.1273 	EXP 	window1: blendMode = 'avg'
22.1279 	EXP 	window1: blendMode = 'avg'
22.1465 	EXP 	window1: blendMode = 'avg'
22.1471 	EXP 	window1: blendMode = 'avg'
22.1478 	EXP 	window1: blendMode = 'avg'
22.1657 	EXP 	window1: blendMode = 'avg'
22.1664 	EXP 	window1: blendMode = 'avg'
22.1670 	EXP 	window1: blendMode = 'avg'
22.1862 	EXP 	window1: blendMode = 'avg'
22.1870 	EXP 	window1: blendMode = 'avg'
22.1876 	EXP 	window1: blendMode = 'avg'
22.2057 	EXP 	window1: blendMode = 'avg'
22.2064 	EXP 	window1: blendMode = 'avg'
22.2071 	EXP 	window1: blendMode = 'avg'
22.2263 	EXP 	window1: blendMode = 'avg'
22.2269 	EXP 	window1: blendMode = 'avg'
22.2277 	EXP 	window1: blendMode = 'avg'
22.2464 	EXP 	window1: blendMode = 'avg'
22.2471 	EXP 	window1: blendMode = 'avg'
22.2478 	EXP 	window1: blendMode = 'avg'
22.2661 	EXP 	window1: blendMode = 'avg'
22.2668 	EXP 	window1: blendMode = 'avg'
22.2675 	EXP 	window1: blendMode = 'avg'
22.2856 	EXP 	window1: blendMode = 'avg'
22.2863 	EXP 	window1: blendMode = 'avg'
22.2869 	EXP 	window1: blendMode = 'avg'
22.3062 	EXP 	window1: blendMode = 'avg'
22.3070 	EXP 	window1: blendMode = 'avg'
22.3076 	EXP 	window1: blendMode = 'avg'
22.3265 	EXP 	window1: blendMode = 'avg'
22.3274 	EXP 	window1: blendMode = 'avg'
22.3283 	EXP 	window1: blendMode = 'avg'
22.3476 	EXP 	window1: blendMode = 'avg'
22.3493 	EXP 	window1: blendMode = 'avg'
22.3502 	EXP 	window1: blendMode = 'avg'
22.3665 	EXP 	window1: blendMode = 'avg'
22.3672 	EXP 	window1: blendMode = 'avg'
22.3679 	EXP 	window1: blendMode = 'avg'
22.3855 	EXP 	window1: blendMode = 'avg'
22.3862 	EXP 	window1: blendMode = 'avg'
22.3869 	EXP 	window1: blendMode = 'avg'
22.4053 	EXP 	window1: blendMode = 'avg'
22.4060 	EXP 	window1: blendMode = 'avg'
22.4066 	EXP 	window1: blendMode = 'avg'
22.4252 	EXP 	window1: blendMode = 'avg'
22.4257 	EXP 	window1: blendMode = 'avg'
22.4261 	EXP 	window1: blendMode = 'avg'
22.4455 	EXP 	window1: blendMode = 'avg'
22.4460 	EXP 	window1: blendMode = 'avg'
22.4465 	EXP 	window1: blendMode = 'avg'
22.4641 	EXP 	window1: blendMode = 'avg'
22.4645 	EXP 	window1: blendMode = 'avg'
22.4649 	EXP 	window1: blendMode = 'avg'
22.4841 	EXP 	window1: blendMode = 'avg'
22.4846 	EXP 	window1: blendMode = 'avg'
22.4852 	EXP 	window1: blendMode = 'avg'
22.5056 	EXP 	window1: blendMode = 'avg'
22.5063 	EXP 	window1: blendMode = 'avg'
22.5069 	EXP 	window1: blendMode = 'avg'
22.5258 	EXP 	window1: blendMode = 'avg'
22.5265 	EXP 	window1: blendMode = 'avg'
22.5271 	EXP 	window1: blendMode = 'avg'
22.5472 	EXP 	window1: blendMode = 'avg'
22.5483 	EXP 	window1: blendMode = 'avg'
22.5494 	EXP 	window1: blendMode = 'avg'
22.5666 	EXP 	window1: blendMode = 'avg'
22.5672 	EXP 	window1: blendMode = 'avg'
22.5678 	EXP 	window1: blendMode = 'avg'
22.5859 	EXP 	window1: blendMode = 'avg'
22.5869 	EXP 	window1: blendMode = 'avg'
22.5879 	EXP 	window1: blendMode = 'avg'
22.6057 	EXP 	window1: blendMode = 'avg'
22.6064 	EXP 	window1: blendMode = 'avg'
22.6070 	EXP 	window1: blendMode = 'avg'
22.6271 	EXP 	window1: blendMode = 'avg'
22.6277 	EXP 	window1: blendMode = 'avg'
22.6284 	EXP 	window1: blendMode = 'avg'
22.6464 	EXP 	window1: blendMode = 'avg'
22.6471 	EXP 	window1: blendMode = 'avg'
22.6477 	EXP 	window1: blendMode = 'avg'
22.6657 	EXP 	window1: blendMode = 'avg'
22.6664 	EXP 	window1: blendMode = 'avg'
22.6670 	EXP 	window1: blendMode = 'avg'
22.6857 	EXP 	window1: blendMode = 'avg'
22.6864 	EXP 	window1: blendMode = 'avg'
22.6870 	EXP 	window1: blendMode = 'avg'
22.7060 	EXP 	window1: blendMode = 'avg'
22.7067 	EXP 	window1: blendMode = 'avg'
22.7074 	EXP 	window1: blendMode = 'avg'
22.7256 	EXP 	window1: blendMode = 'avg'
22.7263 	EXP 	window1: blendMode = 'avg'
22.7269 	EXP 	window1: blendMode = 'avg'
22.7462 	EXP 	window1: blendMode = 'avg'
22.7472 	EXP 	window1: blendMode = 'avg'
22.7481 	EXP 	window1: blendMode = 'avg'
22.7658 	EXP 	window1: blendMode = 'avg'
22.7668 	EXP 	window1: blendMode = 'avg'
22.7677 	EXP 	window1: blendMode = 'avg'
22.7859 	EXP 	window1: blendMode = 'avg'
22.7868 	EXP 	window1: blendMode = 'avg'
22.7877 	EXP 	window1: blendMode = 'avg'
22.8074 	EXP 	window1: blendMode = 'avg'
22.8085 	EXP 	window1: blendMode = 'avg'
22.8095 	EXP 	window1: blendMode = 'avg'
22.8261 	EXP 	window1: blendMode = 'avg'
22.8268 	EXP 	window1: blendMode = 'avg'
22.8275 	EXP 	window1: blendMode = 'avg'
22.8466 	EXP 	window1: blendMode = 'avg'
22.8473 	EXP 	window1: blendMode = 'avg'
22.8480 	EXP 	window1: blendMode = 'avg'
22.8653 	EXP 	window1: blendMode = 'avg'
22.8660 	EXP 	window1: blendMode = 'avg'
22.8666 	EXP 	window1: blendMode = 'avg'
22.8863 	EXP 	window1: blendMode = 'avg'
22.8873 	EXP 	window1: blendMode = 'avg'
22.8884 	EXP 	window1: blendMode = 'avg'
22.9056 	EXP 	window1: blendMode = 'avg'
22.9063 	EXP 	window1: blendMode = 'avg'
22.9070 	EXP 	window1: blendMode = 'avg'
22.9258 	EXP 	window1: blendMode = 'avg'
22.9265 	EXP 	window1: blendMode = 'avg'
22.9271 	EXP 	window1: blendMode = 'avg'
22.9471 	EXP 	window1: blendMode = 'avg'
22.9481 	EXP 	window1: blendMode = 'avg'
22.9491 	EXP 	window1: blendMode = 'avg'
22.9676 	EXP 	window1: blendMode = 'avg'
22.9681 	EXP 	window1: blendMode = 'avg'
22.9686 	EXP 	window1: blendMode = 'avg'
22.9843 	EXP 	window1: blendMode = 'avg'
22.9848 	EXP 	window1: blendMode = 'avg'
22.9854 	EXP 	window1: blendMode = 'avg'
23.0046 	EXP 	window1: blendMode = 'avg'
23.0053 	EXP 	window1: blendMode = 'avg'
23.0059 	EXP 	window1: blendMode = 'avg'
23.0239 	EXP 	window1: blendMode = 'avg'
23.0243 	EXP 	window1: blendMode = 'avg'
23.0247 	EXP 	window1: blendMode = 'avg'
23.0441 	EXP 	window1: blendMode = 'avg'
23.0445 	EXP 	window1: blendMode = 'avg'
23.0449 	EXP 	window1: blendMode = 'avg'
23.0660 	EXP 	window1: blendMode = 'avg'
23.0667 	EXP 	window1: blendMode = 'avg'
23.0673 	EXP 	window1: blendMode = 'avg'
23.0860 	EXP 	window1: blendMode = 'avg'
23.0867 	EXP 	window1: blendMode = 'avg'
23.0873 	EXP 	window1: blendMode = 'avg'
23.1059 	EXP 	window1: blendMode = 'avg'
23.1065 	EXP 	window1: blendMode = 'avg'
23.1072 	EXP 	window1: blendMode = 'avg'
23.1267 	EXP 	window1: blendMode = 'avg'
23.1274 	EXP 	window1: blendMode = 'avg'
23.1280 	EXP 	window1: blendMode = 'avg'
23.1458 	EXP 	window1: blendMode = 'avg'
23.1464 	EXP 	window1: blendMode = 'avg'
23.1470 	EXP 	window1: blendMode = 'avg'
23.1655 	EXP 	window1: blendMode = 'avg'
23.1665 	EXP 	window1: blendMode = 'avg'
23.1672 	EXP 	window1: blendMode = 'avg'
23.1863 	EXP 	window1: blendMode = 'avg'
23.1875 	EXP 	window1: blendMode = 'avg'
23.1883 	EXP 	window1: blendMode = 'avg'
23.2059 	EXP 	window1: blendMode = 'avg'
23.2066 	EXP 	window1: blendMode = 'avg'
23.2072 	EXP 	window1: blendMode = 'avg'
23.2262 	EXP 	window1: blendMode = 'avg'
23.2268 	EXP 	window1: blendMode = 'avg'
23.2275 	EXP 	window1: blendMode = 'avg'
23.2459 	EXP 	window1: blendMode = 'avg'
23.2470 	EXP 	window1: blendMode = 'avg'
23.2481 	EXP 	window1: blendMode = 'avg'
23.2656 	EXP 	window1: blendMode = 'avg'
23.2663 	EXP 	window1: blendMode = 'avg'
23.2669 	EXP 	window1: blendMode = 'avg'
23.2854 	EXP 	window1: blendMode = 'avg'
23.2861 	EXP 	window1: blendMode = 'avg'
23.2867 	EXP 	window1: blendMode = 'avg'
23.3057 	EXP 	window1: blendMode = 'avg'
23.3066 	EXP 	window1: blendMode = 'avg'
23.3073 	EXP 	window1: blendMode = 'avg'
23.3261 	EXP 	window1: blendMode = 'avg'
23.3267 	EXP 	window1: blendMode = 'avg'
23.3274 	EXP 	window1: blendMode = 'avg'
23.3456 	EXP 	window1: blendMode = 'avg'
23.3463 	EXP 	window1: blendMode = 'avg'
23.3469 	EXP 	window1: blendMode = 'avg'
23.3658 	EXP 	window1: blendMode = 'avg'
23.3665 	EXP 	window1: blendMode = 'avg'
23.3671 	EXP 	window1: blendMode = 'avg'
23.3856 	EXP 	window1: blendMode = 'avg'
23.3867 	EXP 	window1: blendMode = 'avg'
23.3878 	EXP 	window1: blendMode = 'avg'
23.4056 	EXP 	window1: blendMode = 'avg'
23.4063 	EXP 	window1: blendMode = 'avg'
23.4069 	EXP 	window1: blendMode = 'avg'
23.4257 	EXP 	window1: blendMode = 'avg'
23.4263 	EXP 	window1: blendMode = 'avg'
23.4270 	EXP 	window1: blendMode = 'avg'
23.4462 	EXP 	window1: blendMode = 'avg'
23.4473 	EXP 	window1: blendMode = 'avg'
23.4483 	EXP 	window1: blendMode = 'avg'
23.4667 	EXP 	window1: blendMode = 'avg'
23.4677 	EXP 	window1: blendMode = 'avg'
23.4686 	EXP 	window1: blendMode = 'avg'
23.4861 	EXP 	window1: blendMode = 'avg'
23.4872 	EXP 	window1: blendMode = 'avg'
23.4883 	EXP 	window1: blendMode = 'avg'
23.5069 	EXP 	window1: blendMode = 'avg'
23.5076 	EXP 	window1: blendMode = 'avg'
23.5255 	EXP 	Orientation_Cue: autoDraw = False
23.5271 	EXP 	window1: blendMode = 'avg'
23.5278 	EXP 	window1: blendMode = 'avg'
23.5286 	EXP 	window1: blendMode = 'avg'
23.5448 	EXP 	Ready_Cue: autoDraw = True
23.5464 	EXP 	window1: blendMode = 'avg'
23.5473 	EXP 	window1: blendMode = 'avg'
23.5481 	EXP 	window1: blendMode = 'avg'
23.5670 	EXP 	window1: blendMode = 'avg'
23.5678 	EXP 	window1: blendMode = 'avg'
23.5688 	EXP 	window1: blendMode = 'avg'
23.5871 	EXP 	window1: blendMode = 'avg'
23.5882 	EXP 	window1: blendMode = 'avg'
23.5890 	EXP 	window1: blendMode = 'avg'
23.6056 	EXP 	window1: blendMode = 'avg'
23.6062 	EXP 	window1: blendMode = 'avg'
23.6069 	EXP 	window1: blendMode = 'avg'
23.6265 	EXP 	window1: blendMode = 'avg'
23.6272 	EXP 	window1: blendMode = 'avg'
23.6278 	EXP 	window1: blendMode = 'avg'
23.6452 	EXP 	window1: blendMode = 'avg'
23.6459 	EXP 	window1: blendMode = 'avg'
23.6465 	EXP 	window1: blendMode = 'avg'
23.6657 	EXP 	window1: blendMode = 'avg'
23.6667 	EXP 	window1: blendMode = 'avg'
23.6674 	EXP 	window1: blendMode = 'avg'
23.6863 	EXP 	window1: blendMode = 'avg'
23.6871 	EXP 	window1: blendMode = 'avg'
23.6878 	EXP 	window1: blendMode = 'avg'
23.7057 	EXP 	window1: blendMode = 'avg'
23.7064 	EXP 	window1: blendMode = 'avg'
23.7070 	EXP 	window1: blendMode = 'avg'
23.7255 	EXP 	window1: blendMode = 'avg'
23.7262 	EXP 	window1: blendMode = 'avg'
23.7268 	EXP 	window1: blendMode = 'avg'
23.7459 	EXP 	window1: blendMode = 'avg'
23.7466 	EXP 	window1: blendMode = 'avg'
23.7472 	EXP 	window1: blendMode = 'avg'
23.7655 	EXP 	window1: blendMode = 'avg'
23.7662 	EXP 	window1: blendMode = 'avg'
23.7668 	EXP 	window1: blendMode = 'avg'
23.7854 	EXP 	window1: blendMode = 'avg'
23.7861 	EXP 	window1: blendMode = 'avg'
23.7869 	EXP 	window1: blendMode = 'avg'
23.8053 	EXP 	window1: blendMode = 'avg'
23.8059 	EXP 	window1: blendMode = 'avg'
23.8067 	EXP 	window1: blendMode = 'avg'
23.8258 	EXP 	window1: blendMode = 'avg'
23.8265 	EXP 	window1: blendMode = 'avg'
23.8272 	EXP 	window1: blendMode = 'avg'
23.8460 	EXP 	window1: blendMode = 'avg'
23.8469 	EXP 	window1: blendMode = 'avg'
23.8476 	EXP 	window1: blendMode = 'avg'
23.8658 	EXP 	window1: blendMode = 'avg'
23.8668 	EXP 	window1: blendMode = 'avg'
23.8678 	EXP 	window1: blendMode = 'avg'
23.8858 	EXP 	window1: blendMode = 'avg'
23.8868 	EXP 	window1: blendMode = 'avg'
23.8876 	EXP 	window1: blendMode = 'avg'
23.9068 	EXP 	window1: blendMode = 'avg'
23.9075 	EXP 	window1: blendMode = 'avg'
23.9082 	EXP 	window1: blendMode = 'avg'
23.9260 	EXP 	window1: blendMode = 'avg'
23.9267 	EXP 	window1: blendMode = 'avg'
23.9273 	EXP 	window1: blendMode = 'avg'
23.9468 	EXP 	window1: blendMode = 'avg'
23.9476 	EXP 	window1: blendMode = 'avg'
23.9483 	EXP 	window1: blendMode = 'avg'
23.9671 	EXP 	window1: blendMode = 'avg'
23.9683 	EXP 	window1: blendMode = 'avg'
23.9694 	EXP 	window1: blendMode = 'avg'
23.9870 	EXP 	window1: blendMode = 'avg'
23.9882 	EXP 	window1: blendMode = 'avg'
23.9893 	EXP 	window1: blendMode = 'avg'
24.0072 	EXP 	window1: blendMode = 'avg'
24.0079 	EXP 	window1: blendMode = 'avg'
24.0239 	EXP 	Ready_Cue: autoDraw = False
24.0255 	EXP 	window1: blendMode = 'avg'
24.0262 	EXP 	window1: blendMode = 'avg'
24.0447 	EXP 	Zoid_Left: autoDraw = True
24.0447 	EXP 	Zoid_Right: autoDraw = True
24.0461 	EXP 	window1: blendMode = 'avg'
24.0468 	EXP 	window1: blendMode = 'avg'
24.0651 	EXP 	window1: blendMode = 'avg'
24.0657 	EXP 	window1: blendMode = 'avg'
24.0837 	EXP 	window1: blendMode = 'avg'
24.0842 	EXP 	window1: blendMode = 'avg'
24.1044 	EXP 	window1: blendMode = 'avg'
24.1052 	EXP 	window1: blendMode = 'avg'
24.1263 	EXP 	window1: blendMode = 'avg'
24.1270 	EXP 	window1: blendMode = 'avg'
24.1451 	EXP 	window1: blendMode = 'avg'
24.1458 	EXP 	window1: blendMode = 'avg'
24.1658 	EXP 	window1: blendMode = 'avg'
24.1665 	EXP 	window1: blendMode = 'avg'
24.1858 	EXP 	window1: blendMode = 'avg'
24.1865 	EXP 	window1: blendMode = 'avg'
24.2057 	EXP 	window1: blendMode = 'avg'
24.2064 	EXP 	window1: blendMode = 'avg'
24.2260 	EXP 	window1: blendMode = 'avg'
24.2267 	EXP 	window1: blendMode = 'avg'
24.2457 	EXP 	window1: blendMode = 'avg'
24.2464 	EXP 	window1: blendMode = 'avg'
24.2668 	EXP 	window1: blendMode = 'avg'
24.2679 	EXP 	window1: blendMode = 'avg'
24.2854 	EXP 	window1: blendMode = 'avg'
24.2862 	EXP 	window1: blendMode = 'avg'
24.3052 	EXP 	window1: blendMode = 'avg'
24.3058 	EXP 	window1: blendMode = 'avg'
24.3256 	EXP 	window1: blendMode = 'avg'
24.3263 	EXP 	window1: blendMode = 'avg'
24.3462 	EXP 	window1: blendMode = 'avg'
24.3469 	EXP 	window1: blendMode = 'avg'
24.3651 	EXP 	window1: blendMode = 'avg'
24.3658 	EXP 	window1: blendMode = 'avg'
24.3853 	EXP 	window1: blendMode = 'avg'
24.3861 	EXP 	window1: blendMode = 'avg'
24.4061 	EXP 	window1: blendMode = 'avg'
24.4068 	EXP 	window1: blendMode = 'avg'
24.4256 	EXP 	window1: blendMode = 'avg'
24.4263 	EXP 	window1: blendMode = 'avg'
24.4454 	EXP 	window1: blendMode = 'avg'
24.4461 	EXP 	window1: blendMode = 'avg'
24.4658 	EXP 	window1: blendMode = 'avg'
24.4665 	EXP 	window1: blendMode = 'avg'
24.4852 	EXP 	window1: blendMode = 'avg'
24.4859 	EXP 	window1: blendMode = 'avg'
24.5057 	EXP 	window1: blendMode = 'avg'
24.5064 	EXP 	window1: blendMode = 'avg'
24.5254 	EXP 	window1: blendMode = 'avg'
24.5261 	EXP 	window1: blendMode = 'avg'
24.5465 	EXP 	window1: blendMode = 'avg'
24.5475 	EXP 	window1: blendMode = 'avg'
24.5658 	EXP 	window1: blendMode = 'avg'
24.5664 	EXP 	window1: blendMode = 'avg'
24.5867 	EXP 	window1: blendMode = 'avg'
24.5879 	EXP 	window1: blendMode = 'avg'
24.6058 	EXP 	window1: blendMode = 'avg'
24.6065 	EXP 	window1: blendMode = 'avg'
24.6247 	EXP 	window1: blendMode = 'avg'
24.6252 	EXP 	window1: blendMode = 'avg'
24.6443 	EXP 	window1: blendMode = 'avg'
24.6448 	EXP 	window1: blendMode = 'avg'
24.6652 	EXP 	window1: blendMode = 'avg'
24.6659 	EXP 	window1: blendMode = 'avg'
24.6853 	EXP 	window1: blendMode = 'avg'
24.6861 	EXP 	window1: blendMode = 'avg'
24.7045 	EXP 	window1: blendMode = 'avg'
24.7051 	EXP 	window1: blendMode = 'avg'
24.7238 	EXP 	window1: blendMode = 'avg'
24.7243 	EXP 	window1: blendMode = 'avg'
24.7453 	EXP 	window1: blendMode = 'avg'
24.7461 	EXP 	window1: blendMode = 'avg'
24.7653 	EXP 	window1: blendMode = 'avg'
24.7661 	EXP 	window1: blendMode = 'avg'
24.7863 	EXP 	window1: blendMode = 'avg'
24.7870 	EXP 	window1: blendMode = 'avg'
24.8061 	EXP 	window1: blendMode = 'avg'
24.8069 	EXP 	window1: blendMode = 'avg'
24.8255 	EXP 	window1: blendMode = 'avg'
24.8262 	EXP 	window1: blendMode = 'avg'
24.8454 	EXP 	window1: blendMode = 'avg'
24.8461 	EXP 	window1: blendMode = 'avg'
24.8650 	EXP 	window1: blendMode = 'avg'
24.8657 	EXP 	window1: blendMode = 'avg'
24.8866 	EXP 	window1: blendMode = 'avg'
24.8877 	EXP 	window1: blendMode = 'avg'
24.9052 	EXP 	window1: blendMode = 'avg'
24.9058 	EXP 	window1: blendMode = 'avg'
24.9260 	EXP 	window1: blendMode = 'avg'
24.9267 	EXP 	window1: blendMode = 'avg'
24.9461 	EXP 	window1: blendMode = 'avg'
24.9467 	EXP 	window1: blendMode = 'avg'
24.9660 	EXP 	window1: blendMode = 'avg'
24.9667 	EXP 	window1: blendMode = 'avg'
24.9852 	EXP 	window1: blendMode = 'avg'
24.9859 	EXP 	window1: blendMode = 'avg'
25.0056 	EXP 	window1: blendMode = 'avg'
25.0063 	EXP 	window1: blendMode = 'avg'
25.0253 	EXP 	window1: blendMode = 'avg'
25.0265 	EXP 	window1: blendMode = 'avg'
25.0470 	DATA 	Keypress: escape
