3.2039 	ERROR 	avbin.dll failed to load. Try importing psychopy.visual
  as the first library (before anything that uses scipy)
  and make sure that avbin is installed.
19.1785 	EXP 	Created window1 = Window(allowGUI=False, allowStencil=False, autoLog=True, bitsMode=UNKNOWN, blendMode='avg', color=array([ 0.95,  0.95,  0.95]), colorSpace='rgb', fullscr=UNKNOWN, gamma=None, lms=UNKNOWN, monitor=<psychopy.monitors.calibTools.Monitor object at 0x1A6DB6D0>, multiSample=False, name='window1', numSamples=2, pos=[0, 0], screen=0, size=array([1600,  900]), stereo=False, units=u'norm', useFBO=True, useRetina=False, viewOri=0.0, viewPos=None, viewScale=None, waitBlanking=True, winType='pyglet')
19.1785 	EXP 	window1: recordFrameIntervals = False
19.3798 	EXP 	window1: recordFrameIntervals = True
19.7778 	EXP 	window1: recordFrameIntervals = False
20.2596 	EXP 	Created Orientation_Cue = TextStim(alignHoriz='center', alignVert='center', antialias=True, autoLog=True, bold=False, color=u'black', colorSpace='named', contrast=1.0, depth=0.0, flipHoriz=False, flipVert=False, font=u'Arial', fontFiles=[], height=0.1, italic=False, name='Orientation_Cue', opacity=1.0, ori=0, pos=array([ 0.,  0.]), rgb=array([ 0.,  0.,  0.]), text=u'\u25cb', units=u'norm', win=Window(...), wrapWidth=1)
20.2739 	EXP 	Created Ready_Cue = TextStim(alignHoriz='center', alignVert='center', antialias=True, autoLog=True, bold=False, color=u'black', colorSpace='named', contrast=1.0, depth=-1.0, flipHoriz=False, flipVert=False, font=u'Arial', fontFiles=[], height=0.1, italic=False, name='Ready_Cue', opacity=1.0, ori=0, pos=array([ 0.,  0.]), rgb=array([ 0.,  0.,  0.]), text=u'\u23fa', units=u'norm', win=Window(...), wrapWidth=1)
20.2863 	EXP 	Created Zoid_Left = ShapeStim(autoDraw=False, autoLog=True, closeShape=True, contrast=1.0, depth=-3.0, fillColor=array([ 0.05,  0.05,  0.05]), fillColorSpace='rgb', interpolate=True, lineColor=array([ 1.,  1.,  1.]), lineColorSpace='rgb', lineWidth=1, name='Zoid_Left', opacity=1.0, ori=array(0.0), pos=array([-5.,  0.]), size=array([ 1.,  1.]), units='cm', vertices=ndarray(...), win=Window(...), windingRule=None)
20.2876 	EXP 	Created Zoid_Right = ShapeStim(autoDraw=False, autoLog=True, closeShape=True, contrast=1.0, depth=-4.0, fillColor=array([ 0.05,  0.05,  0.05]), fillColorSpace='rgb', interpolate=True, lineColor=array([ 1.,  1.,  1.]), lineColorSpace='rgb', lineWidth=1, name='Zoid_Right', opacity=1.0, ori=array(0.0), pos=array([ 5.,  0.]), size=array([ 1.,  1.]), units='cm', vertices=ndarray(...), win=Window(...), windingRule=None)
20.3906 	EXP 	Created Button_Instructions = TextStim(alignHoriz='center', alignVert='center', antialias=True, autoLog=True, bold=False, color=u'black', colorSpace='named', contrast=1.0, depth=0.0, flipHoriz=False, flipVert=False, font=u'Arial', fontFiles=[], height=0.07, italic=False, name='Button_Instructions', opacity=1.0, ori=0, pos=array([ 0. ,  0.5]), rgb=array([ 0.,  0.,  0.]), text=unicode(...), units=u'norm', win=Window(...), wrapWidth=1)
20.4060 	EXP 	Created x_instruction = TextStim(alignHoriz='center', alignVert='center', antialias=True, autoLog=True, bold=False, color=u'tomato', colorSpace='named', contrast=1.0, depth=0.0, flipHoriz=False, flipVert=False, font=u'Yu Gothic UI', fontFiles=[], height=0.1, italic=False, name='x_instruction', opacity=1.0, ori=0, pos=array([-0.7, -0.8]), rgb=array([ 255.,   99.,   71.]), text=u'SAME\nZ', units=u'norm', win=Window(...), wrapWidth=1)
20.4200 	EXP 	Created m_instruction = TextStim(alignHoriz='right', alignVert='center', antialias=True, autoLog=True, bold=False, color=u'lightseagreen', colorSpace='named', contrast=1.0, depth=0.0, flipHoriz=False, flipVert=False, font=u'Yu Gothic UI', fontFiles=[], height=0.1, italic=False, name='m_instruction', opacity=1.0, ori=0, pos=array([ 0.7, -0.8]), rgb=array([  32.,  178.,  170.]), text=u'DIFFERENT\nM', units=u'norm', win=Window(...), wrapWidth=1)
20.4403 	EXP 	Created Feedback_Screen = TextStim(alignHoriz='center', alignVert='center', antialias=True, autoLog=True, bold=False, color=u'black', colorSpace='named', contrast=1.0, depth=0.0, flipHoriz=False, flipVert=False, font=u'Arial', fontFiles=[], height=0.1, italic=False, name='Feedback_Screen', opacity=1.0, ori=0, pos=array([ 0.,  0.]), rgb=array([ 0.,  0.,  0.]), text=u'Placeholder_text', units=u'norm', win=Window(...), wrapWidth=1)
20.4418 	EXP 	window1: blendMode = 'avg'
20.4423 	EXP 	window1: blendMode = 'avg'
20.4427 	EXP 	window1: blendMode = 'avg'
20.4516 	EXP 	x_instruction: autoDraw = True
20.4516 	EXP 	m_instruction: autoDraw = True
20.4516 	EXP 	Button_Instructions: autoDraw = True
25.4528 	EXP 	Created sequence: random, trialTypes=1, nReps=121, seed=None
25.8431 	EXP 	New trial (rep=0, index=0): None
25.8439 	EXP 	window1: blendMode = 'avg'
25.8441 	EXP 	window1: blendMode = 'avg'
25.8445 	EXP 	window1: blendMode = 'avg'
25.8513 	EXP 	Button_Instructions: autoDraw = False
25.8513 	EXP 	Zoid_Left: vertices = ((0, -0.5), (1, -0.5), (1, -1.5), (-1, -1.5), (-1, 1.5), (0, 1.5))
25.8513 	EXP 	Zoid_Left: ori = 270
25.8513 	EXP 	Zoid_Right: vertices = ((0.5, 0), (1.5, 0), (1.5, 1), (-0.5, 1), (-0.5, 0), (-1.5, 0), (-1.5, -1), (0.5, -1))
25.8513 	EXP 	Zoid_Right: ori = 0
25.8513 	EXP 	Orientation_Cue: autoDraw = True
25.8520 	EXP 	window1: blendMode = 'avg'
25.8523 	EXP 	window1: blendMode = 'avg'
25.8526 	EXP 	window1: blendMode = 'avg'
25.8750 	EXP 	window1: blendMode = 'avg'
25.8753 	EXP 	window1: blendMode = 'avg'
25.8755 	EXP 	window1: blendMode = 'avg'
25.8959 	EXP 	window1: blendMode = 'avg'
25.8963 	EXP 	window1: blendMode = 'avg'
25.8966 	EXP 	window1: blendMode = 'avg'
25.9169 	EXP 	window1: blendMode = 'avg'
25.9174 	EXP 	window1: blendMode = 'avg'
25.9178 	EXP 	window1: blendMode = 'avg'
25.9374 	EXP 	window1: blendMode = 'avg'
25.9380 	EXP 	window1: blendMode = 'avg'
25.9384 	EXP 	window1: blendMode = 'avg'
25.9574 	EXP 	window1: blendMode = 'avg'
25.9578 	EXP 	window1: blendMode = 'avg'
25.9582 	EXP 	window1: blendMode = 'avg'
25.9771 	EXP 	window1: blendMode = 'avg'
25.9775 	EXP 	window1: blendMode = 'avg'
25.9780 	EXP 	window1: blendMode = 'avg'
25.9969 	EXP 	window1: blendMode = 'avg'
25.9973 	EXP 	window1: blendMode = 'avg'
25.9978 	EXP 	window1: blendMode = 'avg'
26.0171 	EXP 	window1: blendMode = 'avg'
26.0175 	EXP 	window1: blendMode = 'avg'
26.0179 	EXP 	window1: blendMode = 'avg'
26.0377 	EXP 	window1: blendMode = 'avg'
26.0381 	EXP 	window1: blendMode = 'avg'
26.0385 	EXP 	window1: blendMode = 'avg'
26.0574 	EXP 	window1: blendMode = 'avg'
26.0581 	EXP 	window1: blendMode = 'avg'
26.0586 	EXP 	window1: blendMode = 'avg'
26.0780 	EXP 	window1: blendMode = 'avg'
26.0787 	EXP 	window1: blendMode = 'avg'
26.0793 	EXP 	window1: blendMode = 'avg'
26.0965 	EXP 	window1: blendMode = 'avg'
26.0969 	EXP 	window1: blendMode = 'avg'
26.0973 	EXP 	window1: blendMode = 'avg'
26.1172 	EXP 	window1: blendMode = 'avg'
26.1178 	EXP 	window1: blendMode = 'avg'
26.1185 	EXP 	window1: blendMode = 'avg'
26.1378 	EXP 	window1: blendMode = 'avg'
26.1383 	EXP 	window1: blendMode = 'avg'
26.1388 	EXP 	window1: blendMode = 'avg'
26.1575 	EXP 	window1: blendMode = 'avg'
26.1579 	EXP 	window1: blendMode = 'avg'
26.1583 	EXP 	window1: blendMode = 'avg'
26.1755 	EXP 	window1: blendMode = 'avg'
26.1759 	EXP 	window1: blendMode = 'avg'
26.1763 	EXP 	window1: blendMode = 'avg'
26.1960 	EXP 	window1: blendMode = 'avg'
26.1963 	EXP 	window1: blendMode = 'avg'
26.1965 	EXP 	window1: blendMode = 'avg'
26.2162 	EXP 	window1: blendMode = 'avg'
26.2166 	EXP 	window1: blendMode = 'avg'
26.2170 	EXP 	window1: blendMode = 'avg'
26.2379 	EXP 	window1: blendMode = 'avg'
26.2383 	EXP 	window1: blendMode = 'avg'
26.2387 	EXP 	window1: blendMode = 'avg'
26.2588 	EXP 	window1: blendMode = 'avg'
26.2599 	EXP 	window1: blendMode = 'avg'
26.2609 	EXP 	window1: blendMode = 'avg'
26.2779 	EXP 	window1: blendMode = 'avg'
26.2786 	EXP 	window1: blendMode = 'avg'
26.2791 	EXP 	window1: blendMode = 'avg'
26.2977 	EXP 	window1: blendMode = 'avg'
26.2981 	EXP 	window1: blendMode = 'avg'
26.2985 	EXP 	window1: blendMode = 'avg'
26.3173 	EXP 	window1: blendMode = 'avg'
26.3179 	EXP 	window1: blendMode = 'avg'
26.3183 	EXP 	window1: blendMode = 'avg'
26.3375 	EXP 	window1: blendMode = 'avg'
26.3381 	EXP 	window1: blendMode = 'avg'
26.3388 	EXP 	window1: blendMode = 'avg'
26.3581 	EXP 	window1: blendMode = 'avg'
26.3588 	EXP 	window1: blendMode = 'avg'
26.3594 	EXP 	window1: blendMode = 'avg'
26.3782 	EXP 	window1: blendMode = 'avg'
26.3787 	EXP 	window1: blendMode = 'avg'
26.3790 	EXP 	window1: blendMode = 'avg'
26.3966 	EXP 	window1: blendMode = 'avg'
26.3970 	EXP 	window1: blendMode = 'avg'
26.3974 	EXP 	window1: blendMode = 'avg'
26.4169 	EXP 	window1: blendMode = 'avg'
26.4173 	EXP 	window1: blendMode = 'avg'
26.4177 	EXP 	window1: blendMode = 'avg'
26.4376 	EXP 	window1: blendMode = 'avg'
26.4380 	EXP 	window1: blendMode = 'avg'
26.4384 	EXP 	window1: blendMode = 'avg'
26.4568 	EXP 	window1: blendMode = 'avg'
26.4572 	EXP 	window1: blendMode = 'avg'
26.4576 	EXP 	window1: blendMode = 'avg'
26.4771 	EXP 	window1: blendMode = 'avg'
26.4777 	EXP 	window1: blendMode = 'avg'
26.4782 	EXP 	window1: blendMode = 'avg'
26.4975 	EXP 	window1: blendMode = 'avg'
26.4980 	EXP 	window1: blendMode = 'avg'
26.4983 	EXP 	window1: blendMode = 'avg'
26.5168 	EXP 	window1: blendMode = 'avg'
26.5173 	EXP 	window1: blendMode = 'avg'
26.5177 	EXP 	window1: blendMode = 'avg'
26.5368 	EXP 	window1: blendMode = 'avg'
26.5372 	EXP 	window1: blendMode = 'avg'
26.5376 	EXP 	window1: blendMode = 'avg'
26.5576 	EXP 	window1: blendMode = 'avg'
26.5580 	EXP 	window1: blendMode = 'avg'
26.5585 	EXP 	window1: blendMode = 'avg'
26.5774 	EXP 	window1: blendMode = 'avg'
26.5778 	EXP 	window1: blendMode = 'avg'
26.5782 	EXP 	window1: blendMode = 'avg'
26.5976 	EXP 	window1: blendMode = 'avg'
26.5983 	EXP 	window1: blendMode = 'avg'
26.5989 	EXP 	window1: blendMode = 'avg'
26.6169 	EXP 	window1: blendMode = 'avg'
26.6173 	EXP 	window1: blendMode = 'avg'
26.6178 	EXP 	window1: blendMode = 'avg'
26.6369 	EXP 	window1: blendMode = 'avg'
26.6373 	EXP 	window1: blendMode = 'avg'
26.6377 	EXP 	window1: blendMode = 'avg'
26.6569 	EXP 	window1: blendMode = 'avg'
26.6573 	EXP 	window1: blendMode = 'avg'
26.6577 	EXP 	window1: blendMode = 'avg'
26.6773 	EXP 	window1: blendMode = 'avg'
26.6780 	EXP 	window1: blendMode = 'avg'
26.6787 	EXP 	window1: blendMode = 'avg'
26.6966 	EXP 	window1: blendMode = 'avg'
26.6971 	EXP 	window1: blendMode = 'avg'
26.6974 	EXP 	window1: blendMode = 'avg'
26.7166 	EXP 	window1: blendMode = 'avg'
26.7170 	EXP 	window1: blendMode = 'avg'
26.7173 	EXP 	window1: blendMode = 'avg'
26.7374 	EXP 	window1: blendMode = 'avg'
26.7381 	EXP 	window1: blendMode = 'avg'
26.7387 	EXP 	window1: blendMode = 'avg'
26.7587 	EXP 	window1: blendMode = 'avg'
26.7597 	EXP 	window1: blendMode = 'avg'
26.7603 	EXP 	window1: blendMode = 'avg'
26.7793 	EXP 	window1: blendMode = 'avg'
26.7800 	EXP 	window1: blendMode = 'avg'
26.7807 	EXP 	window1: blendMode = 'avg'
26.7986 	EXP 	window1: blendMode = 'avg'
26.7994 	EXP 	window1: blendMode = 'avg'
26.8000 	EXP 	window1: blendMode = 'avg'
26.8184 	EXP 	window1: blendMode = 'avg'
26.8192 	EXP 	window1: blendMode = 'avg'
26.8198 	EXP 	window1: blendMode = 'avg'
26.8391 	EXP 	window1: blendMode = 'avg'
26.8401 	EXP 	window1: blendMode = 'avg'
26.8408 	EXP 	window1: blendMode = 'avg'
26.8599 	EXP 	window1: blendMode = 'avg'
26.8606 	EXP 	window1: blendMode = 'avg'
26.8612 	EXP 	window1: blendMode = 'avg'
26.8793 	EXP 	window1: blendMode = 'avg'
26.8799 	EXP 	window1: blendMode = 'avg'
26.8806 	EXP 	window1: blendMode = 'avg'
26.8996 	EXP 	window1: blendMode = 'avg'
26.9014 	EXP 	window1: blendMode = 'avg'
26.9026 	EXP 	window1: blendMode = 'avg'
26.9187 	EXP 	window1: blendMode = 'avg'
26.9196 	EXP 	window1: blendMode = 'avg'
26.9207 	EXP 	window1: blendMode = 'avg'
26.9403 	EXP 	window1: blendMode = 'avg'
26.9411 	EXP 	window1: blendMode = 'avg'
26.9417 	EXP 	window1: blendMode = 'avg'
26.9599 	EXP 	window1: blendMode = 'avg'
26.9606 	EXP 	window1: blendMode = 'avg'
26.9612 	EXP 	window1: blendMode = 'avg'
26.9788 	EXP 	window1: blendMode = 'avg'
26.9799 	EXP 	window1: blendMode = 'avg'
26.9808 	EXP 	window1: blendMode = 'avg'
26.9985 	EXP 	window1: blendMode = 'avg'
26.9991 	EXP 	window1: blendMode = 'avg'
26.9997 	EXP 	window1: blendMode = 'avg'
27.0183 	EXP 	window1: blendMode = 'avg'
27.0191 	EXP 	window1: blendMode = 'avg'
27.0197 	EXP 	window1: blendMode = 'avg'
27.0385 	EXP 	window1: blendMode = 'avg'
27.0394 	EXP 	window1: blendMode = 'avg'
27.0403 	EXP 	window1: blendMode = 'avg'
27.0590 	EXP 	window1: blendMode = 'avg'
27.0602 	EXP 	window1: blendMode = 'avg'
27.0609 	EXP 	window1: blendMode = 'avg'
27.0785 	EXP 	window1: blendMode = 'avg'
27.0792 	EXP 	window1: blendMode = 'avg'
27.0799 	EXP 	window1: blendMode = 'avg'
27.0978 	EXP 	window1: blendMode = 'avg'
27.0984 	EXP 	window1: blendMode = 'avg'
27.0990 	EXP 	window1: blendMode = 'avg'
27.1192 	EXP 	window1: blendMode = 'avg'
27.1199 	EXP 	window1: blendMode = 'avg'
27.1206 	EXP 	window1: blendMode = 'avg'
27.1386 	EXP 	window1: blendMode = 'avg'
27.1396 	EXP 	window1: blendMode = 'avg'
27.1406 	EXP 	window1: blendMode = 'avg'
27.1585 	EXP 	window1: blendMode = 'avg'
27.1592 	EXP 	window1: blendMode = 'avg'
27.1598 	EXP 	window1: blendMode = 'avg'
27.1798 	EXP 	window1: blendMode = 'avg'
27.1808 	EXP 	window1: blendMode = 'avg'
27.1818 	EXP 	window1: blendMode = 'avg'
27.1991 	EXP 	window1: blendMode = 'avg'
27.2000 	EXP 	window1: blendMode = 'avg'
27.2009 	EXP 	window1: blendMode = 'avg'
27.2195 	EXP 	window1: blendMode = 'avg'
27.2206 	EXP 	window1: blendMode = 'avg'
27.2215 	EXP 	window1: blendMode = 'avg'
27.2397 	EXP 	window1: blendMode = 'avg'
27.2407 	EXP 	window1: blendMode = 'avg'
27.2416 	EXP 	window1: blendMode = 'avg'
27.2590 	EXP 	window1: blendMode = 'avg'
27.2601 	EXP 	window1: blendMode = 'avg'
27.2611 	EXP 	window1: blendMode = 'avg'
27.2795 	EXP 	window1: blendMode = 'avg'
27.2806 	EXP 	window1: blendMode = 'avg'
27.2818 	EXP 	window1: blendMode = 'avg'
27.2999 	EXP 	window1: blendMode = 'avg'
27.3009 	EXP 	window1: blendMode = 'avg'
27.3015 	EXP 	window1: blendMode = 'avg'
27.3175 	EXP 	window1: blendMode = 'avg'
27.3181 	EXP 	window1: blendMode = 'avg'
27.3187 	EXP 	window1: blendMode = 'avg'
27.3360 	EXP 	window1: blendMode = 'avg'
27.3363 	EXP 	window1: blendMode = 'avg'
27.3365 	EXP 	window1: blendMode = 'avg'
27.3552 	EXP 	window1: blendMode = 'avg'
27.3554 	EXP 	window1: blendMode = 'avg'
27.3556 	EXP 	window1: blendMode = 'avg'
27.3755 	EXP 	window1: blendMode = 'avg'
27.3757 	EXP 	window1: blendMode = 'avg'
27.3760 	EXP 	window1: blendMode = 'avg'
27.3983 	EXP 	window1: blendMode = 'avg'
27.3991 	EXP 	window1: blendMode = 'avg'
27.3999 	EXP 	window1: blendMode = 'avg'
27.4183 	EXP 	window1: blendMode = 'avg'
27.4190 	EXP 	window1: blendMode = 'avg'
27.4198 	EXP 	window1: blendMode = 'avg'
27.4398 	EXP 	window1: blendMode = 'avg'
27.4414 	EXP 	window1: blendMode = 'avg'
27.4425 	EXP 	window1: blendMode = 'avg'
27.4579 	EXP 	window1: blendMode = 'avg'
27.4584 	EXP 	window1: blendMode = 'avg'
27.4589 	EXP 	window1: blendMode = 'avg'
27.4789 	EXP 	window1: blendMode = 'avg'
27.4797 	EXP 	window1: blendMode = 'avg'
27.4804 	EXP 	window1: blendMode = 'avg'
27.4980 	EXP 	window1: blendMode = 'avg'
27.4986 	EXP 	window1: blendMode = 'avg'
27.4992 	EXP 	window1: blendMode = 'avg'
27.5183 	EXP 	window1: blendMode = 'avg'
27.5192 	EXP 	window1: blendMode = 'avg'
27.5200 	EXP 	window1: blendMode = 'avg'
27.5384 	EXP 	window1: blendMode = 'avg'
27.5392 	EXP 	window1: blendMode = 'avg'
27.5400 	EXP 	window1: blendMode = 'avg'
27.5575 	EXP 	window1: blendMode = 'avg'
27.5582 	EXP 	window1: blendMode = 'avg'
27.5587 	EXP 	window1: blendMode = 'avg'
27.5778 	EXP 	window1: blendMode = 'avg'
27.5784 	EXP 	window1: blendMode = 'avg'
27.5789 	EXP 	window1: blendMode = 'avg'
27.5986 	EXP 	window1: blendMode = 'avg'
27.5995 	EXP 	window1: blendMode = 'avg'
27.6004 	EXP 	window1: blendMode = 'avg'
27.6179 	EXP 	window1: blendMode = 'avg'
27.6188 	EXP 	window1: blendMode = 'avg'
27.6196 	EXP 	window1: blendMode = 'avg'
27.6372 	EXP 	window1: blendMode = 'avg'
27.6380 	EXP 	window1: blendMode = 'avg'
27.6388 	EXP 	window1: blendMode = 'avg'
27.6580 	EXP 	window1: blendMode = 'avg'
27.6588 	EXP 	window1: blendMode = 'avg'
27.6595 	EXP 	window1: blendMode = 'avg'
27.6763 	EXP 	window1: blendMode = 'avg'
27.6768 	EXP 	window1: blendMode = 'avg'
27.6773 	EXP 	window1: blendMode = 'avg'
27.6967 	EXP 	window1: blendMode = 'avg'
27.6973 	EXP 	window1: blendMode = 'avg'
27.6978 	EXP 	window1: blendMode = 'avg'
27.7168 	EXP 	window1: blendMode = 'avg'
27.7178 	EXP 	window1: blendMode = 'avg'
27.7186 	EXP 	window1: blendMode = 'avg'
27.7375 	EXP 	window1: blendMode = 'avg'
27.7381 	EXP 	window1: blendMode = 'avg'
27.7386 	EXP 	window1: blendMode = 'avg'
27.7581 	EXP 	window1: blendMode = 'avg'
27.7589 	EXP 	window1: blendMode = 'avg'
27.7597 	EXP 	window1: blendMode = 'avg'
27.7765 	EXP 	window1: blendMode = 'avg'
27.7771 	EXP 	window1: blendMode = 'avg'
27.7777 	EXP 	window1: blendMode = 'avg'
27.7969 	EXP 	window1: blendMode = 'avg'
27.7975 	EXP 	window1: blendMode = 'avg'
27.7980 	EXP 	window1: blendMode = 'avg'
27.8167 	EXP 	window1: blendMode = 'avg'
27.8173 	EXP 	window1: blendMode = 'avg'
27.8179 	EXP 	window1: blendMode = 'avg'
27.8367 	EXP 	window1: blendMode = 'avg'
27.8375 	EXP 	window1: blendMode = 'avg'
27.8559 	EXP 	Orientation_Cue: autoDraw = False
27.8571 	EXP 	window1: blendMode = 'avg'
27.8576 	EXP 	window1: blendMode = 'avg'
27.8593 	EXP 	window1: blendMode = 'avg'
27.8762 	EXP 	Ready_Cue: autoDraw = True
27.8772 	EXP 	window1: blendMode = 'avg'
27.8777 	EXP 	window1: blendMode = 'avg'
27.8783 	EXP 	window1: blendMode = 'avg'
27.8954 	EXP 	window1: blendMode = 'avg'
27.8957 	EXP 	window1: blendMode = 'avg'
27.8959 	EXP 	window1: blendMode = 'avg'
27.9154 	EXP 	window1: blendMode = 'avg'
27.9157 	EXP 	window1: blendMode = 'avg'
27.9159 	EXP 	window1: blendMode = 'avg'
27.9359 	EXP 	window1: blendMode = 'avg'
27.9367 	EXP 	window1: blendMode = 'avg'
27.9376 	EXP 	window1: blendMode = 'avg'
27.9575 	EXP 	window1: blendMode = 'avg'
27.9581 	EXP 	window1: blendMode = 'avg'
27.9586 	EXP 	window1: blendMode = 'avg'
27.9779 	EXP 	window1: blendMode = 'avg'
27.9785 	EXP 	window1: blendMode = 'avg'
27.9790 	EXP 	window1: blendMode = 'avg'
27.9975 	EXP 	window1: blendMode = 'avg'
27.9981 	EXP 	window1: blendMode = 'avg'
27.9986 	EXP 	window1: blendMode = 'avg'
28.0188 	EXP 	window1: blendMode = 'avg'
28.0197 	EXP 	window1: blendMode = 'avg'
28.0204 	EXP 	window1: blendMode = 'avg'
28.0376 	EXP 	window1: blendMode = 'avg'
28.0381 	EXP 	window1: blendMode = 'avg'
28.0386 	EXP 	window1: blendMode = 'avg'
28.0578 	EXP 	window1: blendMode = 'avg'
28.0585 	EXP 	window1: blendMode = 'avg'
28.0590 	EXP 	window1: blendMode = 'avg'
28.0777 	EXP 	window1: blendMode = 'avg'
28.0782 	EXP 	window1: blendMode = 'avg'
28.0787 	EXP 	window1: blendMode = 'avg'
28.0969 	EXP 	window1: blendMode = 'avg'
28.0974 	EXP 	window1: blendMode = 'avg'
28.0979 	EXP 	window1: blendMode = 'avg'
28.1195 	EXP 	window1: blendMode = 'avg'
28.1204 	EXP 	window1: blendMode = 'avg'
28.1213 	EXP 	window1: blendMode = 'avg'
28.1378 	EXP 	window1: blendMode = 'avg'
28.1386 	EXP 	window1: blendMode = 'avg'
28.1391 	EXP 	window1: blendMode = 'avg'
28.1578 	EXP 	window1: blendMode = 'avg'
28.1584 	EXP 	window1: blendMode = 'avg'
28.1589 	EXP 	window1: blendMode = 'avg'
28.1772 	EXP 	window1: blendMode = 'avg'
28.1779 	EXP 	window1: blendMode = 'avg'
28.1786 	EXP 	window1: blendMode = 'avg'
28.1980 	EXP 	window1: blendMode = 'avg'
28.1985 	EXP 	window1: blendMode = 'avg'
28.1991 	EXP 	window1: blendMode = 'avg'
28.2175 	EXP 	window1: blendMode = 'avg'
28.2180 	EXP 	window1: blendMode = 'avg'
28.2187 	EXP 	window1: blendMode = 'avg'
28.2370 	EXP 	window1: blendMode = 'avg'
28.2376 	EXP 	window1: blendMode = 'avg'
28.2381 	EXP 	window1: blendMode = 'avg'
28.2576 	EXP 	window1: blendMode = 'avg'
28.2582 	EXP 	window1: blendMode = 'avg'
28.2587 	EXP 	window1: blendMode = 'avg'
28.2776 	EXP 	window1: blendMode = 'avg'
28.2782 	EXP 	window1: blendMode = 'avg'
28.2787 	EXP 	window1: blendMode = 'avg'
28.2985 	EXP 	window1: blendMode = 'avg'
28.2992 	EXP 	window1: blendMode = 'avg'
28.2997 	EXP 	window1: blendMode = 'avg'
28.3179 	EXP 	window1: blendMode = 'avg'
28.3186 	EXP 	window1: blendMode = 'avg'
28.3194 	EXP 	window1: blendMode = 'avg'
28.3382 	EXP 	window1: blendMode = 'avg'
28.3390 	EXP 	window1: blendMode = 'avg'
28.3584 	EXP 	Ready_Cue: autoDraw = False
28.3602 	EXP 	window1: blendMode = 'avg'
28.3609 	EXP 	window1: blendMode = 'avg'
28.3952 	EXP 	Zoid_Left: autoDraw = True
28.3952 	EXP 	Zoid_Right: autoDraw = True
28.3963 	EXP 	window1: blendMode = 'avg'
28.3968 	EXP 	window1: blendMode = 'avg'
28.4157 	EXP 	window1: blendMode = 'avg'
28.4161 	EXP 	window1: blendMode = 'avg'
28.4365 	EXP 	window1: blendMode = 'avg'
28.4369 	EXP 	window1: blendMode = 'avg'
28.4561 	EXP 	window1: blendMode = 'avg'
28.4564 	EXP 	window1: blendMode = 'avg'
28.4755 	EXP 	window1: blendMode = 'avg'
28.4758 	EXP 	window1: blendMode = 'avg'
28.4956 	EXP 	window1: blendMode = 'avg'
28.4960 	EXP 	window1: blendMode = 'avg'
28.5190 	EXP 	window1: blendMode = 'avg'
28.5198 	EXP 	window1: blendMode = 'avg'
28.5390 	EXP 	window1: blendMode = 'avg'
28.5400 	EXP 	window1: blendMode = 'avg'
28.5590 	EXP 	window1: blendMode = 'avg'
28.5600 	EXP 	window1: blendMode = 'avg'
28.5799 	EXP 	window1: blendMode = 'avg'
28.5809 	EXP 	window1: blendMode = 'avg'
28.5997 	EXP 	window1: blendMode = 'avg'
28.6006 	EXP 	window1: blendMode = 'avg'
28.6200 	EXP 	window1: blendMode = 'avg'
28.6216 	EXP 	window1: blendMode = 'avg'
28.6377 	EXP 	window1: blendMode = 'avg'
28.6382 	EXP 	window1: blendMode = 'avg'
28.6567 	EXP 	window1: blendMode = 'avg'
28.6570 	EXP 	window1: blendMode = 'avg'
28.6751 	EXP 	window1: blendMode = 'avg'
28.6755 	EXP 	window1: blendMode = 'avg'
28.6952 	EXP 	window1: blendMode = 'avg'
28.6956 	EXP 	window1: blendMode = 'avg'
28.7150 	EXP 	window1: blendMode = 'avg'
28.7153 	EXP 	window1: blendMode = 'avg'
28.7351 	EXP 	window1: blendMode = 'avg'
28.7353 	EXP 	window1: blendMode = 'avg'
28.7582 	EXP 	window1: blendMode = 'avg'
28.7591 	EXP 	window1: blendMode = 'avg'
28.7778 	EXP 	window1: blendMode = 'avg'
28.7784 	EXP 	window1: blendMode = 'avg'
28.7982 	EXP 	window1: blendMode = 'avg'
28.7988 	EXP 	window1: blendMode = 'avg'
28.8178 	EXP 	window1: blendMode = 'avg'
28.8184 	EXP 	window1: blendMode = 'avg'
28.8388 	EXP 	window1: blendMode = 'avg'
28.8397 	EXP 	window1: blendMode = 'avg'
28.8582 	EXP 	window1: blendMode = 'avg'
28.8591 	EXP 	window1: blendMode = 'avg'
28.8789 	EXP 	window1: blendMode = 'avg'
28.8795 	EXP 	window1: blendMode = 'avg'
28.8978 	EXP 	window1: blendMode = 'avg'
28.8984 	EXP 	window1: blendMode = 'avg'
28.9177 	EXP 	window1: blendMode = 'avg'
28.9184 	EXP 	window1: blendMode = 'avg'
28.9395 	EXP 	window1: blendMode = 'avg'
28.9405 	EXP 	window1: blendMode = 'avg'
28.9586 	EXP 	window1: blendMode = 'avg'
28.9592 	EXP 	window1: blendMode = 'avg'
28.9779 	EXP 	window1: blendMode = 'avg'
28.9785 	EXP 	window1: blendMode = 'avg'
28.9975 	EXP 	window1: blendMode = 'avg'
28.9983 	EXP 	window1: blendMode = 'avg'
29.0177 	EXP 	window1: blendMode = 'avg'
29.0183 	EXP 	window1: blendMode = 'avg'
29.0385 	EXP 	window1: blendMode = 'avg'
29.0392 	EXP 	window1: blendMode = 'avg'
29.0581 	EXP 	window1: blendMode = 'avg'
29.0587 	EXP 	window1: blendMode = 'avg'
29.0773 	EXP 	window1: blendMode = 'avg'
29.0779 	EXP 	window1: blendMode = 'avg'
29.0978 	EXP 	window1: blendMode = 'avg'
29.0984 	EXP 	window1: blendMode = 'avg'
29.1179 	EXP 	window1: blendMode = 'avg'
29.1188 	EXP 	window1: blendMode = 'avg'
29.1391 	EXP 	window1: blendMode = 'avg'
29.1402 	EXP 	window1: blendMode = 'avg'
29.1582 	EXP 	window1: blendMode = 'avg'
29.1590 	EXP 	window1: blendMode = 'avg'
29.1773 	EXP 	window1: blendMode = 'avg'
29.1779 	EXP 	window1: blendMode = 'avg'
29.1975 	EXP 	window1: blendMode = 'avg'
29.1981 	EXP 	window1: blendMode = 'avg'
29.2176 	EXP 	window1: blendMode = 'avg'
29.2182 	EXP 	window1: blendMode = 'avg'
29.2386 	EXP 	window1: blendMode = 'avg'
29.2396 	EXP 	window1: blendMode = 'avg'
29.2623 	EXP 	window1: blendMode = 'avg'
29.2629 	EXP 	window1: blendMode = 'avg'
29.2790 	EXP 	window1: blendMode = 'avg'
29.2797 	EXP 	window1: blendMode = 'avg'
29.3004 	EXP 	window1: blendMode = 'avg'
29.3010 	EXP 	window1: blendMode = 'avg'
29.3177 	EXP 	window1: blendMode = 'avg'
29.3184 	EXP 	window1: blendMode = 'avg'
29.3396 	EXP 	window1: blendMode = 'avg'
29.3402 	EXP 	window1: blendMode = 'avg'
29.3597 	EXP 	window1: blendMode = 'avg'
29.3604 	EXP 	window1: blendMode = 'avg'
29.3802 	EXP 	window1: blendMode = 'avg'
29.3811 	EXP 	window1: blendMode = 'avg'
29.3983 	EXP 	window1: blendMode = 'avg'
29.3993 	EXP 	window1: blendMode = 'avg'
29.4164 	EXP 	window1: blendMode = 'avg'
29.4169 	EXP 	window1: blendMode = 'avg'
29.4372 	EXP 	window1: blendMode = 'avg'
29.4379 	EXP 	window1: blendMode = 'avg'
29.4566 	EXP 	window1: blendMode = 'avg'
29.4570 	EXP 	window1: blendMode = 'avg'
29.4761 	EXP 	window1: blendMode = 'avg'
29.4767 	EXP 	window1: blendMode = 'avg'
29.4959 	EXP 	window1: blendMode = 'avg'
29.4962 	EXP 	window1: blendMode = 'avg'
29.5158 	EXP 	window1: blendMode = 'avg'
29.5162 	EXP 	window1: blendMode = 'avg'
29.5390 	EXP 	window1: blendMode = 'avg'
29.5396 	EXP 	window1: blendMode = 'avg'
29.5587 	EXP 	window1: blendMode = 'avg'
29.5598 	EXP 	window1: blendMode = 'avg'
29.5784 	EXP 	window1: blendMode = 'avg'
29.5792 	EXP 	window1: blendMode = 'avg'
29.5993 	EXP 	window1: blendMode = 'avg'
29.6004 	EXP 	window1: blendMode = 'avg'
29.6168 	EXP 	window1: blendMode = 'avg'
29.6175 	EXP 	window1: blendMode = 'avg'
29.6378 	EXP 	window1: blendMode = 'avg'
29.6388 	EXP 	window1: blendMode = 'avg'
29.6574 	EXP 	window1: blendMode = 'avg'
29.6581 	EXP 	window1: blendMode = 'avg'
29.6772 	EXP 	window1: blendMode = 'avg'
29.6779 	EXP 	window1: blendMode = 'avg'
29.6976 	EXP 	window1: blendMode = 'avg'
29.6986 	EXP 	window1: blendMode = 'avg'
29.7178 	EXP 	window1: blendMode = 'avg'
29.7189 	EXP 	window1: blendMode = 'avg'
29.7390 	EXP 	window1: blendMode = 'avg'
29.7397 	EXP 	window1: blendMode = 'avg'
29.7576 	EXP 	window1: blendMode = 'avg'
29.7583 	EXP 	window1: blendMode = 'avg'
29.7809 	EXP 	window1: blendMode = 'avg'
29.7820 	EXP 	window1: blendMode = 'avg'
29.7984 	EXP 	window1: blendMode = 'avg'
29.7991 	EXP 	window1: blendMode = 'avg'
29.8188 	EXP 	window1: blendMode = 'avg'
29.8198 	EXP 	window1: blendMode = 'avg'
29.8393 	EXP 	window1: blendMode = 'avg'
29.8404 	EXP 	window1: blendMode = 'avg'
29.8590 	EXP 	window1: blendMode = 'avg'
29.8600 	EXP 	window1: blendMode = 'avg'
29.8782 	EXP 	window1: blendMode = 'avg'
29.8789 	EXP 	window1: blendMode = 'avg'
29.8958 	EXP 	window1: blendMode = 'avg'
29.8962 	EXP 	window1: blendMode = 'avg'
29.9161 	EXP 	window1: blendMode = 'avg'
29.9165 	EXP 	window1: blendMode = 'avg'
29.9373 	EXP 	window1: blendMode = 'avg'
29.9378 	EXP 	window1: blendMode = 'avg'
29.9563 	EXP 	window1: blendMode = 'avg'
29.9568 	EXP 	window1: blendMode = 'avg'
29.9762 	EXP 	window1: blendMode = 'avg'
29.9768 	EXP 	window1: blendMode = 'avg'
29.9988 	DATA 	Keypress: lalt
30.0003 	EXP 	window1: blendMode = 'avg'
30.0008 	EXP 	window1: blendMode = 'avg'
30.0162 	EXP 	window1: blendMode = 'avg'
30.0166 	EXP 	window1: blendMode = 'avg'
30.0369 	EXP 	window1: blendMode = 'avg'
30.0376 	EXP 	window1: blendMode = 'avg'
30.0590 	EXP 	window1: blendMode = 'avg'
30.0595 	EXP 	window1: blendMode = 'avg'
30.0771 	EXP 	window1: blendMode = 'avg'
30.0778 	EXP 	window1: blendMode = 'avg'
30.0967 	EXP 	window1: blendMode = 'avg'
30.0974 	EXP 	window1: blendMode = 'avg'
30.1148 	EXP 	window1: blendMode = 'avg'
30.1151 	EXP 	window1: blendMode = 'avg'
30.1347 	EXP 	window1: blendMode = 'avg'
30.1351 	EXP 	window1: blendMode = 'avg'
30.1547 	EXP 	window1: blendMode = 'avg'
30.1550 	EXP 	window1: blendMode = 'avg'
30.1773 	EXP 	window1: blendMode = 'avg'
30.1780 	EXP 	window1: blendMode = 'avg'
30.2313 	EXP 	window1: blendMode = 'avg'
30.2335 	EXP 	window1: blendMode = 'avg'
30.2538 	EXP 	window1: blendMode = 'avg'
30.2546 	EXP 	window1: blendMode = 'avg'
30.2794 	EXP 	window1: blendMode = 'avg'
30.2806 	EXP 	window1: blendMode = 'avg'
30.3178 	EXP 	window1: blendMode = 'avg'
30.3183 	EXP 	window1: blendMode = 'avg'
30.3398 	EXP 	window1: blendMode = 'avg'
30.3402 	EXP 	window1: blendMode = 'avg'
30.3579 	EXP 	window1: blendMode = 'avg'
30.3581 	EXP 	window1: blendMode = 'avg'
30.3768 	EXP 	window1: blendMode = 'avg'
30.3771 	EXP 	window1: blendMode = 'avg'
30.3993 	EXP 	window1: blendMode = 'avg'
30.4001 	EXP 	window1: blendMode = 'avg'
30.4277 	EXP 	window1: blendMode = 'avg'
30.4328 	EXP 	window1: blendMode = 'avg'
30.4475 	EXP 	window1: blendMode = 'avg'
30.4484 	EXP 	window1: blendMode = 'avg'
30.4776 	EXP 	window1: blendMode = 'avg'
30.4783 	EXP 	window1: blendMode = 'avg'
30.4977 	EXP 	window1: blendMode = 'avg'
30.4983 	EXP 	window1: blendMode = 'avg'
30.5174 	EXP 	window1: blendMode = 'avg'
30.5179 	EXP 	window1: blendMode = 'avg'
30.5388 	EXP 	window1: blendMode = 'avg'
30.5394 	EXP 	window1: blendMode = 'avg'
30.5574 	EXP 	window1: blendMode = 'avg'
30.5584 	EXP 	window1: blendMode = 'avg'
30.5780 	EXP 	window1: blendMode = 'avg'
30.5785 	EXP 	window1: blendMode = 'avg'
30.5968 	EXP 	window1: blendMode = 'avg'
30.5973 	EXP 	window1: blendMode = 'avg'
30.6160 	EXP 	window1: blendMode = 'avg'
30.6164 	EXP 	window1: blendMode = 'avg'
30.6363 	EXP 	window1: blendMode = 'avg'
30.6367 	EXP 	window1: blendMode = 'avg'
30.6565 	EXP 	window1: blendMode = 'avg'
30.6569 	EXP 	window1: blendMode = 'avg'
30.6758 	EXP 	window1: blendMode = 'avg'
30.6762 	EXP 	window1: blendMode = 'avg'
30.6968 	EXP 	window1: blendMode = 'avg'
30.6975 	EXP 	window1: blendMode = 'avg'
30.7164 	EXP 	window1: blendMode = 'avg'
30.7169 	EXP 	window1: blendMode = 'avg'
30.7363 	EXP 	window1: blendMode = 'avg'
30.7368 	EXP 	window1: blendMode = 'avg'
30.7561 	EXP 	window1: blendMode = 'avg'
30.7565 	EXP 	window1: blendMode = 'avg'
30.7788 	EXP 	window1: blendMode = 'avg'
30.7793 	EXP 	window1: blendMode = 'avg'
30.8164 	EXP 	window1: blendMode = 'avg'
30.8171 	EXP 	window1: blendMode = 'avg'
30.8277 	EXP 	window1: blendMode = 'avg'
30.8284 	EXP 	window1: blendMode = 'avg'
30.8629 	EXP 	window1: blendMode = 'avg'
30.8667 	EXP 	window1: blendMode = 'avg'
30.8933 	EXP 	window1: blendMode = 'avg'
30.8939 	EXP 	window1: blendMode = 'avg'
30.9173 	EXP 	window1: blendMode = 'avg'
30.9176 	EXP 	window1: blendMode = 'avg'
30.9376 	EXP 	window1: blendMode = 'avg'
30.9379 	EXP 	window1: blendMode = 'avg'
30.9574 	EXP 	window1: blendMode = 'avg'
30.9577 	EXP 	window1: blendMode = 'avg'
30.9775 	EXP 	window1: blendMode = 'avg'
30.9777 	EXP 	window1: blendMode = 'avg'
30.9971 	EXP 	window1: blendMode = 'avg'
30.9973 	EXP 	window1: blendMode = 'avg'
31.0169 	EXP 	window1: blendMode = 'avg'
31.0173 	EXP 	window1: blendMode = 'avg'
31.0365 	EXP 	window1: blendMode = 'avg'
31.0368 	EXP 	window1: blendMode = 'avg'
31.0574 	EXP 	window1: blendMode = 'avg'
31.0577 	EXP 	window1: blendMode = 'avg'
31.0767 	EXP 	window1: blendMode = 'avg'
31.0770 	EXP 	window1: blendMode = 'avg'
31.0973 	EXP 	window1: blendMode = 'avg'
31.0976 	EXP 	window1: blendMode = 'avg'
31.1167 	EXP 	window1: blendMode = 'avg'
31.1180 	EXP 	window1: blendMode = 'avg'
31.1363 	EXP 	window1: blendMode = 'avg'
31.1366 	EXP 	window1: blendMode = 'avg'
31.1565 	EXP 	window1: blendMode = 'avg'
31.1569 	EXP 	window1: blendMode = 'avg'
31.1765 	EXP 	window1: blendMode = 'avg'
31.1768 	EXP 	window1: blendMode = 'avg'
31.1969 	EXP 	window1: blendMode = 'avg'
31.1972 	EXP 	window1: blendMode = 'avg'
31.2195 	EXP 	window1: blendMode = 'avg'
31.2205 	EXP 	window1: blendMode = 'avg'
31.2392 	EXP 	window1: blendMode = 'avg'
31.2398 	EXP 	window1: blendMode = 'avg'
31.2611 	EXP 	window1: blendMode = 'avg'
31.2618 	EXP 	window1: blendMode = 'avg'
31.2806 	EXP 	window1: blendMode = 'avg'
31.2813 	EXP 	window1: blendMode = 'avg'
31.3002 	EXP 	window1: blendMode = 'avg'
31.3008 	EXP 	window1: blendMode = 'avg'
31.3196 	EXP 	window1: blendMode = 'avg'
31.3203 	EXP 	window1: blendMode = 'avg'
31.3397 	EXP 	window1: blendMode = 'avg'
31.3404 	EXP 	window1: blendMode = 'avg'
31.3642 	EXP 	window1: blendMode = 'avg'
31.3648 	EXP 	window1: blendMode = 'avg'
31.3810 	EXP 	window1: blendMode = 'avg'
31.3816 	EXP 	window1: blendMode = 'avg'
31.3974 	EXP 	window1: blendMode = 'avg'
31.3978 	EXP 	window1: blendMode = 'avg'
31.4175 	EXP 	window1: blendMode = 'avg'
31.4179 	EXP 	window1: blendMode = 'avg'
31.4378 	EXP 	window1: blendMode = 'avg'
31.4382 	EXP 	window1: blendMode = 'avg'
31.4582 	EXP 	window1: blendMode = 'avg'
31.4585 	EXP 	window1: blendMode = 'avg'
31.4783 	EXP 	window1: blendMode = 'avg'
31.4787 	EXP 	window1: blendMode = 'avg'
31.4975 	EXP 	window1: blendMode = 'avg'
31.4979 	EXP 	window1: blendMode = 'avg'
31.5184 	EXP 	window1: blendMode = 'avg'
31.5189 	EXP 	window1: blendMode = 'avg'
31.5391 	EXP 	window1: blendMode = 'avg'
31.5397 	EXP 	window1: blendMode = 'avg'
31.5586 	EXP 	window1: blendMode = 'avg'
31.5592 	EXP 	window1: blendMode = 'avg'
31.5783 	EXP 	window1: blendMode = 'avg'
31.5790 	EXP 	window1: blendMode = 'avg'
31.5986 	EXP 	window1: blendMode = 'avg'
31.5993 	EXP 	window1: blendMode = 'avg'
31.6183 	EXP 	window1: blendMode = 'avg'
31.6191 	EXP 	window1: blendMode = 'avg'
31.6364 	EXP 	window1: blendMode = 'avg'
31.6368 	EXP 	window1: blendMode = 'avg'
31.6564 	EXP 	window1: blendMode = 'avg'
31.6569 	EXP 	window1: blendMode = 'avg'
31.6782 	EXP 	window1: blendMode = 'avg'
31.6789 	EXP 	window1: blendMode = 'avg'
31.6977 	EXP 	window1: blendMode = 'avg'
31.6983 	EXP 	window1: blendMode = 'avg'
31.7172 	EXP 	window1: blendMode = 'avg'
31.7177 	EXP 	window1: blendMode = 'avg'
31.7375 	EXP 	window1: blendMode = 'avg'
31.7380 	EXP 	window1: blendMode = 'avg'
31.7574 	EXP 	window1: blendMode = 'avg'
31.7585 	EXP 	window1: blendMode = 'avg'
31.7789 	EXP 	window1: blendMode = 'avg'
31.7799 	EXP 	window1: blendMode = 'avg'
31.7985 	EXP 	window1: blendMode = 'avg'
31.7991 	EXP 	window1: blendMode = 'avg'
31.8173 	EXP 	window1: blendMode = 'avg'
31.8178 	EXP 	window1: blendMode = 'avg'
31.8376 	EXP 	window1: blendMode = 'avg'
31.8382 	EXP 	window1: blendMode = 'avg'
31.8579 	EXP 	window1: blendMode = 'avg'
31.8586 	EXP 	window1: blendMode = 'avg'
31.8784 	EXP 	window1: blendMode = 'avg'
31.8789 	EXP 	window1: blendMode = 'avg'
31.8974 	EXP 	window1: blendMode = 'avg'
31.8979 	EXP 	window1: blendMode = 'avg'
31.9181 	EXP 	window1: blendMode = 'avg'
31.9186 	EXP 	window1: blendMode = 'avg'
31.9429 	EXP 	window1: blendMode = 'avg'
31.9439 	EXP 	window1: blendMode = 'avg'
31.9617 	EXP 	window1: blendMode = 'avg'
31.9626 	EXP 	window1: blendMode = 'avg'
31.9881 	EXP 	window1: blendMode = 'avg'
31.9888 	EXP 	window1: blendMode = 'avg'
32.0155 	EXP 	window1: blendMode = 'avg'
32.0160 	EXP 	window1: blendMode = 'avg'
32.0352 	EXP 	window1: blendMode = 'avg'
32.0359 	EXP 	window1: blendMode = 'avg'
32.0572 	EXP 	window1: blendMode = 'avg'
32.0578 	EXP 	window1: blendMode = 'avg'
32.0757 	EXP 	window1: blendMode = 'avg'
32.0760 	EXP 	window1: blendMode = 'avg'
32.0941 	EXP 	window1: blendMode = 'avg'
32.0943 	EXP 	window1: blendMode = 'avg'
32.1141 	EXP 	window1: blendMode = 'avg'
32.1144 	EXP 	window1: blendMode = 'avg'
32.1361 	EXP 	window1: blendMode = 'avg'
32.1368 	EXP 	window1: blendMode = 'avg'
32.1560 	EXP 	window1: blendMode = 'avg'
32.1564 	EXP 	window1: blendMode = 'avg'
32.1755 	EXP 	window1: blendMode = 'avg'
32.1759 	EXP 	window1: blendMode = 'avg'
32.1957 	EXP 	window1: blendMode = 'avg'
32.1961 	EXP 	window1: blendMode = 'avg'
32.2168 	EXP 	window1: blendMode = 'avg'
32.2173 	EXP 	window1: blendMode = 'avg'
32.2359 	EXP 	window1: blendMode = 'avg'
32.2365 	EXP 	window1: blendMode = 'avg'
32.2558 	EXP 	window1: blendMode = 'avg'
32.2562 	EXP 	window1: blendMode = 'avg'
32.2774 	EXP 	window1: blendMode = 'avg'
32.2780 	EXP 	window1: blendMode = 'avg'
32.2962 	EXP 	window1: blendMode = 'avg'
32.2967 	EXP 	window1: blendMode = 'avg'
32.3148 	EXP 	window1: blendMode = 'avg'
32.3153 	EXP 	window1: blendMode = 'avg'
32.3350 	EXP 	window1: blendMode = 'avg'
32.3354 	EXP 	window1: blendMode = 'avg'
32.3647 	EXP 	window1: blendMode = 'avg'
32.3654 	EXP 	window1: blendMode = 'avg'
32.4005 	EXP 	window1: blendMode = 'avg'
32.4013 	EXP 	window1: blendMode = 'avg'
32.4135 	EXP 	window1: blendMode = 'avg'
32.4152 	EXP 	window1: blendMode = 'avg'
32.4412 	EXP 	window1: blendMode = 'avg'
32.4450 	EXP 	window1: blendMode = 'avg'
32.4749 	EXP 	window1: blendMode = 'avg'
32.4771 	EXP 	window1: blendMode = 'avg'
32.4875 	EXP 	window1: blendMode = 'avg'
32.4883 	EXP 	window1: blendMode = 'avg'
32.5164 	EXP 	window1: blendMode = 'avg'
32.5173 	EXP 	window1: blendMode = 'avg'
32.5375 	EXP 	window1: blendMode = 'avg'
32.5379 	EXP 	window1: blendMode = 'avg'
32.5576 	EXP 	window1: blendMode = 'avg'
32.5580 	EXP 	window1: blendMode = 'avg'
32.5779 	EXP 	window1: blendMode = 'avg'
32.5783 	EXP 	window1: blendMode = 'avg'
32.5987 	EXP 	window1: blendMode = 'avg'
32.5994 	EXP 	window1: blendMode = 'avg'
32.6182 	EXP 	window1: blendMode = 'avg'
32.6191 	EXP 	window1: blendMode = 'avg'
32.6367 	EXP 	window1: blendMode = 'avg'
32.6371 	EXP 	window1: blendMode = 'avg'
32.6567 	EXP 	window1: blendMode = 'avg'
32.6570 	EXP 	window1: blendMode = 'avg'
32.6769 	EXP 	window1: blendMode = 'avg'
32.6772 	EXP 	window1: blendMode = 'avg'
32.6962 	EXP 	window1: blendMode = 'avg'
32.6965 	EXP 	window1: blendMode = 'avg'
32.7191 	EXP 	window1: blendMode = 'avg'
32.7200 	EXP 	window1: blendMode = 'avg'
32.7383 	EXP 	window1: blendMode = 'avg'
32.7388 	EXP 	window1: blendMode = 'avg'
32.7591 	EXP 	window1: blendMode = 'avg'
32.7600 	EXP 	window1: blendMode = 'avg'
32.7793 	EXP 	window1: blendMode = 'avg'
32.7803 	EXP 	window1: blendMode = 'avg'
32.7989 	EXP 	window1: blendMode = 'avg'
32.7995 	EXP 	window1: blendMode = 'avg'
32.8186 	EXP 	window1: blendMode = 'avg'
32.8191 	EXP 	window1: blendMode = 'avg'
32.8386 	EXP 	window1: blendMode = 'avg'
32.8394 	EXP 	window1: blendMode = 'avg'
32.8583 	EXP 	window1: blendMode = 'avg'
32.8588 	EXP 	window1: blendMode = 'avg'
32.8792 	EXP 	window1: blendMode = 'avg'
32.8798 	EXP 	window1: blendMode = 'avg'
32.8981 	EXP 	window1: blendMode = 'avg'
32.8986 	EXP 	window1: blendMode = 'avg'
32.9182 	EXP 	window1: blendMode = 'avg'
32.9188 	EXP 	window1: blendMode = 'avg'
32.9403 	EXP 	window1: blendMode = 'avg'
32.9408 	EXP 	window1: blendMode = 'avg'
32.9582 	EXP 	window1: blendMode = 'avg'
32.9587 	EXP 	window1: blendMode = 'avg'
32.9794 	EXP 	window1: blendMode = 'avg'
32.9799 	EXP 	window1: blendMode = 'avg'
32.9995 	EXP 	window1: blendMode = 'avg'
33.0001 	EXP 	window1: blendMode = 'avg'
33.0182 	EXP 	window1: blendMode = 'avg'
33.0188 	EXP 	window1: blendMode = 'avg'
33.0387 	EXP 	window1: blendMode = 'avg'
33.0395 	EXP 	window1: blendMode = 'avg'
33.0587 	EXP 	window1: blendMode = 'avg'
33.0593 	EXP 	window1: blendMode = 'avg'
33.0792 	EXP 	window1: blendMode = 'avg'
33.0797 	EXP 	window1: blendMode = 'avg'
33.0989 	EXP 	window1: blendMode = 'avg'
33.0994 	EXP 	window1: blendMode = 'avg'
33.1202 	EXP 	window1: blendMode = 'avg'
33.1209 	EXP 	window1: blendMode = 'avg'
33.1394 	EXP 	window1: blendMode = 'avg'
33.1400 	EXP 	window1: blendMode = 'avg'
33.1614 	EXP 	window1: blendMode = 'avg'
33.1620 	EXP 	window1: blendMode = 'avg'
33.1800 	EXP 	window1: blendMode = 'avg'
33.1815 	EXP 	window1: blendMode = 'avg'
33.1983 	EXP 	window1: blendMode = 'avg'
33.1989 	EXP 	window1: blendMode = 'avg'
33.2173 	EXP 	window1: blendMode = 'avg'
33.2177 	EXP 	window1: blendMode = 'avg'
33.2382 	EXP 	window1: blendMode = 'avg'
33.2388 	EXP 	window1: blendMode = 'avg'
33.2571 	EXP 	window1: blendMode = 'avg'
33.2575 	EXP 	window1: blendMode = 'avg'
33.2782 	EXP 	window1: blendMode = 'avg'
33.2786 	EXP 	window1: blendMode = 'avg'
33.2970 	EXP 	window1: blendMode = 'avg'
33.2973 	EXP 	window1: blendMode = 'avg'
33.3168 	EXP 	window1: blendMode = 'avg'
33.3171 	EXP 	window1: blendMode = 'avg'
33.3375 	EXP 	window1: blendMode = 'avg'
33.3378 	EXP 	window1: blendMode = 'avg'
33.3570 	EXP 	window1: blendMode = 'avg'
33.3574 	EXP 	window1: blendMode = 'avg'
33.3780 	EXP 	window1: blendMode = 'avg'
33.3784 	EXP 	window1: blendMode = 'avg'
33.3969 	EXP 	window1: blendMode = 'avg'
33.3972 	EXP 	window1: blendMode = 'avg'
33.4169 	EXP 	window1: blendMode = 'avg'
33.4173 	EXP 	window1: blendMode = 'avg'
33.4393 	EXP 	window1: blendMode = 'avg'
33.4399 	EXP 	window1: blendMode = 'avg'
33.4587 	EXP 	window1: blendMode = 'avg'
33.4593 	EXP 	window1: blendMode = 'avg'
33.4799 	EXP 	window1: blendMode = 'avg'
33.4805 	EXP 	window1: blendMode = 'avg'
33.5002 	EXP 	window1: blendMode = 'avg'
33.5011 	EXP 	window1: blendMode = 'avg'
33.5193 	EXP 	window1: blendMode = 'avg'
33.5199 	EXP 	window1: blendMode = 'avg'
33.5385 	EXP 	window1: blendMode = 'avg'
33.5391 	EXP 	window1: blendMode = 'avg'
33.5583 	EXP 	window1: blendMode = 'avg'
33.5589 	EXP 	window1: blendMode = 'avg'
33.5780 	EXP 	window1: blendMode = 'avg'
33.5790 	EXP 	window1: blendMode = 'avg'
33.5997 	EXP 	window1: blendMode = 'avg'
33.6004 	EXP 	window1: blendMode = 'avg'
33.6214 	EXP 	window1: blendMode = 'avg'
33.6224 	EXP 	window1: blendMode = 'avg'
33.6380 	EXP 	window1: blendMode = 'avg'
33.6389 	EXP 	window1: blendMode = 'avg'
33.6608 	EXP 	window1: blendMode = 'avg'
33.6617 	EXP 	window1: blendMode = 'avg'
33.6793 	EXP 	window1: blendMode = 'avg'
33.6812 	EXP 	window1: blendMode = 'avg'
33.6985 	EXP 	window1: blendMode = 'avg'
33.6993 	EXP 	window1: blendMode = 'avg'
33.7180 	EXP 	window1: blendMode = 'avg'
33.7186 	EXP 	window1: blendMode = 'avg'
33.7363 	EXP 	window1: blendMode = 'avg'
33.7367 	EXP 	window1: blendMode = 'avg'
33.7551 	EXP 	window1: blendMode = 'avg'
33.7554 	EXP 	window1: blendMode = 'avg'
33.7768 	EXP 	window1: blendMode = 'avg'
33.7778 	EXP 	window1: blendMode = 'avg'
33.7978 	EXP 	window1: blendMode = 'avg'
33.7984 	EXP 	window1: blendMode = 'avg'
33.8175 	EXP 	window1: blendMode = 'avg'
33.8185 	EXP 	window1: blendMode = 'avg'
33.8383 	EXP 	window1: blendMode = 'avg'
33.8392 	EXP 	window1: blendMode = 'avg'
33.8575 	EXP 	window1: blendMode = 'avg'
33.8584 	EXP 	window1: blendMode = 'avg'
33.8780 	EXP 	window1: blendMode = 'avg'
33.8786 	EXP 	window1: blendMode = 'avg'
33.8979 	EXP 	window1: blendMode = 'avg'
33.8984 	EXP 	window1: blendMode = 'avg'
33.9179 	EXP 	window1: blendMode = 'avg'
33.9185 	EXP 	window1: blendMode = 'avg'
33.9392 	EXP 	window1: blendMode = 'avg'
33.9398 	EXP 	window1: blendMode = 'avg'
33.9584 	EXP 	window1: blendMode = 'avg'
33.9590 	EXP 	window1: blendMode = 'avg'
33.9787 	EXP 	window1: blendMode = 'avg'
33.9793 	EXP 	window1: blendMode = 'avg'
33.9987 	EXP 	window1: blendMode = 'avg'
33.9996 	EXP 	window1: blendMode = 'avg'
34.0185 	EXP 	window1: blendMode = 'avg'
34.0191 	EXP 	window1: blendMode = 'avg'
34.0384 	EXP 	window1: blendMode = 'avg'
34.0390 	EXP 	window1: blendMode = 'avg'
34.0596 	EXP 	window1: blendMode = 'avg'
34.0602 	EXP 	window1: blendMode = 'avg'
34.0804 	EXP 	window1: blendMode = 'avg'
34.0809 	EXP 	window1: blendMode = 'avg'
34.1006 	EXP 	window1: blendMode = 'avg'
34.1018 	EXP 	window1: blendMode = 'avg'
34.1188 	EXP 	window1: blendMode = 'avg'
34.1196 	EXP 	window1: blendMode = 'avg'
34.1381 	EXP 	window1: blendMode = 'avg'
34.1387 	EXP 	window1: blendMode = 'avg'
34.1581 	EXP 	window1: blendMode = 'avg'
34.1587 	EXP 	window1: blendMode = 'avg'
34.1781 	EXP 	window1: blendMode = 'avg'
34.1786 	EXP 	window1: blendMode = 'avg'
34.1988 	EXP 	window1: blendMode = 'avg'
34.1994 	EXP 	window1: blendMode = 'avg'
34.2180 	EXP 	window1: blendMode = 'avg'
34.2186 	EXP 	window1: blendMode = 'avg'
34.2383 	EXP 	window1: blendMode = 'avg'
34.2389 	EXP 	window1: blendMode = 'avg'
34.2580 	EXP 	window1: blendMode = 'avg'
34.2586 	EXP 	window1: blendMode = 'avg'
34.2781 	EXP 	window1: blendMode = 'avg'
34.2784 	EXP 	window1: blendMode = 'avg'
34.2969 	EXP 	window1: blendMode = 'avg'
34.2972 	EXP 	window1: blendMode = 'avg'
34.3164 	EXP 	window1: blendMode = 'avg'
34.3167 	EXP 	window1: blendMode = 'avg'
34.3366 	EXP 	window1: blendMode = 'avg'
34.3370 	EXP 	window1: blendMode = 'avg'
34.3559 	EXP 	window1: blendMode = 'avg'
34.3561 	EXP 	window1: blendMode = 'avg'
34.3759 	EXP 	window1: blendMode = 'avg'
34.3761 	EXP 	window1: blendMode = 'avg'
34.3984 	EXP 	window1: blendMode = 'avg'
34.3995 	EXP 	window1: blendMode = 'avg'
34.4180 	EXP 	window1: blendMode = 'avg'
34.4189 	EXP 	window1: blendMode = 'avg'
34.4390 	EXP 	window1: blendMode = 'avg'
34.4399 	EXP 	window1: blendMode = 'avg'
34.4596 	EXP 	window1: blendMode = 'avg'
34.4602 	EXP 	window1: blendMode = 'avg'
34.4790 	EXP 	window1: blendMode = 'avg'
34.4797 	EXP 	window1: blendMode = 'avg'
34.4999 	EXP 	window1: blendMode = 'avg'
34.5004 	EXP 	window1: blendMode = 'avg'
34.5186 	EXP 	window1: blendMode = 'avg'
34.5193 	EXP 	window1: blendMode = 'avg'
34.5380 	EXP 	window1: blendMode = 'avg'
34.5385 	EXP 	window1: blendMode = 'avg'
34.5591 	EXP 	window1: blendMode = 'avg'
34.5597 	EXP 	window1: blendMode = 'avg'
34.5778 	EXP 	window1: blendMode = 'avg'
34.5784 	EXP 	window1: blendMode = 'avg'
34.5999 	EXP 	window1: blendMode = 'avg'
34.6007 	EXP 	window1: blendMode = 'avg'
34.6183 	EXP 	window1: blendMode = 'avg'
34.6193 	EXP 	window1: blendMode = 'avg'
34.6385 	EXP 	window1: blendMode = 'avg'
34.6391 	EXP 	window1: blendMode = 'avg'
34.6580 	EXP 	window1: blendMode = 'avg'
34.6586 	EXP 	window1: blendMode = 'avg'
34.6796 	EXP 	window1: blendMode = 'avg'
34.6803 	EXP 	window1: blendMode = 'avg'
34.6994 	EXP 	window1: blendMode = 'avg'
34.7003 	EXP 	window1: blendMode = 'avg'
34.7187 	EXP 	window1: blendMode = 'avg'
34.7192 	EXP 	window1: blendMode = 'avg'
34.7375 	EXP 	window1: blendMode = 'avg'
34.7380 	EXP 	window1: blendMode = 'avg'
34.7576 	EXP 	window1: blendMode = 'avg'
34.7581 	EXP 	window1: blendMode = 'avg'
34.7776 	EXP 	window1: blendMode = 'avg'
34.7778 	EXP 	window1: blendMode = 'avg'
34.7957 	EXP 	window1: blendMode = 'avg'
34.7960 	EXP 	window1: blendMode = 'avg'
34.8154 	EXP 	window1: blendMode = 'avg'
34.8157 	EXP 	window1: blendMode = 'avg'
34.8389 	EXP 	window1: blendMode = 'avg'
34.8396 	EXP 	window1: blendMode = 'avg'
34.8595 	EXP 	window1: blendMode = 'avg'
34.8601 	EXP 	window1: blendMode = 'avg'
34.8791 	EXP 	window1: blendMode = 'avg'
34.8797 	EXP 	window1: blendMode = 'avg'
34.9001 	EXP 	window1: blendMode = 'avg'
34.9008 	EXP 	window1: blendMode = 'avg'
34.9190 	EXP 	window1: blendMode = 'avg'
34.9196 	EXP 	window1: blendMode = 'avg'
34.9397 	EXP 	window1: blendMode = 'avg'
34.9403 	EXP 	window1: blendMode = 'avg'
34.9598 	EXP 	window1: blendMode = 'avg'
34.9605 	EXP 	window1: blendMode = 'avg'
34.9791 	EXP 	window1: blendMode = 'avg'
34.9797 	EXP 	window1: blendMode = 'avg'
35.0010 	EXP 	window1: blendMode = 'avg'
35.0020 	EXP 	window1: blendMode = 'avg'
35.0187 	EXP 	window1: blendMode = 'avg'
35.0193 	EXP 	window1: blendMode = 'avg'
35.0382 	EXP 	window1: blendMode = 'avg'
35.0388 	EXP 	window1: blendMode = 'avg'
35.0609 	EXP 	window1: blendMode = 'avg'
35.0618 	EXP 	window1: blendMode = 'avg'
35.0784 	EXP 	window1: blendMode = 'avg'
35.0790 	EXP 	window1: blendMode = 'avg'
35.0994 	EXP 	window1: blendMode = 'avg'
35.1000 	EXP 	window1: blendMode = 'avg'
35.1191 	EXP 	window1: blendMode = 'avg'
35.1200 	EXP 	window1: blendMode = 'avg'
35.1386 	EXP 	window1: blendMode = 'avg'
35.1394 	EXP 	window1: blendMode = 'avg'
35.1590 	EXP 	window1: blendMode = 'avg'
35.1596 	EXP 	window1: blendMode = 'avg'
35.1791 	EXP 	window1: blendMode = 'avg'
35.1801 	EXP 	window1: blendMode = 'avg'
35.1987 	EXP 	window1: blendMode = 'avg'
35.1997 	EXP 	window1: blendMode = 'avg'
35.2186 	EXP 	window1: blendMode = 'avg'
35.2192 	EXP 	window1: blendMode = 'avg'
35.2384 	EXP 	window1: blendMode = 'avg'
35.2390 	EXP 	window1: blendMode = 'avg'
35.2586 	EXP 	window1: blendMode = 'avg'
35.2602 	EXP 	window1: blendMode = 'avg'
35.2790 	EXP 	window1: blendMode = 'avg'
35.2797 	EXP 	window1: blendMode = 'avg'
35.2993 	EXP 	window1: blendMode = 'avg'
35.2999 	EXP 	window1: blendMode = 'avg'
35.3182 	EXP 	window1: blendMode = 'avg'
35.3189 	EXP 	window1: blendMode = 'avg'
35.3390 	EXP 	window1: blendMode = 'avg'
35.3398 	EXP 	window1: blendMode = 'avg'
35.3658 	EXP 	window1: blendMode = 'avg'
35.3664 	EXP 	window1: blendMode = 'avg'
35.3819 	EXP 	window1: blendMode = 'avg'
35.3825 	EXP 	window1: blendMode = 'avg'
35.4030 	EXP 	window1: blendMode = 'avg'
35.4042 	EXP 	window1: blendMode = 'avg'
35.4186 	EXP 	window1: blendMode = 'avg'
35.4192 	EXP 	window1: blendMode = 'avg'
35.4375 	EXP 	window1: blendMode = 'avg'
35.4380 	EXP 	window1: blendMode = 'avg'
35.4568 	EXP 	window1: blendMode = 'avg'
35.4571 	EXP 	window1: blendMode = 'avg'
35.4772 	EXP 	window1: blendMode = 'avg'
35.4776 	EXP 	window1: blendMode = 'avg'
35.5023 	EXP 	window1: blendMode = 'avg'
35.5034 	EXP 	window1: blendMode = 'avg'
35.5217 	EXP 	window1: blendMode = 'avg'
35.5223 	EXP 	window1: blendMode = 'avg'
35.5385 	EXP 	window1: blendMode = 'avg'
35.5394 	EXP 	window1: blendMode = 'avg'
35.5597 	EXP 	window1: blendMode = 'avg'
35.5604 	EXP 	window1: blendMode = 'avg'
35.5773 	EXP 	window1: blendMode = 'avg'
35.5780 	EXP 	window1: blendMode = 'avg'
35.5985 	EXP 	window1: blendMode = 'avg'
35.5993 	EXP 	window1: blendMode = 'avg'
35.6168 	EXP 	window1: blendMode = 'avg'
35.6175 	EXP 	window1: blendMode = 'avg'
35.6378 	EXP 	window1: blendMode = 'avg'
35.6388 	EXP 	window1: blendMode = 'avg'
35.6572 	EXP 	window1: blendMode = 'avg'
35.6578 	EXP 	window1: blendMode = 'avg'
35.6790 	EXP 	window1: blendMode = 'avg'
35.6810 	EXP 	window1: blendMode = 'avg'
35.6989 	EXP 	window1: blendMode = 'avg'
35.7002 	EXP 	window1: blendMode = 'avg'
35.7161 	EXP 	window1: blendMode = 'avg'
35.7167 	EXP 	window1: blendMode = 'avg'
35.7375 	EXP 	window1: blendMode = 'avg'
35.7382 	EXP 	window1: blendMode = 'avg'
35.7559 	EXP 	window1: blendMode = 'avg'
35.7563 	EXP 	window1: blendMode = 'avg'
35.7761 	EXP 	window1: blendMode = 'avg'
35.7767 	EXP 	window1: blendMode = 'avg'
35.7960 	EXP 	window1: blendMode = 'avg'
35.7964 	EXP 	window1: blendMode = 'avg'
35.8168 	EXP 	window1: blendMode = 'avg'
35.8173 	EXP 	window1: blendMode = 'avg'
35.8362 	EXP 	window1: blendMode = 'avg'
35.8368 	EXP 	window1: blendMode = 'avg'
35.8562 	EXP 	window1: blendMode = 'avg'
35.8568 	EXP 	window1: blendMode = 'avg'
35.8759 	EXP 	window1: blendMode = 'avg'
35.8763 	EXP 	window1: blendMode = 'avg'
35.8958 	EXP 	window1: blendMode = 'avg'
35.8962 	EXP 	window1: blendMode = 'avg'
35.9166 	EXP 	window1: blendMode = 'avg'
35.9171 	EXP 	window1: blendMode = 'avg'
35.9367 	EXP 	window1: blendMode = 'avg'
35.9371 	EXP 	window1: blendMode = 'avg'
35.9566 	EXP 	window1: blendMode = 'avg'
35.9570 	EXP 	window1: blendMode = 'avg'
35.9769 	EXP 	window1: blendMode = 'avg'
35.9773 	EXP 	window1: blendMode = 'avg'
35.9963 	EXP 	window1: blendMode = 'avg'
35.9967 	EXP 	window1: blendMode = 'avg'
36.0171 	EXP 	window1: blendMode = 'avg'
36.0175 	EXP 	window1: blendMode = 'avg'
36.0364 	EXP 	window1: blendMode = 'avg'
36.0368 	EXP 	window1: blendMode = 'avg'
36.0569 	EXP 	window1: blendMode = 'avg'
36.0572 	EXP 	window1: blendMode = 'avg'
36.0765 	EXP 	window1: blendMode = 'avg'
36.0769 	EXP 	window1: blendMode = 'avg'
36.0967 	EXP 	window1: blendMode = 'avg'
36.0971 	EXP 	window1: blendMode = 'avg'
36.1161 	EXP 	window1: blendMode = 'avg'
36.1165 	EXP 	window1: blendMode = 'avg'
36.1365 	EXP 	window1: blendMode = 'avg'
36.1369 	EXP 	window1: blendMode = 'avg'
36.1564 	EXP 	window1: blendMode = 'avg'
36.1568 	EXP 	window1: blendMode = 'avg'
36.1763 	EXP 	window1: blendMode = 'avg'
36.1766 	EXP 	window1: blendMode = 'avg'
36.1966 	EXP 	window1: blendMode = 'avg'
36.1970 	EXP 	window1: blendMode = 'avg'
36.2161 	EXP 	window1: blendMode = 'avg'
36.2165 	EXP 	window1: blendMode = 'avg'
36.2370 	EXP 	window1: blendMode = 'avg'
36.2374 	EXP 	window1: blendMode = 'avg'
36.2566 	EXP 	window1: blendMode = 'avg'
36.2570 	EXP 	window1: blendMode = 'avg'
36.2765 	EXP 	window1: blendMode = 'avg'
36.2769 	EXP 	window1: blendMode = 'avg'
36.2963 	EXP 	window1: blendMode = 'avg'
36.2967 	EXP 	window1: blendMode = 'avg'
36.3174 	EXP 	window1: blendMode = 'avg'
36.3178 	EXP 	window1: blendMode = 'avg'
36.3368 	EXP 	window1: blendMode = 'avg'
36.3373 	EXP 	window1: blendMode = 'avg'
36.3564 	EXP 	window1: blendMode = 'avg'
36.3568 	EXP 	window1: blendMode = 'avg'
36.3778 	EXP 	window1: blendMode = 'avg'
36.3783 	EXP 	window1: blendMode = 'avg'
36.3961 	EXP 	window1: blendMode = 'avg'
36.3966 	EXP 	window1: blendMode = 'avg'
36.4168 	EXP 	window1: blendMode = 'avg'
36.4175 	EXP 	window1: blendMode = 'avg'
36.4370 	EXP 	window1: blendMode = 'avg'
36.4374 	EXP 	window1: blendMode = 'avg'
36.4566 	EXP 	window1: blendMode = 'avg'
36.4570 	EXP 	window1: blendMode = 'avg'
36.4767 	EXP 	window1: blendMode = 'avg'
36.4772 	EXP 	window1: blendMode = 'avg'
36.4965 	EXP 	window1: blendMode = 'avg'
36.4969 	EXP 	window1: blendMode = 'avg'
36.5185 	EXP 	window1: blendMode = 'avg'
36.5191 	EXP 	window1: blendMode = 'avg'
36.5372 	EXP 	window1: blendMode = 'avg'
36.5378 	EXP 	window1: blendMode = 'avg'
36.5578 	EXP 	window1: blendMode = 'avg'
36.5583 	EXP 	window1: blendMode = 'avg'
36.5781 	EXP 	window1: blendMode = 'avg'
36.5788 	EXP 	window1: blendMode = 'avg'
36.5979 	EXP 	window1: blendMode = 'avg'
36.5987 	EXP 	window1: blendMode = 'avg'
36.6158 	EXP 	window1: blendMode = 'avg'
36.6161 	EXP 	window1: blendMode = 'avg'
36.6357 	EXP 	window1: blendMode = 'avg'
36.6359 	EXP 	window1: blendMode = 'avg'
36.6554 	EXP 	window1: blendMode = 'avg'
36.6558 	EXP 	window1: blendMode = 'avg'
36.6775 	EXP 	window1: blendMode = 'avg'
36.6780 	EXP 	window1: blendMode = 'avg'
36.6979 	EXP 	window1: blendMode = 'avg'
36.6985 	EXP 	window1: blendMode = 'avg'
36.7177 	EXP 	window1: blendMode = 'avg'
36.7185 	EXP 	window1: blendMode = 'avg'
36.7379 	EXP 	window1: blendMode = 'avg'
36.7385 	EXP 	window1: blendMode = 'avg'
36.7609 	EXP 	window1: blendMode = 'avg'
36.7615 	EXP 	window1: blendMode = 'avg'
36.7795 	EXP 	window1: blendMode = 'avg'
36.7805 	EXP 	window1: blendMode = 'avg'
36.7972 	EXP 	window1: blendMode = 'avg'
36.7976 	EXP 	window1: blendMode = 'avg'
36.8163 	EXP 	window1: blendMode = 'avg'
36.8167 	EXP 	window1: blendMode = 'avg'
36.8351 	EXP 	window1: blendMode = 'avg'
36.8353 	EXP 	window1: blendMode = 'avg'
36.8553 	EXP 	window1: blendMode = 'avg'
36.8556 	EXP 	window1: blendMode = 'avg'
36.8767 	EXP 	window1: blendMode = 'avg'
36.8772 	EXP 	window1: blendMode = 'avg'
36.8968 	EXP 	window1: blendMode = 'avg'
36.8973 	EXP 	window1: blendMode = 'avg'
36.9174 	EXP 	window1: blendMode = 'avg'
36.9183 	EXP 	window1: blendMode = 'avg'
36.9379 	EXP 	window1: blendMode = 'avg'
36.9384 	EXP 	window1: blendMode = 'avg'
36.9570 	EXP 	window1: blendMode = 'avg'
36.9575 	EXP 	window1: blendMode = 'avg'
36.9782 	EXP 	window1: blendMode = 'avg'
36.9787 	EXP 	window1: blendMode = 'avg'
36.9980 	EXP 	window1: blendMode = 'avg'
36.9985 	EXP 	window1: blendMode = 'avg'
37.0173 	EXP 	window1: blendMode = 'avg'
37.0179 	EXP 	window1: blendMode = 'avg'
37.0376 	EXP 	window1: blendMode = 'avg'
37.0381 	EXP 	window1: blendMode = 'avg'
37.0573 	EXP 	window1: blendMode = 'avg'
37.0578 	EXP 	window1: blendMode = 'avg'
37.0810 	EXP 	window1: blendMode = 'avg'
37.0829 	EXP 	window1: blendMode = 'avg'
37.1035 	EXP 	window1: blendMode = 'avg'
37.1061 	EXP 	window1: blendMode = 'avg'
37.1460 	EXP 	window1: blendMode = 'avg'
37.1467 	EXP 	window1: blendMode = 'avg'
37.1737 	EXP 	window1: blendMode = 'avg'
37.1740 	EXP 	window1: blendMode = 'avg'
37.1931 	EXP 	window1: blendMode = 'avg'
37.1934 	EXP 	window1: blendMode = 'avg'
37.2172 	EXP 	window1: blendMode = 'avg'
37.2184 	EXP 	window1: blendMode = 'avg'
37.2627 	EXP 	window1: blendMode = 'avg'
37.2634 	EXP 	window1: blendMode = 'avg'
37.2755 	EXP 	window1: blendMode = 'avg'
37.2759 	EXP 	window1: blendMode = 'avg'
37.2941 	EXP 	window1: blendMode = 'avg'
37.2945 	EXP 	window1: blendMode = 'avg'
37.3139 	EXP 	window1: blendMode = 'avg'
37.3145 	EXP 	window1: blendMode = 'avg'
37.3335 	EXP 	window1: blendMode = 'avg'
37.3338 	EXP 	window1: blendMode = 'avg'
37.3542 	EXP 	window1: blendMode = 'avg'
37.3546 	EXP 	window1: blendMode = 'avg'
37.3751 	EXP 	window1: blendMode = 'avg'
37.3755 	EXP 	window1: blendMode = 'avg'
37.3939 	EXP 	window1: blendMode = 'avg'
37.3945 	EXP 	window1: blendMode = 'avg'
37.4143 	EXP 	window1: blendMode = 'avg'
37.4146 	EXP 	window1: blendMode = 'avg'
37.4349 	EXP 	window1: blendMode = 'avg'
37.4352 	EXP 	window1: blendMode = 'avg'
37.4544 	EXP 	window1: blendMode = 'avg'
37.4548 	EXP 	window1: blendMode = 'avg'
37.4741 	EXP 	window1: blendMode = 'avg'
37.4745 	EXP 	window1: blendMode = 'avg'
37.4940 	EXP 	window1: blendMode = 'avg'
37.4944 	EXP 	window1: blendMode = 'avg'
37.5146 	EXP 	window1: blendMode = 'avg'
37.5152 	EXP 	window1: blendMode = 'avg'
37.5341 	EXP 	window1: blendMode = 'avg'
37.5347 	EXP 	window1: blendMode = 'avg'
37.5536 	EXP 	window1: blendMode = 'avg'
37.5540 	EXP 	window1: blendMode = 'avg'
37.5746 	EXP 	window1: blendMode = 'avg'
37.5752 	EXP 	window1: blendMode = 'avg'
37.5944 	EXP 	window1: blendMode = 'avg'
37.5950 	EXP 	window1: blendMode = 'avg'
37.6134 	EXP 	window1: blendMode = 'avg'
37.6141 	EXP 	window1: blendMode = 'avg'
37.6349 	EXP 	window1: blendMode = 'avg'
37.6355 	EXP 	window1: blendMode = 'avg'
37.6562 	EXP 	window1: blendMode = 'avg'
37.6566 	EXP 	window1: blendMode = 'avg'
37.6727 	EXP 	window1: blendMode = 'avg'
37.6730 	EXP 	window1: blendMode = 'avg'
37.6923 	EXP 	window1: blendMode = 'avg'
37.6926 	EXP 	window1: blendMode = 'avg'
37.7131 	EXP 	window1: blendMode = 'avg'
37.7135 	EXP 	window1: blendMode = 'avg'
37.7324 	EXP 	window1: blendMode = 'avg'
37.7327 	EXP 	window1: blendMode = 'avg'
37.7527 	EXP 	window1: blendMode = 'avg'
37.7530 	EXP 	window1: blendMode = 'avg'
37.7725 	EXP 	window1: blendMode = 'avg'
37.7730 	EXP 	window1: blendMode = 'avg'
37.7938 	EXP 	window1: blendMode = 'avg'
37.7942 	EXP 	window1: blendMode = 'avg'
37.8135 	EXP 	window1: blendMode = 'avg'
37.8140 	EXP 	window1: blendMode = 'avg'
37.8337 	EXP 	window1: blendMode = 'avg'
37.8342 	EXP 	window1: blendMode = 'avg'
37.8539 	EXP 	window1: blendMode = 'avg'
37.8545 	EXP 	window1: blendMode = 'avg'
37.8782 	EXP 	window1: blendMode = 'avg'
37.8787 	EXP 	window1: blendMode = 'avg'
37.8942 	EXP 	window1: blendMode = 'avg'
37.8946 	EXP 	window1: blendMode = 'avg'
37.9153 	EXP 	window1: blendMode = 'avg'
37.9160 	EXP 	window1: blendMode = 'avg'
37.9356 	EXP 	window1: blendMode = 'avg'
37.9361 	EXP 	window1: blendMode = 'avg'
37.9542 	EXP 	window1: blendMode = 'avg'
37.9546 	EXP 	window1: blendMode = 'avg'
37.9742 	EXP 	window1: blendMode = 'avg'
37.9747 	EXP 	window1: blendMode = 'avg'
37.9939 	EXP 	window1: blendMode = 'avg'
37.9943 	EXP 	window1: blendMode = 'avg'
38.0147 	EXP 	window1: blendMode = 'avg'
38.0153 	EXP 	window1: blendMode = 'avg'
38.0354 	EXP 	window1: blendMode = 'avg'
38.0358 	EXP 	window1: blendMode = 'avg'
38.0541 	EXP 	window1: blendMode = 'avg'
38.0549 	EXP 	window1: blendMode = 'avg'
38.0746 	EXP 	window1: blendMode = 'avg'
38.0750 	EXP 	window1: blendMode = 'avg'
38.0941 	EXP 	window1: blendMode = 'avg'
38.0945 	EXP 	window1: blendMode = 'avg'
38.1140 	EXP 	window1: blendMode = 'avg'
38.1145 	EXP 	window1: blendMode = 'avg'
38.1351 	EXP 	window1: blendMode = 'avg'
38.1359 	EXP 	window1: blendMode = 'avg'
38.1551 	EXP 	window1: blendMode = 'avg'
38.1557 	EXP 	window1: blendMode = 'avg'
38.1745 	EXP 	window1: blendMode = 'avg'
38.1749 	EXP 	window1: blendMode = 'avg'
38.1936 	EXP 	window1: blendMode = 'avg'
38.1941 	EXP 	window1: blendMode = 'avg'
38.2142 	EXP 	window1: blendMode = 'avg'
38.2147 	EXP 	window1: blendMode = 'avg'
38.2402 	EXP 	window1: blendMode = 'avg'
38.2409 	EXP 	window1: blendMode = 'avg'
38.2571 	EXP 	window1: blendMode = 'avg'
38.2581 	EXP 	window1: blendMode = 'avg'
38.2766 	EXP 	window1: blendMode = 'avg'
38.2773 	EXP 	window1: blendMode = 'avg'
38.2974 	EXP 	window1: blendMode = 'avg'
38.2981 	EXP 	window1: blendMode = 'avg'
38.3163 	EXP 	window1: blendMode = 'avg'
38.3170 	EXP 	window1: blendMode = 'avg'
38.3380 	EXP 	window1: blendMode = 'avg'
38.3391 	EXP 	window1: blendMode = 'avg'
38.3572 	EXP 	window1: blendMode = 'avg'
38.3579 	EXP 	window1: blendMode = 'avg'
38.3777 	EXP 	window1: blendMode = 'avg'
38.3784 	EXP 	window1: blendMode = 'avg'
38.3955 	EXP 	window1: blendMode = 'avg'
38.3961 	EXP 	window1: blendMode = 'avg'
38.4155 	EXP 	window1: blendMode = 'avg'
38.4162 	EXP 	window1: blendMode = 'avg'
38.4381 	EXP 	window1: blendMode = 'avg'
38.4389 	EXP 	window1: blendMode = 'avg'
38.4587 	EXP 	window1: blendMode = 'avg'
38.4598 	EXP 	window1: blendMode = 'avg'
38.4741 	EXP 	window1: blendMode = 'avg'
38.4746 	EXP 	window1: blendMode = 'avg'
38.4941 	EXP 	window1: blendMode = 'avg'
38.4945 	EXP 	window1: blendMode = 'avg'
38.5144 	EXP 	window1: blendMode = 'avg'
38.5148 	EXP 	window1: blendMode = 'avg'
38.5342 	EXP 	window1: blendMode = 'avg'
38.5346 	EXP 	window1: blendMode = 'avg'
38.5542 	EXP 	window1: blendMode = 'avg'
38.5560 	EXP 	window1: blendMode = 'avg'
38.5744 	EXP 	window1: blendMode = 'avg'
38.5749 	EXP 	window1: blendMode = 'avg'
38.5949 	EXP 	window1: blendMode = 'avg'
38.5956 	EXP 	window1: blendMode = 'avg'
38.6149 	EXP 	window1: blendMode = 'avg'
38.6153 	EXP 	window1: blendMode = 'avg'
38.6352 	EXP 	window1: blendMode = 'avg'
38.6359 	EXP 	window1: blendMode = 'avg'
38.6543 	EXP 	window1: blendMode = 'avg'
38.6548 	EXP 	window1: blendMode = 'avg'
38.6745 	EXP 	window1: blendMode = 'avg'
38.6749 	EXP 	window1: blendMode = 'avg'
38.6935 	EXP 	window1: blendMode = 'avg'
38.6940 	EXP 	window1: blendMode = 'avg'
38.7174 	EXP 	window1: blendMode = 'avg'
38.7183 	EXP 	window1: blendMode = 'avg'
38.7372 	EXP 	window1: blendMode = 'avg'
38.7384 	EXP 	window1: blendMode = 'avg'
38.7569 	EXP 	window1: blendMode = 'avg'
38.7579 	EXP 	window1: blendMode = 'avg'
38.7761 	EXP 	window1: blendMode = 'avg'
38.7768 	EXP 	window1: blendMode = 'avg'
38.7961 	EXP 	window1: blendMode = 'avg'
38.7965 	EXP 	window1: blendMode = 'avg'
38.8140 	EXP 	window1: blendMode = 'avg'
38.8144 	EXP 	window1: blendMode = 'avg'
38.8354 	EXP 	window1: blendMode = 'avg'
38.8361 	EXP 	window1: blendMode = 'avg'
38.8565 	EXP 	window1: blendMode = 'avg'
38.8572 	EXP 	window1: blendMode = 'avg'
38.8767 	EXP 	window1: blendMode = 'avg'
38.8773 	EXP 	window1: blendMode = 'avg'
38.8924 	EXP 	window1: blendMode = 'avg'
38.8927 	EXP 	window1: blendMode = 'avg'
38.9125 	EXP 	window1: blendMode = 'avg'
38.9128 	EXP 	window1: blendMode = 'avg'
38.9325 	EXP 	window1: blendMode = 'avg'
38.9331 	EXP 	window1: blendMode = 'avg'
38.9552 	EXP 	window1: blendMode = 'avg'
38.9559 	EXP 	window1: blendMode = 'avg'
38.9739 	EXP 	window1: blendMode = 'avg'
38.9743 	EXP 	window1: blendMode = 'avg'
38.9943 	EXP 	window1: blendMode = 'avg'
38.9949 	EXP 	window1: blendMode = 'avg'
39.0142 	EXP 	window1: blendMode = 'avg'
39.0146 	EXP 	window1: blendMode = 'avg'
39.0340 	EXP 	window1: blendMode = 'avg'
39.0346 	EXP 	window1: blendMode = 'avg'
39.0540 	EXP 	window1: blendMode = 'avg'
39.0546 	EXP 	window1: blendMode = 'avg'
39.0742 	EXP 	window1: blendMode = 'avg'
39.0746 	EXP 	window1: blendMode = 'avg'
39.0940 	EXP 	window1: blendMode = 'avg'
39.0944 	EXP 	window1: blendMode = 'avg'
39.1134 	EXP 	window1: blendMode = 'avg'
39.1138 	EXP 	window1: blendMode = 'avg'
39.1346 	EXP 	window1: blendMode = 'avg'
39.1353 	EXP 	window1: blendMode = 'avg'
39.1537 	EXP 	window1: blendMode = 'avg'
39.1541 	EXP 	window1: blendMode = 'avg'
39.1739 	EXP 	window1: blendMode = 'avg'
39.1743 	EXP 	window1: blendMode = 'avg'
39.1961 	EXP 	window1: blendMode = 'avg'
39.1968 	EXP 	window1: blendMode = 'avg'
39.2155 	EXP 	window1: blendMode = 'avg'
39.2163 	EXP 	window1: blendMode = 'avg'
39.2371 	EXP 	window1: blendMode = 'avg'
39.2378 	EXP 	window1: blendMode = 'avg'
39.2563 	EXP 	window1: blendMode = 'avg'
39.2569 	EXP 	window1: blendMode = 'avg'
39.2763 	EXP 	window1: blendMode = 'avg'
39.2770 	EXP 	window1: blendMode = 'avg'
39.2970 	EXP 	window1: blendMode = 'avg'
39.2977 	EXP 	window1: blendMode = 'avg'
39.3158 	EXP 	window1: blendMode = 'avg'
39.3164 	EXP 	window1: blendMode = 'avg'
39.3357 	EXP 	window1: blendMode = 'avg'
39.3373 	EXP 	window1: blendMode = 'avg'
39.3556 	EXP 	window1: blendMode = 'avg'
39.3563 	EXP 	window1: blendMode = 'avg'
39.3762 	EXP 	window1: blendMode = 'avg'
39.3768 	EXP 	window1: blendMode = 'avg'
39.3957 	EXP 	window1: blendMode = 'avg'
39.3964 	EXP 	window1: blendMode = 'avg'
39.4166 	EXP 	window1: blendMode = 'avg'
39.4174 	EXP 	window1: blendMode = 'avg'
39.4379 	EXP 	window1: blendMode = 'avg'
39.4392 	EXP 	window1: blendMode = 'avg'
39.4563 	EXP 	window1: blendMode = 'avg'
39.4570 	EXP 	window1: blendMode = 'avg'
39.4756 	EXP 	window1: blendMode = 'avg'
39.4765 	EXP 	window1: blendMode = 'avg'
39.4974 	EXP 	window1: blendMode = 'avg'
39.4983 	EXP 	window1: blendMode = 'avg'
39.5162 	EXP 	window1: blendMode = 'avg'
39.5170 	EXP 	window1: blendMode = 'avg'
39.5354 	EXP 	window1: blendMode = 'avg'
39.5366 	EXP 	window1: blendMode = 'avg'
39.5695 	DATA 	Mouse: Left button down, pos=(700,568)
39.5794 	EXP 	window1: blendMode = 'avg'
39.5805 	EXP 	window1: blendMode = 'avg'
39.5952 	EXP 	window1: blendMode = 'avg'
39.5964 	EXP 	window1: blendMode = 'avg'
39.6320 	EXP 	window1: blendMode = 'avg'
39.6324 	EXP 	window1: blendMode = 'avg'
39.6541 	EXP 	window1: blendMode = 'avg'
39.6548 	EXP 	window1: blendMode = 'avg'
39.6722 	DATA 	Mouse:  Left button up, pos=(700,568)
39.6734 	EXP 	window1: blendMode = 'avg'
39.6736 	EXP 	window1: blendMode = 'avg'
39.6926 	EXP 	window1: blendMode = 'avg'
39.6929 	EXP 	window1: blendMode = 'avg'
39.7129 	EXP 	window1: blendMode = 'avg'
39.7135 	EXP 	window1: blendMode = 'avg'
39.7354 	EXP 	window1: blendMode = 'avg'
39.7361 	EXP 	window1: blendMode = 'avg'
39.7553 	EXP 	window1: blendMode = 'avg'
39.7560 	EXP 	window1: blendMode = 'avg'
39.7753 	EXP 	window1: blendMode = 'avg'
39.7761 	EXP 	window1: blendMode = 'avg'
39.7949 	EXP 	window1: blendMode = 'avg'
39.7956 	EXP 	window1: blendMode = 'avg'
39.8158 	EXP 	window1: blendMode = 'avg'
39.8170 	EXP 	window1: blendMode = 'avg'
39.8352 	EXP 	window1: blendMode = 'avg'
39.8364 	EXP 	window1: blendMode = 'avg'
39.8542 	EXP 	window1: blendMode = 'avg'
39.8549 	EXP 	window1: blendMode = 'avg'
39.8740 	EXP 	window1: blendMode = 'avg'
39.8748 	EXP 	window1: blendMode = 'avg'
39.8940 	EXP 	window1: blendMode = 'avg'
39.8945 	EXP 	window1: blendMode = 'avg'
39.9131 	EXP 	window1: blendMode = 'avg'
39.9136 	EXP 	window1: blendMode = 'avg'
39.9329 	EXP 	window1: blendMode = 'avg'
39.9332 	EXP 	window1: blendMode = 'avg'
39.9525 	EXP 	window1: blendMode = 'avg'
39.9529 	EXP 	window1: blendMode = 'avg'
39.9728 	EXP 	window1: blendMode = 'avg'
39.9732 	EXP 	window1: blendMode = 'avg'
39.9941 	EXP 	window1: blendMode = 'avg'
39.9946 	EXP 	window1: blendMode = 'avg'
40.0139 	EXP 	window1: blendMode = 'avg'
40.0144 	EXP 	window1: blendMode = 'avg'
40.0341 	EXP 	window1: blendMode = 'avg'
40.0345 	EXP 	window1: blendMode = 'avg'
40.0542 	EXP 	window1: blendMode = 'avg'
40.0548 	EXP 	window1: blendMode = 'avg'
40.0736 	EXP 	window1: blendMode = 'avg'
40.0740 	EXP 	window1: blendMode = 'avg'
40.0941 	EXP 	window1: blendMode = 'avg'
40.0945 	EXP 	window1: blendMode = 'avg'
40.1133 	EXP 	window1: blendMode = 'avg'
40.1137 	EXP 	window1: blendMode = 'avg'
40.1338 	EXP 	window1: blendMode = 'avg'
40.1342 	EXP 	window1: blendMode = 'avg'
40.1538 	EXP 	window1: blendMode = 'avg'
40.1544 	EXP 	window1: blendMode = 'avg'
40.1735 	DATA 	Keypress: escape
