12.0972 	ERROR 	avbin.dll failed to load. Try importing psychopy.visual
  as the first library (before anything that uses scipy)
  and make sure that avbin is installed.
25.8124 	DATA 	Mouse: Left button down, pos=(950,19)
25.8128 	DATA 	Mouse:  Left button up, pos=(950,19)
26.2317 	EXP 	Created window1 = Window(allowGUI=False, allowStencil=False, autoLog=True, bitsMode=UNKNOWN, blendMode='avg', color=array([ 0.95,  0.95,  0.95]), colorSpace='rgb', fullscr=UNKNOWN, gamma=None, lms=UNKNOWN, monitor=<psychopy.monitors.calibTools.Monitor object at 0x1AEE4650>, multiSample=False, name='window1', numSamples=2, pos=[0, 0], screen=0, size=array([1600,  900]), stereo=False, units=u'norm', useFBO=True, useRetina=False, viewOri=0.0, viewPos=None, viewScale=None, waitBlanking=True, winType='pyglet')
26.2318 	EXP 	window1: recordFrameIntervals = False
26.4279 	EXP 	window1: recordFrameIntervals = True
26.6478 	EXP 	window1: recordFrameIntervals = False
27.1099 	EXP 	Created Orientation_Cue = TextStim(alignHoriz='center', alignVert='center', antialias=True, autoLog=True, bold=False, color=u'black', colorSpace='named', contrast=1.0, depth=0.0, flipHoriz=False, flipVert=False, font=u'Arial', fontFiles=[], height=0.1, italic=False, name='Orientation_Cue', opacity=1.0, ori=0, pos=array([ 0.,  0.]), rgb=array([ 0.,  0.,  0.]), text=u'\u25cb', units=u'norm', win=Window(...), wrapWidth=1)
27.1242 	EXP 	Created Ready_Cue = TextStim(alignHoriz='center', alignVert='center', antialias=True, autoLog=True, bold=False, color=u'black', colorSpace='named', contrast=1.0, depth=-1.0, flipHoriz=False, flipVert=False, font=u'Arial', fontFiles=[], height=0.1, italic=False, name='Ready_Cue', opacity=1.0, ori=0, pos=array([ 0.,  0.]), rgb=array([ 0.,  0.,  0.]), text=u'\u23fa', units=u'norm', win=Window(...), wrapWidth=1)
27.1590 	EXP 	Created Zoid_Left = ShapeStim(autoDraw=False, autoLog=True, closeShape=True, contrast=1.0, depth=-3.0, fillColor=array([ 0.05,  0.05,  0.05]), fillColorSpace='rgb', interpolate=True, lineColor=array([ 1.,  1.,  1.]), lineColorSpace='rgb', lineWidth=1, name='Zoid_Left', opacity=1.0, ori=array(0.0), pos=array([-5.,  0.]), size=array([ 1.,  1.]), units='cm', vertices=ndarray(...), win=Window(...), windingRule=None)
27.1606 	EXP 	Created Zoid_Right = ShapeStim(autoDraw=False, autoLog=True, closeShape=True, contrast=1.0, depth=-4.0, fillColor=array([ 0.05,  0.05,  0.05]), fillColorSpace='rgb', interpolate=True, lineColor=array([ 1.,  1.,  1.]), lineColorSpace='rgb', lineWidth=1, name='Zoid_Right', opacity=1.0, ori=array(0.0), pos=array([ 5.,  0.]), size=array([ 1.,  1.]), units='cm', vertices=ndarray(...), win=Window(...), windingRule=None)
27.2549 	EXP 	Created Button_Instructions = TextStim(alignHoriz='center', alignVert='center', antialias=True, autoLog=True, bold=False, color=u'white', colorSpace='named', contrast=1.0, depth=0.0, flipHoriz=False, flipVert=False, font=u'Arial', fontFiles=[], height=0.07, italic=False, name='Button_Instructions', opacity=1.0, ori=0, pos=array([ 0. ,  0.5]), rgb=array([ 255.,  255.,  255.]), text=unicode(...), units=u'norm', win=Window(...), wrapWidth=1)
27.2674 	EXP 	Created x_instruction = TextStim(alignHoriz='center', alignVert='center', antialias=True, autoLog=True, bold=False, color=u'tomato', colorSpace='named', contrast=1.0, depth=0.0, flipHoriz=False, flipVert=False, font=u'Arial', fontFiles=[], height=0.07, italic=False, name='x_instruction', opacity=1.0, ori=0, pos=array([-0.5, -0.8]), rgb=array([ 255.,   99.,   71.]), text=u'DIFFERENT\nx', units=u'norm', win=Window(...), wrapWidth=1)
27.2761 	EXP 	Created m_instruction = TextStim(alignHoriz='center', alignVert='center', antialias=True, autoLog=True, bold=False, color=u'lightseagreen', colorSpace='named', contrast=1.0, depth=0.0, flipHoriz=False, flipVert=False, font=u'Arial', fontFiles=[], height=0.07, italic=False, name='m_instruction', opacity=1.0, ori=0, pos=array([ 0.5, -0.8]), rgb=array([  32.,  178.,  170.]), text=u'SAME\nm', units=u'norm', win=Window(...), wrapWidth=1)
27.2957 	EXP 	Created Feedback_Screen = TextStim(alignHoriz='center', alignVert='center', antialias=True, autoLog=True, bold=False, color=u'black', colorSpace='named', contrast=1.0, depth=0.0, flipHoriz=False, flipVert=False, font=u'Arial', fontFiles=[], height=0.1, italic=False, name='Feedback_Screen', opacity=1.0, ori=0, pos=array([ 0.,  0.]), rgb=array([ 0.,  0.,  0.]), text=u'Placeholder_text', units=u'norm', win=Window(...), wrapWidth=1)
27.2995 	EXP 	window1: blendMode = 'avg'
27.3004 	EXP 	window1: blendMode = 'avg'
27.3008 	EXP 	window1: blendMode = 'avg'
27.3097 	EXP 	x_instruction: autoDraw = True
27.3097 	EXP 	m_instruction: autoDraw = True
27.3097 	EXP 	Button_Instructions: autoDraw = True
32.3120 	EXP 	Created sequence: random, trialTypes=1, nReps=121, seed=None
33.7265 	EXP 	New trial (rep=0, index=0): None
33.7273 	EXP 	window1: blendMode = 'avg'
33.7275 	EXP 	window1: blendMode = 'avg'
33.7278 	EXP 	window1: blendMode = 'avg'
33.7347 	EXP 	Button_Instructions: autoDraw = False
33.7347 	EXP 	Zoid_Left: vertices = ((0, -0.5), (-1, -0.5), (-1, -1.5), (1, -1.5), (1, 1.5), (0, 1.5))
33.7347 	EXP 	Zoid_Left: ori = 180
33.7347 	EXP 	Zoid_Right: vertices = ((0, -0.5), (1, -0.5), (1, -1.5), (-1, -1.5), (-1, 1.5), (0, 1.5))
33.7347 	EXP 	Zoid_Right: ori = 270
33.7347 	EXP 	Orientation_Cue: autoDraw = True
33.7353 	EXP 	window1: blendMode = 'avg'
33.7356 	EXP 	window1: blendMode = 'avg'
33.7358 	EXP 	window1: blendMode = 'avg'
33.7447 	EXP 	window1: blendMode = 'avg'
33.7449 	EXP 	window1: blendMode = 'avg'
33.7451 	EXP 	window1: blendMode = 'avg'
33.7649 	EXP 	window1: blendMode = 'avg'
33.7654 	EXP 	window1: blendMode = 'avg'
33.7657 	EXP 	window1: blendMode = 'avg'
33.7886 	EXP 	window1: blendMode = 'avg'
33.7895 	EXP 	window1: blendMode = 'avg'
33.7903 	EXP 	window1: blendMode = 'avg'
33.8071 	EXP 	window1: blendMode = 'avg'
33.8078 	EXP 	window1: blendMode = 'avg'
33.8084 	EXP 	window1: blendMode = 'avg'
33.8258 	EXP 	window1: blendMode = 'avg'
33.8265 	EXP 	window1: blendMode = 'avg'
33.8271 	EXP 	window1: blendMode = 'avg'
33.8461 	EXP 	window1: blendMode = 'avg'
33.8469 	EXP 	window1: blendMode = 'avg'
33.8475 	EXP 	window1: blendMode = 'avg'
33.8680 	EXP 	window1: blendMode = 'avg'
33.8687 	EXP 	window1: blendMode = 'avg'
33.8702 	EXP 	window1: blendMode = 'avg'
33.8865 	EXP 	window1: blendMode = 'avg'
33.8872 	EXP 	window1: blendMode = 'avg'
33.8879 	EXP 	window1: blendMode = 'avg'
33.9075 	EXP 	window1: blendMode = 'avg'
33.9082 	EXP 	window1: blendMode = 'avg'
33.9089 	EXP 	window1: blendMode = 'avg'
33.9263 	EXP 	window1: blendMode = 'avg'
33.9271 	EXP 	window1: blendMode = 'avg'
33.9278 	EXP 	window1: blendMode = 'avg'
33.9463 	EXP 	window1: blendMode = 'avg'
33.9471 	EXP 	window1: blendMode = 'avg'
33.9479 	EXP 	window1: blendMode = 'avg'
33.9672 	EXP 	window1: blendMode = 'avg'
33.9680 	EXP 	window1: blendMode = 'avg'
33.9686 	EXP 	window1: blendMode = 'avg'
33.9868 	EXP 	window1: blendMode = 'avg'
33.9875 	EXP 	window1: blendMode = 'avg'
33.9882 	EXP 	window1: blendMode = 'avg'
34.0069 	EXP 	window1: blendMode = 'avg'
34.0076 	EXP 	window1: blendMode = 'avg'
34.0083 	EXP 	window1: blendMode = 'avg'
34.0276 	EXP 	window1: blendMode = 'avg'
34.0284 	EXP 	window1: blendMode = 'avg'
34.0292 	EXP 	window1: blendMode = 'avg'
34.0472 	EXP 	window1: blendMode = 'avg'
34.0479 	EXP 	window1: blendMode = 'avg'
34.0486 	EXP 	window1: blendMode = 'avg'
34.0664 	EXP 	window1: blendMode = 'avg'
34.0672 	EXP 	window1: blendMode = 'avg'
34.0681 	EXP 	window1: blendMode = 'avg'
34.0872 	EXP 	window1: blendMode = 'avg'
34.0879 	EXP 	window1: blendMode = 'avg'
34.0885 	EXP 	window1: blendMode = 'avg'
34.1072 	EXP 	window1: blendMode = 'avg'
34.1079 	EXP 	window1: blendMode = 'avg'
34.1086 	EXP 	window1: blendMode = 'avg'
34.1284 	EXP 	window1: blendMode = 'avg'
34.1296 	EXP 	window1: blendMode = 'avg'
34.1308 	EXP 	window1: blendMode = 'avg'
34.1479 	EXP 	window1: blendMode = 'avg'
34.1490 	EXP 	window1: blendMode = 'avg'
34.1501 	EXP 	window1: blendMode = 'avg'
34.1679 	EXP 	window1: blendMode = 'avg'
34.1688 	EXP 	window1: blendMode = 'avg'
34.1697 	EXP 	window1: blendMode = 'avg'
34.1882 	EXP 	window1: blendMode = 'avg'
34.1890 	EXP 	window1: blendMode = 'avg'
34.1898 	EXP 	window1: blendMode = 'avg'
34.2075 	EXP 	window1: blendMode = 'avg'
34.2084 	EXP 	window1: blendMode = 'avg'
34.2092 	EXP 	window1: blendMode = 'avg'
34.2283 	EXP 	window1: blendMode = 'avg'
34.2292 	EXP 	window1: blendMode = 'avg'
34.2301 	EXP 	window1: blendMode = 'avg'
34.2485 	EXP 	window1: blendMode = 'avg'
34.2496 	EXP 	window1: blendMode = 'avg'
34.2503 	EXP 	window1: blendMode = 'avg'
34.2677 	EXP 	window1: blendMode = 'avg'
34.2683 	EXP 	window1: blendMode = 'avg'
34.2690 	EXP 	window1: blendMode = 'avg'
34.2865 	EXP 	window1: blendMode = 'avg'
34.2873 	EXP 	window1: blendMode = 'avg'
34.2879 	EXP 	window1: blendMode = 'avg'
34.3077 	EXP 	window1: blendMode = 'avg'
34.3084 	EXP 	window1: blendMode = 'avg'
34.3091 	EXP 	window1: blendMode = 'avg'
34.3263 	EXP 	window1: blendMode = 'avg'
34.3270 	EXP 	window1: blendMode = 'avg'
34.3276 	EXP 	window1: blendMode = 'avg'
34.3467 	EXP 	window1: blendMode = 'avg'
34.3475 	EXP 	window1: blendMode = 'avg'
34.3483 	EXP 	window1: blendMode = 'avg'
34.3672 	EXP 	window1: blendMode = 'avg'
34.3680 	EXP 	window1: blendMode = 'avg'
34.3687 	EXP 	window1: blendMode = 'avg'
34.3863 	EXP 	window1: blendMode = 'avg'
34.3870 	EXP 	window1: blendMode = 'avg'
34.3876 	EXP 	window1: blendMode = 'avg'
34.4065 	EXP 	window1: blendMode = 'avg'
34.4073 	EXP 	window1: blendMode = 'avg'
34.4079 	EXP 	window1: blendMode = 'avg'
34.4290 	EXP 	window1: blendMode = 'avg'
34.4298 	EXP 	window1: blendMode = 'avg'
34.4304 	EXP 	window1: blendMode = 'avg'
34.4469 	EXP 	window1: blendMode = 'avg'
34.4476 	EXP 	window1: blendMode = 'avg'
34.4483 	EXP 	window1: blendMode = 'avg'
34.4663 	EXP 	window1: blendMode = 'avg'
34.4670 	EXP 	window1: blendMode = 'avg'
34.4678 	EXP 	window1: blendMode = 'avg'
34.4870 	EXP 	window1: blendMode = 'avg'
34.4878 	EXP 	window1: blendMode = 'avg'
34.4885 	EXP 	window1: blendMode = 'avg'
34.5063 	EXP 	window1: blendMode = 'avg'
34.5070 	EXP 	window1: blendMode = 'avg'
34.5076 	EXP 	window1: blendMode = 'avg'
34.5277 	EXP 	window1: blendMode = 'avg'
34.5284 	EXP 	window1: blendMode = 'avg'
34.5291 	EXP 	window1: blendMode = 'avg'
34.5471 	EXP 	window1: blendMode = 'avg'
34.5479 	EXP 	window1: blendMode = 'avg'
34.5487 	EXP 	window1: blendMode = 'avg'
34.5668 	EXP 	window1: blendMode = 'avg'
34.5675 	EXP 	window1: blendMode = 'avg'
34.5681 	EXP 	window1: blendMode = 'avg'
34.5865 	EXP 	window1: blendMode = 'avg'
34.5875 	EXP 	window1: blendMode = 'avg'
34.5886 	EXP 	window1: blendMode = 'avg'
34.6071 	EXP 	window1: blendMode = 'avg'
34.6078 	EXP 	window1: blendMode = 'avg'
34.6085 	EXP 	window1: blendMode = 'avg'
34.6271 	EXP 	window1: blendMode = 'avg'
34.6279 	EXP 	window1: blendMode = 'avg'
34.6285 	EXP 	window1: blendMode = 'avg'
34.6467 	EXP 	window1: blendMode = 'avg'
34.6476 	EXP 	window1: blendMode = 'avg'
34.6483 	EXP 	window1: blendMode = 'avg'
34.6667 	EXP 	window1: blendMode = 'avg'
34.6674 	EXP 	window1: blendMode = 'avg'
34.6681 	EXP 	window1: blendMode = 'avg'
34.6866 	EXP 	window1: blendMode = 'avg'
34.6873 	EXP 	window1: blendMode = 'avg'
34.6880 	EXP 	window1: blendMode = 'avg'
34.7070 	EXP 	window1: blendMode = 'avg'
34.7078 	EXP 	window1: blendMode = 'avg'
34.7086 	EXP 	window1: blendMode = 'avg'
34.7282 	EXP 	window1: blendMode = 'avg'
34.7294 	EXP 	window1: blendMode = 'avg'
34.7306 	EXP 	window1: blendMode = 'avg'
34.7489 	EXP 	window1: blendMode = 'avg'
34.7500 	EXP 	window1: blendMode = 'avg'
34.7513 	EXP 	window1: blendMode = 'avg'
34.7653 	EXP 	window1: blendMode = 'avg'
34.7659 	EXP 	window1: blendMode = 'avg'
34.7664 	EXP 	window1: blendMode = 'avg'
34.7851 	EXP 	window1: blendMode = 'avg'
34.7856 	EXP 	window1: blendMode = 'avg'
34.7861 	EXP 	window1: blendMode = 'avg'
34.8062 	EXP 	window1: blendMode = 'avg'
34.8070 	EXP 	window1: blendMode = 'avg'
34.8077 	EXP 	window1: blendMode = 'avg'
34.8262 	EXP 	window1: blendMode = 'avg'
34.8269 	EXP 	window1: blendMode = 'avg'
34.8274 	EXP 	window1: blendMode = 'avg'
34.8488 	EXP 	window1: blendMode = 'avg'
34.8495 	EXP 	window1: blendMode = 'avg'
34.8500 	EXP 	window1: blendMode = 'avg'
34.8645 	EXP 	window1: blendMode = 'avg'
34.8648 	EXP 	window1: blendMode = 'avg'
34.8651 	EXP 	window1: blendMode = 'avg'
34.8847 	EXP 	window1: blendMode = 'avg'
34.8852 	EXP 	window1: blendMode = 'avg'
34.8855 	EXP 	window1: blendMode = 'avg'
34.9042 	EXP 	window1: blendMode = 'avg'
34.9046 	EXP 	window1: blendMode = 'avg'
34.9049 	EXP 	window1: blendMode = 'avg'
34.9245 	EXP 	window1: blendMode = 'avg'
34.9248 	EXP 	window1: blendMode = 'avg'
34.9252 	EXP 	window1: blendMode = 'avg'
34.9456 	EXP 	window1: blendMode = 'avg'
34.9463 	EXP 	window1: blendMode = 'avg'
34.9471 	EXP 	window1: blendMode = 'avg'
34.9663 	EXP 	window1: blendMode = 'avg'
34.9670 	EXP 	window1: blendMode = 'avg'
34.9677 	EXP 	window1: blendMode = 'avg'
34.9861 	EXP 	window1: blendMode = 'avg'
34.9869 	EXP 	window1: blendMode = 'avg'
34.9875 	EXP 	window1: blendMode = 'avg'
35.0064 	EXP 	window1: blendMode = 'avg'
35.0073 	EXP 	window1: blendMode = 'avg'
35.0079 	EXP 	window1: blendMode = 'avg'
35.0267 	EXP 	window1: blendMode = 'avg'
35.0275 	EXP 	window1: blendMode = 'avg'
35.0282 	EXP 	window1: blendMode = 'avg'
35.0476 	EXP 	window1: blendMode = 'avg'
35.0486 	EXP 	window1: blendMode = 'avg'
35.0493 	EXP 	window1: blendMode = 'avg'
35.0666 	EXP 	window1: blendMode = 'avg'
35.0673 	EXP 	window1: blendMode = 'avg'
35.0680 	EXP 	window1: blendMode = 'avg'
35.0865 	EXP 	window1: blendMode = 'avg'
35.0873 	EXP 	window1: blendMode = 'avg'
35.0879 	EXP 	window1: blendMode = 'avg'
35.1068 	EXP 	window1: blendMode = 'avg'
35.1075 	EXP 	window1: blendMode = 'avg'
35.1082 	EXP 	window1: blendMode = 'avg'
35.1265 	EXP 	window1: blendMode = 'avg'
35.1273 	EXP 	window1: blendMode = 'avg'
35.1280 	EXP 	window1: blendMode = 'avg'
35.1462 	EXP 	window1: blendMode = 'avg'
35.1470 	EXP 	window1: blendMode = 'avg'
35.1476 	EXP 	window1: blendMode = 'avg'
35.1665 	EXP 	window1: blendMode = 'avg'
35.1672 	EXP 	window1: blendMode = 'avg'
35.1678 	EXP 	window1: blendMode = 'avg'
35.1868 	EXP 	window1: blendMode = 'avg'
35.1875 	EXP 	window1: blendMode = 'avg'
35.1882 	EXP 	window1: blendMode = 'avg'
35.2062 	EXP 	window1: blendMode = 'avg'
35.2069 	EXP 	window1: blendMode = 'avg'
35.2075 	EXP 	window1: blendMode = 'avg'
35.2269 	EXP 	window1: blendMode = 'avg'
35.2276 	EXP 	window1: blendMode = 'avg'
35.2282 	EXP 	window1: blendMode = 'avg'
35.2474 	EXP 	window1: blendMode = 'avg'
35.2485 	EXP 	window1: blendMode = 'avg'
35.2503 	EXP 	window1: blendMode = 'avg'
35.2666 	EXP 	window1: blendMode = 'avg'
35.2674 	EXP 	window1: blendMode = 'avg'
35.2681 	EXP 	window1: blendMode = 'avg'
35.2881 	EXP 	window1: blendMode = 'avg'
35.2891 	EXP 	window1: blendMode = 'avg'
35.2901 	EXP 	window1: blendMode = 'avg'
35.3057 	EXP 	window1: blendMode = 'avg'
35.3062 	EXP 	window1: blendMode = 'avg'
35.3067 	EXP 	window1: blendMode = 'avg'
35.3258 	EXP 	window1: blendMode = 'avg'
35.3262 	EXP 	window1: blendMode = 'avg'
35.3267 	EXP 	window1: blendMode = 'avg'
35.3460 	EXP 	window1: blendMode = 'avg'
35.3464 	EXP 	window1: blendMode = 'avg'
35.3471 	EXP 	window1: blendMode = 'avg'
35.3662 	EXP 	window1: blendMode = 'avg'
35.3668 	EXP 	window1: blendMode = 'avg'
35.3673 	EXP 	window1: blendMode = 'avg'
35.3848 	EXP 	window1: blendMode = 'avg'
35.3853 	EXP 	window1: blendMode = 'avg'
35.3857 	EXP 	window1: blendMode = 'avg'
35.4047 	EXP 	window1: blendMode = 'avg'
35.4052 	EXP 	window1: blendMode = 'avg'
35.4056 	EXP 	window1: blendMode = 'avg'
35.4262 	EXP 	window1: blendMode = 'avg'
35.4270 	EXP 	window1: blendMode = 'avg'
35.4276 	EXP 	window1: blendMode = 'avg'
35.4469 	EXP 	window1: blendMode = 'avg'
35.4477 	EXP 	window1: blendMode = 'avg'
35.4483 	EXP 	window1: blendMode = 'avg'
35.4661 	EXP 	window1: blendMode = 'avg'
35.4668 	EXP 	window1: blendMode = 'avg'
35.4674 	EXP 	window1: blendMode = 'avg'
35.4861 	EXP 	window1: blendMode = 'avg'
35.4869 	EXP 	window1: blendMode = 'avg'
35.4875 	EXP 	window1: blendMode = 'avg'
35.5064 	EXP 	window1: blendMode = 'avg'
35.5072 	EXP 	window1: blendMode = 'avg'
35.5079 	EXP 	window1: blendMode = 'avg'
35.5259 	EXP 	window1: blendMode = 'avg'
35.5266 	EXP 	window1: blendMode = 'avg'
35.5273 	EXP 	window1: blendMode = 'avg'
35.5469 	EXP 	window1: blendMode = 'avg'
35.5477 	EXP 	window1: blendMode = 'avg'
35.5484 	EXP 	window1: blendMode = 'avg'
35.5666 	EXP 	window1: blendMode = 'avg'
35.5673 	EXP 	window1: blendMode = 'avg'
35.5680 	EXP 	window1: blendMode = 'avg'
35.5862 	EXP 	window1: blendMode = 'avg'
35.5872 	EXP 	window1: blendMode = 'avg'
35.5879 	EXP 	window1: blendMode = 'avg'
35.6062 	EXP 	window1: blendMode = 'avg'
35.6070 	EXP 	window1: blendMode = 'avg'
35.6077 	EXP 	window1: blendMode = 'avg'
35.6265 	EXP 	window1: blendMode = 'avg'
35.6272 	EXP 	window1: blendMode = 'avg'
35.6278 	EXP 	window1: blendMode = 'avg'
35.6471 	EXP 	window1: blendMode = 'avg'
35.6479 	EXP 	window1: blendMode = 'avg'
35.6486 	EXP 	window1: blendMode = 'avg'
35.6665 	EXP 	window1: blendMode = 'avg'
35.6674 	EXP 	window1: blendMode = 'avg'
35.6684 	EXP 	window1: blendMode = 'avg'
35.6860 	EXP 	window1: blendMode = 'avg'
35.6867 	EXP 	window1: blendMode = 'avg'
35.6873 	EXP 	window1: blendMode = 'avg'
35.7061 	EXP 	window1: blendMode = 'avg'
35.7069 	EXP 	window1: blendMode = 'avg'
35.7075 	EXP 	window1: blendMode = 'avg'
35.7261 	EXP 	window1: blendMode = 'avg'
35.7268 	EXP 	window1: blendMode = 'avg'
35.7459 	EXP 	Orientation_Cue: autoDraw = False
35.7475 	EXP 	window1: blendMode = 'avg'
35.7483 	EXP 	window1: blendMode = 'avg'
35.7497 	EXP 	window1: blendMode = 'avg'
35.7663 	EXP 	Ready_Cue: autoDraw = True
35.7676 	EXP 	window1: blendMode = 'avg'
35.7682 	EXP 	window1: blendMode = 'avg'
35.7689 	EXP 	window1: blendMode = 'avg'
35.7879 	EXP 	window1: blendMode = 'avg'
35.7887 	EXP 	window1: blendMode = 'avg'
35.7894 	EXP 	window1: blendMode = 'avg'
35.8072 	EXP 	window1: blendMode = 'avg'
35.8080 	EXP 	window1: blendMode = 'avg'
35.8087 	EXP 	window1: blendMode = 'avg'
35.8263 	EXP 	window1: blendMode = 'avg'
35.8273 	EXP 	window1: blendMode = 'avg'
35.8284 	EXP 	window1: blendMode = 'avg'
35.8468 	EXP 	window1: blendMode = 'avg'
35.8475 	EXP 	window1: blendMode = 'avg'
35.8483 	EXP 	window1: blendMode = 'avg'
35.8661 	EXP 	window1: blendMode = 'avg'
35.8668 	EXP 	window1: blendMode = 'avg'
35.8675 	EXP 	window1: blendMode = 'avg'
35.8873 	EXP 	window1: blendMode = 'avg'
35.8880 	EXP 	window1: blendMode = 'avg'
35.8886 	EXP 	window1: blendMode = 'avg'
35.9072 	EXP 	window1: blendMode = 'avg'
35.9079 	EXP 	window1: blendMode = 'avg'
35.9086 	EXP 	window1: blendMode = 'avg'
35.9265 	EXP 	window1: blendMode = 'avg'
35.9273 	EXP 	window1: blendMode = 'avg'
35.9281 	EXP 	window1: blendMode = 'avg'
35.9470 	EXP 	window1: blendMode = 'avg'
35.9477 	EXP 	window1: blendMode = 'avg'
35.9484 	EXP 	window1: blendMode = 'avg'
35.9663 	EXP 	window1: blendMode = 'avg'
35.9671 	EXP 	window1: blendMode = 'avg'
35.9678 	EXP 	window1: blendMode = 'avg'
35.9865 	EXP 	window1: blendMode = 'avg'
35.9872 	EXP 	window1: blendMode = 'avg'
35.9879 	EXP 	window1: blendMode = 'avg'
36.0064 	EXP 	window1: blendMode = 'avg'
36.0071 	EXP 	window1: blendMode = 'avg'
36.0078 	EXP 	window1: blendMode = 'avg'
36.0260 	EXP 	window1: blendMode = 'avg'
36.0267 	EXP 	window1: blendMode = 'avg'
36.0273 	EXP 	window1: blendMode = 'avg'
36.0466 	EXP 	window1: blendMode = 'avg'
36.0473 	EXP 	window1: blendMode = 'avg'
36.0479 	EXP 	window1: blendMode = 'avg'
36.0659 	EXP 	window1: blendMode = 'avg'
36.0666 	EXP 	window1: blendMode = 'avg'
36.0673 	EXP 	window1: blendMode = 'avg'
36.0864 	EXP 	window1: blendMode = 'avg'
36.0871 	EXP 	window1: blendMode = 'avg'
36.0878 	EXP 	window1: blendMode = 'avg'
36.1064 	EXP 	window1: blendMode = 'avg'
36.1071 	EXP 	window1: blendMode = 'avg'
36.1078 	EXP 	window1: blendMode = 'avg'
36.1265 	EXP 	window1: blendMode = 'avg'
36.1272 	EXP 	window1: blendMode = 'avg'
36.1279 	EXP 	window1: blendMode = 'avg'
36.1461 	EXP 	window1: blendMode = 'avg'
36.1469 	EXP 	window1: blendMode = 'avg'
36.1477 	EXP 	window1: blendMode = 'avg'
36.1670 	EXP 	window1: blendMode = 'avg'
36.1677 	EXP 	window1: blendMode = 'avg'
36.1684 	EXP 	window1: blendMode = 'avg'
36.1859 	EXP 	window1: blendMode = 'avg'
36.1867 	EXP 	window1: blendMode = 'avg'
36.1873 	EXP 	window1: blendMode = 'avg'
36.2064 	EXP 	window1: blendMode = 'avg'
36.2071 	EXP 	window1: blendMode = 'avg'
36.2078 	EXP 	window1: blendMode = 'avg'
36.2264 	EXP 	window1: blendMode = 'avg'
36.2271 	EXP 	window1: blendMode = 'avg'
36.2455 	EXP 	Ready_Cue: autoDraw = False
36.2478 	EXP 	window1: blendMode = 'avg'
36.2485 	EXP 	window1: blendMode = 'avg'
36.2703 	EXP 	Zoid_Left: autoDraw = True
36.2703 	EXP 	Zoid_Right: autoDraw = True
36.2721 	EXP 	window1: blendMode = 'avg'
36.2729 	EXP 	window1: blendMode = 'avg'
36.2871 	EXP 	window1: blendMode = 'avg'
36.2879 	EXP 	window1: blendMode = 'avg'
36.3062 	EXP 	window1: blendMode = 'avg'
36.3069 	EXP 	window1: blendMode = 'avg'
36.3259 	EXP 	window1: blendMode = 'avg'
36.3266 	EXP 	window1: blendMode = 'avg'
36.3462 	EXP 	window1: blendMode = 'avg'
36.3471 	EXP 	window1: blendMode = 'avg'
36.3664 	EXP 	window1: blendMode = 'avg'
36.3671 	EXP 	window1: blendMode = 'avg'
36.3869 	EXP 	window1: blendMode = 'avg'
36.3876 	EXP 	window1: blendMode = 'avg'
36.4071 	EXP 	window1: blendMode = 'avg'
36.4079 	EXP 	window1: blendMode = 'avg'
36.4294 	EXP 	window1: blendMode = 'avg'
36.4308 	EXP 	window1: blendMode = 'avg'
36.4481 	EXP 	window1: blendMode = 'avg'
36.4490 	EXP 	window1: blendMode = 'avg'
36.4675 	EXP 	window1: blendMode = 'avg'
36.4687 	EXP 	window1: blendMode = 'avg'
36.4871 	EXP 	window1: blendMode = 'avg'
36.4878 	EXP 	window1: blendMode = 'avg'
36.5075 	EXP 	window1: blendMode = 'avg'
36.5082 	EXP 	window1: blendMode = 'avg'
36.5257 	EXP 	window1: blendMode = 'avg'
36.5264 	EXP 	window1: blendMode = 'avg'
36.5467 	EXP 	window1: blendMode = 'avg'
36.5475 	EXP 	window1: blendMode = 'avg'
36.5663 	EXP 	window1: blendMode = 'avg'
36.5671 	EXP 	window1: blendMode = 'avg'
36.5860 	EXP 	window1: blendMode = 'avg'
36.5871 	EXP 	window1: blendMode = 'avg'
36.6067 	EXP 	window1: blendMode = 'avg'
36.6076 	EXP 	window1: blendMode = 'avg'
36.6262 	EXP 	window1: blendMode = 'avg'
36.6270 	EXP 	window1: blendMode = 'avg'
36.6462 	EXP 	window1: blendMode = 'avg'
36.6469 	EXP 	window1: blendMode = 'avg'
36.6662 	EXP 	window1: blendMode = 'avg'
36.6669 	EXP 	window1: blendMode = 'avg'
36.6860 	EXP 	window1: blendMode = 'avg'
36.6867 	EXP 	window1: blendMode = 'avg'
36.7061 	EXP 	window1: blendMode = 'avg'
36.7068 	EXP 	window1: blendMode = 'avg'
36.7259 	EXP 	window1: blendMode = 'avg'
36.7266 	EXP 	window1: blendMode = 'avg'
36.7462 	EXP 	window1: blendMode = 'avg'
36.7470 	EXP 	window1: blendMode = 'avg'
36.7658 	EXP 	window1: blendMode = 'avg'
36.7665 	EXP 	window1: blendMode = 'avg'
36.7860 	EXP 	window1: blendMode = 'avg'
36.7867 	EXP 	window1: blendMode = 'avg'
36.8065 	EXP 	window1: blendMode = 'avg'
36.8072 	EXP 	window1: blendMode = 'avg'
36.8271 	EXP 	window1: blendMode = 'avg'
36.8278 	EXP 	window1: blendMode = 'avg'
36.8481 	EXP 	window1: blendMode = 'avg'
36.8493 	EXP 	window1: blendMode = 'avg'
36.8659 	EXP 	window1: blendMode = 'avg'
36.8666 	EXP 	window1: blendMode = 'avg'
36.8860 	EXP 	window1: blendMode = 'avg'
36.8867 	EXP 	window1: blendMode = 'avg'
36.9057 	EXP 	window1: blendMode = 'avg'
36.9065 	EXP 	window1: blendMode = 'avg'
36.9270 	EXP 	window1: blendMode = 'avg'
36.9281 	EXP 	window1: blendMode = 'avg'
36.9471 	EXP 	window1: blendMode = 'avg'
36.9484 	EXP 	window1: blendMode = 'avg'
36.9671 	EXP 	window1: blendMode = 'avg'
36.9678 	EXP 	window1: blendMode = 'avg'
36.9862 	EXP 	window1: blendMode = 'avg'
36.9870 	EXP 	window1: blendMode = 'avg'
37.0062 	EXP 	window1: blendMode = 'avg'
37.0070 	EXP 	window1: blendMode = 'avg'
37.0259 	EXP 	window1: blendMode = 'avg'
37.0266 	EXP 	window1: blendMode = 'avg'
37.0467 	EXP 	window1: blendMode = 'avg'
37.0474 	EXP 	window1: blendMode = 'avg'
37.0660 	EXP 	window1: blendMode = 'avg'
37.0667 	EXP 	window1: blendMode = 'avg'
37.0858 	EXP 	window1: blendMode = 'avg'
37.0866 	EXP 	window1: blendMode = 'avg'
37.1062 	EXP 	window1: blendMode = 'avg'
37.1069 	EXP 	window1: blendMode = 'avg'
37.1266 	EXP 	window1: blendMode = 'avg'
37.1273 	EXP 	window1: blendMode = 'avg'
37.1458 	EXP 	window1: blendMode = 'avg'
37.1465 	EXP 	window1: blendMode = 'avg'
37.1667 	EXP 	window1: blendMode = 'avg'
37.1674 	EXP 	window1: blendMode = 'avg'
37.1858 	EXP 	window1: blendMode = 'avg'
37.1866 	EXP 	window1: blendMode = 'avg'
37.2057 	EXP 	window1: blendMode = 'avg'
37.2064 	EXP 	window1: blendMode = 'avg'
37.2257 	EXP 	window1: blendMode = 'avg'
37.2264 	EXP 	window1: blendMode = 'avg'
37.2468 	EXP 	window1: blendMode = 'avg'
37.2476 	EXP 	window1: blendMode = 'avg'
37.2658 	EXP 	window1: blendMode = 'avg'
37.2665 	EXP 	window1: blendMode = 'avg'
37.2860 	EXP 	window1: blendMode = 'avg'
37.2868 	EXP 	window1: blendMode = 'avg'
37.3061 	EXP 	window1: blendMode = 'avg'
37.3069 	EXP 	window1: blendMode = 'avg'
37.3258 	EXP 	window1: blendMode = 'avg'
37.3265 	EXP 	window1: blendMode = 'avg'
37.3463 	EXP 	window1: blendMode = 'avg'
37.3472 	EXP 	window1: blendMode = 'avg'
37.3669 	EXP 	window1: blendMode = 'avg'
37.3677 	EXP 	window1: blendMode = 'avg'
37.3860 	EXP 	window1: blendMode = 'avg'
37.3867 	EXP 	window1: blendMode = 'avg'
37.4061 	EXP 	window1: blendMode = 'avg'
37.4068 	EXP 	window1: blendMode = 'avg'
37.4260 	EXP 	window1: blendMode = 'avg'
37.4267 	EXP 	window1: blendMode = 'avg'
37.4462 	EXP 	window1: blendMode = 'avg'
37.4474 	EXP 	window1: blendMode = 'avg'
37.4659 	EXP 	window1: blendMode = 'avg'
37.4666 	EXP 	window1: blendMode = 'avg'
37.4859 	EXP 	window1: blendMode = 'avg'
37.4866 	EXP 	window1: blendMode = 'avg'
37.5059 	EXP 	window1: blendMode = 'avg'
37.5066 	EXP 	window1: blendMode = 'avg'
37.5263 	EXP 	window1: blendMode = 'avg'
37.5270 	EXP 	window1: blendMode = 'avg'
37.5479 	EXP 	window1: blendMode = 'avg'
37.5490 	EXP 	window1: blendMode = 'avg'
37.5674 	EXP 	window1: blendMode = 'avg'
37.5681 	EXP 	window1: blendMode = 'avg'
37.5866 	EXP 	window1: blendMode = 'avg'
37.5874 	EXP 	window1: blendMode = 'avg'
37.6081 	EXP 	window1: blendMode = 'avg'
37.6093 	EXP 	window1: blendMode = 'avg'
37.6266 	EXP 	window1: blendMode = 'avg'
37.6273 	EXP 	window1: blendMode = 'avg'
37.6468 	EXP 	window1: blendMode = 'avg'
37.6478 	EXP 	window1: blendMode = 'avg'
37.6657 	EXP 	window1: blendMode = 'avg'
37.6665 	EXP 	window1: blendMode = 'avg'
37.6858 	EXP 	window1: blendMode = 'avg'
37.6865 	EXP 	window1: blendMode = 'avg'
37.7056 	EXP 	window1: blendMode = 'avg'
37.7064 	EXP 	window1: blendMode = 'avg'
37.7266 	EXP 	window1: blendMode = 'avg'
37.7274 	EXP 	window1: blendMode = 'avg'
37.7455 	EXP 	window1: blendMode = 'avg'
37.7462 	EXP 	window1: blendMode = 'avg'
37.7669 	EXP 	window1: blendMode = 'avg'
37.7677 	EXP 	window1: blendMode = 'avg'
37.7860 	EXP 	window1: blendMode = 'avg'
37.7868 	EXP 	window1: blendMode = 'avg'
37.8059 	EXP 	window1: blendMode = 'avg'
37.8066 	EXP 	window1: blendMode = 'avg'
37.8267 	EXP 	window1: blendMode = 'avg'
37.8275 	EXP 	window1: blendMode = 'avg'
37.8481 	EXP 	window1: blendMode = 'avg'
37.8493 	EXP 	window1: blendMode = 'avg'
37.8673 	EXP 	window1: blendMode = 'avg'
37.8684 	EXP 	window1: blendMode = 'avg'
37.8875 	EXP 	window1: blendMode = 'avg'
37.8885 	EXP 	window1: blendMode = 'avg'
37.9189 	EXP 	window1: blendMode = 'avg'
37.9199 	EXP 	window1: blendMode = 'avg'
37.9434 	EXP 	window1: blendMode = 'avg'
37.9439 	EXP 	window1: blendMode = 'avg'
37.9638 	EXP 	window1: blendMode = 'avg'
37.9641 	EXP 	window1: blendMode = 'avg'
37.9838 	EXP 	window1: blendMode = 'avg'
37.9842 	EXP 	window1: blendMode = 'avg'
38.0035 	EXP 	window1: blendMode = 'avg'
38.0038 	EXP 	window1: blendMode = 'avg'
38.0234 	EXP 	window1: blendMode = 'avg'
38.0238 	EXP 	window1: blendMode = 'avg'
38.0464 	EXP 	window1: blendMode = 'avg'
38.0473 	EXP 	window1: blendMode = 'avg'
38.0665 	EXP 	window1: blendMode = 'avg'
38.0672 	EXP 	window1: blendMode = 'avg'
38.0855 	EXP 	window1: blendMode = 'avg'
38.0863 	EXP 	window1: blendMode = 'avg'
38.1064 	EXP 	window1: blendMode = 'avg'
38.1071 	EXP 	window1: blendMode = 'avg'
38.1256 	EXP 	window1: blendMode = 'avg'
38.1263 	EXP 	window1: blendMode = 'avg'
38.1460 	EXP 	window1: blendMode = 'avg'
38.1469 	EXP 	window1: blendMode = 'avg'
38.1656 	EXP 	window1: blendMode = 'avg'
38.1664 	EXP 	window1: blendMode = 'avg'
38.1859 	EXP 	window1: blendMode = 'avg'
38.1866 	EXP 	window1: blendMode = 'avg'
38.2058 	EXP 	window1: blendMode = 'avg'
38.2065 	EXP 	window1: blendMode = 'avg'
38.2259 	EXP 	window1: blendMode = 'avg'
38.2266 	EXP 	window1: blendMode = 'avg'
38.2460 	EXP 	window1: blendMode = 'avg'
38.2468 	EXP 	window1: blendMode = 'avg'
38.2659 	EXP 	window1: blendMode = 'avg'
38.2667 	EXP 	window1: blendMode = 'avg'
38.2857 	EXP 	window1: blendMode = 'avg'
38.2864 	EXP 	window1: blendMode = 'avg'
38.3071 	EXP 	window1: blendMode = 'avg'
38.3078 	EXP 	window1: blendMode = 'avg'
38.3263 	EXP 	window1: blendMode = 'avg'
38.3269 	EXP 	window1: blendMode = 'avg'
38.3454 	EXP 	window1: blendMode = 'avg'
38.3461 	EXP 	window1: blendMode = 'avg'
38.3661 	EXP 	window1: blendMode = 'avg'
38.3668 	EXP 	window1: blendMode = 'avg'
38.3861 	EXP 	window1: blendMode = 'avg'
38.3868 	EXP 	window1: blendMode = 'avg'
38.4058 	EXP 	window1: blendMode = 'avg'
38.4065 	EXP 	window1: blendMode = 'avg'
38.4253 	EXP 	window1: blendMode = 'avg'
38.4260 	EXP 	window1: blendMode = 'avg'
38.4454 	EXP 	window1: blendMode = 'avg'
38.4461 	EXP 	window1: blendMode = 'avg'
38.4663 	EXP 	window1: blendMode = 'avg'
38.4673 	EXP 	window1: blendMode = 'avg'
38.4857 	EXP 	window1: blendMode = 'avg'
38.4865 	EXP 	window1: blendMode = 'avg'
38.5064 	EXP 	window1: blendMode = 'avg'
38.5071 	EXP 	window1: blendMode = 'avg'
38.5256 	EXP 	window1: blendMode = 'avg'
38.5263 	EXP 	window1: blendMode = 'avg'
38.5457 	EXP 	window1: blendMode = 'avg'
38.5464 	EXP 	window1: blendMode = 'avg'
38.5661 	EXP 	window1: blendMode = 'avg'
38.5668 	EXP 	window1: blendMode = 'avg'
38.5857 	EXP 	window1: blendMode = 'avg'
38.5865 	EXP 	window1: blendMode = 'avg'
38.6070 	EXP 	window1: blendMode = 'avg'
38.6078 	EXP 	window1: blendMode = 'avg'
38.6253 	EXP 	window1: blendMode = 'avg'
38.6260 	EXP 	window1: blendMode = 'avg'
38.6454 	EXP 	window1: blendMode = 'avg'
38.6463 	EXP 	window1: blendMode = 'avg'
38.6659 	EXP 	window1: blendMode = 'avg'
38.6669 	EXP 	window1: blendMode = 'avg'
38.6873 	EXP 	window1: blendMode = 'avg'
38.6881 	EXP 	window1: blendMode = 'avg'
38.7087 	EXP 	window1: blendMode = 'avg'
38.7096 	EXP 	window1: blendMode = 'avg'
38.7253 	EXP 	window1: blendMode = 'avg'
38.7259 	EXP 	window1: blendMode = 'avg'
38.7447 	EXP 	window1: blendMode = 'avg'
38.7452 	EXP 	window1: blendMode = 'avg'
38.7658 	EXP 	window1: blendMode = 'avg'
38.7663 	EXP 	window1: blendMode = 'avg'
38.7841 	EXP 	window1: blendMode = 'avg'
38.7846 	EXP 	window1: blendMode = 'avg'
38.8048 	EXP 	window1: blendMode = 'avg'
38.8053 	EXP 	window1: blendMode = 'avg'
38.8250 	EXP 	window1: blendMode = 'avg'
38.8257 	EXP 	window1: blendMode = 'avg'
38.8457 	EXP 	window1: blendMode = 'avg'
38.8464 	EXP 	window1: blendMode = 'avg'
38.8658 	EXP 	window1: blendMode = 'avg'
38.8669 	EXP 	window1: blendMode = 'avg'
38.8855 	EXP 	window1: blendMode = 'avg'
38.8863 	EXP 	window1: blendMode = 'avg'
38.9064 	EXP 	window1: blendMode = 'avg'
38.9072 	EXP 	window1: blendMode = 'avg'
38.9257 	EXP 	window1: blendMode = 'avg'
38.9264 	EXP 	window1: blendMode = 'avg'
38.9461 	EXP 	window1: blendMode = 'avg'
38.9473 	EXP 	window1: blendMode = 'avg'
38.9668 	EXP 	window1: blendMode = 'avg'
38.9679 	EXP 	window1: blendMode = 'avg'
38.9868 	EXP 	window1: blendMode = 'avg'
38.9876 	EXP 	window1: blendMode = 'avg'
39.0072 	EXP 	window1: blendMode = 'avg'
39.0082 	EXP 	window1: blendMode = 'avg'
39.0271 	EXP 	window1: blendMode = 'avg'
39.0279 	EXP 	window1: blendMode = 'avg'
39.0453 	EXP 	window1: blendMode = 'avg'
39.0460 	EXP 	window1: blendMode = 'avg'
39.0656 	EXP 	window1: blendMode = 'avg'
39.0664 	EXP 	window1: blendMode = 'avg'
39.0855 	EXP 	window1: blendMode = 'avg'
39.0862 	EXP 	window1: blendMode = 'avg'
39.1066 	EXP 	window1: blendMode = 'avg'
39.1073 	EXP 	window1: blendMode = 'avg'
39.1251 	EXP 	window1: blendMode = 'avg'
39.1258 	EXP 	window1: blendMode = 'avg'
39.1455 	EXP 	window1: blendMode = 'avg'
39.1464 	EXP 	window1: blendMode = 'avg'
39.1657 	EXP 	window1: blendMode = 'avg'
39.1665 	EXP 	window1: blendMode = 'avg'
39.1856 	EXP 	window1: blendMode = 'avg'
39.1863 	EXP 	window1: blendMode = 'avg'
39.2058 	EXP 	window1: blendMode = 'avg'
39.2065 	EXP 	window1: blendMode = 'avg'
39.2267 	EXP 	window1: blendMode = 'avg'
39.2274 	EXP 	window1: blendMode = 'avg'
39.2455 	EXP 	window1: blendMode = 'avg'
39.2462 	EXP 	window1: blendMode = 'avg'
39.2657 	EXP 	window1: blendMode = 'avg'
39.2665 	EXP 	window1: blendMode = 'avg'
39.2852 	EXP 	window1: blendMode = 'avg'
39.2859 	EXP 	window1: blendMode = 'avg'
39.3051 	EXP 	window1: blendMode = 'avg'
39.3058 	EXP 	window1: blendMode = 'avg'
39.3258 	EXP 	window1: blendMode = 'avg'
39.3266 	EXP 	window1: blendMode = 'avg'
39.3452 	EXP 	window1: blendMode = 'avg'
39.3459 	EXP 	window1: blendMode = 'avg'
39.3660 	EXP 	window1: blendMode = 'avg'
39.3669 	EXP 	window1: blendMode = 'avg'
39.3853 	EXP 	window1: blendMode = 'avg'
39.3860 	EXP 	window1: blendMode = 'avg'
39.4054 	EXP 	window1: blendMode = 'avg'
39.4062 	EXP 	window1: blendMode = 'avg'
39.4250 	EXP 	window1: blendMode = 'avg'
39.4262 	EXP 	window1: blendMode = 'avg'
39.4461 	EXP 	window1: blendMode = 'avg'
39.4470 	EXP 	window1: blendMode = 'avg'
39.4650 	EXP 	window1: blendMode = 'avg'
39.4658 	EXP 	window1: blendMode = 'avg'
39.4851 	EXP 	window1: blendMode = 'avg'
39.4858 	EXP 	window1: blendMode = 'avg'
39.5052 	EXP 	window1: blendMode = 'avg'
39.5061 	EXP 	window1: blendMode = 'avg'
39.5250 	EXP 	window1: blendMode = 'avg'
39.5257 	EXP 	window1: blendMode = 'avg'
39.5454 	EXP 	window1: blendMode = 'avg'
39.5461 	EXP 	window1: blendMode = 'avg'
39.5653 	EXP 	window1: blendMode = 'avg'
39.5660 	EXP 	window1: blendMode = 'avg'
39.5853 	EXP 	window1: blendMode = 'avg'
39.5864 	EXP 	window1: blendMode = 'avg'
39.6060 	EXP 	window1: blendMode = 'avg'
39.6067 	EXP 	window1: blendMode = 'avg'
39.6254 	EXP 	window1: blendMode = 'avg'
39.6261 	EXP 	window1: blendMode = 'avg'
39.6458 	EXP 	window1: blendMode = 'avg'
39.6466 	EXP 	window1: blendMode = 'avg'
39.6658 	EXP 	window1: blendMode = 'avg'
39.6665 	EXP 	window1: blendMode = 'avg'
39.6854 	EXP 	window1: blendMode = 'avg'
39.6861 	EXP 	window1: blendMode = 'avg'
39.7055 	EXP 	window1: blendMode = 'avg'
39.7063 	EXP 	window1: blendMode = 'avg'
39.7257 	EXP 	window1: blendMode = 'avg'
39.7264 	EXP 	window1: blendMode = 'avg'
39.7455 	EXP 	window1: blendMode = 'avg'
39.7463 	EXP 	window1: blendMode = 'avg'
39.7651 	EXP 	window1: blendMode = 'avg'
39.7658 	EXP 	window1: blendMode = 'avg'
39.7861 	EXP 	window1: blendMode = 'avg'
39.7869 	EXP 	window1: blendMode = 'avg'
39.8066 	EXP 	window1: blendMode = 'avg'
39.8074 	EXP 	window1: blendMode = 'avg'
39.8275 	EXP 	window1: blendMode = 'avg'
39.8288 	EXP 	window1: blendMode = 'avg'
39.8469 	EXP 	window1: blendMode = 'avg'
39.8476 	EXP 	window1: blendMode = 'avg'
39.8675 	EXP 	window1: blendMode = 'avg'
39.8683 	EXP 	window1: blendMode = 'avg'
39.8879 	EXP 	window1: blendMode = 'avg'
39.8901 	EXP 	window1: blendMode = 'avg'
39.9063 	EXP 	window1: blendMode = 'avg'
39.9070 	EXP 	window1: blendMode = 'avg'
39.9267 	EXP 	window1: blendMode = 'avg'
39.9274 	EXP 	window1: blendMode = 'avg'
39.9452 	EXP 	window1: blendMode = 'avg'
39.9460 	EXP 	window1: blendMode = 'avg'
39.9650 	EXP 	window1: blendMode = 'avg'
39.9657 	EXP 	window1: blendMode = 'avg'
39.9853 	EXP 	window1: blendMode = 'avg'
39.9860 	EXP 	window1: blendMode = 'avg'
40.0066 	EXP 	window1: blendMode = 'avg'
40.0076 	EXP 	window1: blendMode = 'avg'
40.0267 	EXP 	window1: blendMode = 'avg'
40.0275 	EXP 	window1: blendMode = 'avg'
40.0467 	EXP 	window1: blendMode = 'avg'
40.0478 	EXP 	window1: blendMode = 'avg'
40.0676 	EXP 	window1: blendMode = 'avg'
40.0683 	EXP 	window1: blendMode = 'avg'
40.0870 	EXP 	window1: blendMode = 'avg'
40.0879 	EXP 	window1: blendMode = 'avg'
40.1074 	EXP 	window1: blendMode = 'avg'
40.1082 	EXP 	window1: blendMode = 'avg'
40.1257 	EXP 	window1: blendMode = 'avg'
40.1265 	EXP 	window1: blendMode = 'avg'
40.1450 	EXP 	window1: blendMode = 'avg'
40.1457 	EXP 	window1: blendMode = 'avg'
40.1658 	EXP 	window1: blendMode = 'avg'
40.1665 	EXP 	window1: blendMode = 'avg'
40.1854 	EXP 	window1: blendMode = 'avg'
40.1861 	EXP 	window1: blendMode = 'avg'
40.2051 	EXP 	window1: blendMode = 'avg'
40.2058 	EXP 	window1: blendMode = 'avg'
40.2267 	EXP 	window1: blendMode = 'avg'
40.2275 	EXP 	window1: blendMode = 'avg'
40.2451 	EXP 	window1: blendMode = 'avg'
40.2461 	EXP 	window1: blendMode = 'avg'
40.2656 	EXP 	window1: blendMode = 'avg'
40.2664 	EXP 	window1: blendMode = 'avg'
40.2850 	EXP 	window1: blendMode = 'avg'
40.2857 	EXP 	window1: blendMode = 'avg'
40.3055 	EXP 	window1: blendMode = 'avg'
40.3063 	EXP 	window1: blendMode = 'avg'
40.3248 	EXP 	window1: blendMode = 'avg'
40.3255 	EXP 	window1: blendMode = 'avg'
40.3449 	EXP 	window1: blendMode = 'avg'
40.3456 	EXP 	window1: blendMode = 'avg'
40.3651 	EXP 	window1: blendMode = 'avg'
40.3658 	EXP 	window1: blendMode = 'avg'
40.3849 	EXP 	window1: blendMode = 'avg'
40.3857 	EXP 	window1: blendMode = 'avg'
40.4055 	EXP 	window1: blendMode = 'avg'
40.4062 	EXP 	window1: blendMode = 'avg'
40.4253 	EXP 	window1: blendMode = 'avg'
40.4261 	EXP 	window1: blendMode = 'avg'
40.4449 	EXP 	window1: blendMode = 'avg'
40.4456 	EXP 	window1: blendMode = 'avg'
40.4656 	EXP 	window1: blendMode = 'avg'
40.4664 	EXP 	window1: blendMode = 'avg'
40.4848 	EXP 	window1: blendMode = 'avg'
40.4856 	EXP 	window1: blendMode = 'avg'
40.5058 	EXP 	window1: blendMode = 'avg'
40.5065 	EXP 	window1: blendMode = 'avg'
40.5259 	EXP 	window1: blendMode = 'avg'
40.5265 	EXP 	window1: blendMode = 'avg'
40.5461 	EXP 	window1: blendMode = 'avg'
40.5469 	EXP 	window1: blendMode = 'avg'
40.5650 	EXP 	window1: blendMode = 'avg'
40.5657 	EXP 	window1: blendMode = 'avg'
40.5849 	EXP 	window1: blendMode = 'avg'
40.5858 	EXP 	window1: blendMode = 'avg'
40.6054 	EXP 	window1: blendMode = 'avg'
40.6061 	EXP 	window1: blendMode = 'avg'
40.6250 	EXP 	window1: blendMode = 'avg'
40.6257 	EXP 	window1: blendMode = 'avg'
40.6448 	EXP 	window1: blendMode = 'avg'
40.6455 	EXP 	window1: blendMode = 'avg'
40.6651 	EXP 	window1: blendMode = 'avg'
40.6659 	EXP 	window1: blendMode = 'avg'
40.6852 	EXP 	window1: blendMode = 'avg'
40.6860 	EXP 	window1: blendMode = 'avg'
40.7055 	EXP 	window1: blendMode = 'avg'
40.7062 	EXP 	window1: blendMode = 'avg'
40.7258 	EXP 	window1: blendMode = 'avg'
40.7265 	EXP 	window1: blendMode = 'avg'
40.7449 	EXP 	window1: blendMode = 'avg'
40.7457 	EXP 	window1: blendMode = 'avg'
40.7654 	EXP 	window1: blendMode = 'avg'
40.7661 	EXP 	window1: blendMode = 'avg'
40.7851 	EXP 	window1: blendMode = 'avg'
40.7858 	EXP 	window1: blendMode = 'avg'
40.8052 	EXP 	window1: blendMode = 'avg'
40.8059 	EXP 	window1: blendMode = 'avg'
40.8253 	EXP 	window1: blendMode = 'avg'
40.8260 	EXP 	window1: blendMode = 'avg'
40.8448 	EXP 	window1: blendMode = 'avg'
40.8455 	EXP 	window1: blendMode = 'avg'
40.8658 	EXP 	window1: blendMode = 'avg'
40.8665 	EXP 	window1: blendMode = 'avg'
40.8849 	EXP 	window1: blendMode = 'avg'
40.8857 	EXP 	window1: blendMode = 'avg'
40.9051 	EXP 	window1: blendMode = 'avg'
40.9058 	EXP 	window1: blendMode = 'avg'
40.9263 	EXP 	window1: blendMode = 'avg'
40.9272 	EXP 	window1: blendMode = 'avg'
40.9475 	EXP 	window1: blendMode = 'avg'
40.9486 	EXP 	window1: blendMode = 'avg'
40.9681 	EXP 	window1: blendMode = 'avg'
40.9693 	EXP 	window1: blendMode = 'avg'
40.9851 	EXP 	window1: blendMode = 'avg'
40.9856 	EXP 	window1: blendMode = 'avg'
41.0039 	EXP 	window1: blendMode = 'avg'
41.0042 	EXP 	window1: blendMode = 'avg'
41.0230 	EXP 	window1: blendMode = 'avg'
41.0233 	EXP 	window1: blendMode = 'avg'
41.0428 	EXP 	window1: blendMode = 'avg'
41.0432 	EXP 	window1: blendMode = 'avg'
41.0663 	EXP 	window1: blendMode = 'avg'
41.0671 	EXP 	window1: blendMode = 'avg'
41.0853 	EXP 	window1: blendMode = 'avg'
41.0861 	EXP 	window1: blendMode = 'avg'
41.1053 	EXP 	window1: blendMode = 'avg'
41.1061 	EXP 	window1: blendMode = 'avg'
41.1262 	EXP 	window1: blendMode = 'avg'
41.1273 	EXP 	window1: blendMode = 'avg'
41.1459 	EXP 	window1: blendMode = 'avg'
41.1467 	EXP 	window1: blendMode = 'avg'
41.1657 	EXP 	window1: blendMode = 'avg'
41.1665 	EXP 	window1: blendMode = 'avg'
41.1855 	EXP 	window1: blendMode = 'avg'
41.1862 	EXP 	window1: blendMode = 'avg'
41.2052 	EXP 	window1: blendMode = 'avg'
41.2060 	EXP 	window1: blendMode = 'avg'
41.2256 	EXP 	window1: blendMode = 'avg'
41.2268 	EXP 	window1: blendMode = 'avg'
41.2449 	EXP 	window1: blendMode = 'avg'
41.2456 	EXP 	window1: blendMode = 'avg'
41.2656 	EXP 	window1: blendMode = 'avg'
41.2664 	EXP 	window1: blendMode = 'avg'
41.2847 	EXP 	window1: blendMode = 'avg'
41.2855 	EXP 	window1: blendMode = 'avg'
41.3050 	EXP 	window1: blendMode = 'avg'
41.3058 	EXP 	window1: blendMode = 'avg'
41.3249 	EXP 	window1: blendMode = 'avg'
41.3257 	EXP 	window1: blendMode = 'avg'
41.3452 	EXP 	window1: blendMode = 'avg'
41.3459 	EXP 	window1: blendMode = 'avg'
41.3659 	EXP 	window1: blendMode = 'avg'
41.3670 	EXP 	window1: blendMode = 'avg'
41.3849 	EXP 	window1: blendMode = 'avg'
41.3857 	EXP 	window1: blendMode = 'avg'
41.4056 	EXP 	window1: blendMode = 'avg'
41.4063 	EXP 	window1: blendMode = 'avg'
41.4252 	EXP 	window1: blendMode = 'avg'
41.4260 	EXP 	window1: blendMode = 'avg'
41.4450 	EXP 	window1: blendMode = 'avg'
41.4457 	EXP 	window1: blendMode = 'avg'
41.4646 	EXP 	window1: blendMode = 'avg'
41.4654 	EXP 	window1: blendMode = 'avg'
41.4847 	EXP 	window1: blendMode = 'avg'
41.4854 	EXP 	window1: blendMode = 'avg'
41.5047 	EXP 	window1: blendMode = 'avg'
41.5055 	EXP 	window1: blendMode = 'avg'
41.5257 	EXP 	window1: blendMode = 'avg'
41.5265 	EXP 	window1: blendMode = 'avg'
41.5448 	EXP 	window1: blendMode = 'avg'
41.5455 	EXP 	window1: blendMode = 'avg'
41.5649 	EXP 	window1: blendMode = 'avg'
41.5657 	EXP 	window1: blendMode = 'avg'
41.5848 	EXP 	window1: blendMode = 'avg'
41.5856 	EXP 	window1: blendMode = 'avg'
41.6051 	EXP 	window1: blendMode = 'avg'
41.6058 	EXP 	window1: blendMode = 'avg'
41.6256 	EXP 	window1: blendMode = 'avg'
41.6263 	EXP 	window1: blendMode = 'avg'
41.6446 	EXP 	window1: blendMode = 'avg'
41.6454 	EXP 	window1: blendMode = 'avg'
41.6652 	EXP 	window1: blendMode = 'avg'
41.6659 	EXP 	window1: blendMode = 'avg'
41.6849 	EXP 	window1: blendMode = 'avg'
41.6856 	EXP 	window1: blendMode = 'avg'
41.7048 	EXP 	window1: blendMode = 'avg'
41.7056 	EXP 	window1: blendMode = 'avg'
41.7252 	EXP 	window1: blendMode = 'avg'
41.7260 	EXP 	window1: blendMode = 'avg'
41.7447 	EXP 	window1: blendMode = 'avg'
41.7454 	EXP 	window1: blendMode = 'avg'
41.7652 	EXP 	window1: blendMode = 'avg'
41.7659 	EXP 	window1: blendMode = 'avg'
41.7846 	EXP 	window1: blendMode = 'avg'
41.7853 	EXP 	window1: blendMode = 'avg'
41.8048 	EXP 	window1: blendMode = 'avg'
41.8056 	EXP 	window1: blendMode = 'avg'
41.8254 	EXP 	window1: blendMode = 'avg'
41.8266 	EXP 	window1: blendMode = 'avg'
41.8446 	EXP 	window1: blendMode = 'avg'
41.8452 	EXP 	window1: blendMode = 'avg'
41.8652 	EXP 	window1: blendMode = 'avg'
41.8660 	EXP 	window1: blendMode = 'avg'
41.8849 	EXP 	window1: blendMode = 'avg'
41.8856 	EXP 	window1: blendMode = 'avg'
41.9048 	EXP 	window1: blendMode = 'avg'
41.9055 	EXP 	window1: blendMode = 'avg'
41.9252 	DATA 	Keypress: x
41.9553 	EXP 	New trial (rep=1, index=0): None
41.9605 	EXP 	window1: blendMode = 'avg'
41.9613 	EXP 	window1: blendMode = 'avg'
41.9619 	EXP 	window1: blendMode = 'avg'
41.9714 	EXP 	Orientation_Cue: autoDraw = False
41.9714 	EXP 	Ready_Cue: autoDraw = False
41.9714 	EXP 	Zoid_Left: autoDraw = False
41.9714 	EXP 	Zoid_Right: autoDraw = False
41.9714 	EXP 	Zoid_Left: vertices = ((0, -0.5), (-1, -0.5), (-1, -1.5), (1, -1.5), (1, 1.5), (0, 1.5))
41.9714 	EXP 	Zoid_Left: ori = 0
41.9714 	EXP 	Zoid_Right: vertices = ((-0.5, 0), (-1.5, 0), (-1.5, 1), (0.5, 1), (0.5, 0), (1.5, 0), (1.5, -1), (-0.5, -1))
41.9714 	EXP 	Zoid_Right: ori = 90
41.9714 	EXP 	Orientation_Cue: autoDraw = True
41.9728 	EXP 	window1: blendMode = 'avg'
41.9736 	EXP 	window1: blendMode = 'avg'
41.9742 	EXP 	window1: blendMode = 'avg'
41.9860 	EXP 	window1: blendMode = 'avg'
41.9868 	EXP 	window1: blendMode = 'avg'
41.9875 	EXP 	window1: blendMode = 'avg'
42.0052 	EXP 	window1: blendMode = 'avg'
42.0060 	EXP 	window1: blendMode = 'avg'
42.0066 	EXP 	window1: blendMode = 'avg'
42.0248 	EXP 	window1: blendMode = 'avg'
42.0258 	EXP 	window1: blendMode = 'avg'
42.0270 	EXP 	window1: blendMode = 'avg'
42.0480 	EXP 	window1: blendMode = 'avg'
42.0492 	EXP 	window1: blendMode = 'avg'
42.0504 	EXP 	window1: blendMode = 'avg'
42.0668 	EXP 	window1: blendMode = 'avg'
42.0676 	EXP 	window1: blendMode = 'avg'
42.0685 	EXP 	window1: blendMode = 'avg'
42.0880 	EXP 	window1: blendMode = 'avg'
42.0891 	EXP 	window1: blendMode = 'avg'
42.0901 	EXP 	window1: blendMode = 'avg'
42.1071 	EXP 	window1: blendMode = 'avg'
42.1081 	EXP 	window1: blendMode = 'avg'
42.1090 	EXP 	window1: blendMode = 'avg'
42.1250 	EXP 	window1: blendMode = 'avg'
42.1255 	EXP 	window1: blendMode = 'avg'
42.1260 	EXP 	window1: blendMode = 'avg'
42.1457 	EXP 	window1: blendMode = 'avg'
42.1467 	EXP 	window1: blendMode = 'avg'
42.1475 	EXP 	window1: blendMode = 'avg'
42.1646 	EXP 	window1: blendMode = 'avg'
42.1651 	EXP 	window1: blendMode = 'avg'
42.1656 	EXP 	window1: blendMode = 'avg'
42.1846 	EXP 	window1: blendMode = 'avg'
42.1852 	EXP 	window1: blendMode = 'avg'
42.1856 	EXP 	window1: blendMode = 'avg'
42.2031 	EXP 	window1: blendMode = 'avg'
42.2036 	EXP 	window1: blendMode = 'avg'
42.2040 	EXP 	window1: blendMode = 'avg'
42.2231 	EXP 	window1: blendMode = 'avg'
42.2235 	EXP 	window1: blendMode = 'avg'
42.2239 	EXP 	window1: blendMode = 'avg'
42.2462 	EXP 	window1: blendMode = 'avg'
42.2473 	EXP 	window1: blendMode = 'avg'
42.2485 	EXP 	window1: blendMode = 'avg'
42.2646 	EXP 	window1: blendMode = 'avg'
42.2651 	EXP 	window1: blendMode = 'avg'
42.2656 	EXP 	window1: blendMode = 'avg'
42.2830 	EXP 	window1: blendMode = 'avg'
42.2835 	EXP 	window1: blendMode = 'avg'
42.2839 	EXP 	window1: blendMode = 'avg'
42.3031 	EXP 	window1: blendMode = 'avg'
42.3036 	EXP 	window1: blendMode = 'avg'
42.3040 	EXP 	window1: blendMode = 'avg'
42.3236 	EXP 	window1: blendMode = 'avg'
42.3244 	EXP 	window1: blendMode = 'avg'
42.3250 	EXP 	window1: blendMode = 'avg'
42.3449 	EXP 	window1: blendMode = 'avg'
42.3456 	EXP 	window1: blendMode = 'avg'
42.3463 	EXP 	window1: blendMode = 'avg'
42.3643 	EXP 	window1: blendMode = 'avg'
42.3651 	EXP 	window1: blendMode = 'avg'
42.3657 	EXP 	window1: blendMode = 'avg'
42.3849 	EXP 	window1: blendMode = 'avg'
42.3856 	EXP 	window1: blendMode = 'avg'
42.3900 	EXP 	window1: blendMode = 'avg'
42.4045 	EXP 	window1: blendMode = 'avg'
42.4053 	EXP 	window1: blendMode = 'avg'
42.4059 	EXP 	window1: blendMode = 'avg'
42.4241 	EXP 	window1: blendMode = 'avg'
42.4249 	EXP 	window1: blendMode = 'avg'
42.4255 	EXP 	window1: blendMode = 'avg'
42.4453 	EXP 	window1: blendMode = 'avg'
42.4461 	EXP 	window1: blendMode = 'avg'
42.4468 	EXP 	window1: blendMode = 'avg'
42.4657 	EXP 	window1: blendMode = 'avg'
42.4664 	EXP 	window1: blendMode = 'avg'
42.4671 	EXP 	window1: blendMode = 'avg'
42.4846 	EXP 	window1: blendMode = 'avg'
42.4853 	EXP 	window1: blendMode = 'avg'
42.4860 	EXP 	window1: blendMode = 'avg'
42.5047 	EXP 	window1: blendMode = 'avg'
42.5056 	EXP 	window1: blendMode = 'avg'
42.5063 	EXP 	window1: blendMode = 'avg'
42.5243 	EXP 	window1: blendMode = 'avg'
42.5250 	EXP 	window1: blendMode = 'avg'
42.5257 	EXP 	window1: blendMode = 'avg'
42.5452 	EXP 	window1: blendMode = 'avg'
42.5459 	EXP 	window1: blendMode = 'avg'
42.5467 	EXP 	window1: blendMode = 'avg'
42.5644 	EXP 	window1: blendMode = 'avg'
42.5651 	EXP 	window1: blendMode = 'avg'
42.5658 	EXP 	window1: blendMode = 'avg'
42.5847 	EXP 	window1: blendMode = 'avg'
42.5855 	EXP 	window1: blendMode = 'avg'
42.5863 	EXP 	window1: blendMode = 'avg'
42.6046 	EXP 	window1: blendMode = 'avg'
42.6053 	EXP 	window1: blendMode = 'avg'
42.6059 	EXP 	window1: blendMode = 'avg'
42.6245 	EXP 	window1: blendMode = 'avg'
42.6252 	EXP 	window1: blendMode = 'avg'
42.6259 	EXP 	window1: blendMode = 'avg'
42.6447 	EXP 	window1: blendMode = 'avg'
42.6454 	EXP 	window1: blendMode = 'avg'
42.6460 	EXP 	window1: blendMode = 'avg'
42.6645 	EXP 	window1: blendMode = 'avg'
42.6653 	EXP 	window1: blendMode = 'avg'
42.6664 	EXP 	window1: blendMode = 'avg'
42.6848 	EXP 	window1: blendMode = 'avg'
42.6855 	EXP 	window1: blendMode = 'avg'
42.6862 	EXP 	window1: blendMode = 'avg'
42.7045 	EXP 	window1: blendMode = 'avg'
42.7052 	EXP 	window1: blendMode = 'avg'
42.7058 	EXP 	window1: blendMode = 'avg'
42.7245 	EXP 	window1: blendMode = 'avg'
42.7255 	EXP 	window1: blendMode = 'avg'
42.7262 	EXP 	window1: blendMode = 'avg'
42.7453 	EXP 	window1: blendMode = 'avg'
42.7460 	EXP 	window1: blendMode = 'avg'
42.7468 	EXP 	window1: blendMode = 'avg'
42.7642 	EXP 	window1: blendMode = 'avg'
42.7649 	EXP 	window1: blendMode = 'avg'
42.7656 	EXP 	window1: blendMode = 'avg'
42.7846 	EXP 	window1: blendMode = 'avg'
42.7854 	EXP 	window1: blendMode = 'avg'
42.7861 	EXP 	window1: blendMode = 'avg'
42.8044 	EXP 	window1: blendMode = 'avg'
42.8051 	EXP 	window1: blendMode = 'avg'
42.8058 	EXP 	window1: blendMode = 'avg'
42.8241 	EXP 	window1: blendMode = 'avg'
42.8248 	EXP 	window1: blendMode = 'avg'
42.8255 	EXP 	window1: blendMode = 'avg'
42.8449 	EXP 	window1: blendMode = 'avg'
42.8457 	EXP 	window1: blendMode = 'avg'
42.8465 	EXP 	window1: blendMode = 'avg'
42.8641 	EXP 	window1: blendMode = 'avg'
42.8648 	EXP 	window1: blendMode = 'avg'
42.8654 	EXP 	window1: blendMode = 'avg'
42.8848 	EXP 	window1: blendMode = 'avg'
42.8855 	EXP 	window1: blendMode = 'avg'
42.8862 	EXP 	window1: blendMode = 'avg'
42.9045 	EXP 	window1: blendMode = 'avg'
42.9053 	EXP 	window1: blendMode = 'avg'
42.9059 	EXP 	window1: blendMode = 'avg'
42.9245 	EXP 	window1: blendMode = 'avg'
42.9252 	EXP 	window1: blendMode = 'avg'
42.9259 	EXP 	window1: blendMode = 'avg'
42.9451 	EXP 	window1: blendMode = 'avg'
42.9463 	EXP 	window1: blendMode = 'avg'
42.9475 	EXP 	window1: blendMode = 'avg'
42.9641 	EXP 	window1: blendMode = 'avg'
42.9650 	EXP 	window1: blendMode = 'avg'
42.9656 	EXP 	window1: blendMode = 'avg'
42.9848 	EXP 	window1: blendMode = 'avg'
42.9855 	EXP 	window1: blendMode = 'avg'
42.9862 	EXP 	window1: blendMode = 'avg'
43.0043 	EXP 	window1: blendMode = 'avg'
43.0050 	EXP 	window1: blendMode = 'avg'
43.0057 	EXP 	window1: blendMode = 'avg'
43.0248 	EXP 	window1: blendMode = 'avg'
43.0256 	EXP 	window1: blendMode = 'avg'
43.0263 	EXP 	window1: blendMode = 'avg'
43.0450 	EXP 	window1: blendMode = 'avg'
43.0458 	EXP 	window1: blendMode = 'avg'
43.0466 	EXP 	window1: blendMode = 'avg'
43.0644 	EXP 	window1: blendMode = 'avg'
43.0651 	EXP 	window1: blendMode = 'avg'
43.0658 	EXP 	window1: blendMode = 'avg'
43.0847 	EXP 	window1: blendMode = 'avg'
43.0855 	EXP 	window1: blendMode = 'avg'
43.0861 	EXP 	window1: blendMode = 'avg'
43.1048 	EXP 	window1: blendMode = 'avg'
43.1055 	EXP 	window1: blendMode = 'avg'
43.1062 	EXP 	window1: blendMode = 'avg'
43.1241 	EXP 	window1: blendMode = 'avg'
43.1248 	EXP 	window1: blendMode = 'avg'
43.1255 	EXP 	window1: blendMode = 'avg'
43.1462 	EXP 	window1: blendMode = 'avg'
43.1474 	EXP 	window1: blendMode = 'avg'
43.1486 	EXP 	window1: blendMode = 'avg'
43.1655 	EXP 	window1: blendMode = 'avg'
43.1665 	EXP 	window1: blendMode = 'avg'
43.1676 	EXP 	window1: blendMode = 'avg'
43.1863 	EXP 	window1: blendMode = 'avg'
43.1874 	EXP 	window1: blendMode = 'avg'
43.1885 	EXP 	window1: blendMode = 'avg'
43.2063 	EXP 	window1: blendMode = 'avg'
43.2072 	EXP 	window1: blendMode = 'avg'
43.2079 	EXP 	window1: blendMode = 'avg'
43.2272 	EXP 	window1: blendMode = 'avg'
43.2281 	EXP 	window1: blendMode = 'avg'
43.2294 	EXP 	window1: blendMode = 'avg'
43.2465 	EXP 	window1: blendMode = 'avg'
43.2476 	EXP 	window1: blendMode = 'avg'
43.2485 	EXP 	window1: blendMode = 'avg'
43.2647 	EXP 	window1: blendMode = 'avg'
43.2651 	EXP 	window1: blendMode = 'avg'
43.2655 	EXP 	window1: blendMode = 'avg'
43.2835 	EXP 	window1: blendMode = 'avg'
43.2840 	EXP 	window1: blendMode = 'avg'
43.2844 	EXP 	window1: blendMode = 'avg'
43.3036 	EXP 	window1: blendMode = 'avg'
43.3041 	EXP 	window1: blendMode = 'avg'
43.3045 	EXP 	window1: blendMode = 'avg'
43.3227 	EXP 	window1: blendMode = 'avg'
43.3232 	EXP 	window1: blendMode = 'avg'
43.3236 	EXP 	window1: blendMode = 'avg'
43.3436 	EXP 	window1: blendMode = 'avg'
43.3444 	EXP 	window1: blendMode = 'avg'
43.3451 	EXP 	window1: blendMode = 'avg'
43.3642 	EXP 	window1: blendMode = 'avg'
43.3649 	EXP 	window1: blendMode = 'avg'
43.3656 	EXP 	window1: blendMode = 'avg'
43.3846 	EXP 	window1: blendMode = 'avg'
43.3855 	EXP 	window1: blendMode = 'avg'
43.3862 	EXP 	window1: blendMode = 'avg'
43.4046 	EXP 	window1: blendMode = 'avg'
43.4054 	EXP 	window1: blendMode = 'avg'
43.4061 	EXP 	window1: blendMode = 'avg'
43.4241 	EXP 	window1: blendMode = 'avg'
43.4249 	EXP 	window1: blendMode = 'avg'
43.4256 	EXP 	window1: blendMode = 'avg'
43.4445 	EXP 	window1: blendMode = 'avg'
43.4453 	EXP 	window1: blendMode = 'avg'
43.4462 	EXP 	window1: blendMode = 'avg'
43.4639 	EXP 	window1: blendMode = 'avg'
43.4646 	EXP 	window1: blendMode = 'avg'
43.4652 	EXP 	window1: blendMode = 'avg'
43.4849 	EXP 	window1: blendMode = 'avg'
43.4856 	EXP 	window1: blendMode = 'avg'
43.4863 	EXP 	window1: blendMode = 'avg'
43.5044 	EXP 	window1: blendMode = 'avg'
43.5052 	EXP 	window1: blendMode = 'avg'
43.5058 	EXP 	window1: blendMode = 'avg'
43.5239 	EXP 	window1: blendMode = 'avg'
43.5246 	EXP 	window1: blendMode = 'avg'
43.5253 	EXP 	window1: blendMode = 'avg'
43.5448 	EXP 	window1: blendMode = 'avg'
43.5455 	EXP 	window1: blendMode = 'avg'
43.5464 	EXP 	window1: blendMode = 'avg'
43.5641 	EXP 	window1: blendMode = 'avg'
43.5649 	EXP 	window1: blendMode = 'avg'
43.5655 	EXP 	window1: blendMode = 'avg'
43.5842 	EXP 	window1: blendMode = 'avg'
43.5848 	EXP 	window1: blendMode = 'avg'
43.5855 	EXP 	window1: blendMode = 'avg'
43.6046 	EXP 	window1: blendMode = 'avg'
43.6059 	EXP 	window1: blendMode = 'avg'
43.6070 	EXP 	window1: blendMode = 'avg'
43.6242 	EXP 	window1: blendMode = 'avg'
43.6250 	EXP 	window1: blendMode = 'avg'
43.6256 	EXP 	window1: blendMode = 'avg'
43.6439 	EXP 	window1: blendMode = 'avg'
43.6447 	EXP 	window1: blendMode = 'avg'
43.6453 	EXP 	window1: blendMode = 'avg'
43.6653 	EXP 	window1: blendMode = 'avg'
43.6663 	EXP 	window1: blendMode = 'avg'
43.6670 	EXP 	window1: blendMode = 'avg'
43.6847 	EXP 	window1: blendMode = 'avg'
43.6854 	EXP 	window1: blendMode = 'avg'
43.6860 	EXP 	window1: blendMode = 'avg'
43.7045 	EXP 	window1: blendMode = 'avg'
43.7052 	EXP 	window1: blendMode = 'avg'
43.7059 	EXP 	window1: blendMode = 'avg'
43.7240 	EXP 	window1: blendMode = 'avg'
43.7247 	EXP 	window1: blendMode = 'avg'
43.7253 	EXP 	window1: blendMode = 'avg'
43.7445 	EXP 	window1: blendMode = 'avg'
43.7453 	EXP 	window1: blendMode = 'avg'
43.7461 	EXP 	window1: blendMode = 'avg'
43.7638 	EXP 	window1: blendMode = 'avg'
43.7645 	EXP 	window1: blendMode = 'avg'
43.7651 	EXP 	window1: blendMode = 'avg'
43.7848 	EXP 	window1: blendMode = 'avg'
43.7855 	EXP 	window1: blendMode = 'avg'
43.7862 	EXP 	window1: blendMode = 'avg'
43.8040 	EXP 	window1: blendMode = 'avg'
43.8048 	EXP 	window1: blendMode = 'avg'
43.8054 	EXP 	window1: blendMode = 'avg'
43.8243 	EXP 	window1: blendMode = 'avg'
43.8250 	EXP 	window1: blendMode = 'avg'
43.8257 	EXP 	window1: blendMode = 'avg'
43.8440 	EXP 	window1: blendMode = 'avg'
43.8447 	EXP 	window1: blendMode = 'avg'
43.8454 	EXP 	window1: blendMode = 'avg'
43.8651 	EXP 	window1: blendMode = 'avg'
43.8662 	EXP 	window1: blendMode = 'avg'
43.8669 	EXP 	window1: blendMode = 'avg'
43.8841 	EXP 	window1: blendMode = 'avg'
43.8848 	EXP 	window1: blendMode = 'avg'
43.8854 	EXP 	window1: blendMode = 'avg'
43.9042 	EXP 	window1: blendMode = 'avg'
43.9049 	EXP 	window1: blendMode = 'avg'
43.9056 	EXP 	window1: blendMode = 'avg'
43.9240 	EXP 	window1: blendMode = 'avg'
43.9247 	EXP 	window1: blendMode = 'avg'
43.9254 	EXP 	window1: blendMode = 'avg'
43.9444 	EXP 	window1: blendMode = 'avg'
43.9453 	EXP 	window1: blendMode = 'avg'
43.9629 	EXP 	Orientation_Cue: autoDraw = False
43.9645 	EXP 	window1: blendMode = 'avg'
43.9653 	EXP 	window1: blendMode = 'avg'
43.9659 	EXP 	window1: blendMode = 'avg'
43.9834 	EXP 	Ready_Cue: autoDraw = True
43.9846 	EXP 	window1: blendMode = 'avg'
43.9854 	EXP 	window1: blendMode = 'avg'
43.9860 	EXP 	window1: blendMode = 'avg'
44.0049 	EXP 	window1: blendMode = 'avg'
44.0057 	EXP 	window1: blendMode = 'avg'
44.0064 	EXP 	window1: blendMode = 'avg'
44.0248 	EXP 	window1: blendMode = 'avg'
44.0256 	EXP 	window1: blendMode = 'avg'
44.0264 	EXP 	window1: blendMode = 'avg'
44.0457 	EXP 	window1: blendMode = 'avg'
44.0468 	EXP 	window1: blendMode = 'avg'
44.0480 	EXP 	window1: blendMode = 'avg'
44.0638 	EXP 	window1: blendMode = 'avg'
44.0645 	EXP 	window1: blendMode = 'avg'
44.0651 	EXP 	window1: blendMode = 'avg'
44.0842 	EXP 	window1: blendMode = 'avg'
44.0850 	EXP 	window1: blendMode = 'avg'
44.0856 	EXP 	window1: blendMode = 'avg'
44.1043 	EXP 	window1: blendMode = 'avg'
44.1050 	EXP 	window1: blendMode = 'avg'
44.1057 	EXP 	window1: blendMode = 'avg'
44.1243 	EXP 	window1: blendMode = 'avg'
44.1250 	EXP 	window1: blendMode = 'avg'
44.1256 	EXP 	window1: blendMode = 'avg'
44.1438 	EXP 	window1: blendMode = 'avg'
44.1445 	EXP 	window1: blendMode = 'avg'
44.1452 	EXP 	window1: blendMode = 'avg'
44.1658 	EXP 	window1: blendMode = 'avg'
44.1670 	EXP 	window1: blendMode = 'avg'
44.1681 	EXP 	window1: blendMode = 'avg'
44.1862 	EXP 	window1: blendMode = 'avg'
44.1871 	EXP 	window1: blendMode = 'avg'
44.1878 	EXP 	window1: blendMode = 'avg'
44.2052 	EXP 	window1: blendMode = 'avg'
44.2064 	EXP 	window1: blendMode = 'avg'
44.2070 	EXP 	window1: blendMode = 'avg'
44.2237 	EXP 	window1: blendMode = 'avg'
44.2242 	EXP 	window1: blendMode = 'avg'
44.2248 	EXP 	window1: blendMode = 'avg'
44.2426 	EXP 	window1: blendMode = 'avg'
44.2430 	EXP 	window1: blendMode = 'avg'
44.2435 	EXP 	window1: blendMode = 'avg'
44.2634 	EXP 	window1: blendMode = 'avg'
44.2641 	EXP 	window1: blendMode = 'avg'
44.2647 	EXP 	window1: blendMode = 'avg'
44.2835 	EXP 	window1: blendMode = 'avg'
44.2841 	EXP 	window1: blendMode = 'avg'
44.2845 	EXP 	window1: blendMode = 'avg'
44.3027 	EXP 	window1: blendMode = 'avg'
44.3032 	EXP 	window1: blendMode = 'avg'
44.3036 	EXP 	window1: blendMode = 'avg'
44.3243 	EXP 	window1: blendMode = 'avg'
44.3248 	EXP 	window1: blendMode = 'avg'
44.3253 	EXP 	window1: blendMode = 'avg'
44.3437 	EXP 	window1: blendMode = 'avg'
44.3443 	EXP 	window1: blendMode = 'avg'
44.3448 	EXP 	window1: blendMode = 'avg'
44.3631 	EXP 	window1: blendMode = 'avg'
44.3636 	EXP 	window1: blendMode = 'avg'
44.3640 	EXP 	window1: blendMode = 'avg'
44.3826 	EXP 	window1: blendMode = 'avg'
44.3832 	EXP 	window1: blendMode = 'avg'
44.3837 	EXP 	window1: blendMode = 'avg'
44.4020 	EXP 	window1: blendMode = 'avg'
44.4024 	EXP 	window1: blendMode = 'avg'
44.4027 	EXP 	window1: blendMode = 'avg'
44.4228 	EXP 	window1: blendMode = 'avg'
44.4235 	EXP 	window1: blendMode = 'avg'
44.4242 	EXP 	window1: blendMode = 'avg'
44.4445 	EXP 	window1: blendMode = 'avg'
44.4452 	EXP 	window1: blendMode = 'avg'
44.4631 	EXP 	Ready_Cue: autoDraw = False
44.4648 	EXP 	window1: blendMode = 'avg'
44.4655 	EXP 	window1: blendMode = 'avg'
44.4887 	EXP 	Zoid_Left: autoDraw = True
44.4887 	EXP 	Zoid_Right: autoDraw = True
44.4901 	EXP 	window1: blendMode = 'avg'
44.4908 	EXP 	window1: blendMode = 'avg'
44.5043 	EXP 	window1: blendMode = 'avg'
44.5050 	EXP 	window1: blendMode = 'avg'
44.5238 	EXP 	window1: blendMode = 'avg'
44.5245 	EXP 	window1: blendMode = 'avg'
44.5442 	EXP 	window1: blendMode = 'avg'
44.5449 	EXP 	window1: blendMode = 'avg'
44.5646 	EXP 	window1: blendMode = 'avg'
44.5654 	EXP 	window1: blendMode = 'avg'
44.5843 	EXP 	window1: blendMode = 'avg'
44.5851 	EXP 	window1: blendMode = 'avg'
44.6047 	EXP 	window1: blendMode = 'avg'
44.6054 	EXP 	window1: blendMode = 'avg'
44.6244 	EXP 	window1: blendMode = 'avg'
44.6252 	EXP 	window1: blendMode = 'avg'
44.6438 	EXP 	window1: blendMode = 'avg'
44.6445 	EXP 	window1: blendMode = 'avg'
44.6651 	EXP 	window1: blendMode = 'avg'
44.6658 	EXP 	window1: blendMode = 'avg'
44.6841 	EXP 	window1: blendMode = 'avg'
44.6848 	EXP 	window1: blendMode = 'avg'
44.7040 	EXP 	window1: blendMode = 'avg'
44.7047 	EXP 	window1: blendMode = 'avg'
44.7238 	EXP 	window1: blendMode = 'avg'
44.7246 	EXP 	window1: blendMode = 'avg'
44.7439 	EXP 	window1: blendMode = 'avg'
44.7446 	EXP 	window1: blendMode = 'avg'
44.7652 	EXP 	window1: blendMode = 'avg'
44.7660 	EXP 	window1: blendMode = 'avg'
44.7840 	EXP 	window1: blendMode = 'avg'
44.7847 	EXP 	window1: blendMode = 'avg'
44.8042 	EXP 	window1: blendMode = 'avg'
44.8050 	EXP 	window1: blendMode = 'avg'
44.8240 	EXP 	window1: blendMode = 'avg'
44.8247 	EXP 	window1: blendMode = 'avg'
44.8440 	EXP 	window1: blendMode = 'avg'
44.8448 	EXP 	window1: blendMode = 'avg'
44.8659 	EXP 	window1: blendMode = 'avg'
44.8667 	EXP 	window1: blendMode = 'avg'
44.8841 	EXP 	window1: blendMode = 'avg'
44.8849 	EXP 	window1: blendMode = 'avg'
44.9039 	EXP 	window1: blendMode = 'avg'
44.9047 	EXP 	window1: blendMode = 'avg'
44.9243 	EXP 	window1: blendMode = 'avg'
44.9250 	EXP 	window1: blendMode = 'avg'
44.9437 	EXP 	window1: blendMode = 'avg'
44.9444 	EXP 	window1: blendMode = 'avg'
44.9646 	EXP 	window1: blendMode = 'avg'
44.9658 	EXP 	window1: blendMode = 'avg'
44.9839 	EXP 	window1: blendMode = 'avg'
44.9846 	EXP 	window1: blendMode = 'avg'
45.0042 	EXP 	window1: blendMode = 'avg'
45.0049 	EXP 	window1: blendMode = 'avg'
45.0240 	EXP 	window1: blendMode = 'avg'
45.0248 	EXP 	window1: blendMode = 'avg'
45.0445 	EXP 	window1: blendMode = 'avg'
45.0452 	EXP 	window1: blendMode = 'avg'
45.0643 	EXP 	window1: blendMode = 'avg'
45.0655 	EXP 	window1: blendMode = 'avg'
45.0840 	EXP 	window1: blendMode = 'avg'
45.0846 	EXP 	window1: blendMode = 'avg'
45.1039 	EXP 	window1: blendMode = 'avg'
45.1046 	EXP 	window1: blendMode = 'avg'
45.1237 	EXP 	window1: blendMode = 'avg'
45.1245 	EXP 	window1: blendMode = 'avg'
45.1435 	EXP 	window1: blendMode = 'avg'
45.1442 	EXP 	window1: blendMode = 'avg'
45.1646 	EXP 	window1: blendMode = 'avg'
45.1658 	EXP 	window1: blendMode = 'avg'
45.1842 	EXP 	window1: blendMode = 'avg'
45.1849 	EXP 	window1: blendMode = 'avg'
45.2039 	EXP 	window1: blendMode = 'avg'
45.2046 	EXP 	window1: blendMode = 'avg'
45.2237 	EXP 	window1: blendMode = 'avg'
45.2244 	EXP 	window1: blendMode = 'avg'
45.2443 	EXP 	window1: blendMode = 'avg'
45.2452 	EXP 	window1: blendMode = 'avg'
45.2660 	EXP 	window1: blendMode = 'avg'
45.2673 	EXP 	window1: blendMode = 'avg'
45.2846 	EXP 	window1: blendMode = 'avg'
45.2856 	EXP 	window1: blendMode = 'avg'
45.3047 	EXP 	window1: blendMode = 'avg'
45.3055 	EXP 	window1: blendMode = 'avg'
45.3254 	EXP 	window1: blendMode = 'avg'
45.3266 	EXP 	window1: blendMode = 'avg'
45.3436 	EXP 	window1: blendMode = 'avg'
45.3443 	EXP 	window1: blendMode = 'avg'
45.3644 	EXP 	window1: blendMode = 'avg'
45.3653 	EXP 	window1: blendMode = 'avg'
45.3857 	EXP 	window1: blendMode = 'avg'
45.3864 	EXP 	window1: blendMode = 'avg'
45.4038 	EXP 	window1: blendMode = 'avg'
45.4045 	EXP 	window1: blendMode = 'avg'
45.4249 	EXP 	window1: blendMode = 'avg'
45.4257 	EXP 	window1: blendMode = 'avg'
45.4455 	EXP 	window1: blendMode = 'avg'
45.4470 	EXP 	window1: blendMode = 'avg'
45.4658 	EXP 	window1: blendMode = 'avg'
45.4669 	EXP 	window1: blendMode = 'avg'
45.4861 	EXP 	window1: blendMode = 'avg'
45.4870 	EXP 	window1: blendMode = 'avg'
45.5050 	EXP 	window1: blendMode = 'avg'
45.5058 	EXP 	window1: blendMode = 'avg'
45.5252 	EXP 	window1: blendMode = 'avg'
45.5259 	EXP 	window1: blendMode = 'avg'
45.5440 	EXP 	window1: blendMode = 'avg'
45.5447 	EXP 	window1: blendMode = 'avg'
45.5648 	EXP 	window1: blendMode = 'avg'
45.5656 	EXP 	window1: blendMode = 'avg'
45.5838 	EXP 	window1: blendMode = 'avg'
45.5844 	EXP 	window1: blendMode = 'avg'
45.6040 	EXP 	window1: blendMode = 'avg'
45.6047 	EXP 	window1: blendMode = 'avg'
45.6235 	EXP 	window1: blendMode = 'avg'
45.6242 	EXP 	window1: blendMode = 'avg'
45.6436 	EXP 	window1: blendMode = 'avg'
45.6444 	EXP 	window1: blendMode = 'avg'
45.6647 	EXP 	window1: blendMode = 'avg'
45.6658 	EXP 	window1: blendMode = 'avg'
45.6852 	EXP 	window1: blendMode = 'avg'
45.6865 	EXP 	window1: blendMode = 'avg'
45.7041 	EXP 	window1: blendMode = 'avg'
45.7049 	EXP 	window1: blendMode = 'avg'
45.7237 	EXP 	window1: blendMode = 'avg'
45.7244 	EXP 	window1: blendMode = 'avg'
45.7442 	EXP 	window1: blendMode = 'avg'
45.7450 	EXP 	window1: blendMode = 'avg'
45.7637 	EXP 	window1: blendMode = 'avg'
45.7644 	EXP 	window1: blendMode = 'avg'
45.7840 	EXP 	window1: blendMode = 'avg'
45.7847 	EXP 	window1: blendMode = 'avg'
45.8043 	EXP 	window1: blendMode = 'avg'
45.8050 	EXP 	window1: blendMode = 'avg'
45.8235 	EXP 	window1: blendMode = 'avg'
45.8242 	EXP 	window1: blendMode = 'avg'
45.8439 	EXP 	window1: blendMode = 'avg'
45.8446 	EXP 	window1: blendMode = 'avg'
45.8639 	EXP 	window1: blendMode = 'avg'
45.8646 	EXP 	window1: blendMode = 'avg'
45.8853 	EXP 	window1: blendMode = 'avg'
45.8860 	EXP 	window1: blendMode = 'avg'
45.9047 	EXP 	window1: blendMode = 'avg'
45.9057 	EXP 	window1: blendMode = 'avg'
45.9240 	EXP 	window1: blendMode = 'avg'
45.9248 	EXP 	window1: blendMode = 'avg'
45.9436 	EXP 	window1: blendMode = 'avg'
45.9444 	EXP 	window1: blendMode = 'avg'
45.9647 	EXP 	window1: blendMode = 'avg'
45.9660 	EXP 	window1: blendMode = 'avg'
45.9851 	EXP 	window1: blendMode = 'avg'
45.9858 	EXP 	window1: blendMode = 'avg'
46.0036 	EXP 	window1: blendMode = 'avg'
46.0044 	EXP 	window1: blendMode = 'avg'
46.0235 	EXP 	window1: blendMode = 'avg'
46.0242 	EXP 	window1: blendMode = 'avg'
46.0440 	EXP 	window1: blendMode = 'avg'
46.0447 	EXP 	window1: blendMode = 'avg'
46.0635 	EXP 	window1: blendMode = 'avg'
46.0647 	EXP 	window1: blendMode = 'avg'
46.0841 	EXP 	window1: blendMode = 'avg'
46.0847 	EXP 	window1: blendMode = 'avg'
46.1041 	EXP 	window1: blendMode = 'avg'
46.1048 	EXP 	window1: blendMode = 'avg'
46.1234 	EXP 	window1: blendMode = 'avg'
46.1242 	EXP 	window1: blendMode = 'avg'
46.1438 	EXP 	window1: blendMode = 'avg'
46.1445 	EXP 	window1: blendMode = 'avg'
46.1640 	EXP 	window1: blendMode = 'avg'
46.1652 	EXP 	window1: blendMode = 'avg'
46.1843 	EXP 	window1: blendMode = 'avg'
46.1850 	EXP 	window1: blendMode = 'avg'
46.2039 	EXP 	window1: blendMode = 'avg'
46.2047 	EXP 	window1: blendMode = 'avg'
46.2244 	EXP 	window1: blendMode = 'avg'
46.2251 	EXP 	window1: blendMode = 'avg'
46.2434 	EXP 	window1: blendMode = 'avg'
46.2442 	EXP 	window1: blendMode = 'avg'
46.2641 	EXP 	window1: blendMode = 'avg'
46.2649 	EXP 	window1: blendMode = 'avg'
46.2851 	DATA 	Keypress: x
46.3113 	EXP 	New trial (rep=2, index=0): None
46.3132 	EXP 	window1: blendMode = 'avg'
46.3137 	EXP 	window1: blendMode = 'avg'
46.3141 	EXP 	window1: blendMode = 'avg'
46.3226 	EXP 	Orientation_Cue: autoDraw = False
46.3226 	EXP 	Ready_Cue: autoDraw = False
46.3226 	EXP 	Zoid_Left: autoDraw = False
46.3226 	EXP 	Zoid_Right: autoDraw = False
46.3226 	EXP 	Zoid_Left: vertices = ((0, -0.5), (1, -0.5), (1, -1.5), (-1, -1.5), (-1, 1.5), (0, 1.5))
46.3226 	EXP 	Zoid_Left: ori = 270
46.3226 	EXP 	Zoid_Right: vertices = ((0, -0.5), (1, -0.5), (1, -1.5), (-1, -1.5), (-1, 1.5), (0, 1.5))
46.3226 	EXP 	Zoid_Right: ori = 90
46.3226 	EXP 	Orientation_Cue: autoDraw = True
46.3237 	EXP 	window1: blendMode = 'avg'
46.3241 	EXP 	window1: blendMode = 'avg'
46.3245 	EXP 	window1: blendMode = 'avg'
46.3430 	EXP 	window1: blendMode = 'avg'
46.3434 	EXP 	window1: blendMode = 'avg'
46.3440 	EXP 	window1: blendMode = 'avg'
46.3641 	EXP 	window1: blendMode = 'avg'
46.3648 	EXP 	window1: blendMode = 'avg'
46.3655 	EXP 	window1: blendMode = 'avg'
46.3833 	EXP 	window1: blendMode = 'avg'
46.3838 	EXP 	window1: blendMode = 'avg'
46.3842 	EXP 	window1: blendMode = 'avg'
46.4021 	EXP 	window1: blendMode = 'avg'
46.4026 	EXP 	window1: blendMode = 'avg'
46.4030 	EXP 	window1: blendMode = 'avg'
46.4218 	EXP 	window1: blendMode = 'avg'
46.4223 	EXP 	window1: blendMode = 'avg'
46.4227 	EXP 	window1: blendMode = 'avg'
46.4436 	EXP 	window1: blendMode = 'avg'
46.4443 	EXP 	window1: blendMode = 'avg'
46.4450 	EXP 	window1: blendMode = 'avg'
46.4638 	EXP 	window1: blendMode = 'avg'
46.4646 	EXP 	window1: blendMode = 'avg'
46.4657 	EXP 	window1: blendMode = 'avg'
46.4850 	EXP 	window1: blendMode = 'avg'
46.4857 	EXP 	window1: blendMode = 'avg'
46.4864 	EXP 	window1: blendMode = 'avg'
46.5032 	EXP 	window1: blendMode = 'avg'
46.5040 	EXP 	window1: blendMode = 'avg'
46.5046 	EXP 	window1: blendMode = 'avg'
46.5236 	EXP 	window1: blendMode = 'avg'
46.5243 	EXP 	window1: blendMode = 'avg'
46.5249 	EXP 	window1: blendMode = 'avg'
46.5441 	EXP 	window1: blendMode = 'avg'
46.5448 	EXP 	window1: blendMode = 'avg'
46.5454 	EXP 	window1: blendMode = 'avg'
46.5649 	EXP 	window1: blendMode = 'avg'
46.5658 	EXP 	window1: blendMode = 'avg'
46.5670 	EXP 	window1: blendMode = 'avg'
46.5847 	EXP 	window1: blendMode = 'avg'
46.5852 	EXP 	window1: blendMode = 'avg'
46.5856 	EXP 	window1: blendMode = 'avg'
46.6037 	EXP 	window1: blendMode = 'avg'
46.6042 	EXP 	window1: blendMode = 'avg'
46.6047 	EXP 	window1: blendMode = 'avg'
46.6215 	EXP 	window1: blendMode = 'avg'
46.6218 	EXP 	window1: blendMode = 'avg'
46.6221 	EXP 	window1: blendMode = 'avg'
46.6415 	EXP 	window1: blendMode = 'avg'
46.6418 	EXP 	window1: blendMode = 'avg'
46.6421 	EXP 	window1: blendMode = 'avg'
46.6616 	EXP 	window1: blendMode = 'avg'
46.6620 	EXP 	window1: blendMode = 'avg'
46.6624 	EXP 	window1: blendMode = 'avg'
46.6834 	EXP 	window1: blendMode = 'avg'
46.6841 	EXP 	window1: blendMode = 'avg'
46.6847 	EXP 	window1: blendMode = 'avg'
46.7034 	EXP 	window1: blendMode = 'avg'
46.7041 	EXP 	window1: blendMode = 'avg'
46.7048 	EXP 	window1: blendMode = 'avg'
46.7235 	EXP 	window1: blendMode = 'avg'
46.7242 	EXP 	window1: blendMode = 'avg'
46.7248 	EXP 	window1: blendMode = 'avg'
46.7433 	EXP 	window1: blendMode = 'avg'
46.7440 	EXP 	window1: blendMode = 'avg'
46.7446 	EXP 	window1: blendMode = 'avg'
46.7639 	EXP 	window1: blendMode = 'avg'
46.7647 	EXP 	window1: blendMode = 'avg'
46.7654 	EXP 	window1: blendMode = 'avg'
46.7837 	EXP 	window1: blendMode = 'avg'
46.7844 	EXP 	window1: blendMode = 'avg'
46.7851 	EXP 	window1: blendMode = 'avg'
46.8034 	EXP 	window1: blendMode = 'avg'
46.8041 	EXP 	window1: blendMode = 'avg'
46.8047 	EXP 	window1: blendMode = 'avg'
46.8241 	EXP 	window1: blendMode = 'avg'
46.8248 	EXP 	window1: blendMode = 'avg'
46.8254 	EXP 	window1: blendMode = 'avg'
46.8432 	EXP 	window1: blendMode = 'avg'
46.8440 	EXP 	window1: blendMode = 'avg'
46.8447 	EXP 	window1: blendMode = 'avg'
46.8631 	EXP 	window1: blendMode = 'avg'
46.8638 	EXP 	window1: blendMode = 'avg'
46.8645 	EXP 	window1: blendMode = 'avg'
46.8849 	EXP 	window1: blendMode = 'avg'
46.8856 	EXP 	window1: blendMode = 'avg'
46.8863 	EXP 	window1: blendMode = 'avg'
46.9035 	EXP 	window1: blendMode = 'avg'
46.9042 	EXP 	window1: blendMode = 'avg'
46.9049 	EXP 	window1: blendMode = 'avg'
46.9235 	EXP 	window1: blendMode = 'avg'
46.9242 	EXP 	window1: blendMode = 'avg'
46.9248 	EXP 	window1: blendMode = 'avg'
46.9432 	EXP 	window1: blendMode = 'avg'
46.9439 	EXP 	window1: blendMode = 'avg'
46.9446 	EXP 	window1: blendMode = 'avg'
46.9639 	EXP 	window1: blendMode = 'avg'
46.9647 	EXP 	window1: blendMode = 'avg'
46.9654 	EXP 	window1: blendMode = 'avg'
46.9842 	EXP 	window1: blendMode = 'avg'
46.9849 	EXP 	window1: blendMode = 'avg'
46.9855 	EXP 	window1: blendMode = 'avg'
47.0037 	EXP 	window1: blendMode = 'avg'
47.0044 	EXP 	window1: blendMode = 'avg'
47.0050 	EXP 	window1: blendMode = 'avg'
47.0231 	EXP 	window1: blendMode = 'avg'
47.0239 	EXP 	window1: blendMode = 'avg'
47.0245 	EXP 	window1: blendMode = 'avg'
47.0439 	EXP 	window1: blendMode = 'avg'
47.0447 	EXP 	window1: blendMode = 'avg'
47.0454 	EXP 	window1: blendMode = 'avg'
47.0638 	EXP 	window1: blendMode = 'avg'
47.0650 	EXP 	window1: blendMode = 'avg'
47.0661 	EXP 	window1: blendMode = 'avg'
47.0861 	EXP 	window1: blendMode = 'avg'
47.0871 	EXP 	window1: blendMode = 'avg'
47.0879 	EXP 	window1: blendMode = 'avg'
47.1023 	EXP 	window1: blendMode = 'avg'
47.1031 	EXP 	window1: blendMode = 'avg'
47.1038 	EXP 	window1: blendMode = 'avg'
47.1223 	EXP 	window1: blendMode = 'avg'
47.1230 	EXP 	window1: blendMode = 'avg'
47.1236 	EXP 	window1: blendMode = 'avg'
47.1440 	EXP 	window1: blendMode = 'avg'
47.1447 	EXP 	window1: blendMode = 'avg'
47.1454 	EXP 	window1: blendMode = 'avg'
47.1642 	EXP 	window1: blendMode = 'avg'
47.1653 	EXP 	window1: blendMode = 'avg'
47.1661 	EXP 	window1: blendMode = 'avg'
47.1836 	EXP 	window1: blendMode = 'avg'
47.1845 	EXP 	window1: blendMode = 'avg'
47.1853 	EXP 	window1: blendMode = 'avg'
47.2034 	EXP 	window1: blendMode = 'avg'
47.2041 	EXP 	window1: blendMode = 'avg'
47.2048 	EXP 	window1: blendMode = 'avg'
47.2232 	EXP 	window1: blendMode = 'avg'
47.2239 	EXP 	window1: blendMode = 'avg'
47.2246 	EXP 	window1: blendMode = 'avg'
47.2436 	EXP 	window1: blendMode = 'avg'
47.2444 	EXP 	window1: blendMode = 'avg'
47.2450 	EXP 	window1: blendMode = 'avg'
47.2644 	EXP 	window1: blendMode = 'avg'
47.2656 	EXP 	window1: blendMode = 'avg'
47.2663 	EXP 	window1: blendMode = 'avg'
47.2839 	EXP 	window1: blendMode = 'avg'
47.2846 	EXP 	window1: blendMode = 'avg'
47.2852 	EXP 	window1: blendMode = 'avg'
47.3035 	EXP 	window1: blendMode = 'avg'
47.3043 	EXP 	window1: blendMode = 'avg'
47.3049 	EXP 	window1: blendMode = 'avg'
47.3241 	EXP 	window1: blendMode = 'avg'
47.3249 	EXP 	window1: blendMode = 'avg'
47.3256 	EXP 	window1: blendMode = 'avg'
47.3434 	EXP 	window1: blendMode = 'avg'
47.3442 	EXP 	window1: blendMode = 'avg'
47.3448 	EXP 	window1: blendMode = 'avg'
47.3654 	EXP 	window1: blendMode = 'avg'
47.3676 	EXP 	window1: blendMode = 'avg'
47.3687 	EXP 	window1: blendMode = 'avg'
47.3852 	EXP 	window1: blendMode = 'avg'
47.3865 	EXP 	window1: blendMode = 'avg'
47.3874 	EXP 	window1: blendMode = 'avg'
47.4032 	EXP 	window1: blendMode = 'avg'
47.4038 	EXP 	window1: blendMode = 'avg'
47.4043 	EXP 	window1: blendMode = 'avg'
47.4236 	EXP 	window1: blendMode = 'avg'
47.4244 	EXP 	window1: blendMode = 'avg'
47.4249 	EXP 	window1: blendMode = 'avg'
47.4416 	EXP 	window1: blendMode = 'avg'
47.4421 	EXP 	window1: blendMode = 'avg'
47.4425 	EXP 	window1: blendMode = 'avg'
47.4636 	EXP 	window1: blendMode = 'avg'
47.4644 	EXP 	window1: blendMode = 'avg'
47.4651 	EXP 	window1: blendMode = 'avg'
47.4837 	EXP 	window1: blendMode = 'avg'
47.4844 	EXP 	window1: blendMode = 'avg'
47.4851 	EXP 	window1: blendMode = 'avg'
47.5034 	EXP 	window1: blendMode = 'avg'
47.5041 	EXP 	window1: blendMode = 'avg'
47.5047 	EXP 	window1: blendMode = 'avg'
47.5240 	EXP 	window1: blendMode = 'avg'
47.5248 	EXP 	window1: blendMode = 'avg'
47.5255 	EXP 	window1: blendMode = 'avg'
47.5436 	EXP 	window1: blendMode = 'avg'
47.5443 	EXP 	window1: blendMode = 'avg'
47.5450 	EXP 	window1: blendMode = 'avg'
47.5630 	EXP 	window1: blendMode = 'avg'
47.5639 	EXP 	window1: blendMode = 'avg'
47.5646 	EXP 	window1: blendMode = 'avg'
47.5838 	EXP 	window1: blendMode = 'avg'
47.5845 	EXP 	window1: blendMode = 'avg'
47.5852 	EXP 	window1: blendMode = 'avg'
47.6036 	EXP 	window1: blendMode = 'avg'
47.6047 	EXP 	window1: blendMode = 'avg'
47.6054 	EXP 	window1: blendMode = 'avg'
47.6234 	EXP 	window1: blendMode = 'avg'
47.6241 	EXP 	window1: blendMode = 'avg'
47.6247 	EXP 	window1: blendMode = 'avg'
47.6433 	EXP 	window1: blendMode = 'avg'
47.6440 	EXP 	window1: blendMode = 'avg'
47.6447 	EXP 	window1: blendMode = 'avg'
47.6651 	EXP 	window1: blendMode = 'avg'
47.6661 	EXP 	window1: blendMode = 'avg'
47.6670 	EXP 	window1: blendMode = 'avg'
47.6857 	EXP 	window1: blendMode = 'avg'
47.6867 	EXP 	window1: blendMode = 'avg'
47.6874 	EXP 	window1: blendMode = 'avg'
47.7044 	EXP 	window1: blendMode = 'avg'
47.7051 	EXP 	window1: blendMode = 'avg'
47.7057 	EXP 	window1: blendMode = 'avg'
47.7246 	EXP 	window1: blendMode = 'avg'
47.7254 	EXP 	window1: blendMode = 'avg'
47.7261 	EXP 	window1: blendMode = 'avg'
47.7436 	EXP 	window1: blendMode = 'avg'
47.7444 	EXP 	window1: blendMode = 'avg'
47.7451 	EXP 	window1: blendMode = 'avg'
47.7656 	EXP 	window1: blendMode = 'avg'
47.7667 	EXP 	window1: blendMode = 'avg'
47.7678 	EXP 	window1: blendMode = 'avg'
47.7845 	EXP 	window1: blendMode = 'avg'
47.7854 	EXP 	window1: blendMode = 'avg'
47.7865 	EXP 	window1: blendMode = 'avg'
47.8033 	EXP 	window1: blendMode = 'avg'
47.8041 	EXP 	window1: blendMode = 'avg'
47.8048 	EXP 	window1: blendMode = 'avg'
47.8231 	EXP 	window1: blendMode = 'avg'
47.8239 	EXP 	window1: blendMode = 'avg'
47.8245 	EXP 	window1: blendMode = 'avg'
47.8450 	EXP 	window1: blendMode = 'avg'
47.8463 	EXP 	window1: blendMode = 'avg'
47.8474 	EXP 	window1: blendMode = 'avg'
47.8647 	EXP 	window1: blendMode = 'avg'
47.8659 	EXP 	window1: blendMode = 'avg'
47.8671 	EXP 	window1: blendMode = 'avg'
47.8832 	EXP 	window1: blendMode = 'avg'
47.8839 	EXP 	window1: blendMode = 'avg'
47.8847 	EXP 	window1: blendMode = 'avg'
47.9021 	EXP 	window1: blendMode = 'avg'
47.9024 	EXP 	window1: blendMode = 'avg'
47.9027 	EXP 	window1: blendMode = 'avg'
47.9211 	EXP 	window1: blendMode = 'avg'
47.9214 	EXP 	window1: blendMode = 'avg'
47.9217 	EXP 	window1: blendMode = 'avg'
47.9415 	EXP 	window1: blendMode = 'avg'
47.9419 	EXP 	window1: blendMode = 'avg'
47.9423 	EXP 	window1: blendMode = 'avg'
47.9621 	EXP 	window1: blendMode = 'avg'
47.9628 	EXP 	window1: blendMode = 'avg'
47.9636 	EXP 	window1: blendMode = 'avg'
47.9838 	EXP 	window1: blendMode = 'avg'
47.9846 	EXP 	window1: blendMode = 'avg'
47.9852 	EXP 	window1: blendMode = 'avg'
48.0033 	EXP 	window1: blendMode = 'avg'
48.0040 	EXP 	window1: blendMode = 'avg'
48.0047 	EXP 	window1: blendMode = 'avg'
48.0229 	EXP 	window1: blendMode = 'avg'
48.0236 	EXP 	window1: blendMode = 'avg'
48.0243 	EXP 	window1: blendMode = 'avg'
48.0441 	EXP 	window1: blendMode = 'avg'
48.0449 	EXP 	window1: blendMode = 'avg'
48.0455 	EXP 	window1: blendMode = 'avg'
48.0631 	EXP 	window1: blendMode = 'avg'
48.0643 	EXP 	window1: blendMode = 'avg'
48.0655 	EXP 	window1: blendMode = 'avg'
48.0866 	EXP 	window1: blendMode = 'avg'
48.0879 	EXP 	window1: blendMode = 'avg'
48.0891 	EXP 	window1: blendMode = 'avg'
48.1046 	EXP 	window1: blendMode = 'avg'
48.1053 	EXP 	window1: blendMode = 'avg'
48.1060 	EXP 	window1: blendMode = 'avg'
48.1229 	EXP 	window1: blendMode = 'avg'
48.1236 	EXP 	window1: blendMode = 'avg'
48.1242 	EXP 	window1: blendMode = 'avg'
48.1436 	EXP 	window1: blendMode = 'avg'
48.1444 	EXP 	window1: blendMode = 'avg'
48.1450 	EXP 	window1: blendMode = 'avg'
48.1634 	EXP 	window1: blendMode = 'avg'
48.1642 	EXP 	window1: blendMode = 'avg'
48.1648 	EXP 	window1: blendMode = 'avg'
48.1834 	EXP 	window1: blendMode = 'avg'
48.1841 	EXP 	window1: blendMode = 'avg'
48.1849 	EXP 	window1: blendMode = 'avg'
48.2034 	EXP 	window1: blendMode = 'avg'
48.2042 	EXP 	window1: blendMode = 'avg'
48.2048 	EXP 	window1: blendMode = 'avg'
48.2245 	EXP 	window1: blendMode = 'avg'
48.2254 	EXP 	window1: blendMode = 'avg'
48.2264 	EXP 	window1: blendMode = 'avg'
48.2431 	EXP 	window1: blendMode = 'avg'
48.2438 	EXP 	window1: blendMode = 'avg'
48.2445 	EXP 	window1: blendMode = 'avg'
48.2635 	EXP 	window1: blendMode = 'avg'
48.2643 	EXP 	window1: blendMode = 'avg'
48.2651 	EXP 	window1: blendMode = 'avg'
48.2828 	EXP 	window1: blendMode = 'avg'
48.2837 	EXP 	window1: blendMode = 'avg'
48.2847 	EXP 	window1: blendMode = 'avg'
48.3042 	EXP 	window1: blendMode = 'avg'
48.3049 	EXP 	window1: blendMode = 'avg'
48.3221 	EXP 	Orientation_Cue: autoDraw = False
48.3238 	EXP 	window1: blendMode = 'avg'
48.3246 	EXP 	window1: blendMode = 'avg'
48.3253 	EXP 	window1: blendMode = 'avg'
48.3418 	EXP 	Ready_Cue: autoDraw = True
48.3430 	EXP 	window1: blendMode = 'avg'
48.3437 	EXP 	window1: blendMode = 'avg'
48.3443 	EXP 	window1: blendMode = 'avg'
48.3630 	EXP 	window1: blendMode = 'avg'
48.3638 	EXP 	window1: blendMode = 'avg'
48.3645 	EXP 	window1: blendMode = 'avg'
48.3840 	EXP 	window1: blendMode = 'avg'
48.3849 	EXP 	window1: blendMode = 'avg'
48.3858 	EXP 	window1: blendMode = 'avg'
48.4046 	EXP 	window1: blendMode = 'avg'
48.4055 	EXP 	window1: blendMode = 'avg'
48.4065 	EXP 	window1: blendMode = 'avg'
48.4236 	EXP 	window1: blendMode = 'avg'
48.4243 	EXP 	window1: blendMode = 'avg'
48.4250 	EXP 	window1: blendMode = 'avg'
48.4439 	EXP 	window1: blendMode = 'avg'
48.4447 	EXP 	window1: blendMode = 'avg'
48.4454 	EXP 	window1: blendMode = 'avg'
48.4644 	EXP 	window1: blendMode = 'avg'
48.4652 	EXP 	window1: blendMode = 'avg'
48.4659 	EXP 	window1: blendMode = 'avg'
48.4838 	EXP 	window1: blendMode = 'avg'
48.4846 	EXP 	window1: blendMode = 'avg'
48.4852 	EXP 	window1: blendMode = 'avg'
48.5041 	EXP 	window1: blendMode = 'avg'
48.5049 	EXP 	window1: blendMode = 'avg'
48.5055 	EXP 	window1: blendMode = 'avg'
48.5238 	EXP 	window1: blendMode = 'avg'
48.5246 	EXP 	window1: blendMode = 'avg'
48.5252 	EXP 	window1: blendMode = 'avg'
48.5432 	EXP 	window1: blendMode = 'avg'
48.5439 	EXP 	window1: blendMode = 'avg'
48.5446 	EXP 	window1: blendMode = 'avg'
48.5630 	EXP 	window1: blendMode = 'avg'
48.5638 	EXP 	window1: blendMode = 'avg'
48.5644 	EXP 	window1: blendMode = 'avg'
48.5829 	EXP 	window1: blendMode = 'avg'
48.5836 	EXP 	window1: blendMode = 'avg'
48.5843 	EXP 	window1: blendMode = 'avg'
48.6052 	EXP 	window1: blendMode = 'avg'
48.6060 	EXP 	window1: blendMode = 'avg'
48.6070 	EXP 	window1: blendMode = 'avg'
48.6245 	EXP 	window1: blendMode = 'avg'
48.6252 	EXP 	window1: blendMode = 'avg'
48.6258 	EXP 	window1: blendMode = 'avg'
48.6426 	EXP 	window1: blendMode = 'avg'
48.6433 	EXP 	window1: blendMode = 'avg'
48.6439 	EXP 	window1: blendMode = 'avg'
48.6639 	EXP 	window1: blendMode = 'avg'
48.6649 	EXP 	window1: blendMode = 'avg'
48.6656 	EXP 	window1: blendMode = 'avg'
48.6830 	EXP 	window1: blendMode = 'avg'
48.6838 	EXP 	window1: blendMode = 'avg'
48.6844 	EXP 	window1: blendMode = 'avg'
48.7027 	EXP 	window1: blendMode = 'avg'
48.7035 	EXP 	window1: blendMode = 'avg'
48.7041 	EXP 	window1: blendMode = 'avg'
48.7234 	EXP 	window1: blendMode = 'avg'
48.7242 	EXP 	window1: blendMode = 'avg'
48.7249 	EXP 	window1: blendMode = 'avg'
48.7430 	EXP 	window1: blendMode = 'avg'
48.7437 	EXP 	window1: blendMode = 'avg'
48.7444 	EXP 	window1: blendMode = 'avg'
48.7633 	EXP 	window1: blendMode = 'avg'
48.7641 	EXP 	window1: blendMode = 'avg'
48.7648 	EXP 	window1: blendMode = 'avg'
48.7831 	EXP 	window1: blendMode = 'avg'
48.7840 	EXP 	window1: blendMode = 'avg'
48.7851 	EXP 	window1: blendMode = 'avg'
48.8044 	EXP 	window1: blendMode = 'avg'
48.8051 	EXP 	window1: blendMode = 'avg'
48.8228 	EXP 	Ready_Cue: autoDraw = False
48.8263 	EXP 	window1: blendMode = 'avg'
48.8285 	EXP 	window1: blendMode = 'avg'
48.8442 	EXP 	Zoid_Left: autoDraw = True
48.8442 	EXP 	Zoid_Right: autoDraw = True
48.8456 	EXP 	window1: blendMode = 'avg'
48.8466 	EXP 	window1: blendMode = 'avg'
48.8647 	EXP 	window1: blendMode = 'avg'
48.8659 	EXP 	window1: blendMode = 'avg'
48.8845 	EXP 	window1: blendMode = 'avg'
48.8855 	EXP 	window1: blendMode = 'avg'
48.9060 	EXP 	window1: blendMode = 'avg'
48.9071 	EXP 	window1: blendMode = 'avg'
48.9233 	EXP 	window1: blendMode = 'avg'
48.9238 	EXP 	window1: blendMode = 'avg'
48.9415 	EXP 	window1: blendMode = 'avg'
48.9419 	EXP 	window1: blendMode = 'avg'
48.9614 	EXP 	window1: blendMode = 'avg'
48.9618 	EXP 	window1: blendMode = 'avg'
48.9820 	EXP 	window1: blendMode = 'avg'
48.9828 	EXP 	window1: blendMode = 'avg'
49.0037 	EXP 	window1: blendMode = 'avg'
49.0044 	EXP 	window1: blendMode = 'avg'
49.0227 	EXP 	window1: blendMode = 'avg'
49.0234 	EXP 	window1: blendMode = 'avg'
49.0435 	EXP 	window1: blendMode = 'avg'
49.0442 	EXP 	window1: blendMode = 'avg'
49.0627 	EXP 	window1: blendMode = 'avg'
49.0634 	EXP 	window1: blendMode = 'avg'
49.0830 	EXP 	window1: blendMode = 'avg'
49.0837 	EXP 	window1: blendMode = 'avg'
49.1029 	EXP 	window1: blendMode = 'avg'
49.1037 	EXP 	window1: blendMode = 'avg'
49.1232 	EXP 	window1: blendMode = 'avg'
49.1240 	EXP 	window1: blendMode = 'avg'
49.1429 	EXP 	window1: blendMode = 'avg'
49.1437 	EXP 	window1: blendMode = 'avg'
49.1631 	EXP 	window1: blendMode = 'avg'
49.1641 	EXP 	window1: blendMode = 'avg'
49.1834 	EXP 	window1: blendMode = 'avg'
49.1841 	EXP 	window1: blendMode = 'avg'
49.2037 	EXP 	window1: blendMode = 'avg'
49.2048 	EXP 	window1: blendMode = 'avg'
49.2233 	EXP 	window1: blendMode = 'avg'
49.2242 	EXP 	window1: blendMode = 'avg'
49.2428 	EXP 	window1: blendMode = 'avg'
49.2435 	EXP 	window1: blendMode = 'avg'
49.2629 	EXP 	window1: blendMode = 'avg'
49.2636 	EXP 	window1: blendMode = 'avg'
49.2833 	EXP 	window1: blendMode = 'avg'
49.2840 	EXP 	window1: blendMode = 'avg'
49.3036 	EXP 	window1: blendMode = 'avg'
49.3043 	EXP 	window1: blendMode = 'avg'
49.3229 	EXP 	window1: blendMode = 'avg'
49.3237 	EXP 	window1: blendMode = 'avg'
49.3431 	EXP 	window1: blendMode = 'avg'
49.3438 	EXP 	window1: blendMode = 'avg'
49.3626 	EXP 	window1: blendMode = 'avg'
49.3634 	EXP 	window1: blendMode = 'avg'
49.3835 	EXP 	window1: blendMode = 'avg'
49.3841 	EXP 	window1: blendMode = 'avg'
49.4031 	EXP 	window1: blendMode = 'avg'
49.4038 	EXP 	window1: blendMode = 'avg'
49.4239 	EXP 	window1: blendMode = 'avg'
49.4247 	EXP 	window1: blendMode = 'avg'
49.4437 	EXP 	window1: blendMode = 'avg'
49.4449 	EXP 	window1: blendMode = 'avg'
49.4645 	EXP 	window1: blendMode = 'avg'
49.4653 	EXP 	window1: blendMode = 'avg'
49.4836 	EXP 	window1: blendMode = 'avg'
49.4843 	EXP 	window1: blendMode = 'avg'
49.5048 	EXP 	window1: blendMode = 'avg'
49.5058 	EXP 	window1: blendMode = 'avg'
49.5242 	EXP 	window1: blendMode = 'avg'
49.5250 	EXP 	window1: blendMode = 'avg'
49.5429 	EXP 	window1: blendMode = 'avg'
49.5437 	EXP 	window1: blendMode = 'avg'
49.5633 	EXP 	window1: blendMode = 'avg'
49.5642 	EXP 	window1: blendMode = 'avg'
49.5826 	EXP 	window1: blendMode = 'avg'
49.5833 	EXP 	window1: blendMode = 'avg'
49.6046 	EXP 	window1: blendMode = 'avg'
49.6058 	EXP 	window1: blendMode = 'avg'
49.6238 	EXP 	window1: blendMode = 'avg'
49.6245 	EXP 	window1: blendMode = 'avg'
49.6429 	EXP 	window1: blendMode = 'avg'
49.6437 	EXP 	window1: blendMode = 'avg'
49.6628 	EXP 	window1: blendMode = 'avg'
49.6635 	EXP 	window1: blendMode = 'avg'
49.6826 	EXP 	window1: blendMode = 'avg'
49.6834 	EXP 	window1: blendMode = 'avg'
49.7035 	EXP 	window1: blendMode = 'avg'
49.7042 	EXP 	window1: blendMode = 'avg'
49.7225 	EXP 	window1: blendMode = 'avg'
49.7233 	EXP 	window1: blendMode = 'avg'
49.7431 	EXP 	window1: blendMode = 'avg'
49.7438 	EXP 	window1: blendMode = 'avg'
49.7627 	EXP 	window1: blendMode = 'avg'
49.7635 	EXP 	window1: blendMode = 'avg'
49.7832 	EXP 	window1: blendMode = 'avg'
49.7839 	EXP 	window1: blendMode = 'avg'
49.8040 	EXP 	window1: blendMode = 'avg'
49.8053 	EXP 	window1: blendMode = 'avg'
49.8246 	EXP 	window1: blendMode = 'avg'
49.8257 	EXP 	window1: blendMode = 'avg'
49.8596 	EXP 	window1: blendMode = 'avg'
49.8603 	EXP 	window1: blendMode = 'avg'
49.8818 	EXP 	window1: blendMode = 'avg'
49.8824 	EXP 	window1: blendMode = 'avg'
49.9031 	EXP 	window1: blendMode = 'avg'
49.9038 	EXP 	window1: blendMode = 'avg'
49.9223 	EXP 	window1: blendMode = 'avg'
49.9228 	EXP 	window1: blendMode = 'avg'
49.9427 	EXP 	window1: blendMode = 'avg'
49.9434 	EXP 	window1: blendMode = 'avg'
49.9625 	EXP 	window1: blendMode = 'avg'
49.9632 	EXP 	window1: blendMode = 'avg'
49.9805 	EXP 	window1: blendMode = 'avg'
49.9808 	EXP 	window1: blendMode = 'avg'
50.0008 	EXP 	window1: blendMode = 'avg'
50.0011 	EXP 	window1: blendMode = 'avg'
50.0206 	EXP 	window1: blendMode = 'avg'
50.0209 	EXP 	window1: blendMode = 'avg'
50.0422 	EXP 	window1: blendMode = 'avg'
50.0426 	EXP 	window1: blendMode = 'avg'
50.0616 	EXP 	window1: blendMode = 'avg'
50.0621 	EXP 	window1: blendMode = 'avg'
50.0816 	EXP 	window1: blendMode = 'avg'
50.0822 	EXP 	window1: blendMode = 'avg'
50.1039 	EXP 	window1: blendMode = 'avg'
50.1048 	EXP 	window1: blendMode = 'avg'
50.1241 	EXP 	window1: blendMode = 'avg'
50.1249 	EXP 	window1: blendMode = 'avg'
50.1424 	EXP 	window1: blendMode = 'avg'
50.1431 	EXP 	window1: blendMode = 'avg'
50.1630 	EXP 	window1: blendMode = 'avg'
50.1642 	EXP 	window1: blendMode = 'avg'
50.1824 	EXP 	window1: blendMode = 'avg'
50.1831 	EXP 	window1: blendMode = 'avg'
50.2030 	EXP 	window1: blendMode = 'avg'
50.2037 	EXP 	window1: blendMode = 'avg'
50.2231 	EXP 	window1: blendMode = 'avg'
50.2239 	EXP 	window1: blendMode = 'avg'
50.2431 	EXP 	window1: blendMode = 'avg'
50.2438 	EXP 	window1: blendMode = 'avg'
50.2631 	EXP 	window1: blendMode = 'avg'
50.2643 	EXP 	window1: blendMode = 'avg'
50.2830 	EXP 	window1: blendMode = 'avg'
50.2838 	EXP 	window1: blendMode = 'avg'
50.3029 	EXP 	window1: blendMode = 'avg'
50.3037 	EXP 	window1: blendMode = 'avg'
50.3237 	EXP 	window1: blendMode = 'avg'
50.3245 	EXP 	window1: blendMode = 'avg'
50.3440 	EXP 	window1: blendMode = 'avg'
50.3448 	EXP 	window1: blendMode = 'avg'
50.3632 	EXP 	window1: blendMode = 'avg'
50.3646 	EXP 	window1: blendMode = 'avg'
50.3827 	EXP 	window1: blendMode = 'avg'
50.3834 	EXP 	window1: blendMode = 'avg'
50.4035 	EXP 	window1: blendMode = 'avg'
50.4043 	EXP 	window1: blendMode = 'avg'
50.4228 	EXP 	window1: blendMode = 'avg'
50.4235 	EXP 	window1: blendMode = 'avg'
50.4427 	EXP 	window1: blendMode = 'avg'
50.4435 	EXP 	window1: blendMode = 'avg'
50.4632 	EXP 	window1: blendMode = 'avg'
50.4643 	EXP 	window1: blendMode = 'avg'
50.4837 	EXP 	window1: blendMode = 'avg'
50.4844 	EXP 	window1: blendMode = 'avg'
50.5064 	EXP 	window1: blendMode = 'avg'
50.5071 	EXP 	window1: blendMode = 'avg'
50.5232 	EXP 	window1: blendMode = 'avg'
50.5241 	EXP 	window1: blendMode = 'avg'
50.5442 	EXP 	window1: blendMode = 'avg'
50.5450 	EXP 	window1: blendMode = 'avg'
50.5640 	EXP 	window1: blendMode = 'avg'
50.5648 	EXP 	window1: blendMode = 'avg'
50.5836 	EXP 	window1: blendMode = 'avg'
50.5844 	EXP 	window1: blendMode = 'avg'
50.6030 	EXP 	window1: blendMode = 'avg'
50.6038 	EXP 	window1: blendMode = 'avg'
50.6235 	EXP 	window1: blendMode = 'avg'
50.6242 	EXP 	window1: blendMode = 'avg'
50.6423 	EXP 	window1: blendMode = 'avg'
50.6430 	EXP 	window1: blendMode = 'avg'
50.6628 	EXP 	window1: blendMode = 'avg'
50.6639 	EXP 	window1: blendMode = 'avg'
50.6823 	EXP 	window1: blendMode = 'avg'
50.6830 	EXP 	window1: blendMode = 'avg'
50.7026 	EXP 	window1: blendMode = 'avg'
50.7033 	EXP 	window1: blendMode = 'avg'
50.7234 	EXP 	window1: blendMode = 'avg'
50.7241 	EXP 	window1: blendMode = 'avg'
50.7423 	EXP 	window1: blendMode = 'avg'
50.7430 	EXP 	window1: blendMode = 'avg'
50.7627 	EXP 	window1: blendMode = 'avg'
50.7635 	EXP 	window1: blendMode = 'avg'
50.7825 	EXP 	window1: blendMode = 'avg'
50.7832 	EXP 	window1: blendMode = 'avg'
50.8026 	EXP 	window1: blendMode = 'avg'
50.8033 	EXP 	window1: blendMode = 'avg'
50.8226 	EXP 	window1: blendMode = 'avg'
50.8233 	EXP 	window1: blendMode = 'avg'
50.8424 	EXP 	window1: blendMode = 'avg'
50.8431 	EXP 	window1: blendMode = 'avg'
50.8624 	EXP 	window1: blendMode = 'avg'
50.8632 	EXP 	window1: blendMode = 'avg'
50.8826 	EXP 	window1: blendMode = 'avg'
50.8833 	EXP 	window1: blendMode = 'avg'
50.9032 	EXP 	window1: blendMode = 'avg'
50.9039 	EXP 	window1: blendMode = 'avg'
50.9231 	EXP 	window1: blendMode = 'avg'
50.9238 	EXP 	window1: blendMode = 'avg'
50.9427 	EXP 	window1: blendMode = 'avg'
50.9434 	EXP 	window1: blendMode = 'avg'
50.9624 	EXP 	window1: blendMode = 'avg'
50.9632 	EXP 	window1: blendMode = 'avg'
50.9835 	EXP 	window1: blendMode = 'avg'
50.9842 	EXP 	window1: blendMode = 'avg'
51.0026 	EXP 	window1: blendMode = 'avg'
51.0033 	EXP 	window1: blendMode = 'avg'
51.0240 	EXP 	window1: blendMode = 'avg'
51.0249 	EXP 	window1: blendMode = 'avg'
51.0429 	EXP 	window1: blendMode = 'avg'
51.0436 	EXP 	window1: blendMode = 'avg'
51.0638 	EXP 	window1: blendMode = 'avg'
51.0649 	EXP 	window1: blendMode = 'avg'
51.0847 	DATA 	Keypress: m
51.1211 	EXP 	New trial (rep=3, index=0): None
51.1238 	EXP 	window1: blendMode = 'avg'
51.1245 	EXP 	window1: blendMode = 'avg'
51.1251 	EXP 	window1: blendMode = 'avg'
51.1364 	EXP 	Orientation_Cue: autoDraw = False
51.1364 	EXP 	Ready_Cue: autoDraw = False
51.1364 	EXP 	Zoid_Left: autoDraw = False
51.1364 	EXP 	Zoid_Right: autoDraw = False
51.1364 	EXP 	Zoid_Left: vertices = ((2, -0.5), (2, 0.5), (-2, 0.5), (-2, -0.5))
51.1364 	EXP 	Zoid_Left: ori = 0
51.1364 	EXP 	Zoid_Right: vertices = ((2, -0.5), (2, 0.5), (-2, 0.5), (-2, -0.5))
51.1364 	EXP 	Zoid_Right: ori = 0
51.1364 	EXP 	Orientation_Cue: autoDraw = True
51.1387 	EXP 	window1: blendMode = 'avg'
51.1397 	EXP 	window1: blendMode = 'avg'
51.1406 	EXP 	window1: blendMode = 'avg'
51.1620 	EXP 	window1: blendMode = 'avg'
51.1632 	EXP 	window1: blendMode = 'avg'
51.1643 	EXP 	window1: blendMode = 'avg'
51.1833 	EXP 	window1: blendMode = 'avg'
51.1841 	EXP 	window1: blendMode = 'avg'
51.1847 	EXP 	window1: blendMode = 'avg'
51.2025 	EXP 	window1: blendMode = 'avg'
51.2032 	EXP 	window1: blendMode = 'avg'
51.2039 	EXP 	window1: blendMode = 'avg'
51.2228 	EXP 	window1: blendMode = 'avg'
51.2237 	EXP 	window1: blendMode = 'avg'
51.2246 	EXP 	window1: blendMode = 'avg'
51.2422 	EXP 	window1: blendMode = 'avg'
51.2429 	EXP 	window1: blendMode = 'avg'
51.2436 	EXP 	window1: blendMode = 'avg'
51.2629 	EXP 	window1: blendMode = 'avg'
51.2637 	EXP 	window1: blendMode = 'avg'
51.2644 	EXP 	window1: blendMode = 'avg'
51.2822 	EXP 	window1: blendMode = 'avg'
51.2829 	EXP 	window1: blendMode = 'avg'
51.2836 	EXP 	window1: blendMode = 'avg'
51.3025 	EXP 	window1: blendMode = 'avg'
51.3032 	EXP 	window1: blendMode = 'avg'
51.3038 	EXP 	window1: blendMode = 'avg'
51.3232 	EXP 	window1: blendMode = 'avg'
51.3240 	EXP 	window1: blendMode = 'avg'
51.3247 	EXP 	window1: blendMode = 'avg'
51.3428 	EXP 	window1: blendMode = 'avg'
51.3435 	EXP 	window1: blendMode = 'avg'
51.3442 	EXP 	window1: blendMode = 'avg'
51.3621 	EXP 	window1: blendMode = 'avg'
51.3629 	EXP 	window1: blendMode = 'avg'
51.3635 	EXP 	window1: blendMode = 'avg'
51.3822 	EXP 	window1: blendMode = 'avg'
51.3829 	EXP 	window1: blendMode = 'avg'
51.3836 	EXP 	window1: blendMode = 'avg'
51.4026 	EXP 	window1: blendMode = 'avg'
51.4036 	EXP 	window1: blendMode = 'avg'
51.4043 	EXP 	window1: blendMode = 'avg'
51.4222 	EXP 	window1: blendMode = 'avg'
51.4230 	EXP 	window1: blendMode = 'avg'
51.4237 	EXP 	window1: blendMode = 'avg'
51.4420 	EXP 	window1: blendMode = 'avg'
51.4427 	EXP 	window1: blendMode = 'avg'
51.4434 	EXP 	window1: blendMode = 'avg'
51.4625 	EXP 	window1: blendMode = 'avg'
51.4637 	EXP 	window1: blendMode = 'avg'
51.4648 	EXP 	window1: blendMode = 'avg'
51.4829 	EXP 	window1: blendMode = 'avg'
51.4836 	EXP 	window1: blendMode = 'avg'
51.4843 	EXP 	window1: blendMode = 'avg'
51.5021 	EXP 	window1: blendMode = 'avg'
51.5028 	EXP 	window1: blendMode = 'avg'
51.5035 	EXP 	window1: blendMode = 'avg'
51.5238 	EXP 	window1: blendMode = 'avg'
51.5248 	EXP 	window1: blendMode = 'avg'
51.5257 	EXP 	window1: blendMode = 'avg'
51.5429 	EXP 	window1: blendMode = 'avg'
51.5438 	EXP 	window1: blendMode = 'avg'
51.5449 	EXP 	window1: blendMode = 'avg'
51.5626 	EXP 	window1: blendMode = 'avg'
51.5630 	EXP 	window1: blendMode = 'avg'
51.5636 	EXP 	window1: blendMode = 'avg'
51.5820 	EXP 	window1: blendMode = 'avg'
51.5827 	EXP 	window1: blendMode = 'avg'
51.5833 	EXP 	window1: blendMode = 'avg'
51.6021 	EXP 	window1: blendMode = 'avg'
51.6026 	EXP 	window1: blendMode = 'avg'
51.6031 	EXP 	window1: blendMode = 'avg'
51.6216 	EXP 	window1: blendMode = 'avg'
51.6223 	EXP 	window1: blendMode = 'avg'
51.6230 	EXP 	window1: blendMode = 'avg'
51.6407 	EXP 	window1: blendMode = 'avg'
51.6412 	EXP 	window1: blendMode = 'avg'
51.6416 	EXP 	window1: blendMode = 'avg'
51.6607 	EXP 	window1: blendMode = 'avg'
51.6614 	EXP 	window1: blendMode = 'avg'
51.6620 	EXP 	window1: blendMode = 'avg'
51.6812 	EXP 	window1: blendMode = 'avg'
51.6819 	EXP 	window1: blendMode = 'avg'
51.6825 	EXP 	window1: blendMode = 'avg'
51.7020 	EXP 	window1: blendMode = 'avg'
51.7027 	EXP 	window1: blendMode = 'avg'
51.7035 	EXP 	window1: blendMode = 'avg'
51.7230 	EXP 	window1: blendMode = 'avg'
51.7239 	EXP 	window1: blendMode = 'avg'
51.7250 	EXP 	window1: blendMode = 'avg'
51.7435 	EXP 	window1: blendMode = 'avg'
51.7442 	EXP 	window1: blendMode = 'avg'
51.7448 	EXP 	window1: blendMode = 'avg'
51.7623 	EXP 	window1: blendMode = 'avg'
51.7630 	EXP 	window1: blendMode = 'avg'
51.7637 	EXP 	window1: blendMode = 'avg'
51.7820 	EXP 	window1: blendMode = 'avg'
51.7827 	EXP 	window1: blendMode = 'avg'
51.7834 	EXP 	window1: blendMode = 'avg'
51.8021 	EXP 	window1: blendMode = 'avg'
51.8028 	EXP 	window1: blendMode = 'avg'
51.8034 	EXP 	window1: blendMode = 'avg'
51.8229 	DATA 	Keypress: escape
