1.4497 	ERROR 	avbin.dll failed to load. Try importing psychopy.visual
  as the first library (before anything that uses scipy)
  and make sure that avbin is installed.
5.8384 	EXP 	Created window1 = Window(allowGUI=False, allowStencil=False, autoLog=True, bitsMode=UNKNOWN, blendMode='avg', color=array([ 0.95,  0.95,  0.95]), colorSpace='rgb', fullscr=UNKNOWN, gamma=None, lms=UNKNOWN, monitor=<psychopy.monitors.calibTools.Monitor object at 0x1AEBD650>, multiSample=False, name='window1', numSamples=2, pos=[0, 0], screen=0, size=array([1600,  900]), stereo=False, units=u'norm', useFBO=True, useRetina=False, viewOri=0.0, viewPos=None, viewScale=None, waitBlanking=True, winType='pyglet')
5.8384 	EXP 	window1: recordFrameIntervals = False
6.0373 	EXP 	window1: recordFrameIntervals = True
6.2576 	EXP 	window1: recordFrameIntervals = False
6.4007 	EXP 	Created Orientation_Cue = TextStim(alignHoriz='center', alignVert='center', antialias=True, autoLog=True, bold=False, color=u'black', colorSpace='named', contrast=1.0, depth=0.0, flipHoriz=False, flipVert=False, font=u'Arial', fontFiles=[], height=0.1, italic=False, name='Orientation_Cue', opacity=1.0, ori=0, pos=array([ 0.,  0.]), rgb=array([ 0.,  0.,  0.]), text=u'\u25cb', units=u'norm', win=Window(...), wrapWidth=1)
6.4122 	EXP 	Created Ready_Cue = TextStim(alignHoriz='center', alignVert='center', antialias=True, autoLog=True, bold=False, color=u'black', colorSpace='named', contrast=1.0, depth=-1.0, flipHoriz=False, flipVert=False, font=u'Arial', fontFiles=[], height=0.1, italic=False, name='Ready_Cue', opacity=1.0, ori=0, pos=array([ 0.,  0.]), rgb=array([ 0.,  0.,  0.]), text=u'\u23fa', units=u'norm', win=Window(...), wrapWidth=1)
6.4249 	EXP 	Created Zoid_Left = ShapeStim(autoDraw=False, autoLog=True, closeShape=True, contrast=1.0, depth=-3.0, fillColor=array([ 0.05,  0.05,  0.05]), fillColorSpace='rgb', interpolate=True, lineColor=array([ 1.,  1.,  1.]), lineColorSpace='rgb', lineWidth=1, name='Zoid_Left', opacity=1.0, ori=array(0.0), pos=array([-5.,  0.]), size=array([ 1.,  1.]), units='cm', vertices=ndarray(...), win=Window(...), windingRule=None)
6.4263 	EXP 	Created Zoid_Right = ShapeStim(autoDraw=False, autoLog=True, closeShape=True, contrast=1.0, depth=-4.0, fillColor=array([ 0.05,  0.05,  0.05]), fillColorSpace='rgb', interpolate=True, lineColor=array([ 1.,  1.,  1.]), lineColorSpace='rgb', lineWidth=1, name='Zoid_Right', opacity=1.0, ori=array(0.0), pos=array([ 5.,  0.]), size=array([ 1.,  1.]), units='cm', vertices=ndarray(...), win=Window(...), windingRule=None)
6.5168 	EXP 	Created Button_Instructions = TextStim(alignHoriz='center', alignVert='center', antialias=True, autoLog=True, bold=False, color=u'white', colorSpace='named', contrast=1.0, depth=0.0, flipHoriz=False, flipVert=False, font=u'Arial', fontFiles=[], height=0.07, italic=False, name='Button_Instructions', opacity=1.0, ori=0, pos=array([ 0. ,  0.5]), rgb=array([ 255.,  255.,  255.]), text=unicode(...), units=u'norm', win=Window(...), wrapWidth=1)
6.5322 	EXP 	Created x_instruction = TextStim(alignHoriz='center', alignVert='center', antialias=True, autoLog=True, bold=False, color=u'lightseagreen', colorSpace='named', contrast=1.0, depth=0.0, flipHoriz=False, flipVert=False, font=u'Arial', fontFiles=[], height=0.1, italic=False, name='x_instruction', opacity=1.0, ori=0, pos=array([-0.5, -0.8]), rgb=array([  32.,  178.,  170.]), text=u'SAME\nx', units=u'norm', win=Window(...), wrapWidth=1)
6.5479 	EXP 	Created m_instruction = TextStim(alignHoriz='center', alignVert='center', antialias=True, autoLog=True, bold=False, color=u'tomato', colorSpace='named', contrast=1.0, depth=0.0, flipHoriz=False, flipVert=False, font=u'Arial', fontFiles=[], height=0.1, italic=False, name='m_instruction', opacity=1.0, ori=0, pos=array([ 0.5, -0.8]), rgb=array([ 255.,   99.,   71.]), text=u'DIFFERENT\nm', units=u'norm', win=Window(...), wrapWidth=1)
6.5579 	EXP 	Created m_instruction = TextStim(alignHoriz='center', alignVert='center', antialias=True, autoLog=True, bold=False, color=u'lightseagreen', colorSpace='named', contrast=1.0, depth=0.0, flipHoriz=False, flipVert=False, font=u'Arial', fontFiles=[], height=0.07, italic=False, name='m_instruction', opacity=1.0, ori=0, pos=array([ 0.5, -0.8]), rgb=array([  32.,  178.,  170.]), text=u'DIFFERENT\nm', units=u'norm', win=Window(...), wrapWidth=1)
6.5753 	EXP 	Created Feedback_Screen = TextStim(alignHoriz='center', alignVert='center', antialias=True, autoLog=True, bold=False, color=u'black', colorSpace='named', contrast=1.0, depth=0.0, flipHoriz=False, flipVert=False, font=u'Arial', fontFiles=[], height=0.1, italic=False, name='Feedback_Screen', opacity=1.0, ori=0, pos=array([ 0.,  0.]), rgb=array([ 0.,  0.,  0.]), text=u'Placeholder_text', units=u'norm', win=Window(...), wrapWidth=1)
6.5768 	EXP 	window1: blendMode = 'avg'
6.5773 	EXP 	window1: blendMode = 'avg'
6.5776 	EXP 	window1: blendMode = 'avg'
6.5863 	EXP 	x_instruction: autoDraw = True
6.5863 	EXP 	m_instruction: autoDraw = True
6.5863 	EXP 	Button_Instructions: autoDraw = True
11.3877 	DATA 	Keypress: space
11.5367 	DATA 	Keypress: n
11.5874 	EXP 	Created sequence: random, trialTypes=1, nReps=121, seed=None
11.7161 	EXP 	New trial (rep=0, index=0): None
11.7172 	EXP 	window1: blendMode = 'avg'
11.7174 	EXP 	window1: blendMode = 'avg'
11.7178 	EXP 	window1: blendMode = 'avg'
11.7252 	EXP 	Button_Instructions: autoDraw = False
11.7252 	EXP 	Zoid_Left: vertices = ((-0.5, 0), (-1.5, 0), (-1.5, 1), (0.5, 1), (0.5, 0), (1.5, 0), (1.5, -1), (-0.5, -1))
11.7252 	EXP 	Zoid_Left: ori = 90
11.7252 	EXP 	Zoid_Right: vertices = ((-0.5, 0), (-1.5, 0), (-1.5, 1), (0.5, 1), (0.5, 0), (1.5, 0), (1.5, -1), (-0.5, -1))
11.7252 	EXP 	Zoid_Right: ori = 90
11.7252 	EXP 	Orientation_Cue: autoDraw = True
11.7259 	EXP 	window1: blendMode = 'avg'
11.7263 	EXP 	window1: blendMode = 'avg'
11.7266 	EXP 	window1: blendMode = 'avg'
11.7358 	EXP 	window1: blendMode = 'avg'
11.7362 	EXP 	window1: blendMode = 'avg'
11.7366 	EXP 	window1: blendMode = 'avg'
11.7544 	EXP 	window1: blendMode = 'avg'
11.7546 	EXP 	window1: blendMode = 'avg'
11.7548 	EXP 	window1: blendMode = 'avg'
11.7746 	EXP 	window1: blendMode = 'avg'
11.7748 	EXP 	window1: blendMode = 'avg'
11.7750 	EXP 	window1: blendMode = 'avg'
11.7948 	EXP 	window1: blendMode = 'avg'
11.7952 	EXP 	window1: blendMode = 'avg'
11.7956 	EXP 	window1: blendMode = 'avg'
11.8150 	EXP 	window1: blendMode = 'avg'
11.8155 	EXP 	window1: blendMode = 'avg'
11.8159 	EXP 	window1: blendMode = 'avg'
11.8383 	EXP 	window1: blendMode = 'avg'
11.8392 	EXP 	window1: blendMode = 'avg'
11.8398 	EXP 	window1: blendMode = 'avg'
11.8569 	EXP 	window1: blendMode = 'avg'
11.8576 	EXP 	window1: blendMode = 'avg'
11.8582 	EXP 	window1: blendMode = 'avg'
11.8774 	EXP 	window1: blendMode = 'avg'
11.8781 	EXP 	window1: blendMode = 'avg'
11.8788 	EXP 	window1: blendMode = 'avg'
11.8973 	EXP 	window1: blendMode = 'avg'
11.8979 	EXP 	window1: blendMode = 'avg'
11.8986 	EXP 	window1: blendMode = 'avg'
11.9166 	EXP 	window1: blendMode = 'avg'
11.9172 	EXP 	window1: blendMode = 'avg'
11.9179 	EXP 	window1: blendMode = 'avg'
11.9368 	EXP 	window1: blendMode = 'avg'
11.9376 	EXP 	window1: blendMode = 'avg'
11.9383 	EXP 	window1: blendMode = 'avg'
11.9574 	EXP 	window1: blendMode = 'avg'
11.9581 	EXP 	window1: blendMode = 'avg'
11.9587 	EXP 	window1: blendMode = 'avg'
11.9767 	EXP 	window1: blendMode = 'avg'
11.9775 	EXP 	window1: blendMode = 'avg'
11.9781 	EXP 	window1: blendMode = 'avg'
11.9971 	EXP 	window1: blendMode = 'avg'
11.9978 	EXP 	window1: blendMode = 'avg'
11.9985 	EXP 	window1: blendMode = 'avg'
12.0188 	EXP 	window1: blendMode = 'avg'
12.0200 	EXP 	window1: blendMode = 'avg'
12.0207 	EXP 	window1: blendMode = 'avg'
12.0372 	EXP 	window1: blendMode = 'avg'
12.0381 	EXP 	window1: blendMode = 'avg'
12.0388 	EXP 	window1: blendMode = 'avg'
12.0580 	EXP 	window1: blendMode = 'avg'
12.0591 	EXP 	window1: blendMode = 'avg'
12.0598 	EXP 	window1: blendMode = 'avg'
12.0798 	EXP 	window1: blendMode = 'avg'
12.0810 	EXP 	window1: blendMode = 'avg'
12.0821 	EXP 	window1: blendMode = 'avg'
12.0976 	EXP 	window1: blendMode = 'avg'
12.0983 	EXP 	window1: blendMode = 'avg'
12.0990 	EXP 	window1: blendMode = 'avg'
12.1180 	EXP 	window1: blendMode = 'avg'
12.1191 	EXP 	window1: blendMode = 'avg'
12.1199 	EXP 	window1: blendMode = 'avg'
12.1373 	EXP 	window1: blendMode = 'avg'
12.1380 	EXP 	window1: blendMode = 'avg'
12.1387 	EXP 	window1: blendMode = 'avg'
12.1572 	EXP 	window1: blendMode = 'avg'
12.1578 	EXP 	window1: blendMode = 'avg'
12.1585 	EXP 	window1: blendMode = 'avg'
12.1773 	EXP 	window1: blendMode = 'avg'
12.1784 	EXP 	window1: blendMode = 'avg'
12.1795 	EXP 	window1: blendMode = 'avg'
12.1972 	EXP 	window1: blendMode = 'avg'
12.1979 	EXP 	window1: blendMode = 'avg'
12.1986 	EXP 	window1: blendMode = 'avg'
12.2167 	EXP 	window1: blendMode = 'avg'
12.2174 	EXP 	window1: blendMode = 'avg'
12.2181 	EXP 	window1: blendMode = 'avg'
12.2365 	EXP 	window1: blendMode = 'avg'
12.2372 	EXP 	window1: blendMode = 'avg'
12.2379 	EXP 	window1: blendMode = 'avg'
12.2567 	EXP 	window1: blendMode = 'avg'
12.2574 	EXP 	window1: blendMode = 'avg'
12.2581 	EXP 	window1: blendMode = 'avg'
12.2772 	EXP 	window1: blendMode = 'avg'
12.2780 	EXP 	window1: blendMode = 'avg'
12.2787 	EXP 	window1: blendMode = 'avg'
12.2971 	EXP 	window1: blendMode = 'avg'
12.2978 	EXP 	window1: blendMode = 'avg'
12.2984 	EXP 	window1: blendMode = 'avg'
12.3165 	EXP 	window1: blendMode = 'avg'
12.3173 	EXP 	window1: blendMode = 'avg'
12.3179 	EXP 	window1: blendMode = 'avg'
12.3365 	EXP 	window1: blendMode = 'avg'
12.3372 	EXP 	window1: blendMode = 'avg'
12.3378 	EXP 	window1: blendMode = 'avg'
12.3584 	EXP 	window1: blendMode = 'avg'
12.3591 	EXP 	window1: blendMode = 'avg'
12.3598 	EXP 	window1: blendMode = 'avg'
12.3776 	EXP 	window1: blendMode = 'avg'
12.3787 	EXP 	window1: blendMode = 'avg'
12.3799 	EXP 	window1: blendMode = 'avg'
12.3964 	EXP 	window1: blendMode = 'avg'
12.3971 	EXP 	window1: blendMode = 'avg'
12.3977 	EXP 	window1: blendMode = 'avg'
12.4174 	EXP 	window1: blendMode = 'avg'
12.4182 	EXP 	window1: blendMode = 'avg'
12.4188 	EXP 	window1: blendMode = 'avg'
12.4368 	EXP 	window1: blendMode = 'avg'
12.4375 	EXP 	window1: blendMode = 'avg'
12.4381 	EXP 	window1: blendMode = 'avg'
12.4568 	EXP 	window1: blendMode = 'avg'
12.4575 	EXP 	window1: blendMode = 'avg'
12.4581 	EXP 	window1: blendMode = 'avg'
12.4768 	EXP 	window1: blendMode = 'avg'
12.4775 	EXP 	window1: blendMode = 'avg'
12.4781 	EXP 	window1: blendMode = 'avg'
12.4965 	EXP 	window1: blendMode = 'avg'
12.4972 	EXP 	window1: blendMode = 'avg'
12.4978 	EXP 	window1: blendMode = 'avg'
12.5165 	EXP 	window1: blendMode = 'avg'
12.5171 	EXP 	window1: blendMode = 'avg'
12.5178 	EXP 	window1: blendMode = 'avg'
12.5379 	EXP 	window1: blendMode = 'avg'
12.5386 	EXP 	window1: blendMode = 'avg'
12.5394 	EXP 	window1: blendMode = 'avg'
12.5593 	EXP 	window1: blendMode = 'avg'
12.5603 	EXP 	window1: blendMode = 'avg'
12.5610 	EXP 	window1: blendMode = 'avg'
12.5777 	EXP 	window1: blendMode = 'avg'
12.5786 	EXP 	window1: blendMode = 'avg'
12.5797 	EXP 	window1: blendMode = 'avg'
12.5989 	EXP 	window1: blendMode = 'avg'
12.6001 	EXP 	window1: blendMode = 'avg'
12.6012 	EXP 	window1: blendMode = 'avg'
12.6165 	EXP 	window1: blendMode = 'avg'
12.6172 	EXP 	window1: blendMode = 'avg'
12.6179 	EXP 	window1: blendMode = 'avg'
12.6362 	EXP 	window1: blendMode = 'avg'
12.6370 	EXP 	window1: blendMode = 'avg'
12.6382 	EXP 	window1: blendMode = 'avg'
12.6562 	EXP 	window1: blendMode = 'avg'
12.6566 	EXP 	window1: blendMode = 'avg'
12.6570 	EXP 	window1: blendMode = 'avg'
12.6751 	EXP 	window1: blendMode = 'avg'
12.6755 	EXP 	window1: blendMode = 'avg'
12.6759 	EXP 	window1: blendMode = 'avg'
12.6963 	EXP 	window1: blendMode = 'avg'
12.6969 	EXP 	window1: blendMode = 'avg'
12.6976 	EXP 	window1: blendMode = 'avg'
12.7163 	EXP 	window1: blendMode = 'avg'
12.7170 	EXP 	window1: blendMode = 'avg'
12.7176 	EXP 	window1: blendMode = 'avg'
12.7368 	EXP 	window1: blendMode = 'avg'
12.7375 	EXP 	window1: blendMode = 'avg'
12.7384 	EXP 	window1: blendMode = 'avg'
12.7566 	EXP 	window1: blendMode = 'avg'
12.7573 	EXP 	window1: blendMode = 'avg'
12.7580 	EXP 	window1: blendMode = 'avg'
12.7766 	EXP 	window1: blendMode = 'avg'
12.7773 	EXP 	window1: blendMode = 'avg'
12.7779 	EXP 	window1: blendMode = 'avg'
12.7977 	EXP 	window1: blendMode = 'avg'
12.7984 	EXP 	window1: blendMode = 'avg'
12.7990 	EXP 	window1: blendMode = 'avg'
12.8165 	EXP 	window1: blendMode = 'avg'
12.8171 	EXP 	window1: blendMode = 'avg'
12.8178 	EXP 	window1: blendMode = 'avg'
12.8365 	EXP 	window1: blendMode = 'avg'
12.8375 	EXP 	window1: blendMode = 'avg'
12.8386 	EXP 	window1: blendMode = 'avg'
12.8568 	EXP 	window1: blendMode = 'avg'
12.8575 	EXP 	window1: blendMode = 'avg'
12.8581 	EXP 	window1: blendMode = 'avg'
12.8769 	EXP 	window1: blendMode = 'avg'
12.8776 	EXP 	window1: blendMode = 'avg'
12.8783 	EXP 	window1: blendMode = 'avg'
12.8974 	EXP 	window1: blendMode = 'avg'
12.8981 	EXP 	window1: blendMode = 'avg'
12.8987 	EXP 	window1: blendMode = 'avg'
12.9165 	EXP 	window1: blendMode = 'avg'
12.9172 	EXP 	window1: blendMode = 'avg'
12.9178 	EXP 	window1: blendMode = 'avg'
12.9366 	EXP 	window1: blendMode = 'avg'
12.9373 	EXP 	window1: blendMode = 'avg'
12.9380 	EXP 	window1: blendMode = 'avg'
12.9578 	EXP 	window1: blendMode = 'avg'
12.9585 	EXP 	window1: blendMode = 'avg'
12.9591 	EXP 	window1: blendMode = 'avg'
12.9764 	EXP 	window1: blendMode = 'avg'
12.9770 	EXP 	window1: blendMode = 'avg'
12.9777 	EXP 	window1: blendMode = 'avg'
12.9970 	EXP 	window1: blendMode = 'avg'
12.9977 	EXP 	window1: blendMode = 'avg'
12.9983 	EXP 	window1: blendMode = 'avg'
13.0166 	EXP 	window1: blendMode = 'avg'
13.0173 	EXP 	window1: blendMode = 'avg'
13.0179 	EXP 	window1: blendMode = 'avg'
13.0376 	EXP 	window1: blendMode = 'avg'
13.0386 	EXP 	window1: blendMode = 'avg'
13.0394 	EXP 	window1: blendMode = 'avg'
13.0584 	EXP 	window1: blendMode = 'avg'
13.0593 	EXP 	window1: blendMode = 'avg'
13.0600 	EXP 	window1: blendMode = 'avg'
13.0769 	EXP 	window1: blendMode = 'avg'
13.0776 	EXP 	window1: blendMode = 'avg'
13.0782 	EXP 	window1: blendMode = 'avg'
13.0983 	EXP 	window1: blendMode = 'avg'
13.0992 	EXP 	window1: blendMode = 'avg'
13.1001 	EXP 	window1: blendMode = 'avg'
13.1169 	EXP 	window1: blendMode = 'avg'
13.1177 	EXP 	window1: blendMode = 'avg'
13.1184 	EXP 	window1: blendMode = 'avg'
13.1364 	EXP 	window1: blendMode = 'avg'
13.1371 	EXP 	window1: blendMode = 'avg'
13.1378 	EXP 	window1: blendMode = 'avg'
13.1575 	EXP 	window1: blendMode = 'avg'
13.1582 	EXP 	window1: blendMode = 'avg'
13.1588 	EXP 	window1: blendMode = 'avg'
13.1768 	EXP 	window1: blendMode = 'avg'
13.1775 	EXP 	window1: blendMode = 'avg'
13.1781 	EXP 	window1: blendMode = 'avg'
13.1968 	EXP 	window1: blendMode = 'avg'
13.1974 	EXP 	window1: blendMode = 'avg'
13.1981 	EXP 	window1: blendMode = 'avg'
13.2164 	EXP 	window1: blendMode = 'avg'
13.2171 	EXP 	window1: blendMode = 'avg'
13.2177 	EXP 	window1: blendMode = 'avg'
13.2366 	EXP 	window1: blendMode = 'avg'
13.2373 	EXP 	window1: blendMode = 'avg'
13.2379 	EXP 	window1: blendMode = 'avg'
13.2565 	EXP 	window1: blendMode = 'avg'
13.2571 	EXP 	window1: blendMode = 'avg'
13.2578 	EXP 	window1: blendMode = 'avg'
13.2765 	EXP 	window1: blendMode = 'avg'
13.2771 	EXP 	window1: blendMode = 'avg'
13.2777 	EXP 	window1: blendMode = 'avg'
13.2969 	EXP 	window1: blendMode = 'avg'
13.2980 	EXP 	window1: blendMode = 'avg'
13.2987 	EXP 	window1: blendMode = 'avg'
13.3162 	EXP 	window1: blendMode = 'avg'
13.3169 	EXP 	window1: blendMode = 'avg'
13.3175 	EXP 	window1: blendMode = 'avg'
13.3369 	EXP 	window1: blendMode = 'avg'
13.3376 	EXP 	window1: blendMode = 'avg'
13.3383 	EXP 	window1: blendMode = 'avg'
13.3567 	EXP 	window1: blendMode = 'avg'
13.3574 	EXP 	window1: blendMode = 'avg'
13.3581 	EXP 	window1: blendMode = 'avg'
13.3785 	EXP 	window1: blendMode = 'avg'
13.3792 	EXP 	window1: blendMode = 'avg'
13.3798 	EXP 	window1: blendMode = 'avg'
13.3971 	EXP 	window1: blendMode = 'avg'
13.3978 	EXP 	window1: blendMode = 'avg'
13.3984 	EXP 	window1: blendMode = 'avg'
13.4164 	EXP 	window1: blendMode = 'avg'
13.4171 	EXP 	window1: blendMode = 'avg'
13.4177 	EXP 	window1: blendMode = 'avg'
13.4368 	EXP 	window1: blendMode = 'avg'
13.4375 	EXP 	window1: blendMode = 'avg'
13.4381 	EXP 	window1: blendMode = 'avg'
13.4566 	EXP 	window1: blendMode = 'avg'
13.4573 	EXP 	window1: blendMode = 'avg'
13.4580 	EXP 	window1: blendMode = 'avg'
13.4768 	EXP 	window1: blendMode = 'avg'
13.4775 	EXP 	window1: blendMode = 'avg'
13.4782 	EXP 	window1: blendMode = 'avg'
13.4970 	EXP 	window1: blendMode = 'avg'
13.4977 	EXP 	window1: blendMode = 'avg'
13.4983 	EXP 	window1: blendMode = 'avg'
13.5162 	EXP 	window1: blendMode = 'avg'
13.5169 	EXP 	window1: blendMode = 'avg'
13.5175 	EXP 	window1: blendMode = 'avg'
13.5368 	EXP 	window1: blendMode = 'avg'
13.5376 	EXP 	window1: blendMode = 'avg'
13.5383 	EXP 	window1: blendMode = 'avg'
13.5566 	EXP 	window1: blendMode = 'avg'
13.5577 	EXP 	window1: blendMode = 'avg'
13.5585 	EXP 	window1: blendMode = 'avg'
13.5770 	EXP 	window1: blendMode = 'avg'
13.5779 	EXP 	window1: blendMode = 'avg'
13.5792 	EXP 	window1: blendMode = 'avg'
13.5968 	EXP 	window1: blendMode = 'avg'
13.5979 	EXP 	window1: blendMode = 'avg'
13.5990 	EXP 	window1: blendMode = 'avg'
13.6163 	EXP 	window1: blendMode = 'avg'
13.6169 	EXP 	window1: blendMode = 'avg'
13.6176 	EXP 	window1: blendMode = 'avg'
13.6365 	EXP 	window1: blendMode = 'avg'
13.6372 	EXP 	window1: blendMode = 'avg'
13.6379 	EXP 	window1: blendMode = 'avg'
13.6566 	EXP 	window1: blendMode = 'avg'
13.6574 	EXP 	window1: blendMode = 'avg'
13.6580 	EXP 	window1: blendMode = 'avg'
13.6781 	EXP 	window1: blendMode = 'avg'
13.6789 	EXP 	window1: blendMode = 'avg'
13.6795 	EXP 	window1: blendMode = 'avg'
13.6989 	EXP 	window1: blendMode = 'avg'
13.7010 	EXP 	window1: blendMode = 'avg'
13.7026 	EXP 	window1: blendMode = 'avg'
13.7171 	EXP 	window1: blendMode = 'avg'
13.7178 	EXP 	window1: blendMode = 'avg'
13.7364 	EXP 	Orientation_Cue: autoDraw = False
13.7385 	EXP 	window1: blendMode = 'avg'
13.7397 	EXP 	window1: blendMode = 'avg'
13.7422 	EXP 	window1: blendMode = 'avg'
13.7564 	EXP 	Ready_Cue: autoDraw = True
13.7581 	EXP 	window1: blendMode = 'avg'
13.7591 	EXP 	window1: blendMode = 'avg'
13.7601 	EXP 	window1: blendMode = 'avg'
13.7780 	EXP 	window1: blendMode = 'avg'
13.7788 	EXP 	window1: blendMode = 'avg'
13.7795 	EXP 	window1: blendMode = 'avg'
13.7978 	EXP 	window1: blendMode = 'avg'
13.7991 	EXP 	window1: blendMode = 'avg'
13.8004 	EXP 	window1: blendMode = 'avg'
13.8147 	EXP 	window1: blendMode = 'avg'
13.8151 	EXP 	window1: blendMode = 'avg'
13.8155 	EXP 	window1: blendMode = 'avg'
13.8351 	EXP 	window1: blendMode = 'avg'
13.8358 	EXP 	window1: blendMode = 'avg'
13.8365 	EXP 	window1: blendMode = 'avg'
13.8562 	EXP 	window1: blendMode = 'avg'
13.8569 	EXP 	window1: blendMode = 'avg'
13.8575 	EXP 	window1: blendMode = 'avg'
13.8769 	EXP 	window1: blendMode = 'avg'
13.8776 	EXP 	window1: blendMode = 'avg'
13.8782 	EXP 	window1: blendMode = 'avg'
13.8965 	EXP 	window1: blendMode = 'avg'
13.8972 	EXP 	window1: blendMode = 'avg'
13.8979 	EXP 	window1: blendMode = 'avg'
13.9160 	EXP 	window1: blendMode = 'avg'
13.9167 	EXP 	window1: blendMode = 'avg'
13.9174 	EXP 	window1: blendMode = 'avg'
13.9374 	EXP 	window1: blendMode = 'avg'
13.9382 	EXP 	window1: blendMode = 'avg'
13.9389 	EXP 	window1: blendMode = 'avg'
13.9662 	EXP 	window1: blendMode = 'avg'
13.9669 	EXP 	window1: blendMode = 'avg'
13.9676 	EXP 	window1: blendMode = 'avg'
13.9783 	EXP 	window1: blendMode = 'avg'
13.9790 	EXP 	window1: blendMode = 'avg'
13.9796 	EXP 	window1: blendMode = 'avg'
13.9967 	EXP 	window1: blendMode = 'avg'
13.9976 	EXP 	window1: blendMode = 'avg'
13.9983 	EXP 	window1: blendMode = 'avg'
14.0165 	EXP 	window1: blendMode = 'avg'
14.0171 	EXP 	window1: blendMode = 'avg'
14.0178 	EXP 	window1: blendMode = 'avg'
14.0359 	EXP 	window1: blendMode = 'avg'
14.0366 	EXP 	window1: blendMode = 'avg'
14.0372 	EXP 	window1: blendMode = 'avg'
14.0565 	EXP 	window1: blendMode = 'avg'
14.0572 	EXP 	window1: blendMode = 'avg'
14.0578 	EXP 	window1: blendMode = 'avg'
14.0774 	EXP 	window1: blendMode = 'avg'
14.0781 	EXP 	window1: blendMode = 'avg'
14.0788 	EXP 	window1: blendMode = 'avg'
14.0980 	EXP 	window1: blendMode = 'avg'
14.0992 	EXP 	window1: blendMode = 'avg'
14.1003 	EXP 	window1: blendMode = 'avg'
14.1180 	EXP 	window1: blendMode = 'avg'
14.1191 	EXP 	window1: blendMode = 'avg'
14.1202 	EXP 	window1: blendMode = 'avg'
14.1373 	EXP 	window1: blendMode = 'avg'
14.1380 	EXP 	window1: blendMode = 'avg'
14.1387 	EXP 	window1: blendMode = 'avg'
14.1579 	EXP 	window1: blendMode = 'avg'
14.1586 	EXP 	window1: blendMode = 'avg'
14.1592 	EXP 	window1: blendMode = 'avg'
14.1772 	EXP 	window1: blendMode = 'avg'
14.1779 	EXP 	window1: blendMode = 'avg'
14.1786 	EXP 	window1: blendMode = 'avg'
14.1962 	EXP 	window1: blendMode = 'avg'
14.1978 	EXP 	window1: blendMode = 'avg'
14.1985 	EXP 	window1: blendMode = 'avg'
14.2160 	EXP 	window1: blendMode = 'avg'
14.2167 	EXP 	window1: blendMode = 'avg'
14.2355 	EXP 	Ready_Cue: autoDraw = False
14.2372 	EXP 	window1: blendMode = 'avg'
14.2379 	EXP 	window1: blendMode = 'avg'
14.2568 	EXP 	Zoid_Left: autoDraw = True
14.2568 	EXP 	Zoid_Right: autoDraw = True
14.2582 	EXP 	window1: blendMode = 'avg'
14.2589 	EXP 	window1: blendMode = 'avg'
14.2762 	EXP 	window1: blendMode = 'avg'
14.2768 	EXP 	window1: blendMode = 'avg'
14.2962 	EXP 	window1: blendMode = 'avg'
14.2969 	EXP 	window1: blendMode = 'avg'
14.3178 	EXP 	window1: blendMode = 'avg'
14.3188 	EXP 	window1: blendMode = 'avg'
14.3361 	EXP 	window1: blendMode = 'avg'
14.3372 	EXP 	window1: blendMode = 'avg'
14.3567 	EXP 	window1: blendMode = 'avg'
14.3573 	EXP 	window1: blendMode = 'avg'
14.3771 	EXP 	window1: blendMode = 'avg'
14.3778 	EXP 	window1: blendMode = 'avg'
14.3962 	EXP 	window1: blendMode = 'avg'
14.3969 	EXP 	window1: blendMode = 'avg'
14.4171 	EXP 	window1: blendMode = 'avg'
14.4177 	EXP 	window1: blendMode = 'avg'
14.4362 	EXP 	window1: blendMode = 'avg'
14.4370 	EXP 	window1: blendMode = 'avg'
14.4565 	EXP 	window1: blendMode = 'avg'
14.4572 	EXP 	window1: blendMode = 'avg'
14.4764 	EXP 	window1: blendMode = 'avg'
14.4771 	EXP 	window1: blendMode = 'avg'
14.4962 	EXP 	window1: blendMode = 'avg'
14.4969 	EXP 	window1: blendMode = 'avg'
14.5174 	EXP 	window1: blendMode = 'avg'
14.5185 	EXP 	window1: blendMode = 'avg'
14.5365 	EXP 	window1: blendMode = 'avg'
14.5372 	EXP 	window1: blendMode = 'avg'
14.5567 	EXP 	window1: blendMode = 'avg'
14.5578 	EXP 	window1: blendMode = 'avg'
14.5765 	EXP 	window1: blendMode = 'avg'
14.5772 	EXP 	window1: blendMode = 'avg'
14.5960 	EXP 	window1: blendMode = 'avg'
14.5967 	EXP 	window1: blendMode = 'avg'
14.6172 	EXP 	window1: blendMode = 'avg'
14.6179 	EXP 	window1: blendMode = 'avg'
14.6362 	EXP 	window1: blendMode = 'avg'
14.6369 	EXP 	window1: blendMode = 'avg'
14.6565 	EXP 	window1: blendMode = 'avg'
14.6571 	EXP 	window1: blendMode = 'avg'
14.6765 	EXP 	window1: blendMode = 'avg'
14.6771 	EXP 	window1: blendMode = 'avg'
14.6960 	EXP 	window1: blendMode = 'avg'
14.6967 	EXP 	window1: blendMode = 'avg'
14.7172 	EXP 	window1: blendMode = 'avg'
14.7181 	EXP 	window1: blendMode = 'avg'
14.7378 	EXP 	window1: blendMode = 'avg'
14.7390 	EXP 	window1: blendMode = 'avg'
14.7571 	EXP 	window1: blendMode = 'avg'
14.7582 	EXP 	window1: blendMode = 'avg'
14.7768 	EXP 	window1: blendMode = 'avg'
14.7775 	EXP 	window1: blendMode = 'avg'
14.7973 	EXP 	window1: blendMode = 'avg'
14.7984 	EXP 	window1: blendMode = 'avg'
14.8172 	EXP 	window1: blendMode = 'avg'
14.8179 	EXP 	window1: blendMode = 'avg'
14.8387 	EXP 	window1: blendMode = 'avg'
14.8396 	EXP 	window1: blendMode = 'avg'
14.8577 	EXP 	window1: blendMode = 'avg'
14.8585 	EXP 	window1: blendMode = 'avg'
14.8779 	EXP 	window1: blendMode = 'avg'
14.8787 	EXP 	window1: blendMode = 'avg'
14.8954 	EXP 	window1: blendMode = 'avg'
14.8959 	EXP 	window1: blendMode = 'avg'
14.9164 	EXP 	window1: blendMode = 'avg'
14.9171 	EXP 	window1: blendMode = 'avg'
14.9346 	EXP 	window1: blendMode = 'avg'
14.9350 	EXP 	window1: blendMode = 'avg'
14.9544 	EXP 	window1: blendMode = 'avg'
14.9548 	EXP 	window1: blendMode = 'avg'
14.9750 	EXP 	window1: blendMode = 'avg'
14.9757 	EXP 	window1: blendMode = 'avg'
14.9965 	EXP 	window1: blendMode = 'avg'
14.9972 	EXP 	window1: blendMode = 'avg'
15.0162 	EXP 	window1: blendMode = 'avg'
15.0168 	EXP 	window1: blendMode = 'avg'
15.0361 	EXP 	window1: blendMode = 'avg'
15.0370 	EXP 	window1: blendMode = 'avg'
15.0565 	EXP 	window1: blendMode = 'avg'
15.0572 	EXP 	window1: blendMode = 'avg'
15.0760 	EXP 	window1: blendMode = 'avg'
15.0767 	EXP 	window1: blendMode = 'avg'
15.0967 	EXP 	window1: blendMode = 'avg'
15.0974 	EXP 	window1: blendMode = 'avg'
15.1167 	EXP 	window1: blendMode = 'avg'
15.1174 	EXP 	window1: blendMode = 'avg'
15.1370 	EXP 	window1: blendMode = 'avg'
15.1381 	EXP 	window1: blendMode = 'avg'
15.1571 	EXP 	window1: blendMode = 'avg'
15.1578 	EXP 	window1: blendMode = 'avg'
15.1765 	EXP 	window1: blendMode = 'avg'
15.1773 	EXP 	window1: blendMode = 'avg'
15.1961 	EXP 	window1: blendMode = 'avg'
15.1969 	EXP 	window1: blendMode = 'avg'
15.2184 	EXP 	window1: blendMode = 'avg'
15.2196 	EXP 	window1: blendMode = 'avg'
15.2363 	EXP 	window1: blendMode = 'avg'
15.2370 	EXP 	window1: blendMode = 'avg'
15.2566 	EXP 	window1: blendMode = 'avg'
15.2573 	EXP 	window1: blendMode = 'avg'
15.2766 	EXP 	window1: blendMode = 'avg'
15.2773 	EXP 	window1: blendMode = 'avg'
15.2958 	EXP 	window1: blendMode = 'avg'
15.2965 	EXP 	window1: blendMode = 'avg'
15.3167 	EXP 	window1: blendMode = 'avg'
15.3174 	EXP 	window1: blendMode = 'avg'
15.3363 	EXP 	window1: blendMode = 'avg'
15.3369 	EXP 	window1: blendMode = 'avg'
15.3561 	EXP 	window1: blendMode = 'avg'
15.3568 	EXP 	window1: blendMode = 'avg'
15.3771 	EXP 	window1: blendMode = 'avg'
15.3778 	EXP 	window1: blendMode = 'avg'
15.3959 	EXP 	window1: blendMode = 'avg'
15.3965 	EXP 	window1: blendMode = 'avg'
15.4168 	EXP 	window1: blendMode = 'avg'
15.4180 	EXP 	window1: blendMode = 'avg'
15.4364 	EXP 	window1: blendMode = 'avg'
15.4371 	EXP 	window1: blendMode = 'avg'
15.4562 	EXP 	window1: blendMode = 'avg'
15.4568 	EXP 	window1: blendMode = 'avg'
15.4760 	EXP 	window1: blendMode = 'avg'
15.4768 	EXP 	window1: blendMode = 'avg'
15.4959 	EXP 	window1: blendMode = 'avg'
15.4966 	EXP 	window1: blendMode = 'avg'
15.5166 	EXP 	window1: blendMode = 'avg'
15.5177 	EXP 	window1: blendMode = 'avg'
15.5363 	EXP 	window1: blendMode = 'avg'
15.5370 	EXP 	window1: blendMode = 'avg'
15.5559 	EXP 	window1: blendMode = 'avg'
15.5568 	EXP 	window1: blendMode = 'avg'
15.5759 	EXP 	window1: blendMode = 'avg'
15.5766 	EXP 	window1: blendMode = 'avg'
15.5963 	EXP 	window1: blendMode = 'avg'
15.5970 	EXP 	window1: blendMode = 'avg'
15.6160 	EXP 	window1: blendMode = 'avg'
15.6168 	EXP 	window1: blendMode = 'avg'
15.6365 	EXP 	window1: blendMode = 'avg'
15.6373 	EXP 	window1: blendMode = 'avg'
15.6561 	EXP 	window1: blendMode = 'avg'
15.6572 	EXP 	window1: blendMode = 'avg'
15.6763 	EXP 	window1: blendMode = 'avg'
15.6770 	EXP 	window1: blendMode = 'avg'
15.6964 	EXP 	window1: blendMode = 'avg'
15.6971 	EXP 	window1: blendMode = 'avg'
15.7158 	EXP 	window1: blendMode = 'avg'
15.7165 	EXP 	window1: blendMode = 'avg'
15.7362 	EXP 	window1: blendMode = 'avg'
15.7369 	EXP 	window1: blendMode = 'avg'
15.7559 	EXP 	window1: blendMode = 'avg'
15.7566 	EXP 	window1: blendMode = 'avg'
15.7767 	EXP 	window1: blendMode = 'avg'
15.7774 	EXP 	window1: blendMode = 'avg'
15.7959 	EXP 	window1: blendMode = 'avg'
15.7966 	EXP 	window1: blendMode = 'avg'
15.8160 	EXP 	window1: blendMode = 'avg'
15.8167 	EXP 	window1: blendMode = 'avg'
15.8358 	EXP 	window1: blendMode = 'avg'
15.8368 	EXP 	window1: blendMode = 'avg'
15.8559 	EXP 	window1: blendMode = 'avg'
15.8566 	EXP 	window1: blendMode = 'avg'
15.8763 	EXP 	window1: blendMode = 'avg'
15.8775 	EXP 	window1: blendMode = 'avg'
15.8992 	EXP 	window1: blendMode = 'avg'
15.9003 	EXP 	window1: blendMode = 'avg'
15.9142 	EXP 	window1: blendMode = 'avg'
15.9146 	EXP 	window1: blendMode = 'avg'
15.9346 	EXP 	window1: blendMode = 'avg'
15.9352 	EXP 	window1: blendMode = 'avg'
15.9558 	EXP 	window1: blendMode = 'avg'
15.9572 	EXP 	window1: blendMode = 'avg'
15.9748 	EXP 	window1: blendMode = 'avg'
15.9752 	EXP 	window1: blendMode = 'avg'
15.9949 	EXP 	window1: blendMode = 'avg'
15.9954 	EXP 	window1: blendMode = 'avg'
16.0155 	EXP 	window1: blendMode = 'avg'
16.0162 	EXP 	window1: blendMode = 'avg'
16.0346 	EXP 	window1: blendMode = 'avg'
16.0351 	EXP 	window1: blendMode = 'avg'
16.0541 	EXP 	window1: blendMode = 'avg'
16.0545 	EXP 	window1: blendMode = 'avg'
16.0760 	EXP 	window1: blendMode = 'avg'
16.0767 	EXP 	window1: blendMode = 'avg'
16.0959 	EXP 	window1: blendMode = 'avg'
16.0966 	EXP 	window1: blendMode = 'avg'
16.1162 	EXP 	window1: blendMode = 'avg'
16.1169 	EXP 	window1: blendMode = 'avg'
16.1359 	EXP 	window1: blendMode = 'avg'
16.1366 	EXP 	window1: blendMode = 'avg'
16.1565 	EXP 	window1: blendMode = 'avg'
16.1572 	EXP 	window1: blendMode = 'avg'
16.1771 	EXP 	window1: blendMode = 'avg'
16.1778 	EXP 	window1: blendMode = 'avg'
16.1964 	EXP 	window1: blendMode = 'avg'
16.1972 	EXP 	window1: blendMode = 'avg'
16.2166 	EXP 	window1: blendMode = 'avg'
16.2173 	EXP 	window1: blendMode = 'avg'
16.2381 	EXP 	window1: blendMode = 'avg'
16.2389 	EXP 	window1: blendMode = 'avg'
16.2581 	EXP 	window1: blendMode = 'avg'
16.2591 	EXP 	window1: blendMode = 'avg'
16.2752 	EXP 	window1: blendMode = 'avg'
16.2756 	EXP 	window1: blendMode = 'avg'
16.2944 	EXP 	window1: blendMode = 'avg'
16.2948 	EXP 	window1: blendMode = 'avg'
16.3141 	EXP 	window1: blendMode = 'avg'
16.3145 	EXP 	window1: blendMode = 'avg'
16.3366 	EXP 	window1: blendMode = 'avg'
16.3376 	EXP 	window1: blendMode = 'avg'
16.3562 	EXP 	window1: blendMode = 'avg'
16.3569 	EXP 	window1: blendMode = 'avg'
16.3760 	EXP 	window1: blendMode = 'avg'
16.3766 	EXP 	window1: blendMode = 'avg'
16.3961 	EXP 	window1: blendMode = 'avg'
16.3968 	EXP 	window1: blendMode = 'avg'
16.4157 	EXP 	window1: blendMode = 'avg'
16.4164 	EXP 	window1: blendMode = 'avg'
16.4371 	EXP 	window1: blendMode = 'avg'
16.4382 	EXP 	window1: blendMode = 'avg'
16.4558 	EXP 	window1: blendMode = 'avg'
16.4565 	EXP 	window1: blendMode = 'avg'
16.4756 	EXP 	window1: blendMode = 'avg'
16.4763 	EXP 	window1: blendMode = 'avg'
16.4958 	EXP 	window1: blendMode = 'avg'
16.4965 	EXP 	window1: blendMode = 'avg'
16.5159 	EXP 	window1: blendMode = 'avg'
16.5166 	EXP 	window1: blendMode = 'avg'
16.5367 	EXP 	window1: blendMode = 'avg'
16.5378 	EXP 	window1: blendMode = 'avg'
16.5558 	EXP 	window1: blendMode = 'avg'
16.5565 	EXP 	window1: blendMode = 'avg'
16.5759 	EXP 	window1: blendMode = 'avg'
16.5766 	EXP 	window1: blendMode = 'avg'
16.5960 	EXP 	window1: blendMode = 'avg'
16.5967 	EXP 	window1: blendMode = 'avg'
16.6154 	EXP 	window1: blendMode = 'avg'
16.6161 	EXP 	window1: blendMode = 'avg'
16.6368 	EXP 	window1: blendMode = 'avg'
16.6379 	EXP 	window1: blendMode = 'avg'
16.6557 	EXP 	window1: blendMode = 'avg'
16.6565 	EXP 	window1: blendMode = 'avg'
16.6759 	EXP 	window1: blendMode = 'avg'
16.6766 	EXP 	window1: blendMode = 'avg'
16.6955 	EXP 	window1: blendMode = 'avg'
16.6962 	EXP 	window1: blendMode = 'avg'
16.7160 	EXP 	window1: blendMode = 'avg'
16.7167 	EXP 	window1: blendMode = 'avg'
16.7371 	EXP 	window1: blendMode = 'avg'
16.7382 	EXP 	window1: blendMode = 'avg'
16.7558 	EXP 	window1: blendMode = 'avg'
16.7565 	EXP 	window1: blendMode = 'avg'
16.7757 	EXP 	window1: blendMode = 'avg'
16.7764 	EXP 	window1: blendMode = 'avg'
16.7956 	EXP 	window1: blendMode = 'avg'
16.7962 	EXP 	window1: blendMode = 'avg'
16.8163 	EXP 	window1: blendMode = 'avg'
16.8170 	EXP 	window1: blendMode = 'avg'
16.8355 	EXP 	window1: blendMode = 'avg'
16.8366 	EXP 	window1: blendMode = 'avg'
16.8556 	EXP 	window1: blendMode = 'avg'
16.8563 	EXP 	window1: blendMode = 'avg'
16.8760 	EXP 	window1: blendMode = 'avg'
16.8767 	EXP 	window1: blendMode = 'avg'
16.8954 	EXP 	window1: blendMode = 'avg'
16.8961 	EXP 	window1: blendMode = 'avg'
16.9155 	EXP 	window1: blendMode = 'avg'
16.9161 	EXP 	window1: blendMode = 'avg'
16.9374 	EXP 	window1: blendMode = 'avg'
16.9386 	EXP 	window1: blendMode = 'avg'
16.9560 	EXP 	window1: blendMode = 'avg'
16.9571 	EXP 	window1: blendMode = 'avg'
16.9766 	EXP 	window1: blendMode = 'avg'
16.9773 	EXP 	window1: blendMode = 'avg'
16.9954 	EXP 	window1: blendMode = 'avg'
16.9961 	EXP 	window1: blendMode = 'avg'
17.0155 	EXP 	window1: blendMode = 'avg'
17.0162 	EXP 	window1: blendMode = 'avg'
17.0370 	EXP 	window1: blendMode = 'avg'
17.0381 	EXP 	window1: blendMode = 'avg'
17.0558 	EXP 	window1: blendMode = 'avg'
17.0568 	EXP 	window1: blendMode = 'avg'
17.0772 	EXP 	window1: blendMode = 'avg'
17.0780 	EXP 	window1: blendMode = 'avg'
17.0971 	EXP 	window1: blendMode = 'avg'
17.0979 	EXP 	window1: blendMode = 'avg'
17.1174 	EXP 	window1: blendMode = 'avg'
17.1187 	EXP 	window1: blendMode = 'avg'
17.1386 	EXP 	window1: blendMode = 'avg'
17.1391 	EXP 	window1: blendMode = 'avg'
17.1546 	EXP 	window1: blendMode = 'avg'
17.1554 	EXP 	window1: blendMode = 'avg'
17.1741 	EXP 	window1: blendMode = 'avg'
17.1746 	EXP 	window1: blendMode = 'avg'
17.1943 	EXP 	window1: blendMode = 'avg'
17.1950 	EXP 	window1: blendMode = 'avg'
17.2161 	EXP 	window1: blendMode = 'avg'
17.2168 	EXP 	window1: blendMode = 'avg'
17.2374 	EXP 	window1: blendMode = 'avg'
17.2385 	EXP 	window1: blendMode = 'avg'
17.2570 	EXP 	window1: blendMode = 'avg'
17.2576 	EXP 	window1: blendMode = 'avg'
17.2742 	EXP 	window1: blendMode = 'avg'
17.2746 	EXP 	window1: blendMode = 'avg'
17.2946 	EXP 	window1: blendMode = 'avg'
17.2950 	EXP 	window1: blendMode = 'avg'
17.3141 	EXP 	window1: blendMode = 'avg'
17.3145 	EXP 	window1: blendMode = 'avg'
17.3340 	EXP 	window1: blendMode = 'avg'
17.3344 	EXP 	window1: blendMode = 'avg'
17.3559 	EXP 	window1: blendMode = 'avg'
17.3566 	EXP 	window1: blendMode = 'avg'
17.3759 	EXP 	window1: blendMode = 'avg'
17.3766 	EXP 	window1: blendMode = 'avg'
17.3953 	EXP 	window1: blendMode = 'avg'
17.3960 	EXP 	window1: blendMode = 'avg'
17.4157 	EXP 	window1: blendMode = 'avg'
17.4164 	EXP 	window1: blendMode = 'avg'
17.4358 	EXP 	window1: blendMode = 'avg'
17.4365 	EXP 	window1: blendMode = 'avg'
17.4566 	EXP 	window1: blendMode = 'avg'
17.4572 	EXP 	window1: blendMode = 'avg'
17.4755 	EXP 	window1: blendMode = 'avg'
17.4762 	EXP 	window1: blendMode = 'avg'
17.4955 	EXP 	window1: blendMode = 'avg'
17.4962 	EXP 	window1: blendMode = 'avg'
17.5158 	EXP 	window1: blendMode = 'avg'
17.5164 	EXP 	window1: blendMode = 'avg'
17.5354 	EXP 	window1: blendMode = 'avg'
17.5364 	EXP 	window1: blendMode = 'avg'
17.5567 	EXP 	window1: blendMode = 'avg'
17.5574 	EXP 	window1: blendMode = 'avg'
17.5755 	EXP 	window1: blendMode = 'avg'
17.5762 	EXP 	window1: blendMode = 'avg'
17.5955 	EXP 	window1: blendMode = 'avg'
17.5962 	EXP 	window1: blendMode = 'avg'
17.6159 	EXP 	window1: blendMode = 'avg'
17.6165 	EXP 	window1: blendMode = 'avg'
17.6356 	EXP 	window1: blendMode = 'avg'
17.6363 	EXP 	window1: blendMode = 'avg'
17.6558 	EXP 	window1: blendMode = 'avg'
17.6565 	EXP 	window1: blendMode = 'avg'
17.6755 	EXP 	window1: blendMode = 'avg'
17.6762 	EXP 	window1: blendMode = 'avg'
17.6955 	EXP 	window1: blendMode = 'avg'
17.6962 	EXP 	window1: blendMode = 'avg'
17.7157 	EXP 	window1: blendMode = 'avg'
17.7164 	EXP 	window1: blendMode = 'avg'
17.7358 	EXP 	window1: blendMode = 'avg'
17.7367 	EXP 	window1: blendMode = 'avg'
17.7556 	EXP 	window1: blendMode = 'avg'
17.7563 	EXP 	window1: blendMode = 'avg'
17.7755 	EXP 	window1: blendMode = 'avg'
17.7762 	EXP 	window1: blendMode = 'avg'
17.7955 	EXP 	window1: blendMode = 'avg'
17.7962 	EXP 	window1: blendMode = 'avg'
17.8160 	EXP 	window1: blendMode = 'avg'
17.8168 	EXP 	window1: blendMode = 'avg'
17.8370 	EXP 	window1: blendMode = 'avg'
17.8383 	EXP 	window1: blendMode = 'avg'
17.8554 	EXP 	window1: blendMode = 'avg'
17.8561 	EXP 	window1: blendMode = 'avg'
17.8763 	EXP 	window1: blendMode = 'avg'
17.8770 	EXP 	window1: blendMode = 'avg'
17.8952 	EXP 	window1: blendMode = 'avg'
17.8959 	EXP 	window1: blendMode = 'avg'
17.9157 	EXP 	window1: blendMode = 'avg'
17.9164 	EXP 	window1: blendMode = 'avg'
17.9356 	EXP 	window1: blendMode = 'avg'
17.9364 	EXP 	window1: blendMode = 'avg'
17.9566 	EXP 	window1: blendMode = 'avg'
17.9577 	EXP 	window1: blendMode = 'avg'
17.9758 	EXP 	window1: blendMode = 'avg'
17.9764 	EXP 	window1: blendMode = 'avg'
17.9972 	EXP 	window1: blendMode = 'avg'
17.9984 	EXP 	window1: blendMode = 'avg'
18.0173 	EXP 	window1: blendMode = 'avg'
18.0184 	EXP 	window1: blendMode = 'avg'
18.0373 	EXP 	window1: blendMode = 'avg'
18.0384 	EXP 	window1: blendMode = 'avg'
18.0554 	EXP 	window1: blendMode = 'avg'
18.0562 	EXP 	window1: blendMode = 'avg'
18.0732 	EXP 	window1: blendMode = 'avg'
18.0735 	EXP 	window1: blendMode = 'avg'
18.0931 	EXP 	window1: blendMode = 'avg'
18.0934 	EXP 	window1: blendMode = 'avg'
18.1132 	EXP 	window1: blendMode = 'avg'
18.1135 	EXP 	window1: blendMode = 'avg'
18.1355 	EXP 	window1: blendMode = 'avg'
18.1362 	EXP 	window1: blendMode = 'avg'
18.1567 	EXP 	window1: blendMode = 'avg'
18.1579 	EXP 	window1: blendMode = 'avg'
18.1761 	EXP 	window1: blendMode = 'avg'
18.1768 	EXP 	window1: blendMode = 'avg'
18.1941 	EXP 	window1: blendMode = 'avg'
18.1945 	EXP 	window1: blendMode = 'avg'
18.2147 	EXP 	window1: blendMode = 'avg'
18.2152 	EXP 	window1: blendMode = 'avg'
18.2349 	EXP 	window1: blendMode = 'avg'
18.2356 	EXP 	window1: blendMode = 'avg'
18.2555 	EXP 	window1: blendMode = 'avg'
18.2563 	EXP 	window1: blendMode = 'avg'
18.2751 	EXP 	window1: blendMode = 'avg'
18.2755 	EXP 	window1: blendMode = 'avg'
18.2931 	EXP 	window1: blendMode = 'avg'
18.2934 	EXP 	window1: blendMode = 'avg'
18.3151 	EXP 	window1: blendMode = 'avg'
18.3158 	EXP 	window1: blendMode = 'avg'
18.3350 	EXP 	window1: blendMode = 'avg'
18.3356 	EXP 	window1: blendMode = 'avg'
18.3547 	EXP 	window1: blendMode = 'avg'
18.3552 	EXP 	window1: blendMode = 'avg'
18.3746 	EXP 	window1: blendMode = 'avg'
18.3751 	EXP 	window1: blendMode = 'avg'
18.3944 	EXP 	window1: blendMode = 'avg'
18.3950 	EXP 	window1: blendMode = 'avg'
18.4142 	EXP 	window1: blendMode = 'avg'
18.4148 	EXP 	window1: blendMode = 'avg'
18.4356 	EXP 	window1: blendMode = 'avg'
18.4363 	EXP 	window1: blendMode = 'avg'
18.4558 	EXP 	window1: blendMode = 'avg'
18.4565 	EXP 	window1: blendMode = 'avg'
18.4758 	EXP 	window1: blendMode = 'avg'
18.4765 	EXP 	window1: blendMode = 'avg'
18.4959 	EXP 	window1: blendMode = 'avg'
18.4966 	EXP 	window1: blendMode = 'avg'
18.5152 	EXP 	window1: blendMode = 'avg'
18.5159 	EXP 	window1: blendMode = 'avg'
18.5352 	EXP 	window1: blendMode = 'avg'
18.5361 	EXP 	window1: blendMode = 'avg'
18.5554 	EXP 	window1: blendMode = 'avg'
18.5565 	EXP 	window1: blendMode = 'avg'
18.5752 	EXP 	window1: blendMode = 'avg'
18.5759 	EXP 	window1: blendMode = 'avg'
18.5961 	EXP 	window1: blendMode = 'avg'
18.5968 	EXP 	window1: blendMode = 'avg'
18.6151 	EXP 	window1: blendMode = 'avg'
18.6158 	EXP 	window1: blendMode = 'avg'
18.6357 	EXP 	window1: blendMode = 'avg'
18.6364 	EXP 	window1: blendMode = 'avg'
18.6561 	EXP 	window1: blendMode = 'avg'
18.6568 	EXP 	window1: blendMode = 'avg'
18.6753 	EXP 	window1: blendMode = 'avg'
18.6760 	EXP 	window1: blendMode = 'avg'
18.6950 	EXP 	window1: blendMode = 'avg'
18.6957 	EXP 	window1: blendMode = 'avg'
18.7152 	EXP 	window1: blendMode = 'avg'
18.7158 	EXP 	window1: blendMode = 'avg'
18.7357 	EXP 	window1: blendMode = 'avg'
18.7363 	EXP 	window1: blendMode = 'avg'
18.7565 	EXP 	window1: blendMode = 'avg'
18.7576 	EXP 	window1: blendMode = 'avg'
18.7756 	EXP 	window1: blendMode = 'avg'
18.7763 	EXP 	window1: blendMode = 'avg'
18.7953 	EXP 	window1: blendMode = 'avg'
18.7960 	EXP 	window1: blendMode = 'avg'
18.8160 	EXP 	window1: blendMode = 'avg'
18.8167 	EXP 	window1: blendMode = 'avg'
18.8355 	EXP 	window1: blendMode = 'avg'
18.8362 	EXP 	window1: blendMode = 'avg'
18.8556 	EXP 	window1: blendMode = 'avg'
18.8563 	EXP 	window1: blendMode = 'avg'
18.8755 	EXP 	window1: blendMode = 'avg'
18.8762 	EXP 	window1: blendMode = 'avg'
18.8951 	EXP 	window1: blendMode = 'avg'
18.8957 	EXP 	window1: blendMode = 'avg'
18.9155 	EXP 	window1: blendMode = 'avg'
18.9163 	EXP 	window1: blendMode = 'avg'
18.9362 	EXP 	window1: blendMode = 'avg'
18.9369 	EXP 	window1: blendMode = 'avg'
18.9560 	EXP 	window1: blendMode = 'avg'
18.9572 	EXP 	window1: blendMode = 'avg'
18.9754 	EXP 	window1: blendMode = 'avg'
18.9761 	EXP 	window1: blendMode = 'avg'
18.9953 	EXP 	window1: blendMode = 'avg'
18.9959 	EXP 	window1: blendMode = 'avg'
19.0152 	EXP 	window1: blendMode = 'avg'
19.0159 	EXP 	window1: blendMode = 'avg'
19.0350 	EXP 	window1: blendMode = 'avg'
19.0357 	EXP 	window1: blendMode = 'avg'
19.0556 	EXP 	window1: blendMode = 'avg'
19.0563 	EXP 	window1: blendMode = 'avg'
19.0753 	EXP 	window1: blendMode = 'avg'
19.0760 	EXP 	window1: blendMode = 'avg'
19.0949 	EXP 	window1: blendMode = 'avg'
19.0956 	EXP 	window1: blendMode = 'avg'
19.1159 	EXP 	window1: blendMode = 'avg'
19.1166 	EXP 	window1: blendMode = 'avg'
19.1351 	EXP 	window1: blendMode = 'avg'
19.1358 	EXP 	window1: blendMode = 'avg'
19.1558 	EXP 	window1: blendMode = 'avg'
19.1569 	EXP 	window1: blendMode = 'avg'
19.1750 	EXP 	window1: blendMode = 'avg'
19.1757 	EXP 	window1: blendMode = 'avg'
19.1950 	EXP 	window1: blendMode = 'avg'
19.1957 	EXP 	window1: blendMode = 'avg'
19.2150 	EXP 	window1: blendMode = 'avg'
19.2157 	EXP 	window1: blendMode = 'avg'
19.2350 	EXP 	window1: blendMode = 'avg'
19.2360 	EXP 	window1: blendMode = 'avg'
19.2553 	EXP 	window1: blendMode = 'avg'
19.2560 	EXP 	window1: blendMode = 'avg'
19.2763 	EXP 	window1: blendMode = 'avg'
19.2770 	EXP 	window1: blendMode = 'avg'
19.2963 	EXP 	window1: blendMode = 'avg'
19.2973 	EXP 	window1: blendMode = 'avg'
19.3179 	EXP 	window1: blendMode = 'avg'
19.3192 	EXP 	window1: blendMode = 'avg'
19.3369 	EXP 	window1: blendMode = 'avg'
19.3377 	EXP 	window1: blendMode = 'avg'
19.3589 	EXP 	window1: blendMode = 'avg'
19.3600 	EXP 	window1: blendMode = 'avg'
19.3778 	EXP 	window1: blendMode = 'avg'
19.3789 	EXP 	window1: blendMode = 'avg'
19.3955 	EXP 	window1: blendMode = 'avg'
19.3963 	EXP 	window1: blendMode = 'avg'
19.4143 	EXP 	window1: blendMode = 'avg'
19.4148 	EXP 	window1: blendMode = 'avg'
19.4336 	EXP 	window1: blendMode = 'avg'
19.4341 	EXP 	window1: blendMode = 'avg'
19.4550 	EXP 	window1: blendMode = 'avg'
19.4556 	EXP 	window1: blendMode = 'avg'
19.4761 	EXP 	window1: blendMode = 'avg'
19.4768 	EXP 	window1: blendMode = 'avg'
19.4954 	EXP 	window1: blendMode = 'avg'
19.4961 	EXP 	window1: blendMode = 'avg'
19.5158 	EXP 	window1: blendMode = 'avg'
19.5165 	EXP 	window1: blendMode = 'avg'
19.5348 	EXP 	window1: blendMode = 'avg'
19.5356 	EXP 	window1: blendMode = 'avg'
19.5550 	EXP 	window1: blendMode = 'avg'
19.5557 	EXP 	window1: blendMode = 'avg'
19.5756 	EXP 	window1: blendMode = 'avg'
19.5764 	EXP 	window1: blendMode = 'avg'
19.5954 	EXP 	window1: blendMode = 'avg'
19.5961 	EXP 	window1: blendMode = 'avg'
19.6149 	EXP 	window1: blendMode = 'avg'
19.6156 	EXP 	window1: blendMode = 'avg'
19.6352 	EXP 	window1: blendMode = 'avg'
19.6361 	EXP 	window1: blendMode = 'avg'
19.6552 	EXP 	window1: blendMode = 'avg'
19.6558 	EXP 	window1: blendMode = 'avg'
19.6759 	EXP 	window1: blendMode = 'avg'
19.6767 	EXP 	window1: blendMode = 'avg'
19.6960 	EXP 	window1: blendMode = 'avg'
19.6967 	EXP 	window1: blendMode = 'avg'
19.7151 	EXP 	window1: blendMode = 'avg'
19.7158 	EXP 	window1: blendMode = 'avg'
19.7357 	EXP 	window1: blendMode = 'avg'
19.7365 	EXP 	window1: blendMode = 'avg'
19.7549 	EXP 	window1: blendMode = 'avg'
19.7556 	EXP 	window1: blendMode = 'avg'
19.7759 	EXP 	window1: blendMode = 'avg'
19.7765 	EXP 	window1: blendMode = 'avg'
19.7951 	EXP 	window1: blendMode = 'avg'
19.7958 	EXP 	window1: blendMode = 'avg'
19.8153 	EXP 	window1: blendMode = 'avg'
19.8160 	EXP 	window1: blendMode = 'avg'
19.8353 	EXP 	window1: blendMode = 'avg'
19.8363 	EXP 	window1: blendMode = 'avg'
19.8549 	EXP 	window1: blendMode = 'avg'
19.8556 	EXP 	window1: blendMode = 'avg'
19.8757 	EXP 	window1: blendMode = 'avg'
19.8765 	EXP 	window1: blendMode = 'avg'
19.8949 	EXP 	window1: blendMode = 'avg'
19.8957 	EXP 	window1: blendMode = 'avg'
19.9154 	EXP 	window1: blendMode = 'avg'
19.9161 	EXP 	window1: blendMode = 'avg'
19.9349 	EXP 	window1: blendMode = 'avg'
19.9357 	EXP 	window1: blendMode = 'avg'
19.9553 	EXP 	window1: blendMode = 'avg'
19.9560 	EXP 	window1: blendMode = 'avg'
19.9756 	EXP 	window1: blendMode = 'avg'
19.9763 	EXP 	window1: blendMode = 'avg'
19.9957 	EXP 	window1: blendMode = 'avg'
19.9964 	EXP 	window1: blendMode = 'avg'
20.0149 	EXP 	window1: blendMode = 'avg'
20.0156 	EXP 	window1: blendMode = 'avg'
20.0349 	EXP 	window1: blendMode = 'avg'
20.0357 	EXP 	window1: blendMode = 'avg'
20.0552 	EXP 	window1: blendMode = 'avg'
20.0562 	EXP 	window1: blendMode = 'avg'
20.0749 	EXP 	window1: blendMode = 'avg'
20.0756 	EXP 	window1: blendMode = 'avg'
20.0949 	EXP 	window1: blendMode = 'avg'
20.0955 	EXP 	window1: blendMode = 'avg'
20.1153 	EXP 	window1: blendMode = 'avg'
20.1160 	EXP 	window1: blendMode = 'avg'
20.1365 	EXP 	window1: blendMode = 'avg'
20.1376 	EXP 	window1: blendMode = 'avg'
20.1562 	EXP 	window1: blendMode = 'avg'
20.1569 	EXP 	window1: blendMode = 'avg'
20.1759 	EXP 	window1: blendMode = 'avg'
20.1766 	EXP 	window1: blendMode = 'avg'
20.1947 	EXP 	window1: blendMode = 'avg'
20.1954 	EXP 	window1: blendMode = 'avg'
20.2152 	EXP 	window1: blendMode = 'avg'
20.2159 	EXP 	window1: blendMode = 'avg'
20.2346 	EXP 	window1: blendMode = 'avg'
20.2354 	EXP 	window1: blendMode = 'avg'
20.2547 	EXP 	window1: blendMode = 'avg'
20.2554 	EXP 	window1: blendMode = 'avg'
20.2754 	EXP 	window1: blendMode = 'avg'
20.2761 	EXP 	window1: blendMode = 'avg'
20.2953 	EXP 	window1: blendMode = 'avg'
20.2960 	EXP 	window1: blendMode = 'avg'
20.3154 	EXP 	window1: blendMode = 'avg'
20.3161 	EXP 	window1: blendMode = 'avg'
20.3353 	EXP 	window1: blendMode = 'avg'
20.3361 	EXP 	window1: blendMode = 'avg'
20.3561 	EXP 	window1: blendMode = 'avg'
20.3569 	EXP 	window1: blendMode = 'avg'
20.3773 	EXP 	window1: blendMode = 'avg'
20.3784 	EXP 	window1: blendMode = 'avg'
20.3954 	EXP 	window1: blendMode = 'avg'
20.3961 	EXP 	window1: blendMode = 'avg'
20.4156 	EXP 	window1: blendMode = 'avg'
20.4167 	EXP 	window1: blendMode = 'avg'
20.4358 	EXP 	window1: blendMode = 'avg'
20.4365 	EXP 	window1: blendMode = 'avg'
20.4556 	EXP 	window1: blendMode = 'avg'
20.4568 	EXP 	window1: blendMode = 'avg'
20.4753 	EXP 	window1: blendMode = 'avg'
20.4758 	EXP 	window1: blendMode = 'avg'
20.4947 	EXP 	window1: blendMode = 'avg'
20.4954 	EXP 	window1: blendMode = 'avg'
20.5148 	EXP 	window1: blendMode = 'avg'
20.5153 	EXP 	window1: blendMode = 'avg'
20.5331 	EXP 	window1: blendMode = 'avg'
20.5335 	EXP 	window1: blendMode = 'avg'
20.5537 	EXP 	window1: blendMode = 'avg'
20.5544 	EXP 	window1: blendMode = 'avg'
20.5753 	EXP 	window1: blendMode = 'avg'
20.5760 	EXP 	window1: blendMode = 'avg'
20.5953 	EXP 	window1: blendMode = 'avg'
20.5960 	EXP 	window1: blendMode = 'avg'
20.6145 	EXP 	window1: blendMode = 'avg'
20.6152 	EXP 	window1: blendMode = 'avg'
20.6349 	EXP 	window1: blendMode = 'avg'
20.6356 	EXP 	window1: blendMode = 'avg'
20.6549 	EXP 	window1: blendMode = 'avg'
20.6556 	EXP 	window1: blendMode = 'avg'
20.6750 	EXP 	window1: blendMode = 'avg'
20.6757 	EXP 	window1: blendMode = 'avg'
20.6947 	EXP 	window1: blendMode = 'avg'
20.6954 	EXP 	window1: blendMode = 'avg'
20.7146 	EXP 	window1: blendMode = 'avg'
20.7152 	EXP 	window1: blendMode = 'avg'
20.7350 	EXP 	window1: blendMode = 'avg'
20.7357 	EXP 	window1: blendMode = 'avg'
20.7559 	EXP 	window1: blendMode = 'avg'
20.7566 	EXP 	window1: blendMode = 'avg'
20.7755 	EXP 	window1: blendMode = 'avg'
20.7763 	EXP 	window1: blendMode = 'avg'
20.7950 	EXP 	window1: blendMode = 'avg'
20.7957 	EXP 	window1: blendMode = 'avg'
20.8150 	EXP 	window1: blendMode = 'avg'
20.8157 	EXP 	window1: blendMode = 'avg'
20.8346 	EXP 	window1: blendMode = 'avg'
20.8353 	EXP 	window1: blendMode = 'avg'
20.8553 	EXP 	window1: blendMode = 'avg'
20.8560 	EXP 	window1: blendMode = 'avg'
20.8769 	EXP 	window1: blendMode = 'avg'
20.8781 	EXP 	window1: blendMode = 'avg'
20.8933 	EXP 	window1: blendMode = 'avg'
20.8937 	EXP 	window1: blendMode = 'avg'
20.9130 	EXP 	window1: blendMode = 'avg'
20.9134 	EXP 	window1: blendMode = 'avg'
20.9331 	EXP 	window1: blendMode = 'avg'
20.9336 	EXP 	window1: blendMode = 'avg'
20.9547 	EXP 	window1: blendMode = 'avg'
20.9553 	EXP 	window1: blendMode = 'avg'
20.9749 	EXP 	window1: blendMode = 'avg'
20.9756 	EXP 	window1: blendMode = 'avg'
20.9955 	EXP 	window1: blendMode = 'avg'
20.9962 	EXP 	window1: blendMode = 'avg'
21.0145 	EXP 	window1: blendMode = 'avg'
21.0151 	EXP 	window1: blendMode = 'avg'
21.0344 	EXP 	window1: blendMode = 'avg'
21.0352 	EXP 	window1: blendMode = 'avg'
21.0545 	EXP 	window1: blendMode = 'avg'
21.0553 	EXP 	window1: blendMode = 'avg'
21.0752 	EXP 	window1: blendMode = 'avg'
21.0761 	EXP 	window1: blendMode = 'avg'
21.0952 	EXP 	window1: blendMode = 'avg'
21.0959 	EXP 	window1: blendMode = 'avg'
21.1167 	EXP 	window1: blendMode = 'avg'
21.1179 	EXP 	window1: blendMode = 'avg'
21.1356 	EXP 	window1: blendMode = 'avg'
21.1364 	EXP 	window1: blendMode = 'avg'
21.1547 	EXP 	window1: blendMode = 'avg'
21.1559 	EXP 	window1: blendMode = 'avg'
21.1747 	EXP 	window1: blendMode = 'avg'
21.1754 	EXP 	window1: blendMode = 'avg'
21.1947 	EXP 	window1: blendMode = 'avg'
21.1953 	EXP 	window1: blendMode = 'avg'
21.2150 	EXP 	window1: blendMode = 'avg'
21.2156 	EXP 	window1: blendMode = 'avg'
21.2348 	EXP 	window1: blendMode = 'avg'
21.2355 	EXP 	window1: blendMode = 'avg'
21.2548 	EXP 	window1: blendMode = 'avg'
21.2555 	EXP 	window1: blendMode = 'avg'
21.2748 	EXP 	window1: blendMode = 'avg'
21.2755 	EXP 	window1: blendMode = 'avg'
21.2944 	EXP 	window1: blendMode = 'avg'
21.2951 	EXP 	window1: blendMode = 'avg'
21.3150 	EXP 	window1: blendMode = 'avg'
21.3157 	EXP 	window1: blendMode = 'avg'
21.3344 	EXP 	window1: blendMode = 'avg'
21.3353 	EXP 	window1: blendMode = 'avg'
21.3548 	EXP 	window1: blendMode = 'avg'
21.3555 	EXP 	window1: blendMode = 'avg'
21.3746 	EXP 	window1: blendMode = 'avg'
21.3753 	EXP 	window1: blendMode = 'avg'
21.3947 	EXP 	window1: blendMode = 'avg'
21.3954 	EXP 	window1: blendMode = 'avg'
21.4151 	EXP 	window1: blendMode = 'avg'
21.4159 	EXP 	window1: blendMode = 'avg'
21.4361 	EXP 	window1: blendMode = 'avg'
21.4372 	EXP 	window1: blendMode = 'avg'
21.4551 	EXP 	window1: blendMode = 'avg'
21.4558 	EXP 	window1: blendMode = 'avg'
21.4750 	EXP 	window1: blendMode = 'avg'
21.4757 	EXP 	window1: blendMode = 'avg'
21.4956 	EXP 	window1: blendMode = 'avg'
21.4963 	EXP 	window1: blendMode = 'avg'
21.5144 	EXP 	window1: blendMode = 'avg'
21.5151 	EXP 	window1: blendMode = 'avg'
21.5352 	EXP 	window1: blendMode = 'avg'
21.5361 	EXP 	window1: blendMode = 'avg'
21.5558 	EXP 	window1: blendMode = 'avg'
21.5565 	EXP 	window1: blendMode = 'avg'
21.5761 	EXP 	window1: blendMode = 'avg'
21.5771 	EXP 	window1: blendMode = 'avg'
21.5964 	EXP 	window1: blendMode = 'avg'
21.5972 	EXP 	window1: blendMode = 'avg'
21.6176 	EXP 	window1: blendMode = 'avg'
21.6188 	EXP 	window1: blendMode = 'avg'
21.6363 	EXP 	window1: blendMode = 'avg'
21.6378 	EXP 	window1: blendMode = 'avg'
21.6559 	EXP 	window1: blendMode = 'avg'
21.6571 	EXP 	window1: blendMode = 'avg'
21.6745 	EXP 	window1: blendMode = 'avg'
21.6753 	EXP 	window1: blendMode = 'avg'
21.6946 	EXP 	window1: blendMode = 'avg'
21.6952 	EXP 	window1: blendMode = 'avg'
21.7145 	EXP 	window1: blendMode = 'avg'
21.7152 	EXP 	window1: blendMode = 'avg'
21.7352 	EXP 	window1: blendMode = 'avg'
21.7360 	EXP 	window1: blendMode = 'avg'
21.7544 	EXP 	window1: blendMode = 'avg'
21.7551 	EXP 	window1: blendMode = 'avg'
21.7744 	EXP 	window1: blendMode = 'avg'
21.7751 	EXP 	window1: blendMode = 'avg'
21.7951 	EXP 	window1: blendMode = 'avg'
21.7958 	EXP 	window1: blendMode = 'avg'
21.8152 	EXP 	window1: blendMode = 'avg'
21.8159 	EXP 	window1: blendMode = 'avg'
21.8344 	EXP 	window1: blendMode = 'avg'
21.8352 	EXP 	window1: blendMode = 'avg'
21.8542 	EXP 	window1: blendMode = 'avg'
21.8550 	EXP 	window1: blendMode = 'avg'
21.8756 	EXP 	window1: blendMode = 'avg'
21.8763 	EXP 	window1: blendMode = 'avg'
21.8952 	EXP 	window1: blendMode = 'avg'
21.8958 	EXP 	window1: blendMode = 'avg'
21.9151 	EXP 	window1: blendMode = 'avg'
21.9158 	EXP 	window1: blendMode = 'avg'
21.9357 	EXP 	window1: blendMode = 'avg'
21.9365 	EXP 	window1: blendMode = 'avg'
21.9543 	EXP 	window1: blendMode = 'avg'
21.9549 	EXP 	window1: blendMode = 'avg'
21.9753 	EXP 	window1: blendMode = 'avg'
21.9760 	EXP 	window1: blendMode = 'avg'
21.9952 	EXP 	window1: blendMode = 'avg'
21.9960 	EXP 	window1: blendMode = 'avg'
22.0147 	EXP 	window1: blendMode = 'avg'
22.0154 	EXP 	window1: blendMode = 'avg'
22.0342 	EXP 	window1: blendMode = 'avg'
22.0349 	EXP 	window1: blendMode = 'avg'
22.0547 	EXP 	window1: blendMode = 'avg'
22.0554 	EXP 	window1: blendMode = 'avg'
22.0746 	EXP 	window1: blendMode = 'avg'
22.0754 	EXP 	window1: blendMode = 'avg'
22.0949 	EXP 	window1: blendMode = 'avg'
22.0956 	EXP 	window1: blendMode = 'avg'
22.1142 	EXP 	window1: blendMode = 'avg'
22.1150 	EXP 	window1: blendMode = 'avg'
22.1346 	EXP 	window1: blendMode = 'avg'
22.1355 	EXP 	window1: blendMode = 'avg'
22.1548 	EXP 	window1: blendMode = 'avg'
22.1556 	EXP 	window1: blendMode = 'avg'
22.1744 	EXP 	window1: blendMode = 'avg'
22.1751 	EXP 	window1: blendMode = 'avg'
22.1950 	EXP 	window1: blendMode = 'avg'
22.1958 	EXP 	window1: blendMode = 'avg'
22.2145 	EXP 	window1: blendMode = 'avg'
22.2152 	EXP 	window1: blendMode = 'avg'
22.2344 	EXP 	window1: blendMode = 'avg'
22.2351 	EXP 	window1: blendMode = 'avg'
22.2546 	EXP 	window1: blendMode = 'avg'
22.2554 	EXP 	window1: blendMode = 'avg'
22.2748 	EXP 	window1: blendMode = 'avg'
22.2755 	EXP 	window1: blendMode = 'avg'
22.2950 	EXP 	window1: blendMode = 'avg'
22.2957 	EXP 	window1: blendMode = 'avg'
22.3147 	EXP 	window1: blendMode = 'avg'
22.3154 	EXP 	window1: blendMode = 'avg'
22.3346 	EXP 	window1: blendMode = 'avg'
22.3352 	EXP 	window1: blendMode = 'avg'
22.3543 	EXP 	window1: blendMode = 'avg'
22.3550 	EXP 	window1: blendMode = 'avg'
22.3748 	EXP 	window1: blendMode = 'avg'
22.3755 	EXP 	window1: blendMode = 'avg'
22.3946 	EXP 	window1: blendMode = 'avg'
22.3953 	EXP 	window1: blendMode = 'avg'
22.4151 	EXP 	window1: blendMode = 'avg'
22.4157 	EXP 	window1: blendMode = 'avg'
22.4352 	EXP 	window1: blendMode = 'avg'
22.4360 	EXP 	window1: blendMode = 'avg'
22.4555 	EXP 	window1: blendMode = 'avg'
22.4566 	EXP 	window1: blendMode = 'avg'
22.4752 	EXP 	window1: blendMode = 'avg'
22.4759 	EXP 	window1: blendMode = 'avg'
22.4955 	EXP 	window1: blendMode = 'avg'
22.4962 	EXP 	window1: blendMode = 'avg'
22.5151 	EXP 	window1: blendMode = 'avg'
22.5159 	EXP 	window1: blendMode = 'avg'
22.5361 	EXP 	window1: blendMode = 'avg'
22.5372 	EXP 	window1: blendMode = 'avg'
22.5544 	EXP 	window1: blendMode = 'avg'
22.5550 	EXP 	window1: blendMode = 'avg'
22.5746 	EXP 	window1: blendMode = 'avg'
22.5753 	EXP 	window1: blendMode = 'avg'
22.5946 	EXP 	window1: blendMode = 'avg'
22.5952 	EXP 	window1: blendMode = 'avg'
22.6143 	EXP 	window1: blendMode = 'avg'
22.6150 	EXP 	window1: blendMode = 'avg'
22.6341 	EXP 	window1: blendMode = 'avg'
22.6351 	EXP 	window1: blendMode = 'avg'
22.6543 	EXP 	window1: blendMode = 'avg'
22.6550 	EXP 	window1: blendMode = 'avg'
22.6745 	EXP 	window1: blendMode = 'avg'
22.6753 	EXP 	window1: blendMode = 'avg'
22.6956 	EXP 	window1: blendMode = 'avg'
22.6963 	EXP 	window1: blendMode = 'avg'
22.7154 	EXP 	window1: blendMode = 'avg'
22.7162 	EXP 	window1: blendMode = 'avg'
22.7363 	EXP 	window1: blendMode = 'avg'
22.7375 	EXP 	window1: blendMode = 'avg'
22.7573 	EXP 	window1: blendMode = 'avg'
22.7584 	EXP 	window1: blendMode = 'avg'
22.7760 	EXP 	window1: blendMode = 'avg'
22.7767 	EXP 	window1: blendMode = 'avg'
22.7966 	EXP 	window1: blendMode = 'avg'
22.7977 	EXP 	window1: blendMode = 'avg'
22.8162 	EXP 	window1: blendMode = 'avg'
22.8170 	EXP 	window1: blendMode = 'avg'
22.8341 	EXP 	window1: blendMode = 'avg'
22.8349 	EXP 	window1: blendMode = 'avg'
22.8543 	EXP 	window1: blendMode = 'avg'
22.8550 	EXP 	window1: blendMode = 'avg'
22.8747 	EXP 	window1: blendMode = 'avg'
22.8754 	EXP 	window1: blendMode = 'avg'
22.8946 	EXP 	window1: blendMode = 'avg'
22.8953 	EXP 	window1: blendMode = 'avg'
22.9146 	EXP 	window1: blendMode = 'avg'
22.9153 	EXP 	window1: blendMode = 'avg'
22.9342 	EXP 	window1: blendMode = 'avg'
22.9349 	EXP 	window1: blendMode = 'avg'
22.9541 	EXP 	window1: blendMode = 'avg'
22.9548 	EXP 	window1: blendMode = 'avg'
22.9747 	EXP 	window1: blendMode = 'avg'
22.9753 	EXP 	window1: blendMode = 'avg'
22.9944 	EXP 	window1: blendMode = 'avg'
22.9951 	EXP 	window1: blendMode = 'avg'
23.0140 	EXP 	window1: blendMode = 'avg'
23.0147 	EXP 	window1: blendMode = 'avg'
23.0342 	EXP 	window1: blendMode = 'avg'
23.0351 	EXP 	window1: blendMode = 'avg'
23.0545 	EXP 	window1: blendMode = 'avg'
23.0551 	EXP 	window1: blendMode = 'avg'
23.0747 	EXP 	window1: blendMode = 'avg'
23.0754 	EXP 	window1: blendMode = 'avg'
23.0947 	EXP 	window1: blendMode = 'avg'
23.0954 	EXP 	window1: blendMode = 'avg'
23.1148 	EXP 	window1: blendMode = 'avg'
23.1156 	EXP 	window1: blendMode = 'avg'
23.1340 	EXP 	window1: blendMode = 'avg'
23.1347 	EXP 	window1: blendMode = 'avg'
23.1545 	EXP 	window1: blendMode = 'avg'
23.1552 	EXP 	window1: blendMode = 'avg'
23.1744 	EXP 	window1: blendMode = 'avg'
23.1751 	EXP 	window1: blendMode = 'avg'
23.1945 	EXP 	window1: blendMode = 'avg'
23.1952 	EXP 	window1: blendMode = 'avg'
23.2147 	EXP 	window1: blendMode = 'avg'
23.2222 	EXP 	window1: blendMode = 'avg'
23.2383 	EXP 	window1: blendMode = 'avg'
23.2394 	EXP 	window1: blendMode = 'avg'
23.2551 	EXP 	window1: blendMode = 'avg'
23.2557 	EXP 	window1: blendMode = 'avg'
23.2741 	EXP 	window1: blendMode = 'avg'
23.2749 	EXP 	window1: blendMode = 'avg'
23.2954 	EXP 	window1: blendMode = 'avg'
23.2961 	EXP 	window1: blendMode = 'avg'
23.3150 	EXP 	window1: blendMode = 'avg'
23.3157 	EXP 	window1: blendMode = 'avg'
23.3341 	EXP 	window1: blendMode = 'avg'
23.3348 	EXP 	window1: blendMode = 'avg'
23.3543 	EXP 	window1: blendMode = 'avg'
23.3550 	EXP 	window1: blendMode = 'avg'
23.3744 	EXP 	window1: blendMode = 'avg'
23.3751 	EXP 	window1: blendMode = 'avg'
23.3939 	EXP 	window1: blendMode = 'avg'
23.3945 	EXP 	window1: blendMode = 'avg'
23.4145 	EXP 	window1: blendMode = 'avg'
23.4155 	EXP 	window1: blendMode = 'avg'
23.4349 	EXP 	window1: blendMode = 'avg'
23.4360 	EXP 	window1: blendMode = 'avg'
23.4541 	EXP 	window1: blendMode = 'avg'
23.4547 	EXP 	window1: blendMode = 'avg'
23.4742 	EXP 	window1: blendMode = 'avg'
23.4749 	EXP 	window1: blendMode = 'avg'
23.4953 	EXP 	window1: blendMode = 'avg'
23.4964 	EXP 	window1: blendMode = 'avg'
23.5143 	EXP 	window1: blendMode = 'avg'
23.5150 	EXP 	window1: blendMode = 'avg'
23.5350 	EXP 	window1: blendMode = 'avg'
23.5358 	EXP 	window1: blendMode = 'avg'
23.5549 	EXP 	window1: blendMode = 'avg'
23.5559 	EXP 	window1: blendMode = 'avg'
23.5747 	EXP 	window1: blendMode = 'avg'
23.5755 	EXP 	window1: blendMode = 'avg'
23.5952 	EXP 	window1: blendMode = 'avg'
23.5960 	EXP 	window1: blendMode = 'avg'
23.6145 	EXP 	window1: blendMode = 'avg'
23.6152 	EXP 	window1: blendMode = 'avg'
23.6347 	EXP 	window1: blendMode = 'avg'
23.6358 	EXP 	window1: blendMode = 'avg'
23.6541 	EXP 	window1: blendMode = 'avg'
23.6548 	EXP 	window1: blendMode = 'avg'
23.6739 	EXP 	window1: blendMode = 'avg'
23.6746 	EXP 	window1: blendMode = 'avg'
23.6940 	EXP 	window1: blendMode = 'avg'
23.6947 	EXP 	window1: blendMode = 'avg'
23.7149 	EXP 	window1: blendMode = 'avg'
23.7155 	EXP 	window1: blendMode = 'avg'
23.7341 	EXP 	window1: blendMode = 'avg'
23.7349 	EXP 	window1: blendMode = 'avg'
23.7540 	EXP 	window1: blendMode = 'avg'
23.7547 	EXP 	window1: blendMode = 'avg'
23.7743 	EXP 	window1: blendMode = 'avg'
23.7750 	EXP 	window1: blendMode = 'avg'
23.7940 	EXP 	window1: blendMode = 'avg'
23.7947 	EXP 	window1: blendMode = 'avg'
23.8155 	EXP 	window1: blendMode = 'avg'
23.8162 	EXP 	window1: blendMode = 'avg'
23.8347 	EXP 	window1: blendMode = 'avg'
23.8354 	EXP 	window1: blendMode = 'avg'
23.8562 	EXP 	window1: blendMode = 'avg'
23.8583 	EXP 	window1: blendMode = 'avg'
23.8767 	EXP 	window1: blendMode = 'avg'
23.8775 	EXP 	window1: blendMode = 'avg'
23.8964 	EXP 	window1: blendMode = 'avg'
23.8977 	EXP 	window1: blendMode = 'avg'
23.9163 	EXP 	window1: blendMode = 'avg'
23.9169 	EXP 	window1: blendMode = 'avg'
23.9342 	EXP 	window1: blendMode = 'avg'
23.9355 	EXP 	window1: blendMode = 'avg'
23.9530 	EXP 	window1: blendMode = 'avg'
23.9535 	EXP 	window1: blendMode = 'avg'
23.9730 	EXP 	window1: blendMode = 'avg'
23.9737 	EXP 	window1: blendMode = 'avg'
23.9940 	EXP 	window1: blendMode = 'avg'
23.9947 	EXP 	window1: blendMode = 'avg'
24.0146 	EXP 	window1: blendMode = 'avg'
24.0157 	EXP 	window1: blendMode = 'avg'
24.0343 	EXP 	window1: blendMode = 'avg'
24.0350 	EXP 	window1: blendMode = 'avg'
24.0542 	EXP 	window1: blendMode = 'avg'
24.0549 	EXP 	window1: blendMode = 'avg'
24.0741 	EXP 	window1: blendMode = 'avg'
24.0748 	EXP 	window1: blendMode = 'avg'
24.0944 	EXP 	window1: blendMode = 'avg'
24.0954 	EXP 	window1: blendMode = 'avg'
24.1144 	EXP 	window1: blendMode = 'avg'
24.1151 	EXP 	window1: blendMode = 'avg'
24.1362 	EXP 	window1: blendMode = 'avg'
24.1372 	EXP 	window1: blendMode = 'avg'
24.1538 	EXP 	window1: blendMode = 'avg'
24.1545 	EXP 	window1: blendMode = 'avg'
24.1739 	EXP 	window1: blendMode = 'avg'
24.1745 	EXP 	window1: blendMode = 'avg'
24.1940 	EXP 	window1: blendMode = 'avg'
24.1947 	EXP 	window1: blendMode = 'avg'
24.2150 	EXP 	window1: blendMode = 'avg'
24.2157 	EXP 	window1: blendMode = 'avg'
24.2338 	EXP 	window1: blendMode = 'avg'
24.2345 	EXP 	window1: blendMode = 'avg'
24.2542 	EXP 	window1: blendMode = 'avg'
24.2548 	EXP 	window1: blendMode = 'avg'
24.2740 	EXP 	window1: blendMode = 'avg'
24.2747 	EXP 	window1: blendMode = 'avg'
24.2940 	EXP 	window1: blendMode = 'avg'
24.2947 	EXP 	window1: blendMode = 'avg'
24.3149 	EXP 	window1: blendMode = 'avg'
24.3156 	EXP 	window1: blendMode = 'avg'
24.3337 	EXP 	window1: blendMode = 'avg'
24.3344 	EXP 	window1: blendMode = 'avg'
24.3544 	EXP 	window1: blendMode = 'avg'
24.3551 	EXP 	window1: blendMode = 'avg'
24.3744 	EXP 	window1: blendMode = 'avg'
24.3751 	EXP 	window1: blendMode = 'avg'
24.3941 	EXP 	window1: blendMode = 'avg'
24.3948 	EXP 	window1: blendMode = 'avg'
24.4139 	EXP 	window1: blendMode = 'avg'
24.4146 	EXP 	window1: blendMode = 'avg'
24.4337 	EXP 	window1: blendMode = 'avg'
24.4344 	EXP 	window1: blendMode = 'avg'
24.4537 	EXP 	window1: blendMode = 'avg'
24.4544 	EXP 	window1: blendMode = 'avg'
24.4738 	EXP 	window1: blendMode = 'avg'
24.4744 	EXP 	window1: blendMode = 'avg'
24.4944 	EXP 	window1: blendMode = 'avg'
24.4952 	EXP 	window1: blendMode = 'avg'
24.5146 	EXP 	window1: blendMode = 'avg'
24.5152 	EXP 	window1: blendMode = 'avg'
24.5337 	EXP 	window1: blendMode = 'avg'
24.5344 	EXP 	window1: blendMode = 'avg'
24.5547 	EXP 	window1: blendMode = 'avg'
24.5556 	EXP 	window1: blendMode = 'avg'
24.5749 	EXP 	window1: blendMode = 'avg'
24.5757 	EXP 	window1: blendMode = 'avg'
24.5942 	EXP 	window1: blendMode = 'avg'
24.5949 	EXP 	window1: blendMode = 'avg'
24.6149 	EXP 	window1: blendMode = 'avg'
24.6159 	EXP 	window1: blendMode = 'avg'
24.6357 	EXP 	window1: blendMode = 'avg'
24.6369 	EXP 	window1: blendMode = 'avg'
24.6539 	EXP 	window1: blendMode = 'avg'
24.6545 	EXP 	window1: blendMode = 'avg'
24.6747 	EXP 	window1: blendMode = 'avg'
24.6755 	EXP 	window1: blendMode = 'avg'
24.6938 	EXP 	window1: blendMode = 'avg'
24.6944 	EXP 	window1: blendMode = 'avg'
24.7160 	EXP 	window1: blendMode = 'avg'
24.7172 	EXP 	window1: blendMode = 'avg'
24.7339 	EXP 	window1: blendMode = 'avg'
24.7349 	EXP 	window1: blendMode = 'avg'
24.7542 	EXP 	window1: blendMode = 'avg'
24.7549 	EXP 	window1: blendMode = 'avg'
24.7738 	EXP 	window1: blendMode = 'avg'
24.7744 	EXP 	window1: blendMode = 'avg'
24.7939 	EXP 	window1: blendMode = 'avg'
24.7946 	EXP 	window1: blendMode = 'avg'
24.8151 	EXP 	window1: blendMode = 'avg'
24.8158 	EXP 	window1: blendMode = 'avg'
24.8339 	EXP 	window1: blendMode = 'avg'
24.8346 	EXP 	window1: blendMode = 'avg'
24.8546 	EXP 	window1: blendMode = 'avg'
24.8553 	EXP 	window1: blendMode = 'avg'
24.8742 	EXP 	window1: blendMode = 'avg'
24.8748 	EXP 	window1: blendMode = 'avg'
24.8938 	EXP 	window1: blendMode = 'avg'
24.8945 	EXP 	window1: blendMode = 'avg'
24.9135 	EXP 	window1: blendMode = 'avg'
24.9142 	EXP 	window1: blendMode = 'avg'
24.9337 	EXP 	window1: blendMode = 'avg'
24.9346 	EXP 	window1: blendMode = 'avg'
24.9540 	EXP 	window1: blendMode = 'avg'
24.9550 	EXP 	window1: blendMode = 'avg'
24.9760 	EXP 	window1: blendMode = 'avg'
25.0153 	EXP 	window1: blendMode = 'avg'
25.0296 	EXP 	window1: blendMode = 'avg'
25.0303 	EXP 	window1: blendMode = 'avg'
25.0531 	EXP 	window1: blendMode = 'avg'
25.0541 	EXP 	window1: blendMode = 'avg'
25.0717 	EXP 	window1: blendMode = 'avg'
25.0720 	EXP 	window1: blendMode = 'avg'
25.0921 	EXP 	window1: blendMode = 'avg'
25.0926 	EXP 	window1: blendMode = 'avg'
25.1123 	EXP 	window1: blendMode = 'avg'
25.1128 	EXP 	window1: blendMode = 'avg'
25.1322 	EXP 	window1: blendMode = 'avg'
25.1326 	EXP 	window1: blendMode = 'avg'
25.1521 	EXP 	window1: blendMode = 'avg'
25.1527 	EXP 	window1: blendMode = 'avg'
25.1717 	DATA 	Keypress: escape
